<?xml version="1.0" encoding="UTF-8"?>
<testsuite xmlns:xsi="http://www.w3.org/2001/XMLSchema-instance" xsi:noNamespaceSchemaLocation="https://maven.apache.org/surefire/maven-surefire-plugin/xsd/surefire-test-report-3.0.xsd" version="3.0" name="TestSuite" time="14.254" tests="16" errors="0" skipped="0" failures="0">
  <properties>
    <property name="sun.desktop" value="windows"/>
    <property name="awt.toolkit" value="sun.awt.windows.WToolkit"/>
    <property name="java.specification.version" value="11"/>
    <property name="sun.cpu.isalist" value="amd64"/>
    <property name="sun.jnu.encoding" value="Cp1252"/>
    <property name="java.class.path" value="C:\Users\mohdtoukeer\eclipse-workspace\assignmentRest\target\test-classes;C:\Users\mohdtoukeer\eclipse-workspace\assignmentRest\target\classes;C:\Users\mohdtoukeer\.m2\repository\io\rest-assured\rest-assured\4.4.0\rest-assured-4.4.0.jar;C:\Users\mohdtoukeer\.m2\repository\org\codehaus\groovy\groovy\3.0.8\groovy-3.0.8.jar;C:\Users\mohdtoukeer\.m2\repository\org\codehaus\groovy\groovy-xml\3.0.8\groovy-xml-3.0.8.jar;C:\Users\mohdtoukeer\.m2\repository\org\apache\httpcomponents\httpclient\4.5.13\httpclient-4.5.13.jar;C:\Users\mohdtoukeer\.m2\repository\org\apache\httpcomponents\httpcore\4.4.13\httpcore-4.4.13.jar;C:\Users\mohdtoukeer\.m2\repository\commons-logging\commons-logging\1.2\commons-logging-1.2.jar;C:\Users\mohdtoukeer\.m2\repository\commons-codec\commons-codec\1.11\commons-codec-1.11.jar;C:\Users\mohdtoukeer\.m2\repository\org\apache\httpcomponents\httpmime\4.5.13\httpmime-4.5.13.jar;C:\Users\mohdtoukeer\.m2\repository\org\hamcrest\hamcrest\2.1\hamcrest-2.1.jar;C:\Users\mohdtoukeer\.m2\repository\org\ccil\cowan\tagsoup\tagsoup\1.2.1\tagsoup-1.2.1.jar;C:\Users\mohdtoukeer\.m2\repository\io\rest-assured\json-path\4.4.0\json-path-4.4.0.jar;C:\Users\mohdtoukeer\.m2\repository\org\codehaus\groovy\groovy-json\3.0.8\groovy-json-3.0.8.jar;C:\Users\mohdtoukeer\.m2\repository\io\rest-assured\rest-assured-common\4.4.0\rest-assured-common-4.4.0.jar;C:\Users\mohdtoukeer\.m2\repository\org\testng\testng\7.4.0\testng-7.4.0.jar;C:\Users\mohdtoukeer\.m2\repository\com\beust\jcommander\1.78\jcommander-1.78.jar;C:\Users\mohdtoukeer\.m2\repository\org\webjars\jquery\3.5.1\jquery-3.5.1.jar;C:\Users\mohdtoukeer\.m2\repository\io\rest-assured\json-schema-validator\4.4.0\json-schema-validator-4.4.0.jar;C:\Users\mohdtoukeer\.m2\repository\com\github\java-json-tools\json-schema-validator\2.2.14\json-schema-validator-2.2.14.jar;C:\Users\mohdtoukeer\.m2\repository\com\google\guava\guava\28.2-android\guava-28.2-android.jar;C:\Users\mohdtoukeer\.m2\repository\com\google\guava\failureaccess\1.0.1\failureaccess-1.0.1.jar;C:\Users\mohdtoukeer\.m2\repository\com\google\guava\listenablefuture\9999.0-empty-to-avoid-conflict-with-guava\listenablefuture-9999.0-empty-to-avoid-conflict-with-guava.jar;C:\Users\mohdtoukeer\.m2\repository\org\checkerframework\checker-compat-qual\2.5.5\checker-compat-qual-2.5.5.jar;C:\Users\mohdtoukeer\.m2\repository\com\google\errorprone\error_prone_annotations\2.3.4\error_prone_annotations-2.3.4.jar;C:\Users\mohdtoukeer\.m2\repository\com\google\j2objc\j2objc-annotations\1.3\j2objc-annotations-1.3.jar;C:\Users\mohdtoukeer\.m2\repository\com\github\java-json-tools\jackson-coreutils-equivalence\1.0\jackson-coreutils-equivalence-1.0.jar;C:\Users\mohdtoukeer\.m2\repository\com\fasterxml\jackson\core\jackson-databind\2.11.0\jackson-databind-2.11.0.jar;C:\Users\mohdtoukeer\.m2\repository\com\fasterxml\jackson\core\jackson-annotations\2.11.0\jackson-annotations-2.11.0.jar;C:\Users\mohdtoukeer\.m2\repository\com\fasterxml\jackson\core\jackson-core\2.11.0\jackson-core-2.11.0.jar;C:\Users\mohdtoukeer\.m2\repository\com\github\java-json-tools\jackson-coreutils\2.0\jackson-coreutils-2.0.jar;C:\Users\mohdtoukeer\.m2\repository\com\github\java-json-tools\msg-simple\1.2\msg-simple-1.2.jar;C:\Users\mohdtoukeer\.m2\repository\com\github\java-json-tools\btf\1.3\btf-1.3.jar;C:\Users\mohdtoukeer\.m2\repository\com\github\java-json-tools\json-schema-core\1.2.14\json-schema-core-1.2.14.jar;C:\Users\mohdtoukeer\.m2\repository\com\github\java-json-tools\uri-template\0.10\uri-template-0.10.jar;C:\Users\mohdtoukeer\.m2\repository\org\mozilla\rhino\1.7.7.2\rhino-1.7.7.2.jar;C:\Users\mohdtoukeer\.m2\repository\com\sun\mail\mailapi\1.6.2\mailapi-1.6.2.jar;C:\Users\mohdtoukeer\.m2\repository\joda-time\joda-time\2.10.5\joda-time-2.10.5.jar;C:\Users\mohdtoukeer\.m2\repository\com\googlecode\libphonenumber\libphonenumber\8.11.1\libphonenumber-8.11.1.jar;C:\Users\mohdtoukeer\.m2\repository\com\google\code\findbugs\jsr305\3.0.2\jsr305-3.0.2.jar;C:\Users\mohdtoukeer\.m2\repository\net\sf\jopt-simple\jopt-simple\5.0.4\jopt-simple-5.0.4.jar;C:\Users\mohdtoukeer\.m2\repository\com\relevantcodes\extentreports\2.41.2\extentreports-2.41.2.jar;C:\Users\mohdtoukeer\.m2\repository\org\jsoup\jsoup\1.8.3\jsoup-1.8.3.jar;C:\Users\mohdtoukeer\.m2\repository\org\xerial\sqlite-jdbc\3.8.11.1\sqlite-jdbc-3.8.11.1.jar;C:\Users\mohdtoukeer\.m2\repository\org\freemarker\freemarker\2.3.23\freemarker-2.3.23.jar;C:\Users\mohdtoukeer\.m2\repository\org\mongodb\mongodb-driver\3.0.4\mongodb-driver-3.0.4.jar;C:\Users\mohdtoukeer\.m2\repository\org\mongodb\bson\3.0.4\bson-3.0.4.jar;C:\Users\mohdtoukeer\.m2\repository\org\mongodb\mongodb-driver-core\3.0.4\mongodb-driver-core-3.0.4.jar;C:\Users\mohdtoukeer\.m2\repository\log4j\log4j\1.2.17\log4j-1.2.17.jar;C:\Users\mohdtoukeer\.m2\repository\io\rest-assured\xml-path\4.4.0\xml-path-4.4.0.jar;C:\Users\mohdtoukeer\.m2\repository\org\apache\commons\commons-lang3\3.11\commons-lang3-3.11.jar;C:\Users\mohdtoukeer\.m2\repository\jakarta\xml\bind\jakarta.xml.bind-api\2.3.3\jakarta.xml.bind-api-2.3.3.jar;C:\Users\mohdtoukeer\.m2\repository\jakarta\activation\jakarta.activation-api\1.2.2\jakarta.activation-api-1.2.2.jar;C:\Users\mohdtoukeer\.m2\repository\com\sun\xml\bind\jaxb-impl\2.3.3\jaxb-impl-2.3.3.jar;C:\Users\mohdtoukeer\.m2\repository\junit\junit\4.11\junit-4.11.jar;C:\Users\mohdtoukeer\.m2\repository\org\hamcrest\hamcrest-core\1.3\hamcrest-core-1.3.jar;"/>
    <property name="java.vm.vendor" value="Oracle Corporation"/>
    <property name="sun.arch.data.model" value="64"/>
    <property name="user.variant" value=""/>
    <property name="java.vendor.url" value="http://java.oracle.com/"/>
    <property name="user.timezone" value="Asia/Calcutta"/>
    <property name="java.vm.specification.version" value="11"/>
    <property name="os.name" value="Windows 10"/>
    <property name="sun.java.launcher" value="SUN_STANDARD"/>
    <property name="user.country" value="IN"/>
    <property name="sun.boot.library.path" value="C:\Open JKD -11\bin"/>
    <property name="sun.java.command" value="C:\Users\mohdtoukeer\AppData\Local\Temp\surefire16576361277560030752\surefirebooter-20221122215404119_3.jar C:\Users\mohdtoukeer\AppData\Local\Temp\surefire16576361277560030752 2022-11-22T21-54-03_709-jvmRun1 surefire-20221122215404119_1tmp surefire_0-20221122215404119_2tmp"/>
    <property name="jdk.debug" value="release"/>
    <property name="surefire.test.class.path" value="C:\Users\mohdtoukeer\eclipse-workspace\assignmentRest\target\test-classes;C:\Users\mohdtoukeer\eclipse-workspace\assignmentRest\target\classes;C:\Users\mohdtoukeer\.m2\repository\io\rest-assured\rest-assured\4.4.0\rest-assured-4.4.0.jar;C:\Users\mohdtoukeer\.m2\repository\org\codehaus\groovy\groovy\3.0.8\groovy-3.0.8.jar;C:\Users\mohdtoukeer\.m2\repository\org\codehaus\groovy\groovy-xml\3.0.8\groovy-xml-3.0.8.jar;C:\Users\mohdtoukeer\.m2\repository\org\apache\httpcomponents\httpclient\4.5.13\httpclient-4.5.13.jar;C:\Users\mohdtoukeer\.m2\repository\org\apache\httpcomponents\httpcore\4.4.13\httpcore-4.4.13.jar;C:\Users\mohdtoukeer\.m2\repository\commons-logging\commons-logging\1.2\commons-logging-1.2.jar;C:\Users\mohdtoukeer\.m2\repository\commons-codec\commons-codec\1.11\commons-codec-1.11.jar;C:\Users\mohdtoukeer\.m2\repository\org\apache\httpcomponents\httpmime\4.5.13\httpmime-4.5.13.jar;C:\Users\mohdtoukeer\.m2\repository\org\hamcrest\hamcrest\2.1\hamcrest-2.1.jar;C:\Users\mohdtoukeer\.m2\repository\org\ccil\cowan\tagsoup\tagsoup\1.2.1\tagsoup-1.2.1.jar;C:\Users\mohdtoukeer\.m2\repository\io\rest-assured\json-path\4.4.0\json-path-4.4.0.jar;C:\Users\mohdtoukeer\.m2\repository\org\codehaus\groovy\groovy-json\3.0.8\groovy-json-3.0.8.jar;C:\Users\mohdtoukeer\.m2\repository\io\rest-assured\rest-assured-common\4.4.0\rest-assured-common-4.4.0.jar;C:\Users\mohdtoukeer\.m2\repository\org\testng\testng\7.4.0\testng-7.4.0.jar;C:\Users\mohdtoukeer\.m2\repository\com\beust\jcommander\1.78\jcommander-1.78.jar;C:\Users\mohdtoukeer\.m2\repository\org\webjars\jquery\3.5.1\jquery-3.5.1.jar;C:\Users\mohdtoukeer\.m2\repository\io\rest-assured\json-schema-validator\4.4.0\json-schema-validator-4.4.0.jar;C:\Users\mohdtoukeer\.m2\repository\com\github\java-json-tools\json-schema-validator\2.2.14\json-schema-validator-2.2.14.jar;C:\Users\mohdtoukeer\.m2\repository\com\google\guava\guava\28.2-android\guava-28.2-android.jar;C:\Users\mohdtoukeer\.m2\repository\com\google\guava\failureaccess\1.0.1\failureaccess-1.0.1.jar;C:\Users\mohdtoukeer\.m2\repository\com\google\guava\listenablefuture\9999.0-empty-to-avoid-conflict-with-guava\listenablefuture-9999.0-empty-to-avoid-conflict-with-guava.jar;C:\Users\mohdtoukeer\.m2\repository\org\checkerframework\checker-compat-qual\2.5.5\checker-compat-qual-2.5.5.jar;C:\Users\mohdtoukeer\.m2\repository\com\google\errorprone\error_prone_annotations\2.3.4\error_prone_annotations-2.3.4.jar;C:\Users\mohdtoukeer\.m2\repository\com\google\j2objc\j2objc-annotations\1.3\j2objc-annotations-1.3.jar;C:\Users\mohdtoukeer\.m2\repository\com\github\java-json-tools\jackson-coreutils-equivalence\1.0\jackson-coreutils-equivalence-1.0.jar;C:\Users\mohdtoukeer\.m2\repository\com\fasterxml\jackson\core\jackson-databind\2.11.0\jackson-databind-2.11.0.jar;C:\Users\mohdtoukeer\.m2\repository\com\fasterxml\jackson\core\jackson-annotations\2.11.0\jackson-annotations-2.11.0.jar;C:\Users\mohdtoukeer\.m2\repository\com\fasterxml\jackson\core\jackson-core\2.11.0\jackson-core-2.11.0.jar;C:\Users\mohdtoukeer\.m2\repository\com\github\java-json-tools\jackson-coreutils\2.0\jackson-coreutils-2.0.jar;C:\Users\mohdtoukeer\.m2\repository\com\github\java-json-tools\msg-simple\1.2\msg-simple-1.2.jar;C:\Users\mohdtoukeer\.m2\repository\com\github\java-json-tools\btf\1.3\btf-1.3.jar;C:\Users\mohdtoukeer\.m2\repository\com\github\java-json-tools\json-schema-core\1.2.14\json-schema-core-1.2.14.jar;C:\Users\mohdtoukeer\.m2\repository\com\github\java-json-tools\uri-template\0.10\uri-template-0.10.jar;C:\Users\mohdtoukeer\.m2\repository\org\mozilla\rhino\1.7.7.2\rhino-1.7.7.2.jar;C:\Users\mohdtoukeer\.m2\repository\com\sun\mail\mailapi\1.6.2\mailapi-1.6.2.jar;C:\Users\mohdtoukeer\.m2\repository\joda-time\joda-time\2.10.5\joda-time-2.10.5.jar;C:\Users\mohdtoukeer\.m2\repository\com\googlecode\libphonenumber\libphonenumber\8.11.1\libphonenumber-8.11.1.jar;C:\Users\mohdtoukeer\.m2\repository\com\google\code\findbugs\jsr305\3.0.2\jsr305-3.0.2.jar;C:\Users\mohdtoukeer\.m2\repository\net\sf\jopt-simple\jopt-simple\5.0.4\jopt-simple-5.0.4.jar;C:\Users\mohdtoukeer\.m2\repository\com\relevantcodes\extentreports\2.41.2\extentreports-2.41.2.jar;C:\Users\mohdtoukeer\.m2\repository\org\jsoup\jsoup\1.8.3\jsoup-1.8.3.jar;C:\Users\mohdtoukeer\.m2\repository\org\xerial\sqlite-jdbc\3.8.11.1\sqlite-jdbc-3.8.11.1.jar;C:\Users\mohdtoukeer\.m2\repository\org\freemarker\freemarker\2.3.23\freemarker-2.3.23.jar;C:\Users\mohdtoukeer\.m2\repository\org\mongodb\mongodb-driver\3.0.4\mongodb-driver-3.0.4.jar;C:\Users\mohdtoukeer\.m2\repository\org\mongodb\bson\3.0.4\bson-3.0.4.jar;C:\Users\mohdtoukeer\.m2\repository\org\mongodb\mongodb-driver-core\3.0.4\mongodb-driver-core-3.0.4.jar;C:\Users\mohdtoukeer\.m2\repository\log4j\log4j\1.2.17\log4j-1.2.17.jar;C:\Users\mohdtoukeer\.m2\repository\io\rest-assured\xml-path\4.4.0\xml-path-4.4.0.jar;C:\Users\mohdtoukeer\.m2\repository\org\apache\commons\commons-lang3\3.11\commons-lang3-3.11.jar;C:\Users\mohdtoukeer\.m2\repository\jakarta\xml\bind\jakarta.xml.bind-api\2.3.3\jakarta.xml.bind-api-2.3.3.jar;C:\Users\mohdtoukeer\.m2\repository\jakarta\activation\jakarta.activation-api\1.2.2\jakarta.activation-api-1.2.2.jar;C:\Users\mohdtoukeer\.m2\repository\com\sun\xml\bind\jaxb-impl\2.3.3\jaxb-impl-2.3.3.jar;C:\Users\mohdtoukeer\.m2\repository\junit\junit\4.11\junit-4.11.jar;C:\Users\mohdtoukeer\.m2\repository\org\hamcrest\hamcrest-core\1.3\hamcrest-core-1.3.jar;"/>
    <property name="sun.cpu.endian" value="little"/>
    <property name="user.home" value="C:\Users\mohdtoukeer"/>
    <property name="user.language" value="en"/>
    <property name="java.specification.vendor" value="Oracle Corporation"/>
    <property name="java.version.date" value="2018-10-16"/>
    <property name="java.home" value="C:\Open JKD -11"/>
    <property name="file.separator" value="\"/>
    <property name="basedir" value="C:\Users\mohdtoukeer\eclipse-workspace\assignmentRest"/>
    <property name="java.vm.compressedOopsMode" value="Zero based"/>
    <property name="line.separator" value="&#10;"/>
    <property name="java.specification.name" value="Java Platform API Specification"/>
    <property name="java.vm.specification.vendor" value="Oracle Corporation"/>
    <property name="java.awt.graphicsenv" value="sun.awt.Win32GraphicsEnvironment"/>
    <property name="surefire.real.class.path" value="C:\Users\mohdtoukeer\AppData\Local\Temp\surefire16576361277560030752\surefirebooter-20221122215404119_3.jar"/>
    <property name="user.script" value=""/>
    <property name="sun.management.compiler" value="HotSpot 64-Bit Tiered Compilers"/>
    <property name="java.runtime.version" value="11.0.1+13"/>
    <property name="user.name" value="mohdtoukeer"/>
    <property name="path.separator" value=";"/>
    <property name="os.version" value="10.0"/>
    <property name="java.runtime.name" value="OpenJDK Runtime Environment"/>
    <property name="file.encoding" value="Cp1252"/>
    <property name="java.vm.name" value="OpenJDK 64-Bit Server VM"/>
    <property name="java.vendor.version" value="18.9"/>
    <property name="localRepository" value="C:\Users\mohdtoukeer\.m2\repository"/>
    <property name="java.vendor.url.bug" value="http://bugreport.java.com/bugreport/"/>
    <property name="java.io.tmpdir" value="C:\Users\MOHDTO~1\AppData\Local\Temp\"/>
    <property name="java.version" value="11.0.1"/>
    <property name="user.dir" value="C:\Users\mohdtoukeer\eclipse-workspace\assignmentRest"/>
    <property name="os.arch" value="amd64"/>
    <property name="java.vm.specification.name" value="Java Virtual Machine Specification"/>
    <property name="java.awt.printerjob" value="sun.awt.windows.WPrinterJob"/>
    <property name="sun.os.patch.level" value=""/>
    <property name="java.library.path" value="C:\Open JKD -11\bin;C:\Windows\Sun\Java\bin;C:\Windows\system32;C:\Windows;C:\Windows\system32;C:\Windows;C:\Windows\System32\Wbem;C:\Windows\System32\WindowsPowerShell\v1.0\;C:\Windows\System32\OpenSSH\;C:\Program Files\TortoiseSVN\bin;C:\Program Files\dotnet\;C:\Program Files\Microsoft SQL Server\130\Tools\Binn\;C:\Program Files\Microsoft SQL Server\Client SDK\ODBC\170\Tools\Binn\;C:\Open JKD -11\bin;C:\Program Files\Git\cmd;C:\Program Files\nodejs\;C:\Program Files (x86)\Microsoft SQL Server\150\DTS\Binn\;C:\Program Files\Azure Data Studio\bin;C:\Program Files (x86)\Microsoft SQL Server\140\Tools\Binn\;C:\Program Files\Microsoft SQL Server\140\Tools\Binn\;C:\Program Files (x86)\Microsoft SQL Server\140\DTS\Binn\;C:\Program Files\Microsoft SQL Server\140\DTS\Binn\;C:\Program Files\Microsoft SQL Server\Client SDK\ODBC\130\Tools\Binn\;C:\Users\mohdtoukeer\apache-maven-3.8.6\bin;C:\Users\mohdtoukeer\AppData\Local\Android\Sdk\tools;C:\Users\mohdtoukeer\AppData\Local\Android\Sdk\platform-tools;C:\Users\mohdtoukeer\AppData\Local\Programs\Python\Python310\Scripts\;C:\Users\mohdtoukeer\AppData\Local\Programs\Python\Python310\;C:\Users\mohdtoukeer\AppData\Local\Microsoft\WindowsApps;C:\Users\mohdtoukeer\.dotnet\tools;C:\Users\mohdtoukeer\AppData\Roaming\npm;C:\Program Files\Azure Data Studio\bin;C:\Users\mohdtoukeer\AppData\Local\Programs\Microsoft VS Code\bin;."/>
    <property name="java.vendor" value="Oracle Corporation"/>
    <property name="java.vm.info" value="mixed mode"/>
    <property name="java.vm.version" value="11.0.1+13"/>
    <property name="sun.io.unicode.encoding" value="UnicodeLittle"/>
    <property name="java.class.version" value="55.0"/>
  </properties>
  <testcase name="Create_a_checklist" classname="testData.Checklist" time="1.834">
    <system-out><![CDATA[[Configuration] [WARN] Detected a static method [base.BaseClass.init()]. Static configuration methods can cause  unexpected behavior.
[Configuration] [WARN] Detected a static method [base.BaseClass.init()]. Static configuration methods can cause  unexpected behavior.
[Configuration] [WARN] Detected a static method [base.BaseClass.init()]. Static configuration methods can cause  unexpected behavior.
[Configuration] [WARN] Detected a static method [base.BaseClass.init()]. Static configuration methods can cause  unexpected behavior.
11-22-2022 21:54:06 BasicClientConnectionManager.java DEBUG [main] conn.BasicClientConnectionManager 161 - Get connection for route {s}->https://trello.com:443
11-22-2022 21:54:06 DefaultClientConnectionOperator.java DEBUG [main] conn.DefaultClientConnectionOperator 177 - Connecting to trello.com:443
11-22-2022 21:54:06 RequestAddCookies.java DEBUG [main] protocol.RequestAddCookies 123 - CookieSpec selected: ignoreCookies
11-22-2022 21:54:06 RequestAuthCache.java DEBUG [main] protocol.RequestAuthCache 77 - Auth cache not set in the context
11-22-2022 21:54:06 RequestTargetAuthentication.java DEBUG [main] protocol.RequestTargetAuthentication 80 - Target auth state: UNCHALLENGED
11-22-2022 21:54:06 RequestProxyAuthentication.java DEBUG [main] protocol.RequestProxyAuthentication 89 - Proxy auth state: UNCHALLENGED
11-22-2022 21:54:06 DefaultRequestDirector.java DEBUG [main] client.DefaultHttpClient 677 - Attempt 1 to execute request
11-22-2022 21:54:06 DefaultClientConnection.java DEBUG [main] conn.DefaultClientConnection 274 - Sending request: POST /1/CheckLists/?key=a277033a8a8b651020ff746999dd35ac&token=87a0cfec0eeabc87a28151de40d5e349235a77f1033345100796efc9a8f716f9 HTTP/1.1
11-22-2022 21:54:06 Wire.java DEBUG [main] http.wire 73 -  >> "POST /1/CheckLists/?key=a277033a8a8b651020ff746999dd35ac&token=87a0cfec0eeabc87a28151de40d5e349235a77f1033345100796efc9a8f716f9 HTTP/1.1[\r][\n]"
11-22-2022 21:54:06 Wire.java DEBUG [main] http.wire 73 -  >> "Accept: application/json[\r][\n]"
11-22-2022 21:54:06 Wire.java DEBUG [main] http.wire 73 -  >> "Content-Type: application/json[\r][\n]"
11-22-2022 21:54:06 Wire.java DEBUG [main] http.wire 73 -  >> "Content-Length: 82[\r][\n]"
11-22-2022 21:54:06 Wire.java DEBUG [main] http.wire 73 -  >> "Host: trello.com[\r][\n]"
11-22-2022 21:54:06 Wire.java DEBUG [main] http.wire 73 -  >> "Connection: Keep-Alive[\r][\n]"
11-22-2022 21:54:06 Wire.java DEBUG [main] http.wire 73 -  >> "User-Agent: Apache-HttpClient/4.5.13 (Java/11.0.1)[\r][\n]"
11-22-2022 21:54:06 Wire.java DEBUG [main] http.wire 73 -  >> "Accept-Encoding: gzip,deflate[\r][\n]"
11-22-2022 21:54:06 Wire.java DEBUG [main] http.wire 73 -  >> "[\r][\n]"
11-22-2022 21:54:06 DefaultClientConnection.java DEBUG [main] http.headers 278 - >> POST /1/CheckLists/?key=a277033a8a8b651020ff746999dd35ac&token=87a0cfec0eeabc87a28151de40d5e349235a77f1033345100796efc9a8f716f9 HTTP/1.1
11-22-2022 21:54:06 DefaultClientConnection.java DEBUG [main] http.headers 281 - >> Accept: application/json
11-22-2022 21:54:06 DefaultClientConnection.java DEBUG [main] http.headers 281 - >> Content-Type: application/json
11-22-2022 21:54:06 DefaultClientConnection.java DEBUG [main] http.headers 281 - >> Content-Length: 82
11-22-2022 21:54:06 DefaultClientConnection.java DEBUG [main] http.headers 281 - >> Host: trello.com
11-22-2022 21:54:06 DefaultClientConnection.java DEBUG [main] http.headers 281 - >> Connection: Keep-Alive
11-22-2022 21:54:06 DefaultClientConnection.java DEBUG [main] http.headers 281 - >> User-Agent: Apache-HttpClient/4.5.13 (Java/11.0.1)
11-22-2022 21:54:06 DefaultClientConnection.java DEBUG [main] http.headers 281 - >> Accept-Encoding: gzip,deflate
11-22-2022 21:54:06 Wire.java DEBUG [main] http.wire 73 -  >> "{[\r][\n]"
11-22-2022 21:54:06 Wire.java DEBUG [main] http.wire 73 -  >> ""idCard" : "637cd1d77177bc01d84bc37d",[\r][\n]"
11-22-2022 21:54:06 Wire.java DEBUG [main] http.wire 73 -  >> ""name" : "this Is Create Check List"[\r][\n]"
11-22-2022 21:54:06 Wire.java DEBUG [main] http.wire 87 -  >> "}"
11-22-2022 21:54:06 Wire.java DEBUG [main] http.wire 73 -  << "HTTP/1.1 200 OK[\r][\n]"
11-22-2022 21:54:06 Wire.java DEBUG [main] http.wire 73 -  << "Date: Tue, 22 Nov 2022 16:24:06 GMT[\r][\n]"
11-22-2022 21:54:06 Wire.java DEBUG [main] http.wire 73 -  << "Content-Type: application/json; charset=utf-8[\r][\n]"
11-22-2022 21:54:06 Wire.java DEBUG [main] http.wire 73 -  << "Content-Length: 181[\r][\n]"
11-22-2022 21:54:06 Wire.java DEBUG [main] http.wire 73 -  << "X-Dns-Prefetch-Control: off[\r][\n]"
11-22-2022 21:54:06 Wire.java DEBUG [main] http.wire 73 -  << "X-Frame-Options: DENY[\r][\n]"
11-22-2022 21:54:06 Wire.java DEBUG [main] http.wire 73 -  << "X-Download-Options: noopen[\r][\n]"
11-22-2022 21:54:06 Wire.java DEBUG [main] http.wire 73 -  << "X-Permitted-Cross-Domain-Policies: none[\r][\n]"
11-22-2022 21:54:06 Wire.java DEBUG [main] http.wire 73 -  << "Referrer-Policy: strict-origin-when-cross-origin[\r][\n]"
11-22-2022 21:54:06 Wire.java DEBUG [main] http.wire 73 -  << "Surrogate-Control: no-store[\r][\n]"
11-22-2022 21:54:06 Wire.java DEBUG [main] http.wire 73 -  << "Cache-Control: max-age=0, must-revalidate, no-cache, no-store[\r][\n]"
11-22-2022 21:54:06 Wire.java DEBUG [main] http.wire 73 -  << "Pragma: no-cache[\r][\n]"
11-22-2022 21:54:06 Wire.java DEBUG [main] http.wire 73 -  << "Expires: Thu, 01 Jan 1970 00:00:00[\r][\n]"
11-22-2022 21:54:06 Wire.java DEBUG [main] http.wire 73 -  << "X-Trello-Version: 1.170568.0[\r][\n]"
11-22-2022 21:54:06 Wire.java DEBUG [main] http.wire 73 -  << "X-Trello-Environment: Production (Micros)[\r][\n]"
11-22-2022 21:54:06 Wire.java DEBUG [main] http.wire 73 -  << "Access-Control-Allow-Origin: *[\r][\n]"
11-22-2022 21:54:06 Wire.java DEBUG [main] http.wire 73 -  << "Access-Control-Allow-Methods: GET, PUT, POST, DELETE[\r][\n]"
11-22-2022 21:54:06 Wire.java DEBUG [main] http.wire 73 -  << "Access-Control-Allow-Headers: Authorization, Accept, Content-Type[\r][\n]"
11-22-2022 21:54:06 Wire.java DEBUG [main] http.wire 73 -  << "Access-Control-Expose-Headers: x-rate-limit-api-key-interval-ms, x-rate-limit-api-key-max, x-rate-limit-api-key-remaining, x-rate-limit-api-token-interval-ms, x-rate-limit-api-token-max, x-rate-limit-api-token-remaining[\r][\n]"
11-22-2022 21:54:06 Wire.java DEBUG [main] http.wire 73 -  << "X-Rate-Limit-Api-Token-Interval-Ms: 10000[\r][\n]"
11-22-2022 21:54:06 Wire.java DEBUG [main] http.wire 73 -  << "X-Rate-Limit-Api-Token-Max: 100[\r][\n]"
11-22-2022 21:54:06 Wire.java DEBUG [main] http.wire 73 -  << "X-Rate-Limit-Api-Token-Remaining: 99[\r][\n]"
11-22-2022 21:54:06 Wire.java DEBUG [main] http.wire 73 -  << "X-Rate-Limit-Db-Query-Time-Interval-Ms: 600000[\r][\n]"
11-22-2022 21:54:06 Wire.java DEBUG [main] http.wire 73 -  << "X-Rate-Limit-Db-Query-Time-Max: 7200000[\r][\n]"
11-22-2022 21:54:06 Wire.java DEBUG [main] http.wire 73 -  << "X-Rate-Limit-Db-Query-Time-Remaining: 7199990[\r][\n]"
11-22-2022 21:54:06 Wire.java DEBUG [main] http.wire 73 -  << "X-Rate-Limit-Action-Interval-Ms: 3600000[\r][\n]"
11-22-2022 21:54:06 Wire.java DEBUG [main] http.wire 73 -  << "X-Rate-Limit-Action-Max: 15000[\r][\n]"
11-22-2022 21:54:06 Wire.java DEBUG [main] http.wire 73 -  << "X-Rate-Limit-Action-Remaining: 14999[\r][\n]"
11-22-2022 21:54:06 Wire.java DEBUG [main] http.wire 73 -  << "X-Rate-Limit-Api-Key-Interval-Ms: 10000[\r][\n]"
11-22-2022 21:54:06 Wire.java DEBUG [main] http.wire 73 -  << "X-Rate-Limit-Api-Key-Max: 300[\r][\n]"
11-22-2022 21:54:06 Wire.java DEBUG [main] http.wire 73 -  << "X-Rate-Limit-Api-Key-Remaining: 299[\r][\n]"
11-22-2022 21:54:06 Wire.java DEBUG [main] http.wire 73 -  << "X-Rate-Limit-Member-Interval-Ms: 10000[\r][\n]"
11-22-2022 21:54:06 Wire.java DEBUG [main] http.wire 73 -  << "X-Rate-Limit-Member-Max: 375[\r][\n]"
11-22-2022 21:54:06 Wire.java DEBUG [main] http.wire 73 -  << "X-Rate-Limit-Member-Remaining: 373[\r][\n]"
11-22-2022 21:54:06 Wire.java DEBUG [main] http.wire 73 -  << "Set-Cookie: preAuthProps=s%3A637b571e071bb7056eb94b61%3AisEnterpriseAdmin%3Dfalse.BsvCkeBZpDt2UycswUciukUDlffViKvce4GMwyTAYjA; Path=/; HttpOnly[\r][\n]"
11-22-2022 21:54:06 Wire.java DEBUG [main] http.wire 73 -  << "X-Server-Time: 1669134246629[\r][\n]"
11-22-2022 21:54:06 Wire.java DEBUG [main] http.wire 73 -  << "Server: AtlassianEdge[\r][\n]"
11-22-2022 21:54:06 Wire.java DEBUG [main] http.wire 73 -  << "Expect-Ct: report-uri="https://web-security-reports.services.atlassian.com/expect-ct-report/trello-edge", max-age=86400[\r][\n]"
11-22-2022 21:54:06 Wire.java DEBUG [main] http.wire 73 -  << "Strict-Transport-Security: max-age=63072000; preload[\r][\n]"
11-22-2022 21:54:06 Wire.java DEBUG [main] http.wire 73 -  << "X-Content-Type-Options: nosniff[\r][\n]"
11-22-2022 21:54:06 Wire.java DEBUG [main] http.wire 73 -  << "X-Xss-Protection: 1; mode=block[\r][\n]"
11-22-2022 21:54:06 Wire.java DEBUG [main] http.wire 73 -  << "Atl-Traceid: ba3b183efc205f4e[\r][\n]"
11-22-2022 21:54:06 Wire.java DEBUG [main] http.wire 73 -  << "Report-To: {"endpoints": [{"url": "https://dz8aopenkvv6s.cloudfront.net"}], "group": "endpoint-1", "include_subdomains": true, "max_age": 600}[\r][\n]"
11-22-2022 21:54:06 Wire.java DEBUG [main] http.wire 73 -  << "Nel: {"failure_fraction": 0.001, "include_subdomains": true, "max_age": 600, "report_to": "endpoint-1"}[\r][\n]"
11-22-2022 21:54:06 Wire.java DEBUG [main] http.wire 73 -  << "[\r][\n]"
11-22-2022 21:54:06 DefaultClientConnection.java DEBUG [main] conn.DefaultClientConnection 259 - Receiving response: HTTP/1.1 200 OK
11-22-2022 21:54:06 DefaultClientConnection.java DEBUG [main] http.headers 262 - << HTTP/1.1 200 OK
11-22-2022 21:54:06 DefaultClientConnection.java DEBUG [main] http.headers 265 - << Date: Tue, 22 Nov 2022 16:24:06 GMT
11-22-2022 21:54:06 DefaultClientConnection.java DEBUG [main] http.headers 265 - << Content-Type: application/json; charset=utf-8
11-22-2022 21:54:06 DefaultClientConnection.java DEBUG [main] http.headers 265 - << Content-Length: 181
11-22-2022 21:54:06 DefaultClientConnection.java DEBUG [main] http.headers 265 - << X-Dns-Prefetch-Control: off
11-22-2022 21:54:06 DefaultClientConnection.java DEBUG [main] http.headers 265 - << X-Frame-Options: DENY
11-22-2022 21:54:06 DefaultClientConnection.java DEBUG [main] http.headers 265 - << X-Download-Options: noopen
11-22-2022 21:54:06 DefaultClientConnection.java DEBUG [main] http.headers 265 - << X-Permitted-Cross-Domain-Policies: none
11-22-2022 21:54:06 DefaultClientConnection.java DEBUG [main] http.headers 265 - << Referrer-Policy: strict-origin-when-cross-origin
11-22-2022 21:54:06 DefaultClientConnection.java DEBUG [main] http.headers 265 - << Surrogate-Control: no-store
11-22-2022 21:54:06 DefaultClientConnection.java DEBUG [main] http.headers 265 - << Cache-Control: max-age=0, must-revalidate, no-cache, no-store
11-22-2022 21:54:06 DefaultClientConnection.java DEBUG [main] http.headers 265 - << Pragma: no-cache
11-22-2022 21:54:06 DefaultClientConnection.java DEBUG [main] http.headers 265 - << Expires: Thu, 01 Jan 1970 00:00:00
11-22-2022 21:54:06 DefaultClientConnection.java DEBUG [main] http.headers 265 - << X-Trello-Version: 1.170568.0
11-22-2022 21:54:06 DefaultClientConnection.java DEBUG [main] http.headers 265 - << X-Trello-Environment: Production (Micros)
11-22-2022 21:54:06 DefaultClientConnection.java DEBUG [main] http.headers 265 - << Access-Control-Allow-Origin: *
11-22-2022 21:54:06 DefaultClientConnection.java DEBUG [main] http.headers 265 - << Access-Control-Allow-Methods: GET, PUT, POST, DELETE
11-22-2022 21:54:06 DefaultClientConnection.java DEBUG [main] http.headers 265 - << Access-Control-Allow-Headers: Authorization, Accept, Content-Type
11-22-2022 21:54:06 DefaultClientConnection.java DEBUG [main] http.headers 265 - << Access-Control-Expose-Headers: x-rate-limit-api-key-interval-ms, x-rate-limit-api-key-max, x-rate-limit-api-key-remaining, x-rate-limit-api-token-interval-ms, x-rate-limit-api-token-max, x-rate-limit-api-token-remaining
11-22-2022 21:54:06 DefaultClientConnection.java DEBUG [main] http.headers 265 - << X-Rate-Limit-Api-Token-Interval-Ms: 10000
11-22-2022 21:54:06 DefaultClientConnection.java DEBUG [main] http.headers 265 - << X-Rate-Limit-Api-Token-Max: 100
11-22-2022 21:54:06 DefaultClientConnection.java DEBUG [main] http.headers 265 - << X-Rate-Limit-Api-Token-Remaining: 99
11-22-2022 21:54:06 DefaultClientConnection.java DEBUG [main] http.headers 265 - << X-Rate-Limit-Db-Query-Time-Interval-Ms: 600000
11-22-2022 21:54:06 DefaultClientConnection.java DEBUG [main] http.headers 265 - << X-Rate-Limit-Db-Query-Time-Max: 7200000
11-22-2022 21:54:06 DefaultClientConnection.java DEBUG [main] http.headers 265 - << X-Rate-Limit-Db-Query-Time-Remaining: 7199990
11-22-2022 21:54:06 DefaultClientConnection.java DEBUG [main] http.headers 265 - << X-Rate-Limit-Action-Interval-Ms: 3600000
11-22-2022 21:54:06 DefaultClientConnection.java DEBUG [main] http.headers 265 - << X-Rate-Limit-Action-Max: 15000
11-22-2022 21:54:06 DefaultClientConnection.java DEBUG [main] http.headers 265 - << X-Rate-Limit-Action-Remaining: 14999
11-22-2022 21:54:06 DefaultClientConnection.java DEBUG [main] http.headers 265 - << X-Rate-Limit-Api-Key-Interval-Ms: 10000
11-22-2022 21:54:06 DefaultClientConnection.java DEBUG [main] http.headers 265 - << X-Rate-Limit-Api-Key-Max: 300
11-22-2022 21:54:06 DefaultClientConnection.java DEBUG [main] http.headers 265 - << X-Rate-Limit-Api-Key-Remaining: 299
11-22-2022 21:54:06 DefaultClientConnection.java DEBUG [main] http.headers 265 - << X-Rate-Limit-Member-Interval-Ms: 10000
11-22-2022 21:54:06 DefaultClientConnection.java DEBUG [main] http.headers 265 - << X-Rate-Limit-Member-Max: 375
11-22-2022 21:54:06 DefaultClientConnection.java DEBUG [main] http.headers 265 - << X-Rate-Limit-Member-Remaining: 373
11-22-2022 21:54:06 DefaultClientConnection.java DEBUG [main] http.headers 265 - << Set-Cookie: preAuthProps=s%3A637b571e071bb7056eb94b61%3AisEnterpriseAdmin%3Dfalse.BsvCkeBZpDt2UycswUciukUDlffViKvce4GMwyTAYjA; Path=/; HttpOnly
11-22-2022 21:54:06 DefaultClientConnection.java DEBUG [main] http.headers 265 - << X-Server-Time: 1669134246629
11-22-2022 21:54:06 DefaultClientConnection.java DEBUG [main] http.headers 265 - << Server: AtlassianEdge
11-22-2022 21:54:06 DefaultClientConnection.java DEBUG [main] http.headers 265 - << Expect-Ct: report-uri="https://web-security-reports.services.atlassian.com/expect-ct-report/trello-edge", max-age=86400
11-22-2022 21:54:06 DefaultClientConnection.java DEBUG [main] http.headers 265 - << Strict-Transport-Security: max-age=63072000; preload
11-22-2022 21:54:06 DefaultClientConnection.java DEBUG [main] http.headers 265 - << X-Content-Type-Options: nosniff
11-22-2022 21:54:06 DefaultClientConnection.java DEBUG [main] http.headers 265 - << X-Xss-Protection: 1; mode=block
11-22-2022 21:54:06 DefaultClientConnection.java DEBUG [main] http.headers 265 - << Atl-Traceid: ba3b183efc205f4e
11-22-2022 21:54:06 DefaultClientConnection.java DEBUG [main] http.headers 265 - << Report-To: {"endpoints": [{"url": "https://dz8aopenkvv6s.cloudfront.net"}], "group": "endpoint-1", "include_subdomains": true, "max_age": 600}
11-22-2022 21:54:06 DefaultClientConnection.java DEBUG [main] http.headers 265 - << Nel: {"failure_fraction": 0.001, "include_subdomains": true, "max_age": 600, "report_to": "endpoint-1"}
11-22-2022 21:54:06 DefaultRequestDirector.java DEBUG [main] client.DefaultHttpClient 504 - Connection can be kept alive indefinitely
11-22-2022 21:54:06 HTTPBuilder.java DEBUG [main] internal.RequestSpecificationImpl$RestAssuredHttpBuilder 545 - Parsing response as: application/json; charset=utf-8
11-22-2022 21:54:06 HTTPBuilder.java DEBUG [main] internal.RequestSpecificationImpl$RestAssuredHttpBuilder 548 - Parsed data to instance of: class org.apache.http.conn.EofSensorInputStream
11-22-2022 21:54:06 Wire.java DEBUG [main] http.wire 87 -  << "{"id":"637cf7a6b0962e006722f51d","name":"this Is Create Check List","idBoard":"637cd1bc1109d10023418c1f","idCard":"637cd1d77177bc01d84bc37d","pos":16384,"checkItems":[],"limits":{}}"
11-22-2022 21:54:06 BasicClientConnectionManager.java DEBUG [main] conn.BasicClientConnectionManager 200 - Releasing connection org.apache.http.impl.conn.ManagedClientConnectionImpl@28ee7bee
11-22-2022 21:54:06 BasicClientConnectionManager.java DEBUG [main] conn.BasicClientConnectionManager 225 - Connection can be kept alive indefinitely
HTTP/1.1 200 OK
Date: Tue, 22 Nov 2022 16:24:06 GMT
Content-Type: application/json; charset=utf-8
Content-Length: 181
X-Dns-Prefetch-Control: off
X-Frame-Options: DENY
X-Download-Options: noopen
X-Permitted-Cross-Domain-Policies: none
Referrer-Policy: strict-origin-when-cross-origin
Surrogate-Control: no-store
Cache-Control: max-age=0, must-revalidate, no-cache, no-store
Pragma: no-cache
Expires: Thu, 01 Jan 1970 00:00:00
X-Trello-Version: 1.170568.0
X-Trello-Environment: Production (Micros)
Access-Control-Allow-Origin: *
Access-Control-Allow-Methods: GET, PUT, POST, DELETE
Access-Control-Allow-Headers: Authorization, Accept, Content-Type
Access-Control-Expose-Headers: x-rate-limit-api-key-interval-ms, x-rate-limit-api-key-max, x-rate-limit-api-key-remaining, x-rate-limit-api-token-interval-ms, x-rate-limit-api-token-max, x-rate-limit-api-token-remaining
X-Rate-Limit-Api-Token-Interval-Ms: 10000
X-Rate-Limit-Api-Token-Max: 100
X-Rate-Limit-Api-Token-Remaining: 99
X-Rate-Limit-Db-Query-Time-Interval-Ms: 600000
X-Rate-Limit-Db-Query-Time-Max: 7200000
X-Rate-Limit-Db-Query-Time-Remaining: 7199990
X-Rate-Limit-Action-Interval-Ms: 3600000
X-Rate-Limit-Action-Max: 15000
X-Rate-Limit-Action-Remaining: 14999
X-Rate-Limit-Api-Key-Interval-Ms: 10000
X-Rate-Limit-Api-Key-Max: 300
X-Rate-Limit-Api-Key-Remaining: 299
X-Rate-Limit-Member-Interval-Ms: 10000
X-Rate-Limit-Member-Max: 375
X-Rate-Limit-Member-Remaining: 373
Set-Cookie: preAuthProps=s%3A637b571e071bb7056eb94b61%3AisEnterpriseAdmin%3Dfalse.BsvCkeBZpDt2UycswUciukUDlffViKvce4GMwyTAYjA; Path=/; HttpOnly
X-Server-Time: 1669134246629
Server: AtlassianEdge
Expect-Ct: report-uri="https://web-security-reports.services.atlassian.com/expect-ct-report/trello-edge", max-age=86400
Strict-Transport-Security: max-age=63072000; preload
X-Content-Type-Options: nosniff
X-Xss-Protection: 1; mode=block
Atl-Traceid: ba3b183efc205f4e
Report-To: {"endpoints": [{"url": "https://dz8aopenkvv6s.cloudfront.net"}], "group": "endpoint-1", "include_subdomains": true, "max_age": 600}
Nel: {"failure_fraction": 0.001, "include_subdomains": true, "max_age": 600, "report_to": "endpoint-1"}

{
    "id": "637cf7a6b0962e006722f51d",
    "name": "this Is Create Check List",
    "idBoard": "637cd1bc1109d10023418c1f",
    "idCard": "637cd1d77177bc01d84bc37d",
    "pos": 16384,
    "checkItems": [
        
    ],
    "limits": {
        
    }
}
ID -->637cf7a6b0962e006722f51d
]]></system-out>
    <system-err><![CDATA[Nov 22, 2022 9:54:05 PM com.relevantcodes.extentreports.ExtentReports loadConfig
WARNING: Unable to perform report configuration. The file C:\Users\mohdtoukeer\eclipse-workspace\assignmentRest\null\reportConfig.xml was not found.
]]></system-err>
  </testcase>
  <testcase name="Update_a_Checklist" classname="testData.Checklist" time="0.712">
    <system-out><![CDATA[Create_a_checklist
11-22-2022 21:54:07 _Log4jLoggerFactory.java DEBUG [main] freemarker.cache 45 - Couldn't find template in cache for "Extent.ftl"("en_IN", UTF-8, parsed); will try to load it.
11-22-2022 21:54:07 _Log4jLoggerFactory.java DEBUG [main] freemarker.cache 45 - TemplateLoader.findTemplateSource("Extent_en_IN.ftl"): Not found
11-22-2022 21:54:07 _Log4jLoggerFactory.java DEBUG [main] freemarker.cache 45 - TemplateLoader.findTemplateSource("Extent_en.ftl"): Not found
11-22-2022 21:54:07 _Log4jLoggerFactory.java DEBUG [main] freemarker.cache 45 - TemplateLoader.findTemplateSource("Extent.ftl"): Found
11-22-2022 21:54:07 _Log4jLoggerFactory.java DEBUG [main] freemarker.cache 45 - Loading template for "Extent.ftl"("en_IN", UTF-8, parsed) from "jar:file:/C:/Users/mohdtoukeer/.m2/repository/com/relevantcodes/extentreports/2.41.2/extentreports-2.41.2.jar!/com/relevantcodes/extentreports/view/Extent.ftl"
11-22-2022 21:54:07 BasicClientConnectionManager.java DEBUG [main] conn.BasicClientConnectionManager 161 - Get connection for route {s}->https://trello.com:443
11-22-2022 21:54:07 DefaultClientConnectionOperator.java DEBUG [main] conn.DefaultClientConnectionOperator 177 - Connecting to trello.com:443
11-22-2022 21:54:07 RequestAddCookies.java DEBUG [main] protocol.RequestAddCookies 123 - CookieSpec selected: ignoreCookies
11-22-2022 21:54:07 RequestAuthCache.java DEBUG [main] protocol.RequestAuthCache 77 - Auth cache not set in the context
11-22-2022 21:54:07 RequestTargetAuthentication.java DEBUG [main] protocol.RequestTargetAuthentication 80 - Target auth state: UNCHALLENGED
11-22-2022 21:54:07 RequestProxyAuthentication.java DEBUG [main] protocol.RequestProxyAuthentication 89 - Proxy auth state: UNCHALLENGED
11-22-2022 21:54:07 DefaultRequestDirector.java DEBUG [main] client.DefaultHttpClient 677 - Attempt 1 to execute request
11-22-2022 21:54:07 DefaultClientConnection.java DEBUG [main] conn.DefaultClientConnection 274 - Sending request: PUT /1/CheckLists/637cf7a6b0962e006722f51d?key=a277033a8a8b651020ff746999dd35ac&token=87a0cfec0eeabc87a28151de40d5e349235a77f1033345100796efc9a8f716f9 HTTP/1.1
11-22-2022 21:54:07 Wire.java DEBUG [main] http.wire 73 -  >> "PUT /1/CheckLists/637cf7a6b0962e006722f51d?key=a277033a8a8b651020ff746999dd35ac&token=87a0cfec0eeabc87a28151de40d5e349235a77f1033345100796efc9a8f716f9 HTTP/1.1[\r][\n]"
11-22-2022 21:54:07 Wire.java DEBUG [main] http.wire 73 -  >> "Accept:  application/json[\r][\n]"
11-22-2022 21:54:07 Wire.java DEBUG [main] http.wire 73 -  >> "Content-Type: application/json[\r][\n]"
11-22-2022 21:54:07 Wire.java DEBUG [main] http.wire 73 -  >> "Content-Length: 44[\r][\n]"
11-22-2022 21:54:07 Wire.java DEBUG [main] http.wire 73 -  >> "Host: trello.com[\r][\n]"
11-22-2022 21:54:07 Wire.java DEBUG [main] http.wire 73 -  >> "Connection: Keep-Alive[\r][\n]"
11-22-2022 21:54:07 Wire.java DEBUG [main] http.wire 73 -  >> "User-Agent: Apache-HttpClient/4.5.13 (Java/11.0.1)[\r][\n]"
11-22-2022 21:54:07 Wire.java DEBUG [main] http.wire 73 -  >> "Accept-Encoding: gzip,deflate[\r][\n]"
11-22-2022 21:54:07 Wire.java DEBUG [main] http.wire 73 -  >> "[\r][\n]"
11-22-2022 21:54:07 DefaultClientConnection.java DEBUG [main] http.headers 278 - >> PUT /1/CheckLists/637cf7a6b0962e006722f51d?key=a277033a8a8b651020ff746999dd35ac&token=87a0cfec0eeabc87a28151de40d5e349235a77f1033345100796efc9a8f716f9 HTTP/1.1
11-22-2022 21:54:07 DefaultClientConnection.java DEBUG [main] http.headers 281 - >> Accept:  application/json
11-22-2022 21:54:07 DefaultClientConnection.java DEBUG [main] http.headers 281 - >> Content-Type: application/json
11-22-2022 21:54:07 DefaultClientConnection.java DEBUG [main] http.headers 281 - >> Content-Length: 44
11-22-2022 21:54:07 DefaultClientConnection.java DEBUG [main] http.headers 281 - >> Host: trello.com
11-22-2022 21:54:07 DefaultClientConnection.java DEBUG [main] http.headers 281 - >> Connection: Keep-Alive
11-22-2022 21:54:07 DefaultClientConnection.java DEBUG [main] http.headers 281 - >> User-Agent: Apache-HttpClient/4.5.13 (Java/11.0.1)
11-22-2022 21:54:07 DefaultClientConnection.java DEBUG [main] http.headers 281 - >> Accept-Encoding: gzip,deflate
11-22-2022 21:54:07 Wire.java DEBUG [main] http.wire 73 -  >> "{[\r][\n]"
11-22-2022 21:54:07 Wire.java DEBUG [main] http.wire 73 -  >> ""name" : "This Is Upadeted Check List"[\r][\n]"
11-22-2022 21:54:07 Wire.java DEBUG [main] http.wire 87 -  >> "}"
11-22-2022 21:54:08 Wire.java DEBUG [main] http.wire 73 -  << "HTTP/1.1 200 OK[\r][\n]"
11-22-2022 21:54:08 Wire.java DEBUG [main] http.wire 73 -  << "Date: Tue, 22 Nov 2022 16:24:08 GMT[\r][\n]"
11-22-2022 21:54:08 Wire.java DEBUG [main] http.wire 73 -  << "Content-Type: application/json; charset=utf-8[\r][\n]"
11-22-2022 21:54:08 Wire.java DEBUG [main] http.wire 73 -  << "Content-Length: 171[\r][\n]"
11-22-2022 21:54:08 Wire.java DEBUG [main] http.wire 73 -  << "X-Dns-Prefetch-Control: off[\r][\n]"
11-22-2022 21:54:08 Wire.java DEBUG [main] http.wire 73 -  << "X-Frame-Options: DENY[\r][\n]"
11-22-2022 21:54:08 Wire.java DEBUG [main] http.wire 73 -  << "X-Download-Options: noopen[\r][\n]"
11-22-2022 21:54:08 Wire.java DEBUG [main] http.wire 73 -  << "X-Permitted-Cross-Domain-Policies: none[\r][\n]"
11-22-2022 21:54:08 Wire.java DEBUG [main] http.wire 73 -  << "Referrer-Policy: strict-origin-when-cross-origin[\r][\n]"
11-22-2022 21:54:08 Wire.java DEBUG [main] http.wire 73 -  << "Surrogate-Control: no-store[\r][\n]"
11-22-2022 21:54:08 Wire.java DEBUG [main] http.wire 73 -  << "Cache-Control: max-age=0, must-revalidate, no-cache, no-store[\r][\n]"
11-22-2022 21:54:08 Wire.java DEBUG [main] http.wire 73 -  << "Pragma: no-cache[\r][\n]"
11-22-2022 21:54:08 Wire.java DEBUG [main] http.wire 73 -  << "Expires: Thu, 01 Jan 1970 00:00:00[\r][\n]"
11-22-2022 21:54:08 Wire.java DEBUG [main] http.wire 73 -  << "X-Trello-Version: 1.170568.0[\r][\n]"
11-22-2022 21:54:08 Wire.java DEBUG [main] http.wire 73 -  << "X-Trello-Environment: Production (Micros)[\r][\n]"
11-22-2022 21:54:08 Wire.java DEBUG [main] http.wire 73 -  << "Access-Control-Allow-Origin: *[\r][\n]"
11-22-2022 21:54:08 Wire.java DEBUG [main] http.wire 73 -  << "Access-Control-Allow-Methods: GET, PUT, POST, DELETE[\r][\n]"
11-22-2022 21:54:08 Wire.java DEBUG [main] http.wire 73 -  << "Access-Control-Allow-Headers: Authorization, Accept, Content-Type[\r][\n]"
11-22-2022 21:54:08 Wire.java DEBUG [main] http.wire 73 -  << "Access-Control-Expose-Headers: x-rate-limit-api-key-interval-ms, x-rate-limit-api-key-max, x-rate-limit-api-key-remaining, x-rate-limit-api-token-interval-ms, x-rate-limit-api-token-max, x-rate-limit-api-token-remaining[\r][\n]"
11-22-2022 21:54:08 Wire.java DEBUG [main] http.wire 73 -  << "X-Rate-Limit-Api-Token-Interval-Ms: 10000[\r][\n]"
11-22-2022 21:54:08 Wire.java DEBUG [main] http.wire 73 -  << "X-Rate-Limit-Api-Token-Max: 100[\r][\n]"
11-22-2022 21:54:08 Wire.java DEBUG [main] http.wire 73 -  << "X-Rate-Limit-Api-Token-Remaining: 98[\r][\n]"
11-22-2022 21:54:08 Wire.java DEBUG [main] http.wire 73 -  << "X-Rate-Limit-Db-Query-Time-Interval-Ms: 600000[\r][\n]"
11-22-2022 21:54:08 Wire.java DEBUG [main] http.wire 73 -  << "X-Rate-Limit-Db-Query-Time-Max: 7200000[\r][\n]"
11-22-2022 21:54:08 Wire.java DEBUG [main] http.wire 73 -  << "X-Rate-Limit-Db-Query-Time-Remaining: 7199990[\r][\n]"
11-22-2022 21:54:08 Wire.java DEBUG [main] http.wire 73 -  << "X-Rate-Limit-Action-Interval-Ms: 3600000[\r][\n]"
11-22-2022 21:54:08 Wire.java DEBUG [main] http.wire 73 -  << "X-Rate-Limit-Action-Max: 15000[\r][\n]"
11-22-2022 21:54:08 Wire.java DEBUG [main] http.wire 73 -  << "X-Rate-Limit-Action-Remaining: 14999[\r][\n]"
11-22-2022 21:54:08 Wire.java DEBUG [main] http.wire 73 -  << "X-Rate-Limit-Api-Key-Interval-Ms: 10000[\r][\n]"
11-22-2022 21:54:08 Wire.java DEBUG [main] http.wire 73 -  << "X-Rate-Limit-Api-Key-Max: 300[\r][\n]"
11-22-2022 21:54:08 Wire.java DEBUG [main] http.wire 73 -  << "X-Rate-Limit-Api-Key-Remaining: 298[\r][\n]"
11-22-2022 21:54:08 Wire.java DEBUG [main] http.wire 73 -  << "X-Rate-Limit-Member-Interval-Ms: 10000[\r][\n]"
11-22-2022 21:54:08 Wire.java DEBUG [main] http.wire 73 -  << "X-Rate-Limit-Member-Max: 375[\r][\n]"
11-22-2022 21:54:08 Wire.java DEBUG [main] http.wire 73 -  << "X-Rate-Limit-Member-Remaining: 372[\r][\n]"
11-22-2022 21:54:08 Wire.java DEBUG [main] http.wire 73 -  << "Set-Cookie: preAuthProps=s%3A637b571e071bb7056eb94b61%3AisEnterpriseAdmin%3Dfalse.BsvCkeBZpDt2UycswUciukUDlffViKvce4GMwyTAYjA; Path=/; HttpOnly[\r][\n]"
11-22-2022 21:54:08 Wire.java DEBUG [main] http.wire 73 -  << "X-Server-Time: 1669134248007[\r][\n]"
11-22-2022 21:54:08 Wire.java DEBUG [main] http.wire 73 -  << "Server: AtlassianEdge[\r][\n]"
11-22-2022 21:54:08 Wire.java DEBUG [main] http.wire 73 -  << "Expect-Ct: report-uri="https://web-security-reports.services.atlassian.com/expect-ct-report/trello-edge", max-age=86400[\r][\n]"
11-22-2022 21:54:08 Wire.java DEBUG [main] http.wire 73 -  << "Strict-Transport-Security: max-age=63072000; preload[\r][\n]"
11-22-2022 21:54:08 Wire.java DEBUG [main] http.wire 73 -  << "X-Content-Type-Options: nosniff[\r][\n]"
11-22-2022 21:54:08 Wire.java DEBUG [main] http.wire 73 -  << "X-Xss-Protection: 1; mode=block[\r][\n]"
11-22-2022 21:54:08 Wire.java DEBUG [main] http.wire 73 -  << "Atl-Traceid: 81531ba3a894dc6a[\r][\n]"
11-22-2022 21:54:08 Wire.java DEBUG [main] http.wire 73 -  << "Report-To: {"endpoints": [{"url": "https://dz8aopenkvv6s.cloudfront.net"}], "group": "endpoint-1", "include_subdomains": true, "max_age": 600}[\r][\n]"
11-22-2022 21:54:08 Wire.java DEBUG [main] http.wire 73 -  << "Nel: {"failure_fraction": 0.001, "include_subdomains": true, "max_age": 600, "report_to": "endpoint-1"}[\r][\n]"
11-22-2022 21:54:08 Wire.java DEBUG [main] http.wire 73 -  << "[\r][\n]"
11-22-2022 21:54:08 DefaultClientConnection.java DEBUG [main] conn.DefaultClientConnection 259 - Receiving response: HTTP/1.1 200 OK
11-22-2022 21:54:08 DefaultClientConnection.java DEBUG [main] http.headers 262 - << HTTP/1.1 200 OK
11-22-2022 21:54:08 DefaultClientConnection.java DEBUG [main] http.headers 265 - << Date: Tue, 22 Nov 2022 16:24:08 GMT
11-22-2022 21:54:08 DefaultClientConnection.java DEBUG [main] http.headers 265 - << Content-Type: application/json; charset=utf-8
11-22-2022 21:54:08 DefaultClientConnection.java DEBUG [main] http.headers 265 - << Content-Length: 171
11-22-2022 21:54:08 DefaultClientConnection.java DEBUG [main] http.headers 265 - << X-Dns-Prefetch-Control: off
11-22-2022 21:54:08 DefaultClientConnection.java DEBUG [main] http.headers 265 - << X-Frame-Options: DENY
11-22-2022 21:54:08 DefaultClientConnection.java DEBUG [main] http.headers 265 - << X-Download-Options: noopen
11-22-2022 21:54:08 DefaultClientConnection.java DEBUG [main] http.headers 265 - << X-Permitted-Cross-Domain-Policies: none
11-22-2022 21:54:08 DefaultClientConnection.java DEBUG [main] http.headers 265 - << Referrer-Policy: strict-origin-when-cross-origin
11-22-2022 21:54:08 DefaultClientConnection.java DEBUG [main] http.headers 265 - << Surrogate-Control: no-store
11-22-2022 21:54:08 DefaultClientConnection.java DEBUG [main] http.headers 265 - << Cache-Control: max-age=0, must-revalidate, no-cache, no-store
11-22-2022 21:54:08 DefaultClientConnection.java DEBUG [main] http.headers 265 - << Pragma: no-cache
11-22-2022 21:54:08 DefaultClientConnection.java DEBUG [main] http.headers 265 - << Expires: Thu, 01 Jan 1970 00:00:00
11-22-2022 21:54:08 DefaultClientConnection.java DEBUG [main] http.headers 265 - << X-Trello-Version: 1.170568.0
11-22-2022 21:54:08 DefaultClientConnection.java DEBUG [main] http.headers 265 - << X-Trello-Environment: Production (Micros)
11-22-2022 21:54:08 DefaultClientConnection.java DEBUG [main] http.headers 265 - << Access-Control-Allow-Origin: *
11-22-2022 21:54:08 DefaultClientConnection.java DEBUG [main] http.headers 265 - << Access-Control-Allow-Methods: GET, PUT, POST, DELETE
11-22-2022 21:54:08 DefaultClientConnection.java DEBUG [main] http.headers 265 - << Access-Control-Allow-Headers: Authorization, Accept, Content-Type
11-22-2022 21:54:08 DefaultClientConnection.java DEBUG [main] http.headers 265 - << Access-Control-Expose-Headers: x-rate-limit-api-key-interval-ms, x-rate-limit-api-key-max, x-rate-limit-api-key-remaining, x-rate-limit-api-token-interval-ms, x-rate-limit-api-token-max, x-rate-limit-api-token-remaining
11-22-2022 21:54:08 DefaultClientConnection.java DEBUG [main] http.headers 265 - << X-Rate-Limit-Api-Token-Interval-Ms: 10000
11-22-2022 21:54:08 DefaultClientConnection.java DEBUG [main] http.headers 265 - << X-Rate-Limit-Api-Token-Max: 100
11-22-2022 21:54:08 DefaultClientConnection.java DEBUG [main] http.headers 265 - << X-Rate-Limit-Api-Token-Remaining: 98
11-22-2022 21:54:08 DefaultClientConnection.java DEBUG [main] http.headers 265 - << X-Rate-Limit-Db-Query-Time-Interval-Ms: 600000
11-22-2022 21:54:08 DefaultClientConnection.java DEBUG [main] http.headers 265 - << X-Rate-Limit-Db-Query-Time-Max: 7200000
11-22-2022 21:54:08 DefaultClientConnection.java DEBUG [main] http.headers 265 - << X-Rate-Limit-Db-Query-Time-Remaining: 7199990
11-22-2022 21:54:08 DefaultClientConnection.java DEBUG [main] http.headers 265 - << X-Rate-Limit-Action-Interval-Ms: 3600000
11-22-2022 21:54:08 DefaultClientConnection.java DEBUG [main] http.headers 265 - << X-Rate-Limit-Action-Max: 15000
11-22-2022 21:54:08 DefaultClientConnection.java DEBUG [main] http.headers 265 - << X-Rate-Limit-Action-Remaining: 14999
11-22-2022 21:54:08 DefaultClientConnection.java DEBUG [main] http.headers 265 - << X-Rate-Limit-Api-Key-Interval-Ms: 10000
11-22-2022 21:54:08 DefaultClientConnection.java DEBUG [main] http.headers 265 - << X-Rate-Limit-Api-Key-Max: 300
11-22-2022 21:54:08 DefaultClientConnection.java DEBUG [main] http.headers 265 - << X-Rate-Limit-Api-Key-Remaining: 298
11-22-2022 21:54:08 DefaultClientConnection.java DEBUG [main] http.headers 265 - << X-Rate-Limit-Member-Interval-Ms: 10000
11-22-2022 21:54:08 DefaultClientConnection.java DEBUG [main] http.headers 265 - << X-Rate-Limit-Member-Max: 375
11-22-2022 21:54:08 DefaultClientConnection.java DEBUG [main] http.headers 265 - << X-Rate-Limit-Member-Remaining: 372
11-22-2022 21:54:08 DefaultClientConnection.java DEBUG [main] http.headers 265 - << Set-Cookie: preAuthProps=s%3A637b571e071bb7056eb94b61%3AisEnterpriseAdmin%3Dfalse.BsvCkeBZpDt2UycswUciukUDlffViKvce4GMwyTAYjA; Path=/; HttpOnly
11-22-2022 21:54:08 DefaultClientConnection.java DEBUG [main] http.headers 265 - << X-Server-Time: 1669134248007
11-22-2022 21:54:08 DefaultClientConnection.java DEBUG [main] http.headers 265 - << Server: AtlassianEdge
11-22-2022 21:54:08 DefaultClientConnection.java DEBUG [main] http.headers 265 - << Expect-Ct: report-uri="https://web-security-reports.services.atlassian.com/expect-ct-report/trello-edge", max-age=86400
11-22-2022 21:54:08 DefaultClientConnection.java DEBUG [main] http.headers 265 - << Strict-Transport-Security: max-age=63072000; preload
11-22-2022 21:54:08 DefaultClientConnection.java DEBUG [main] http.headers 265 - << X-Content-Type-Options: nosniff
11-22-2022 21:54:08 DefaultClientConnection.java DEBUG [main] http.headers 265 - << X-Xss-Protection: 1; mode=block
11-22-2022 21:54:08 DefaultClientConnection.java DEBUG [main] http.headers 265 - << Atl-Traceid: 81531ba3a894dc6a
11-22-2022 21:54:08 DefaultClientConnection.java DEBUG [main] http.headers 265 - << Report-To: {"endpoints": [{"url": "https://dz8aopenkvv6s.cloudfront.net"}], "group": "endpoint-1", "include_subdomains": true, "max_age": 600}
11-22-2022 21:54:08 DefaultClientConnection.java DEBUG [main] http.headers 265 - << Nel: {"failure_fraction": 0.001, "include_subdomains": true, "max_age": 600, "report_to": "endpoint-1"}
11-22-2022 21:54:08 DefaultRequestDirector.java DEBUG [main] client.DefaultHttpClient 504 - Connection can be kept alive indefinitely
11-22-2022 21:54:08 HTTPBuilder.java DEBUG [main] internal.RequestSpecificationImpl$RestAssuredHttpBuilder 545 - Parsing response as: application/json; charset=utf-8
11-22-2022 21:54:08 HTTPBuilder.java DEBUG [main] internal.RequestSpecificationImpl$RestAssuredHttpBuilder 548 - Parsed data to instance of: class org.apache.http.conn.EofSensorInputStream
11-22-2022 21:54:08 Wire.java DEBUG [main] http.wire 87 -  << "{"id":"637cf7a6b0962e006722f51d","name":"This Is Upadeted Check List","idBoard":"637cd1bc1109d10023418c1f","idCard":"637cd1d77177bc01d84bc37d","pos":16384,"checkItems":[]}"
11-22-2022 21:54:08 BasicClientConnectionManager.java DEBUG [main] conn.BasicClientConnectionManager 200 - Releasing connection org.apache.http.impl.conn.ManagedClientConnectionImpl@527a8665
11-22-2022 21:54:08 BasicClientConnectionManager.java DEBUG [main] conn.BasicClientConnectionManager 225 - Connection can be kept alive indefinitely
HTTP/1.1 200 OK
Date: Tue, 22 Nov 2022 16:24:08 GMT
Content-Type: application/json; charset=utf-8
Content-Length: 171
X-Dns-Prefetch-Control: off
X-Frame-Options: DENY
X-Download-Options: noopen
X-Permitted-Cross-Domain-Policies: none
Referrer-Policy: strict-origin-when-cross-origin
Surrogate-Control: no-store
Cache-Control: max-age=0, must-revalidate, no-cache, no-store
Pragma: no-cache
Expires: Thu, 01 Jan 1970 00:00:00
X-Trello-Version: 1.170568.0
X-Trello-Environment: Production (Micros)
Access-Control-Allow-Origin: *
Access-Control-Allow-Methods: GET, PUT, POST, DELETE
Access-Control-Allow-Headers: Authorization, Accept, Content-Type
Access-Control-Expose-Headers: x-rate-limit-api-key-interval-ms, x-rate-limit-api-key-max, x-rate-limit-api-key-remaining, x-rate-limit-api-token-interval-ms, x-rate-limit-api-token-max, x-rate-limit-api-token-remaining
X-Rate-Limit-Api-Token-Interval-Ms: 10000
X-Rate-Limit-Api-Token-Max: 100
X-Rate-Limit-Api-Token-Remaining: 98
X-Rate-Limit-Db-Query-Time-Interval-Ms: 600000
X-Rate-Limit-Db-Query-Time-Max: 7200000
X-Rate-Limit-Db-Query-Time-Remaining: 7199990
X-Rate-Limit-Action-Interval-Ms: 3600000
X-Rate-Limit-Action-Max: 15000
X-Rate-Limit-Action-Remaining: 14999
X-Rate-Limit-Api-Key-Interval-Ms: 10000
X-Rate-Limit-Api-Key-Max: 300
X-Rate-Limit-Api-Key-Remaining: 298
X-Rate-Limit-Member-Interval-Ms: 10000
X-Rate-Limit-Member-Max: 375
X-Rate-Limit-Member-Remaining: 372
Set-Cookie: preAuthProps=s%3A637b571e071bb7056eb94b61%3AisEnterpriseAdmin%3Dfalse.BsvCkeBZpDt2UycswUciukUDlffViKvce4GMwyTAYjA; Path=/; HttpOnly
X-Server-Time: 1669134248007
Server: AtlassianEdge
Expect-Ct: report-uri="https://web-security-reports.services.atlassian.com/expect-ct-report/trello-edge", max-age=86400
Strict-Transport-Security: max-age=63072000; preload
X-Content-Type-Options: nosniff
X-Xss-Protection: 1; mode=block
Atl-Traceid: 81531ba3a894dc6a
Report-To: {"endpoints": [{"url": "https://dz8aopenkvv6s.cloudfront.net"}], "group": "endpoint-1", "include_subdomains": true, "max_age": 600}
Nel: {"failure_fraction": 0.001, "include_subdomains": true, "max_age": 600, "report_to": "endpoint-1"}

{
    "id": "637cf7a6b0962e006722f51d",
    "name": "This Is Upadeted Check List",
    "idBoard": "637cd1bc1109d10023418c1f",
    "idCard": "637cd1d77177bc01d84bc37d",
    "pos": 16384,
    "checkItems": [
        
    ]
}
ID -->637cf7a6b0962e006722f51d
]]></system-out>
  </testcase>
  <testcase name="Get_a_Checklist" classname="testData.Checklist" time="0.609">
    <system-out><![CDATA[Update_a_Checklist
11-22-2022 21:54:08 _Log4jLoggerFactory.java DEBUG [main] freemarker.cache 45 - Couldn't find template in cache for "Extent.ftl"("en_IN", UTF-8, parsed); will try to load it.
11-22-2022 21:54:08 _Log4jLoggerFactory.java DEBUG [main] freemarker.cache 45 - TemplateLoader.findTemplateSource("Extent_en_IN.ftl"): Not found
11-22-2022 21:54:08 _Log4jLoggerFactory.java DEBUG [main] freemarker.cache 45 - TemplateLoader.findTemplateSource("Extent_en.ftl"): Not found
11-22-2022 21:54:08 _Log4jLoggerFactory.java DEBUG [main] freemarker.cache 45 - TemplateLoader.findTemplateSource("Extent.ftl"): Found
11-22-2022 21:54:08 _Log4jLoggerFactory.java DEBUG [main] freemarker.cache 45 - Loading template for "Extent.ftl"("en_IN", UTF-8, parsed) from "jar:file:/C:/Users/mohdtoukeer/.m2/repository/com/relevantcodes/extentreports/2.41.2/extentreports-2.41.2.jar!/com/relevantcodes/extentreports/view/Extent.ftl"
11-22-2022 21:54:08 BasicClientConnectionManager.java DEBUG [main] conn.BasicClientConnectionManager 161 - Get connection for route {s}->https://trello.com:443
11-22-2022 21:54:08 DefaultClientConnectionOperator.java DEBUG [main] conn.DefaultClientConnectionOperator 177 - Connecting to trello.com:443
11-22-2022 21:54:08 RequestAddCookies.java DEBUG [main] protocol.RequestAddCookies 123 - CookieSpec selected: ignoreCookies
11-22-2022 21:54:08 RequestAuthCache.java DEBUG [main] protocol.RequestAuthCache 77 - Auth cache not set in the context
11-22-2022 21:54:08 RequestTargetAuthentication.java DEBUG [main] protocol.RequestTargetAuthentication 80 - Target auth state: UNCHALLENGED
11-22-2022 21:54:08 RequestProxyAuthentication.java DEBUG [main] protocol.RequestProxyAuthentication 89 - Proxy auth state: UNCHALLENGED
11-22-2022 21:54:08 DefaultRequestDirector.java DEBUG [main] client.DefaultHttpClient 677 - Attempt 1 to execute request
11-22-2022 21:54:08 DefaultClientConnection.java DEBUG [main] conn.DefaultClientConnection 274 - Sending request: GET /1/CheckLists/637cf7a6b0962e006722f51d?key=a277033a8a8b651020ff746999dd35ac&token=87a0cfec0eeabc87a28151de40d5e349235a77f1033345100796efc9a8f716f9 HTTP/1.1
11-22-2022 21:54:08 Wire.java DEBUG [main] http.wire 73 -  >> "GET /1/CheckLists/637cf7a6b0962e006722f51d?key=a277033a8a8b651020ff746999dd35ac&token=87a0cfec0eeabc87a28151de40d5e349235a77f1033345100796efc9a8f716f9 HTTP/1.1[\r][\n]"
11-22-2022 21:54:08 Wire.java DEBUG [main] http.wire 73 -  >> "Accept: application/json[\r][\n]"
11-22-2022 21:54:08 Wire.java DEBUG [main] http.wire 73 -  >> "Host: trello.com[\r][\n]"
11-22-2022 21:54:08 Wire.java DEBUG [main] http.wire 73 -  >> "Connection: Keep-Alive[\r][\n]"
11-22-2022 21:54:08 Wire.java DEBUG [main] http.wire 73 -  >> "User-Agent: Apache-HttpClient/4.5.13 (Java/11.0.1)[\r][\n]"
11-22-2022 21:54:08 Wire.java DEBUG [main] http.wire 73 -  >> "Accept-Encoding: gzip,deflate[\r][\n]"
11-22-2022 21:54:08 Wire.java DEBUG [main] http.wire 73 -  >> "[\r][\n]"
11-22-2022 21:54:08 DefaultClientConnection.java DEBUG [main] http.headers 278 - >> GET /1/CheckLists/637cf7a6b0962e006722f51d?key=a277033a8a8b651020ff746999dd35ac&token=87a0cfec0eeabc87a28151de40d5e349235a77f1033345100796efc9a8f716f9 HTTP/1.1
11-22-2022 21:54:08 DefaultClientConnection.java DEBUG [main] http.headers 281 - >> Accept: application/json
11-22-2022 21:54:08 DefaultClientConnection.java DEBUG [main] http.headers 281 - >> Host: trello.com
11-22-2022 21:54:08 DefaultClientConnection.java DEBUG [main] http.headers 281 - >> Connection: Keep-Alive
11-22-2022 21:54:08 DefaultClientConnection.java DEBUG [main] http.headers 281 - >> User-Agent: Apache-HttpClient/4.5.13 (Java/11.0.1)
11-22-2022 21:54:08 DefaultClientConnection.java DEBUG [main] http.headers 281 - >> Accept-Encoding: gzip,deflate
11-22-2022 21:54:08 Wire.java DEBUG [main] http.wire 73 -  << "HTTP/1.1 200 OK[\r][\n]"
11-22-2022 21:54:08 Wire.java DEBUG [main] http.wire 73 -  << "Date: Tue, 22 Nov 2022 16:24:08 GMT[\r][\n]"
11-22-2022 21:54:08 Wire.java DEBUG [main] http.wire 73 -  << "Content-Type: application/json; charset=utf-8[\r][\n]"
11-22-2022 21:54:08 Wire.java DEBUG [main] http.wire 73 -  << "Content-Length: 171[\r][\n]"
11-22-2022 21:54:08 Wire.java DEBUG [main] http.wire 73 -  << "X-Dns-Prefetch-Control: off[\r][\n]"
11-22-2022 21:54:08 Wire.java DEBUG [main] http.wire 73 -  << "X-Frame-Options: DENY[\r][\n]"
11-22-2022 21:54:08 Wire.java DEBUG [main] http.wire 73 -  << "X-Download-Options: noopen[\r][\n]"
11-22-2022 21:54:08 Wire.java DEBUG [main] http.wire 73 -  << "X-Permitted-Cross-Domain-Policies: none[\r][\n]"
11-22-2022 21:54:08 Wire.java DEBUG [main] http.wire 73 -  << "Referrer-Policy: strict-origin-when-cross-origin[\r][\n]"
11-22-2022 21:54:08 Wire.java DEBUG [main] http.wire 73 -  << "Surrogate-Control: no-store[\r][\n]"
11-22-2022 21:54:08 Wire.java DEBUG [main] http.wire 73 -  << "Cache-Control: max-age=0, must-revalidate, no-cache, no-store[\r][\n]"
11-22-2022 21:54:08 Wire.java DEBUG [main] http.wire 73 -  << "Pragma: no-cache[\r][\n]"
11-22-2022 21:54:08 Wire.java DEBUG [main] http.wire 73 -  << "Expires: Thu, 01 Jan 1970 00:00:00[\r][\n]"
11-22-2022 21:54:08 Wire.java DEBUG [main] http.wire 73 -  << "X-Trello-Version: 1.170568.0[\r][\n]"
11-22-2022 21:54:08 Wire.java DEBUG [main] http.wire 73 -  << "X-Trello-Environment: Production (Micros)[\r][\n]"
11-22-2022 21:54:08 Wire.java DEBUG [main] http.wire 73 -  << "Set-Cookie: dsc=f0ae0ce467eb6b50cf7b442f5d24687d0b5485e5fa4eea8caeadf6c62e9b6f80; Path=/; Expires=Fri, 25 Nov 2022 16:24:08 GMT; Secure[\r][\n]"
11-22-2022 21:54:08 Wire.java DEBUG [main] http.wire 73 -  << "Set-Cookie: preAuthProps=s%3A637b571e071bb7056eb94b61%3AisEnterpriseAdmin%3Dfalse.BsvCkeBZpDt2UycswUciukUDlffViKvce4GMwyTAYjA; Path=/; HttpOnly[\r][\n]"
11-22-2022 21:54:08 Wire.java DEBUG [main] http.wire 73 -  << "Access-Control-Allow-Origin: *[\r][\n]"
11-22-2022 21:54:08 Wire.java DEBUG [main] http.wire 73 -  << "Access-Control-Allow-Methods: GET, PUT, POST, DELETE[\r][\n]"
11-22-2022 21:54:08 Wire.java DEBUG [main] http.wire 73 -  << "Access-Control-Allow-Headers: Authorization, Accept, Content-Type[\r][\n]"
11-22-2022 21:54:08 Wire.java DEBUG [main] http.wire 73 -  << "Access-Control-Expose-Headers: x-rate-limit-api-key-interval-ms, x-rate-limit-api-key-max, x-rate-limit-api-key-remaining, x-rate-limit-api-token-interval-ms, x-rate-limit-api-token-max, x-rate-limit-api-token-remaining[\r][\n]"
11-22-2022 21:54:08 Wire.java DEBUG [main] http.wire 73 -  << "X-Rate-Limit-Api-Token-Interval-Ms: 10000[\r][\n]"
11-22-2022 21:54:08 Wire.java DEBUG [main] http.wire 73 -  << "X-Rate-Limit-Api-Token-Max: 100[\r][\n]"
11-22-2022 21:54:08 Wire.java DEBUG [main] http.wire 73 -  << "X-Rate-Limit-Api-Token-Remaining: 97[\r][\n]"
11-22-2022 21:54:08 Wire.java DEBUG [main] http.wire 73 -  << "X-Rate-Limit-Db-Query-Time-Interval-Ms: 600000[\r][\n]"
11-22-2022 21:54:08 Wire.java DEBUG [main] http.wire 73 -  << "X-Rate-Limit-Db-Query-Time-Max: 7200000[\r][\n]"
11-22-2022 21:54:08 Wire.java DEBUG [main] http.wire 73 -  << "X-Rate-Limit-Db-Query-Time-Remaining: 7199990[\r][\n]"
11-22-2022 21:54:08 Wire.java DEBUG [main] http.wire 73 -  << "X-Rate-Limit-Api-Key-Interval-Ms: 10000[\r][\n]"
11-22-2022 21:54:08 Wire.java DEBUG [main] http.wire 73 -  << "X-Rate-Limit-Api-Key-Max: 300[\r][\n]"
11-22-2022 21:54:08 Wire.java DEBUG [main] http.wire 73 -  << "X-Rate-Limit-Api-Key-Remaining: 297[\r][\n]"
11-22-2022 21:54:08 Wire.java DEBUG [main] http.wire 73 -  << "X-Rate-Limit-Member-Interval-Ms: 10000[\r][\n]"
11-22-2022 21:54:08 Wire.java DEBUG [main] http.wire 73 -  << "X-Rate-Limit-Member-Max: 375[\r][\n]"
11-22-2022 21:54:08 Wire.java DEBUG [main] http.wire 73 -  << "X-Rate-Limit-Member-Remaining: 371[\r][\n]"
11-22-2022 21:54:08 Wire.java DEBUG [main] http.wire 73 -  << "X-Server-Time: 1669134248631[\r][\n]"
11-22-2022 21:54:08 Wire.java DEBUG [main] http.wire 73 -  << "Server: AtlassianEdge[\r][\n]"
11-22-2022 21:54:08 Wire.java DEBUG [main] http.wire 73 -  << "Expect-Ct: report-uri="https://web-security-reports.services.atlassian.com/expect-ct-report/trello-edge", max-age=86400[\r][\n]"
11-22-2022 21:54:08 Wire.java DEBUG [main] http.wire 73 -  << "Strict-Transport-Security: max-age=63072000; preload[\r][\n]"
11-22-2022 21:54:08 Wire.java DEBUG [main] http.wire 73 -  << "X-Content-Type-Options: nosniff[\r][\n]"
11-22-2022 21:54:08 Wire.java DEBUG [main] http.wire 73 -  << "X-Xss-Protection: 1; mode=block[\r][\n]"
11-22-2022 21:54:08 Wire.java DEBUG [main] http.wire 73 -  << "Atl-Traceid: bd7259463de5d4b4[\r][\n]"
11-22-2022 21:54:08 Wire.java DEBUG [main] http.wire 73 -  << "Report-To: {"endpoints": [{"url": "https://dz8aopenkvv6s.cloudfront.net"}], "group": "endpoint-1", "include_subdomains": true, "max_age": 600}[\r][\n]"
11-22-2022 21:54:08 Wire.java DEBUG [main] http.wire 73 -  << "Nel: {"failure_fraction": 0.001, "include_subdomains": true, "max_age": 600, "report_to": "endpoint-1"}[\r][\n]"
11-22-2022 21:54:08 Wire.java DEBUG [main] http.wire 73 -  << "[\r][\n]"
11-22-2022 21:54:08 DefaultClientConnection.java DEBUG [main] conn.DefaultClientConnection 259 - Receiving response: HTTP/1.1 200 OK
11-22-2022 21:54:08 DefaultClientConnection.java DEBUG [main] http.headers 262 - << HTTP/1.1 200 OK
11-22-2022 21:54:08 DefaultClientConnection.java DEBUG [main] http.headers 265 - << Date: Tue, 22 Nov 2022 16:24:08 GMT
11-22-2022 21:54:08 DefaultClientConnection.java DEBUG [main] http.headers 265 - << Content-Type: application/json; charset=utf-8
11-22-2022 21:54:08 DefaultClientConnection.java DEBUG [main] http.headers 265 - << Content-Length: 171
11-22-2022 21:54:08 DefaultClientConnection.java DEBUG [main] http.headers 265 - << X-Dns-Prefetch-Control: off
11-22-2022 21:54:08 DefaultClientConnection.java DEBUG [main] http.headers 265 - << X-Frame-Options: DENY
11-22-2022 21:54:08 DefaultClientConnection.java DEBUG [main] http.headers 265 - << X-Download-Options: noopen
11-22-2022 21:54:08 DefaultClientConnection.java DEBUG [main] http.headers 265 - << X-Permitted-Cross-Domain-Policies: none
11-22-2022 21:54:08 DefaultClientConnection.java DEBUG [main] http.headers 265 - << Referrer-Policy: strict-origin-when-cross-origin
11-22-2022 21:54:08 DefaultClientConnection.java DEBUG [main] http.headers 265 - << Surrogate-Control: no-store
11-22-2022 21:54:08 DefaultClientConnection.java DEBUG [main] http.headers 265 - << Cache-Control: max-age=0, must-revalidate, no-cache, no-store
11-22-2022 21:54:08 DefaultClientConnection.java DEBUG [main] http.headers 265 - << Pragma: no-cache
11-22-2022 21:54:08 DefaultClientConnection.java DEBUG [main] http.headers 265 - << Expires: Thu, 01 Jan 1970 00:00:00
11-22-2022 21:54:08 DefaultClientConnection.java DEBUG [main] http.headers 265 - << X-Trello-Version: 1.170568.0
11-22-2022 21:54:08 DefaultClientConnection.java DEBUG [main] http.headers 265 - << X-Trello-Environment: Production (Micros)
11-22-2022 21:54:08 DefaultClientConnection.java DEBUG [main] http.headers 265 - << Set-Cookie: dsc=f0ae0ce467eb6b50cf7b442f5d24687d0b5485e5fa4eea8caeadf6c62e9b6f80; Path=/; Expires=Fri, 25 Nov 2022 16:24:08 GMT; Secure
11-22-2022 21:54:08 DefaultClientConnection.java DEBUG [main] http.headers 265 - << Set-Cookie: preAuthProps=s%3A637b571e071bb7056eb94b61%3AisEnterpriseAdmin%3Dfalse.BsvCkeBZpDt2UycswUciukUDlffViKvce4GMwyTAYjA; Path=/; HttpOnly
11-22-2022 21:54:08 DefaultClientConnection.java DEBUG [main] http.headers 265 - << Access-Control-Allow-Origin: *
11-22-2022 21:54:08 DefaultClientConnection.java DEBUG [main] http.headers 265 - << Access-Control-Allow-Methods: GET, PUT, POST, DELETE
11-22-2022 21:54:08 DefaultClientConnection.java DEBUG [main] http.headers 265 - << Access-Control-Allow-Headers: Authorization, Accept, Content-Type
11-22-2022 21:54:08 DefaultClientConnection.java DEBUG [main] http.headers 265 - << Access-Control-Expose-Headers: x-rate-limit-api-key-interval-ms, x-rate-limit-api-key-max, x-rate-limit-api-key-remaining, x-rate-limit-api-token-interval-ms, x-rate-limit-api-token-max, x-rate-limit-api-token-remaining
11-22-2022 21:54:08 DefaultClientConnection.java DEBUG [main] http.headers 265 - << X-Rate-Limit-Api-Token-Interval-Ms: 10000
11-22-2022 21:54:08 DefaultClientConnection.java DEBUG [main] http.headers 265 - << X-Rate-Limit-Api-Token-Max: 100
11-22-2022 21:54:08 DefaultClientConnection.java DEBUG [main] http.headers 265 - << X-Rate-Limit-Api-Token-Remaining: 97
11-22-2022 21:54:08 DefaultClientConnection.java DEBUG [main] http.headers 265 - << X-Rate-Limit-Db-Query-Time-Interval-Ms: 600000
11-22-2022 21:54:08 DefaultClientConnection.java DEBUG [main] http.headers 265 - << X-Rate-Limit-Db-Query-Time-Max: 7200000
11-22-2022 21:54:08 DefaultClientConnection.java DEBUG [main] http.headers 265 - << X-Rate-Limit-Db-Query-Time-Remaining: 7199990
11-22-2022 21:54:08 DefaultClientConnection.java DEBUG [main] http.headers 265 - << X-Rate-Limit-Api-Key-Interval-Ms: 10000
11-22-2022 21:54:08 DefaultClientConnection.java DEBUG [main] http.headers 265 - << X-Rate-Limit-Api-Key-Max: 300
11-22-2022 21:54:08 DefaultClientConnection.java DEBUG [main] http.headers 265 - << X-Rate-Limit-Api-Key-Remaining: 297
11-22-2022 21:54:08 DefaultClientConnection.java DEBUG [main] http.headers 265 - << X-Rate-Limit-Member-Interval-Ms: 10000
11-22-2022 21:54:08 DefaultClientConnection.java DEBUG [main] http.headers 265 - << X-Rate-Limit-Member-Max: 375
11-22-2022 21:54:08 DefaultClientConnection.java DEBUG [main] http.headers 265 - << X-Rate-Limit-Member-Remaining: 371
11-22-2022 21:54:08 DefaultClientConnection.java DEBUG [main] http.headers 265 - << X-Server-Time: 1669134248631
11-22-2022 21:54:08 DefaultClientConnection.java DEBUG [main] http.headers 265 - << Server: AtlassianEdge
11-22-2022 21:54:08 DefaultClientConnection.java DEBUG [main] http.headers 265 - << Expect-Ct: report-uri="https://web-security-reports.services.atlassian.com/expect-ct-report/trello-edge", max-age=86400
11-22-2022 21:54:08 DefaultClientConnection.java DEBUG [main] http.headers 265 - << Strict-Transport-Security: max-age=63072000; preload
11-22-2022 21:54:08 DefaultClientConnection.java DEBUG [main] http.headers 265 - << X-Content-Type-Options: nosniff
11-22-2022 21:54:08 DefaultClientConnection.java DEBUG [main] http.headers 265 - << X-Xss-Protection: 1; mode=block
11-22-2022 21:54:08 DefaultClientConnection.java DEBUG [main] http.headers 265 - << Atl-Traceid: bd7259463de5d4b4
11-22-2022 21:54:08 DefaultClientConnection.java DEBUG [main] http.headers 265 - << Report-To: {"endpoints": [{"url": "https://dz8aopenkvv6s.cloudfront.net"}], "group": "endpoint-1", "include_subdomains": true, "max_age": 600}
11-22-2022 21:54:08 DefaultClientConnection.java DEBUG [main] http.headers 265 - << Nel: {"failure_fraction": 0.001, "include_subdomains": true, "max_age": 600, "report_to": "endpoint-1"}
11-22-2022 21:54:08 DefaultRequestDirector.java DEBUG [main] client.DefaultHttpClient 504 - Connection can be kept alive indefinitely
11-22-2022 21:54:08 HTTPBuilder.java DEBUG [main] internal.RequestSpecificationImpl$RestAssuredHttpBuilder 545 - Parsing response as: application/json; charset=utf-8
11-22-2022 21:54:08 HTTPBuilder.java DEBUG [main] internal.RequestSpecificationImpl$RestAssuredHttpBuilder 548 - Parsed data to instance of: class org.apache.http.conn.EofSensorInputStream
11-22-2022 21:54:08 Wire.java DEBUG [main] http.wire 87 -  << "{"id":"637cf7a6b0962e006722f51d","name":"This Is Upadeted Check List","idBoard":"637cd1bc1109d10023418c1f","idCard":"637cd1d77177bc01d84bc37d","pos":16384,"checkItems":[]}"
11-22-2022 21:54:08 BasicClientConnectionManager.java DEBUG [main] conn.BasicClientConnectionManager 200 - Releasing connection org.apache.http.impl.conn.ManagedClientConnectionImpl@19fec3d6
11-22-2022 21:54:08 BasicClientConnectionManager.java DEBUG [main] conn.BasicClientConnectionManager 225 - Connection can be kept alive indefinitely
HTTP/1.1 200 OK
Date: Tue, 22 Nov 2022 16:24:08 GMT
Content-Type: application/json; charset=utf-8
Content-Length: 171
X-Dns-Prefetch-Control: off
X-Frame-Options: DENY
X-Download-Options: noopen
X-Permitted-Cross-Domain-Policies: none
Referrer-Policy: strict-origin-when-cross-origin
Surrogate-Control: no-store
Cache-Control: max-age=0, must-revalidate, no-cache, no-store
Pragma: no-cache
Expires: Thu, 01 Jan 1970 00:00:00
X-Trello-Version: 1.170568.0
X-Trello-Environment: Production (Micros)
Set-Cookie: dsc=f0ae0ce467eb6b50cf7b442f5d24687d0b5485e5fa4eea8caeadf6c62e9b6f80; Path=/; Expires=Fri, 25 Nov 2022 16:24:08 GMT; Secure
Set-Cookie: preAuthProps=s%3A637b571e071bb7056eb94b61%3AisEnterpriseAdmin%3Dfalse.BsvCkeBZpDt2UycswUciukUDlffViKvce4GMwyTAYjA; Path=/; HttpOnly
Access-Control-Allow-Origin: *
Access-Control-Allow-Methods: GET, PUT, POST, DELETE
Access-Control-Allow-Headers: Authorization, Accept, Content-Type
Access-Control-Expose-Headers: x-rate-limit-api-key-interval-ms, x-rate-limit-api-key-max, x-rate-limit-api-key-remaining, x-rate-limit-api-token-interval-ms, x-rate-limit-api-token-max, x-rate-limit-api-token-remaining
X-Rate-Limit-Api-Token-Interval-Ms: 10000
X-Rate-Limit-Api-Token-Max: 100
X-Rate-Limit-Api-Token-Remaining: 97
X-Rate-Limit-Db-Query-Time-Interval-Ms: 600000
X-Rate-Limit-Db-Query-Time-Max: 7200000
X-Rate-Limit-Db-Query-Time-Remaining: 7199990
X-Rate-Limit-Api-Key-Interval-Ms: 10000
X-Rate-Limit-Api-Key-Max: 300
X-Rate-Limit-Api-Key-Remaining: 297
X-Rate-Limit-Member-Interval-Ms: 10000
X-Rate-Limit-Member-Max: 375
X-Rate-Limit-Member-Remaining: 371
X-Server-Time: 1669134248631
Server: AtlassianEdge
Expect-Ct: report-uri="https://web-security-reports.services.atlassian.com/expect-ct-report/trello-edge", max-age=86400
Strict-Transport-Security: max-age=63072000; preload
X-Content-Type-Options: nosniff
X-Xss-Protection: 1; mode=block
Atl-Traceid: bd7259463de5d4b4
Report-To: {"endpoints": [{"url": "https://dz8aopenkvv6s.cloudfront.net"}], "group": "endpoint-1", "include_subdomains": true, "max_age": 600}
Nel: {"failure_fraction": 0.001, "include_subdomains": true, "max_age": 600, "report_to": "endpoint-1"}

{
    "id": "637cf7a6b0962e006722f51d",
    "name": "This Is Upadeted Check List",
    "idBoard": "637cd1bc1109d10023418c1f",
    "idCard": "637cd1d77177bc01d84bc37d",
    "pos": 16384,
    "checkItems": [
        
    ]
}
ID -->637cf7a6b0962e006722f51d
]]></system-out>
  </testcase>
  <testcase name="delete_a_Checklist" classname="testData.Checklist" time="1.056">
    <system-out><![CDATA[Get_a_Checklist
11-22-2022 21:54:08 _Log4jLoggerFactory.java DEBUG [main] freemarker.cache 45 - Couldn't find template in cache for "Extent.ftl"("en_IN", UTF-8, parsed); will try to load it.
11-22-2022 21:54:08 _Log4jLoggerFactory.java DEBUG [main] freemarker.cache 45 - TemplateLoader.findTemplateSource("Extent_en_IN.ftl"): Not found
11-22-2022 21:54:08 _Log4jLoggerFactory.java DEBUG [main] freemarker.cache 45 - TemplateLoader.findTemplateSource("Extent_en.ftl"): Not found
11-22-2022 21:54:08 _Log4jLoggerFactory.java DEBUG [main] freemarker.cache 45 - TemplateLoader.findTemplateSource("Extent.ftl"): Found
11-22-2022 21:54:08 _Log4jLoggerFactory.java DEBUG [main] freemarker.cache 45 - Loading template for "Extent.ftl"("en_IN", UTF-8, parsed) from "jar:file:/C:/Users/mohdtoukeer/.m2/repository/com/relevantcodes/extentreports/2.41.2/extentreports-2.41.2.jar!/com/relevantcodes/extentreports/view/Extent.ftl"
11-22-2022 21:54:08 BasicClientConnectionManager.java DEBUG [main] conn.BasicClientConnectionManager 161 - Get connection for route {s}->https://trello.com:443
11-22-2022 21:54:08 DefaultClientConnectionOperator.java DEBUG [main] conn.DefaultClientConnectionOperator 177 - Connecting to trello.com:443
11-22-2022 21:54:09 RequestAddCookies.java DEBUG [main] protocol.RequestAddCookies 123 - CookieSpec selected: ignoreCookies
11-22-2022 21:54:09 RequestAuthCache.java DEBUG [main] protocol.RequestAuthCache 77 - Auth cache not set in the context
11-22-2022 21:54:09 RequestTargetAuthentication.java DEBUG [main] protocol.RequestTargetAuthentication 80 - Target auth state: UNCHALLENGED
11-22-2022 21:54:09 RequestProxyAuthentication.java DEBUG [main] protocol.RequestProxyAuthentication 89 - Proxy auth state: UNCHALLENGED
11-22-2022 21:54:09 DefaultRequestDirector.java DEBUG [main] client.DefaultHttpClient 677 - Attempt 1 to execute request
11-22-2022 21:54:09 DefaultClientConnection.java DEBUG [main] conn.DefaultClientConnection 274 - Sending request: DELETE /1/CheckLists/637cf7a6b0962e006722f51d?key=a277033a8a8b651020ff746999dd35ac&token=87a0cfec0eeabc87a28151de40d5e349235a77f1033345100796efc9a8f716f9 HTTP/1.1
11-22-2022 21:54:09 Wire.java DEBUG [main] http.wire 73 -  >> "DELETE /1/CheckLists/637cf7a6b0962e006722f51d?key=a277033a8a8b651020ff746999dd35ac&token=87a0cfec0eeabc87a28151de40d5e349235a77f1033345100796efc9a8f716f9 HTTP/1.1[\r][\n]"
11-22-2022 21:54:09 Wire.java DEBUG [main] http.wire 73 -  >> "Accept: */*[\r][\n]"
11-22-2022 21:54:09 Wire.java DEBUG [main] http.wire 73 -  >> "Host: trello.com[\r][\n]"
11-22-2022 21:54:09 Wire.java DEBUG [main] http.wire 73 -  >> "Connection: Keep-Alive[\r][\n]"
11-22-2022 21:54:09 Wire.java DEBUG [main] http.wire 73 -  >> "User-Agent: Apache-HttpClient/4.5.13 (Java/11.0.1)[\r][\n]"
11-22-2022 21:54:09 Wire.java DEBUG [main] http.wire 73 -  >> "Accept-Encoding: gzip,deflate[\r][\n]"
11-22-2022 21:54:09 Wire.java DEBUG [main] http.wire 73 -  >> "[\r][\n]"
11-22-2022 21:54:09 DefaultClientConnection.java DEBUG [main] http.headers 278 - >> DELETE /1/CheckLists/637cf7a6b0962e006722f51d?key=a277033a8a8b651020ff746999dd35ac&token=87a0cfec0eeabc87a28151de40d5e349235a77f1033345100796efc9a8f716f9 HTTP/1.1
11-22-2022 21:54:09 DefaultClientConnection.java DEBUG [main] http.headers 281 - >> Accept: */*
11-22-2022 21:54:09 DefaultClientConnection.java DEBUG [main] http.headers 281 - >> Host: trello.com
11-22-2022 21:54:09 DefaultClientConnection.java DEBUG [main] http.headers 281 - >> Connection: Keep-Alive
11-22-2022 21:54:09 DefaultClientConnection.java DEBUG [main] http.headers 281 - >> User-Agent: Apache-HttpClient/4.5.13 (Java/11.0.1)
11-22-2022 21:54:09 DefaultClientConnection.java DEBUG [main] http.headers 281 - >> Accept-Encoding: gzip,deflate
11-22-2022 21:54:09 Wire.java DEBUG [main] http.wire 73 -  << "HTTP/1.1 200 OK[\r][\n]"
11-22-2022 21:54:09 Wire.java DEBUG [main] http.wire 73 -  << "Date: Tue, 22 Nov 2022 16:24:09 GMT[\r][\n]"
11-22-2022 21:54:09 Wire.java DEBUG [main] http.wire 73 -  << "Content-Type: application/json; charset=utf-8[\r][\n]"
11-22-2022 21:54:09 Wire.java DEBUG [main] http.wire 73 -  << "Content-Length: 13[\r][\n]"
11-22-2022 21:54:09 Wire.java DEBUG [main] http.wire 73 -  << "X-Dns-Prefetch-Control: off[\r][\n]"
11-22-2022 21:54:09 Wire.java DEBUG [main] http.wire 73 -  << "X-Frame-Options: DENY[\r][\n]"
11-22-2022 21:54:09 Wire.java DEBUG [main] http.wire 73 -  << "X-Download-Options: noopen[\r][\n]"
11-22-2022 21:54:09 Wire.java DEBUG [main] http.wire 73 -  << "X-Permitted-Cross-Domain-Policies: none[\r][\n]"
11-22-2022 21:54:09 Wire.java DEBUG [main] http.wire 73 -  << "Referrer-Policy: strict-origin-when-cross-origin[\r][\n]"
11-22-2022 21:54:09 Wire.java DEBUG [main] http.wire 73 -  << "Surrogate-Control: no-store[\r][\n]"
11-22-2022 21:54:09 Wire.java DEBUG [main] http.wire 73 -  << "Cache-Control: max-age=0, must-revalidate, no-cache, no-store[\r][\n]"
11-22-2022 21:54:09 Wire.java DEBUG [main] http.wire 73 -  << "Pragma: no-cache[\r][\n]"
11-22-2022 21:54:09 Wire.java DEBUG [main] http.wire 73 -  << "Expires: Thu, 01 Jan 1970 00:00:00[\r][\n]"
11-22-2022 21:54:09 Wire.java DEBUG [main] http.wire 73 -  << "X-Trello-Version: 1.170568.0[\r][\n]"
11-22-2022 21:54:09 Wire.java DEBUG [main] http.wire 73 -  << "X-Trello-Environment: Production (Micros)[\r][\n]"
11-22-2022 21:54:09 Wire.java DEBUG [main] http.wire 73 -  << "Access-Control-Allow-Origin: *[\r][\n]"
11-22-2022 21:54:09 Wire.java DEBUG [main] http.wire 73 -  << "Access-Control-Allow-Methods: GET, PUT, POST, DELETE[\r][\n]"
11-22-2022 21:54:09 Wire.java DEBUG [main] http.wire 73 -  << "Access-Control-Allow-Headers: Authorization, Accept, Content-Type[\r][\n]"
11-22-2022 21:54:09 Wire.java DEBUG [main] http.wire 73 -  << "Access-Control-Expose-Headers: x-rate-limit-api-key-interval-ms, x-rate-limit-api-key-max, x-rate-limit-api-key-remaining, x-rate-limit-api-token-interval-ms, x-rate-limit-api-token-max, x-rate-limit-api-token-remaining[\r][\n]"
11-22-2022 21:54:09 Wire.java DEBUG [main] http.wire 73 -  << "X-Rate-Limit-Api-Token-Interval-Ms: 10000[\r][\n]"
11-22-2022 21:54:09 Wire.java DEBUG [main] http.wire 73 -  << "X-Rate-Limit-Api-Token-Max: 100[\r][\n]"
11-22-2022 21:54:09 Wire.java DEBUG [main] http.wire 73 -  << "X-Rate-Limit-Api-Token-Remaining: 96[\r][\n]"
11-22-2022 21:54:09 Wire.java DEBUG [main] http.wire 73 -  << "X-Rate-Limit-Db-Query-Time-Interval-Ms: 600000[\r][\n]"
11-22-2022 21:54:09 Wire.java DEBUG [main] http.wire 73 -  << "X-Rate-Limit-Db-Query-Time-Max: 7200000[\r][\n]"
11-22-2022 21:54:09 Wire.java DEBUG [main] http.wire 73 -  << "X-Rate-Limit-Db-Query-Time-Remaining: 7199990[\r][\n]"
11-22-2022 21:54:09 Wire.java DEBUG [main] http.wire 73 -  << "X-Rate-Limit-Action-Interval-Ms: 3600000[\r][\n]"
11-22-2022 21:54:09 Wire.java DEBUG [main] http.wire 73 -  << "X-Rate-Limit-Action-Max: 15000[\r][\n]"
11-22-2022 21:54:09 Wire.java DEBUG [main] http.wire 73 -  << "X-Rate-Limit-Action-Remaining: 14999[\r][\n]"
11-22-2022 21:54:09 Wire.java DEBUG [main] http.wire 73 -  << "X-Rate-Limit-Api-Key-Interval-Ms: 10000[\r][\n]"
11-22-2022 21:54:09 Wire.java DEBUG [main] http.wire 73 -  << "X-Rate-Limit-Api-Key-Max: 300[\r][\n]"
11-22-2022 21:54:09 Wire.java DEBUG [main] http.wire 73 -  << "X-Rate-Limit-Api-Key-Remaining: 296[\r][\n]"
11-22-2022 21:54:09 Wire.java DEBUG [main] http.wire 73 -  << "X-Rate-Limit-Member-Interval-Ms: 10000[\r][\n]"
11-22-2022 21:54:09 Wire.java DEBUG [main] http.wire 73 -  << "X-Rate-Limit-Member-Max: 375[\r][\n]"
11-22-2022 21:54:09 Wire.java DEBUG [main] http.wire 73 -  << "X-Rate-Limit-Member-Remaining: 370[\r][\n]"
11-22-2022 21:54:09 Wire.java DEBUG [main] http.wire 73 -  << "Set-Cookie: preAuthProps=s%3A637b571e071bb7056eb94b61%3AisEnterpriseAdmin%3Dfalse.BsvCkeBZpDt2UycswUciukUDlffViKvce4GMwyTAYjA; Path=/; HttpOnly[\r][\n]"
11-22-2022 21:54:09 Wire.java DEBUG [main] http.wire 73 -  << "X-Server-Time: 1669134249715[\r][\n]"
11-22-2022 21:54:09 Wire.java DEBUG [main] http.wire 73 -  << "Server: AtlassianEdge[\r][\n]"
11-22-2022 21:54:09 Wire.java DEBUG [main] http.wire 73 -  << "Expect-Ct: report-uri="https://web-security-reports.services.atlassian.com/expect-ct-report/trello-edge", max-age=86400[\r][\n]"
11-22-2022 21:54:09 Wire.java DEBUG [main] http.wire 73 -  << "Strict-Transport-Security: max-age=63072000; preload[\r][\n]"
11-22-2022 21:54:09 Wire.java DEBUG [main] http.wire 73 -  << "X-Content-Type-Options: nosniff[\r][\n]"
11-22-2022 21:54:09 Wire.java DEBUG [main] http.wire 73 -  << "X-Xss-Protection: 1; mode=block[\r][\n]"
11-22-2022 21:54:09 Wire.java DEBUG [main] http.wire 73 -  << "Atl-Traceid: a8796fb64474c25f[\r][\n]"
11-22-2022 21:54:09 Wire.java DEBUG [main] http.wire 73 -  << "Report-To: {"endpoints": [{"url": "https://dz8aopenkvv6s.cloudfront.net"}], "group": "endpoint-1", "include_subdomains": true, "max_age": 600}[\r][\n]"
11-22-2022 21:54:09 Wire.java DEBUG [main] http.wire 73 -  << "Nel: {"failure_fraction": 0.001, "include_subdomains": true, "max_age": 600, "report_to": "endpoint-1"}[\r][\n]"
11-22-2022 21:54:09 Wire.java DEBUG [main] http.wire 73 -  << "[\r][\n]"
11-22-2022 21:54:09 DefaultClientConnection.java DEBUG [main] conn.DefaultClientConnection 259 - Receiving response: HTTP/1.1 200 OK
11-22-2022 21:54:09 DefaultClientConnection.java DEBUG [main] http.headers 262 - << HTTP/1.1 200 OK
11-22-2022 21:54:09 DefaultClientConnection.java DEBUG [main] http.headers 265 - << Date: Tue, 22 Nov 2022 16:24:09 GMT
11-22-2022 21:54:09 DefaultClientConnection.java DEBUG [main] http.headers 265 - << Content-Type: application/json; charset=utf-8
11-22-2022 21:54:09 DefaultClientConnection.java DEBUG [main] http.headers 265 - << Content-Length: 13
11-22-2022 21:54:09 DefaultClientConnection.java DEBUG [main] http.headers 265 - << X-Dns-Prefetch-Control: off
11-22-2022 21:54:09 DefaultClientConnection.java DEBUG [main] http.headers 265 - << X-Frame-Options: DENY
11-22-2022 21:54:09 DefaultClientConnection.java DEBUG [main] http.headers 265 - << X-Download-Options: noopen
11-22-2022 21:54:09 DefaultClientConnection.java DEBUG [main] http.headers 265 - << X-Permitted-Cross-Domain-Policies: none
11-22-2022 21:54:09 DefaultClientConnection.java DEBUG [main] http.headers 265 - << Referrer-Policy: strict-origin-when-cross-origin
11-22-2022 21:54:09 DefaultClientConnection.java DEBUG [main] http.headers 265 - << Surrogate-Control: no-store
11-22-2022 21:54:09 DefaultClientConnection.java DEBUG [main] http.headers 265 - << Cache-Control: max-age=0, must-revalidate, no-cache, no-store
11-22-2022 21:54:09 DefaultClientConnection.java DEBUG [main] http.headers 265 - << Pragma: no-cache
11-22-2022 21:54:09 DefaultClientConnection.java DEBUG [main] http.headers 265 - << Expires: Thu, 01 Jan 1970 00:00:00
11-22-2022 21:54:09 DefaultClientConnection.java DEBUG [main] http.headers 265 - << X-Trello-Version: 1.170568.0
11-22-2022 21:54:09 DefaultClientConnection.java DEBUG [main] http.headers 265 - << X-Trello-Environment: Production (Micros)
11-22-2022 21:54:09 DefaultClientConnection.java DEBUG [main] http.headers 265 - << Access-Control-Allow-Origin: *
11-22-2022 21:54:09 DefaultClientConnection.java DEBUG [main] http.headers 265 - << Access-Control-Allow-Methods: GET, PUT, POST, DELETE
11-22-2022 21:54:09 DefaultClientConnection.java DEBUG [main] http.headers 265 - << Access-Control-Allow-Headers: Authorization, Accept, Content-Type
11-22-2022 21:54:09 DefaultClientConnection.java DEBUG [main] http.headers 265 - << Access-Control-Expose-Headers: x-rate-limit-api-key-interval-ms, x-rate-limit-api-key-max, x-rate-limit-api-key-remaining, x-rate-limit-api-token-interval-ms, x-rate-limit-api-token-max, x-rate-limit-api-token-remaining
11-22-2022 21:54:09 DefaultClientConnection.java DEBUG [main] http.headers 265 - << X-Rate-Limit-Api-Token-Interval-Ms: 10000
11-22-2022 21:54:09 DefaultClientConnection.java DEBUG [main] http.headers 265 - << X-Rate-Limit-Api-Token-Max: 100
11-22-2022 21:54:09 DefaultClientConnection.java DEBUG [main] http.headers 265 - << X-Rate-Limit-Api-Token-Remaining: 96
11-22-2022 21:54:09 DefaultClientConnection.java DEBUG [main] http.headers 265 - << X-Rate-Limit-Db-Query-Time-Interval-Ms: 600000
11-22-2022 21:54:09 DefaultClientConnection.java DEBUG [main] http.headers 265 - << X-Rate-Limit-Db-Query-Time-Max: 7200000
11-22-2022 21:54:09 DefaultClientConnection.java DEBUG [main] http.headers 265 - << X-Rate-Limit-Db-Query-Time-Remaining: 7199990
11-22-2022 21:54:09 DefaultClientConnection.java DEBUG [main] http.headers 265 - << X-Rate-Limit-Action-Interval-Ms: 3600000
11-22-2022 21:54:09 DefaultClientConnection.java DEBUG [main] http.headers 265 - << X-Rate-Limit-Action-Max: 15000
11-22-2022 21:54:09 DefaultClientConnection.java DEBUG [main] http.headers 265 - << X-Rate-Limit-Action-Remaining: 14999
11-22-2022 21:54:09 DefaultClientConnection.java DEBUG [main] http.headers 265 - << X-Rate-Limit-Api-Key-Interval-Ms: 10000
11-22-2022 21:54:09 DefaultClientConnection.java DEBUG [main] http.headers 265 - << X-Rate-Limit-Api-Key-Max: 300
11-22-2022 21:54:09 DefaultClientConnection.java DEBUG [main] http.headers 265 - << X-Rate-Limit-Api-Key-Remaining: 296
11-22-2022 21:54:09 DefaultClientConnection.java DEBUG [main] http.headers 265 - << X-Rate-Limit-Member-Interval-Ms: 10000
11-22-2022 21:54:09 DefaultClientConnection.java DEBUG [main] http.headers 265 - << X-Rate-Limit-Member-Max: 375
11-22-2022 21:54:09 DefaultClientConnection.java DEBUG [main] http.headers 265 - << X-Rate-Limit-Member-Remaining: 370
11-22-2022 21:54:09 DefaultClientConnection.java DEBUG [main] http.headers 265 - << Set-Cookie: preAuthProps=s%3A637b571e071bb7056eb94b61%3AisEnterpriseAdmin%3Dfalse.BsvCkeBZpDt2UycswUciukUDlffViKvce4GMwyTAYjA; Path=/; HttpOnly
11-22-2022 21:54:09 DefaultClientConnection.java DEBUG [main] http.headers 265 - << X-Server-Time: 1669134249715
11-22-2022 21:54:09 DefaultClientConnection.java DEBUG [main] http.headers 265 - << Server: AtlassianEdge
11-22-2022 21:54:09 DefaultClientConnection.java DEBUG [main] http.headers 265 - << Expect-Ct: report-uri="https://web-security-reports.services.atlassian.com/expect-ct-report/trello-edge", max-age=86400
11-22-2022 21:54:09 DefaultClientConnection.java DEBUG [main] http.headers 265 - << Strict-Transport-Security: max-age=63072000; preload
11-22-2022 21:54:09 DefaultClientConnection.java DEBUG [main] http.headers 265 - << X-Content-Type-Options: nosniff
11-22-2022 21:54:09 DefaultClientConnection.java DEBUG [main] http.headers 265 - << X-Xss-Protection: 1; mode=block
11-22-2022 21:54:09 DefaultClientConnection.java DEBUG [main] http.headers 265 - << Atl-Traceid: a8796fb64474c25f
11-22-2022 21:54:09 DefaultClientConnection.java DEBUG [main] http.headers 265 - << Report-To: {"endpoints": [{"url": "https://dz8aopenkvv6s.cloudfront.net"}], "group": "endpoint-1", "include_subdomains": true, "max_age": 600}
11-22-2022 21:54:09 DefaultClientConnection.java DEBUG [main] http.headers 265 - << Nel: {"failure_fraction": 0.001, "include_subdomains": true, "max_age": 600, "report_to": "endpoint-1"}
11-22-2022 21:54:09 DefaultRequestDirector.java DEBUG [main] client.DefaultHttpClient 504 - Connection can be kept alive indefinitely
11-22-2022 21:54:09 HTTPBuilder.java DEBUG [main] internal.RequestSpecificationImpl$RestAssuredHttpBuilder 545 - Parsing response as: application/json; charset=utf-8
11-22-2022 21:54:09 HTTPBuilder.java DEBUG [main] internal.RequestSpecificationImpl$RestAssuredHttpBuilder 548 - Parsed data to instance of: class org.apache.http.conn.EofSensorInputStream
11-22-2022 21:54:09 Wire.java DEBUG [main] http.wire 87 -  << "{"limits":{}}"
11-22-2022 21:54:09 BasicClientConnectionManager.java DEBUG [main] conn.BasicClientConnectionManager 200 - Releasing connection org.apache.http.impl.conn.ManagedClientConnectionImpl@256bb5be
11-22-2022 21:54:09 BasicClientConnectionManager.java DEBUG [main] conn.BasicClientConnectionManager 225 - Connection can be kept alive indefinitely
HTTP/1.1 200 OK
Date: Tue, 22 Nov 2022 16:24:09 GMT
Content-Type: application/json; charset=utf-8
Content-Length: 13
X-Dns-Prefetch-Control: off
X-Frame-Options: DENY
X-Download-Options: noopen
X-Permitted-Cross-Domain-Policies: none
Referrer-Policy: strict-origin-when-cross-origin
Surrogate-Control: no-store
Cache-Control: max-age=0, must-revalidate, no-cache, no-store
Pragma: no-cache
Expires: Thu, 01 Jan 1970 00:00:00
X-Trello-Version: 1.170568.0
X-Trello-Environment: Production (Micros)
Access-Control-Allow-Origin: *
Access-Control-Allow-Methods: GET, PUT, POST, DELETE
Access-Control-Allow-Headers: Authorization, Accept, Content-Type
Access-Control-Expose-Headers: x-rate-limit-api-key-interval-ms, x-rate-limit-api-key-max, x-rate-limit-api-key-remaining, x-rate-limit-api-token-interval-ms, x-rate-limit-api-token-max, x-rate-limit-api-token-remaining
X-Rate-Limit-Api-Token-Interval-Ms: 10000
X-Rate-Limit-Api-Token-Max: 100
X-Rate-Limit-Api-Token-Remaining: 96
X-Rate-Limit-Db-Query-Time-Interval-Ms: 600000
X-Rate-Limit-Db-Query-Time-Max: 7200000
X-Rate-Limit-Db-Query-Time-Remaining: 7199990
X-Rate-Limit-Action-Interval-Ms: 3600000
X-Rate-Limit-Action-Max: 15000
X-Rate-Limit-Action-Remaining: 14999
X-Rate-Limit-Api-Key-Interval-Ms: 10000
X-Rate-Limit-Api-Key-Max: 300
X-Rate-Limit-Api-Key-Remaining: 296
X-Rate-Limit-Member-Interval-Ms: 10000
X-Rate-Limit-Member-Max: 375
X-Rate-Limit-Member-Remaining: 370
Set-Cookie: preAuthProps=s%3A637b571e071bb7056eb94b61%3AisEnterpriseAdmin%3Dfalse.BsvCkeBZpDt2UycswUciukUDlffViKvce4GMwyTAYjA; Path=/; HttpOnly
X-Server-Time: 1669134249715
Server: AtlassianEdge
Expect-Ct: report-uri="https://web-security-reports.services.atlassian.com/expect-ct-report/trello-edge", max-age=86400
Strict-Transport-Security: max-age=63072000; preload
X-Content-Type-Options: nosniff
X-Xss-Protection: 1; mode=block
Atl-Traceid: a8796fb64474c25f
Report-To: {"endpoints": [{"url": "https://dz8aopenkvv6s.cloudfront.net"}], "group": "endpoint-1", "include_subdomains": true, "max_age": 600}
Nel: {"failure_fraction": 0.001, "include_subdomains": true, "max_age": 600, "report_to": "endpoint-1"}

{
    "limits": {
        
    }
}
]]></system-out>
  </testcase>
  <testcase name="Create_a_board" classname="testData.Boards" time="0.866">
    <system-out><![CDATA[delete_a_Checklist
11-22-2022 21:54:09 _Log4jLoggerFactory.java DEBUG [main] freemarker.cache 45 - Couldn't find template in cache for "Extent.ftl"("en_IN", UTF-8, parsed); will try to load it.
11-22-2022 21:54:09 _Log4jLoggerFactory.java DEBUG [main] freemarker.cache 45 - TemplateLoader.findTemplateSource("Extent_en_IN.ftl"): Not found
11-22-2022 21:54:09 _Log4jLoggerFactory.java DEBUG [main] freemarker.cache 45 - TemplateLoader.findTemplateSource("Extent_en.ftl"): Not found
11-22-2022 21:54:09 _Log4jLoggerFactory.java DEBUG [main] freemarker.cache 45 - TemplateLoader.findTemplateSource("Extent.ftl"): Found
11-22-2022 21:54:09 _Log4jLoggerFactory.java DEBUG [main] freemarker.cache 45 - Loading template for "Extent.ftl"("en_IN", UTF-8, parsed) from "jar:file:/C:/Users/mohdtoukeer/.m2/repository/com/relevantcodes/extentreports/2.41.2/extentreports-2.41.2.jar!/com/relevantcodes/extentreports/view/Extent.ftl"
{
  "name": "mohd toukeer",
  "desc": "Every day new day"
}
11-22-2022 21:54:09 BasicClientConnectionManager.java DEBUG [main] conn.BasicClientConnectionManager 161 - Get connection for route {s}->https://trello.com:443
11-22-2022 21:54:09 DefaultClientConnectionOperator.java DEBUG [main] conn.DefaultClientConnectionOperator 177 - Connecting to trello.com:443
11-22-2022 21:54:10 RequestAddCookies.java DEBUG [main] protocol.RequestAddCookies 123 - CookieSpec selected: ignoreCookies
11-22-2022 21:54:10 RequestAuthCache.java DEBUG [main] protocol.RequestAuthCache 77 - Auth cache not set in the context
11-22-2022 21:54:10 RequestTargetAuthentication.java DEBUG [main] protocol.RequestTargetAuthentication 80 - Target auth state: UNCHALLENGED
11-22-2022 21:54:10 RequestProxyAuthentication.java DEBUG [main] protocol.RequestProxyAuthentication 89 - Proxy auth state: UNCHALLENGED
11-22-2022 21:54:10 DefaultRequestDirector.java DEBUG [main] client.DefaultHttpClient 677 - Attempt 1 to execute request
11-22-2022 21:54:10 DefaultClientConnection.java DEBUG [main] conn.DefaultClientConnection 274 - Sending request: POST /1/boards/?key=a277033a8a8b651020ff746999dd35ac&token=87a0cfec0eeabc87a28151de40d5e349235a77f1033345100796efc9a8f716f9 HTTP/1.1
11-22-2022 21:54:10 Wire.java DEBUG [main] http.wire 73 -  >> "POST /1/boards/?key=a277033a8a8b651020ff746999dd35ac&token=87a0cfec0eeabc87a28151de40d5e349235a77f1033345100796efc9a8f716f9 HTTP/1.1[\r][\n]"
11-22-2022 21:54:10 Wire.java DEBUG [main] http.wire 73 -  >> "Accept: application/json[\r][\n]"
11-22-2022 21:54:10 Wire.java DEBUG [main] http.wire 73 -  >> "Content-Type: application/json[\r][\n]"
11-22-2022 21:54:10 Wire.java DEBUG [main] http.wire 73 -  >> "Content-Length: 62[\r][\n]"
11-22-2022 21:54:10 Wire.java DEBUG [main] http.wire 73 -  >> "Host: trello.com[\r][\n]"
11-22-2022 21:54:10 Wire.java DEBUG [main] http.wire 73 -  >> "Connection: Keep-Alive[\r][\n]"
11-22-2022 21:54:10 Wire.java DEBUG [main] http.wire 73 -  >> "User-Agent: Apache-HttpClient/4.5.13 (Java/11.0.1)[\r][\n]"
11-22-2022 21:54:10 Wire.java DEBUG [main] http.wire 73 -  >> "Accept-Encoding: gzip,deflate[\r][\n]"
11-22-2022 21:54:10 Wire.java DEBUG [main] http.wire 73 -  >> "[\r][\n]"
11-22-2022 21:54:10 DefaultClientConnection.java DEBUG [main] http.headers 278 - >> POST /1/boards/?key=a277033a8a8b651020ff746999dd35ac&token=87a0cfec0eeabc87a28151de40d5e349235a77f1033345100796efc9a8f716f9 HTTP/1.1
11-22-2022 21:54:10 DefaultClientConnection.java DEBUG [main] http.headers 281 - >> Accept: application/json
11-22-2022 21:54:10 DefaultClientConnection.java DEBUG [main] http.headers 281 - >> Content-Type: application/json
11-22-2022 21:54:10 DefaultClientConnection.java DEBUG [main] http.headers 281 - >> Content-Length: 62
11-22-2022 21:54:10 DefaultClientConnection.java DEBUG [main] http.headers 281 - >> Host: trello.com
11-22-2022 21:54:10 DefaultClientConnection.java DEBUG [main] http.headers 281 - >> Connection: Keep-Alive
11-22-2022 21:54:10 DefaultClientConnection.java DEBUG [main] http.headers 281 - >> User-Agent: Apache-HttpClient/4.5.13 (Java/11.0.1)
11-22-2022 21:54:10 DefaultClientConnection.java DEBUG [main] http.headers 281 - >> Accept-Encoding: gzip,deflate
11-22-2022 21:54:10 Wire.java DEBUG [main] http.wire 73 -  >> "{[\r][\n]"
11-22-2022 21:54:10 Wire.java DEBUG [main] http.wire 73 -  >> "  "name": "mohd toukeer",[\r][\n]"
11-22-2022 21:54:10 Wire.java DEBUG [main] http.wire 73 -  >> "  "desc": "Every day new day"[\r][\n]"
11-22-2022 21:54:10 Wire.java DEBUG [main] http.wire 87 -  >> "}"
11-22-2022 21:54:10 Wire.java DEBUG [main] http.wire 73 -  << "HTTP/1.1 200 OK[\r][\n]"
11-22-2022 21:54:10 Wire.java DEBUG [main] http.wire 73 -  << "Date: Tue, 22 Nov 2022 16:24:10 GMT[\r][\n]"
11-22-2022 21:54:10 Wire.java DEBUG [main] http.wire 73 -  << "Content-Type: application/json; charset=utf-8[\r][\n]"
11-22-2022 21:54:10 Wire.java DEBUG [main] http.wire 73 -  << "Content-Length: 1752[\r][\n]"
11-22-2022 21:54:10 Wire.java DEBUG [main] http.wire 73 -  << "X-Dns-Prefetch-Control: off[\r][\n]"
11-22-2022 21:54:10 Wire.java DEBUG [main] http.wire 73 -  << "X-Frame-Options: DENY[\r][\n]"
11-22-2022 21:54:10 Wire.java DEBUG [main] http.wire 73 -  << "X-Download-Options: noopen[\r][\n]"
11-22-2022 21:54:10 Wire.java DEBUG [main] http.wire 73 -  << "X-Permitted-Cross-Domain-Policies: none[\r][\n]"
11-22-2022 21:54:10 Wire.java DEBUG [main] http.wire 73 -  << "Referrer-Policy: strict-origin-when-cross-origin[\r][\n]"
11-22-2022 21:54:10 Wire.java DEBUG [main] http.wire 73 -  << "Surrogate-Control: no-store[\r][\n]"
11-22-2022 21:54:10 Wire.java DEBUG [main] http.wire 73 -  << "Cache-Control: max-age=0, must-revalidate, no-cache, no-store[\r][\n]"
11-22-2022 21:54:10 Wire.java DEBUG [main] http.wire 73 -  << "Pragma: no-cache[\r][\n]"
11-22-2022 21:54:10 Wire.java DEBUG [main] http.wire 73 -  << "Expires: Thu, 01 Jan 1970 00:00:00[\r][\n]"
11-22-2022 21:54:10 Wire.java DEBUG [main] http.wire 73 -  << "X-Trello-Version: 1.170568.0[\r][\n]"
11-22-2022 21:54:10 Wire.java DEBUG [main] http.wire 73 -  << "X-Trello-Environment: Production (Micros)[\r][\n]"
11-22-2022 21:54:10 Wire.java DEBUG [main] http.wire 73 -  << "Access-Control-Allow-Origin: *[\r][\n]"
11-22-2022 21:54:10 Wire.java DEBUG [main] http.wire 73 -  << "Access-Control-Allow-Methods: GET, PUT, POST, DELETE[\r][\n]"
11-22-2022 21:54:10 Wire.java DEBUG [main] http.wire 73 -  << "Access-Control-Allow-Headers: Authorization, Accept, Content-Type[\r][\n]"
11-22-2022 21:54:10 Wire.java DEBUG [main] http.wire 73 -  << "Access-Control-Expose-Headers: x-rate-limit-api-key-interval-ms, x-rate-limit-api-key-max, x-rate-limit-api-key-remaining, x-rate-limit-api-token-interval-ms, x-rate-limit-api-token-max, x-rate-limit-api-token-remaining[\r][\n]"
11-22-2022 21:54:10 Wire.java DEBUG [main] http.wire 73 -  << "X-Rate-Limit-Api-Token-Interval-Ms: 10000[\r][\n]"
11-22-2022 21:54:10 Wire.java DEBUG [main] http.wire 73 -  << "X-Rate-Limit-Api-Token-Max: 100[\r][\n]"
11-22-2022 21:54:10 Wire.java DEBUG [main] http.wire 73 -  << "X-Rate-Limit-Api-Token-Remaining: 99[\r][\n]"
11-22-2022 21:54:10 Wire.java DEBUG [main] http.wire 73 -  << "X-Rate-Limit-Db-Query-Time-Interval-Ms: 600000[\r][\n]"
11-22-2022 21:54:10 Wire.java DEBUG [main] http.wire 73 -  << "X-Rate-Limit-Db-Query-Time-Max: 7200000[\r][\n]"
11-22-2022 21:54:10 Wire.java DEBUG [main] http.wire 73 -  << "X-Rate-Limit-Db-Query-Time-Remaining: 7199990[\r][\n]"
11-22-2022 21:54:10 Wire.java DEBUG [main] http.wire 73 -  << "X-Rate-Limit-Action-Interval-Ms: 3600000[\r][\n]"
11-22-2022 21:54:10 Wire.java DEBUG [main] http.wire 73 -  << "X-Rate-Limit-Action-Max: 15000[\r][\n]"
11-22-2022 21:54:10 Wire.java DEBUG [main] http.wire 73 -  << "X-Rate-Limit-Action-Remaining: 14999[\r][\n]"
11-22-2022 21:54:10 Wire.java DEBUG [main] http.wire 73 -  << "X-Rate-Limit-Api-Key-Interval-Ms: 10000[\r][\n]"
11-22-2022 21:54:10 Wire.java DEBUG [main] http.wire 73 -  << "X-Rate-Limit-Api-Key-Max: 300[\r][\n]"
11-22-2022 21:54:10 Wire.java DEBUG [main] http.wire 73 -  << "X-Rate-Limit-Api-Key-Remaining: 299[\r][\n]"
11-22-2022 21:54:10 Wire.java DEBUG [main] http.wire 73 -  << "X-Rate-Limit-Member-Interval-Ms: 10000[\r][\n]"
11-22-2022 21:54:10 Wire.java DEBUG [main] http.wire 73 -  << "X-Rate-Limit-Member-Max: 375[\r][\n]"
11-22-2022 21:54:10 Wire.java DEBUG [main] http.wire 73 -  << "X-Rate-Limit-Member-Remaining: 374[\r][\n]"
11-22-2022 21:54:10 Wire.java DEBUG [main] http.wire 73 -  << "Set-Cookie: preAuthProps=s%3A637b571e071bb7056eb94b61%3AisEnterpriseAdmin%3Dfalse.BsvCkeBZpDt2UycswUciukUDlffViKvce4GMwyTAYjA; Path=/; HttpOnly[\r][\n]"
11-22-2022 21:54:10 Wire.java DEBUG [main] http.wire 73 -  << "X-Server-Time: 1669134250546[\r][\n]"
11-22-2022 21:54:10 Wire.java DEBUG [main] http.wire 73 -  << "X-Trello-Api-Org-Selected: true[\r][\n]"
11-22-2022 21:54:10 Wire.java DEBUG [main] http.wire 73 -  << "Server: AtlassianEdge[\r][\n]"
11-22-2022 21:54:10 Wire.java DEBUG [main] http.wire 73 -  << "Expect-Ct: report-uri="https://web-security-reports.services.atlassian.com/expect-ct-report/trello-edge", max-age=86400[\r][\n]"
11-22-2022 21:54:10 Wire.java DEBUG [main] http.wire 73 -  << "Strict-Transport-Security: max-age=63072000; preload[\r][\n]"
11-22-2022 21:54:10 Wire.java DEBUG [main] http.wire 73 -  << "X-Content-Type-Options: nosniff[\r][\n]"
11-22-2022 21:54:10 Wire.java DEBUG [main] http.wire 73 -  << "X-Xss-Protection: 1; mode=block[\r][\n]"
11-22-2022 21:54:10 Wire.java DEBUG [main] http.wire 73 -  << "Atl-Traceid: ae4875c98309dd46[\r][\n]"
11-22-2022 21:54:10 Wire.java DEBUG [main] http.wire 73 -  << "Report-To: {"endpoints": [{"url": "https://dz8aopenkvv6s.cloudfront.net"}], "group": "endpoint-1", "include_subdomains": true, "max_age": 600}[\r][\n]"
11-22-2022 21:54:10 Wire.java DEBUG [main] http.wire 73 -  << "Nel: {"failure_fraction": 0.001, "include_subdomains": true, "max_age": 600, "report_to": "endpoint-1"}[\r][\n]"
11-22-2022 21:54:10 Wire.java DEBUG [main] http.wire 73 -  << "[\r][\n]"
11-22-2022 21:54:10 DefaultClientConnection.java DEBUG [main] conn.DefaultClientConnection 259 - Receiving response: HTTP/1.1 200 OK
11-22-2022 21:54:10 DefaultClientConnection.java DEBUG [main] http.headers 262 - << HTTP/1.1 200 OK
11-22-2022 21:54:10 DefaultClientConnection.java DEBUG [main] http.headers 265 - << Date: Tue, 22 Nov 2022 16:24:10 GMT
11-22-2022 21:54:10 DefaultClientConnection.java DEBUG [main] http.headers 265 - << Content-Type: application/json; charset=utf-8
11-22-2022 21:54:10 DefaultClientConnection.java DEBUG [main] http.headers 265 - << Content-Length: 1752
11-22-2022 21:54:10 DefaultClientConnection.java DEBUG [main] http.headers 265 - << X-Dns-Prefetch-Control: off
11-22-2022 21:54:10 DefaultClientConnection.java DEBUG [main] http.headers 265 - << X-Frame-Options: DENY
11-22-2022 21:54:10 DefaultClientConnection.java DEBUG [main] http.headers 265 - << X-Download-Options: noopen
11-22-2022 21:54:10 DefaultClientConnection.java DEBUG [main] http.headers 265 - << X-Permitted-Cross-Domain-Policies: none
11-22-2022 21:54:10 DefaultClientConnection.java DEBUG [main] http.headers 265 - << Referrer-Policy: strict-origin-when-cross-origin
11-22-2022 21:54:10 DefaultClientConnection.java DEBUG [main] http.headers 265 - << Surrogate-Control: no-store
11-22-2022 21:54:10 DefaultClientConnection.java DEBUG [main] http.headers 265 - << Cache-Control: max-age=0, must-revalidate, no-cache, no-store
11-22-2022 21:54:10 DefaultClientConnection.java DEBUG [main] http.headers 265 - << Pragma: no-cache
11-22-2022 21:54:10 DefaultClientConnection.java DEBUG [main] http.headers 265 - << Expires: Thu, 01 Jan 1970 00:00:00
11-22-2022 21:54:10 DefaultClientConnection.java DEBUG [main] http.headers 265 - << X-Trello-Version: 1.170568.0
11-22-2022 21:54:10 DefaultClientConnection.java DEBUG [main] http.headers 265 - << X-Trello-Environment: Production (Micros)
11-22-2022 21:54:10 DefaultClientConnection.java DEBUG [main] http.headers 265 - << Access-Control-Allow-Origin: *
11-22-2022 21:54:10 DefaultClientConnection.java DEBUG [main] http.headers 265 - << Access-Control-Allow-Methods: GET, PUT, POST, DELETE
11-22-2022 21:54:10 DefaultClientConnection.java DEBUG [main] http.headers 265 - << Access-Control-Allow-Headers: Authorization, Accept, Content-Type
11-22-2022 21:54:10 DefaultClientConnection.java DEBUG [main] http.headers 265 - << Access-Control-Expose-Headers: x-rate-limit-api-key-interval-ms, x-rate-limit-api-key-max, x-rate-limit-api-key-remaining, x-rate-limit-api-token-interval-ms, x-rate-limit-api-token-max, x-rate-limit-api-token-remaining
11-22-2022 21:54:10 DefaultClientConnection.java DEBUG [main] http.headers 265 - << X-Rate-Limit-Api-Token-Interval-Ms: 10000
11-22-2022 21:54:10 DefaultClientConnection.java DEBUG [main] http.headers 265 - << X-Rate-Limit-Api-Token-Max: 100
11-22-2022 21:54:10 DefaultClientConnection.java DEBUG [main] http.headers 265 - << X-Rate-Limit-Api-Token-Remaining: 99
11-22-2022 21:54:10 DefaultClientConnection.java DEBUG [main] http.headers 265 - << X-Rate-Limit-Db-Query-Time-Interval-Ms: 600000
11-22-2022 21:54:10 DefaultClientConnection.java DEBUG [main] http.headers 265 - << X-Rate-Limit-Db-Query-Time-Max: 7200000
11-22-2022 21:54:10 DefaultClientConnection.java DEBUG [main] http.headers 265 - << X-Rate-Limit-Db-Query-Time-Remaining: 7199990
11-22-2022 21:54:10 DefaultClientConnection.java DEBUG [main] http.headers 265 - << X-Rate-Limit-Action-Interval-Ms: 3600000
11-22-2022 21:54:10 DefaultClientConnection.java DEBUG [main] http.headers 265 - << X-Rate-Limit-Action-Max: 15000
11-22-2022 21:54:10 DefaultClientConnection.java DEBUG [main] http.headers 265 - << X-Rate-Limit-Action-Remaining: 14999
11-22-2022 21:54:10 DefaultClientConnection.java DEBUG [main] http.headers 265 - << X-Rate-Limit-Api-Key-Interval-Ms: 10000
11-22-2022 21:54:10 DefaultClientConnection.java DEBUG [main] http.headers 265 - << X-Rate-Limit-Api-Key-Max: 300
11-22-2022 21:54:10 DefaultClientConnection.java DEBUG [main] http.headers 265 - << X-Rate-Limit-Api-Key-Remaining: 299
11-22-2022 21:54:10 DefaultClientConnection.java DEBUG [main] http.headers 265 - << X-Rate-Limit-Member-Interval-Ms: 10000
11-22-2022 21:54:10 DefaultClientConnection.java DEBUG [main] http.headers 265 - << X-Rate-Limit-Member-Max: 375
11-22-2022 21:54:10 DefaultClientConnection.java DEBUG [main] http.headers 265 - << X-Rate-Limit-Member-Remaining: 374
11-22-2022 21:54:10 DefaultClientConnection.java DEBUG [main] http.headers 265 - << Set-Cookie: preAuthProps=s%3A637b571e071bb7056eb94b61%3AisEnterpriseAdmin%3Dfalse.BsvCkeBZpDt2UycswUciukUDlffViKvce4GMwyTAYjA; Path=/; HttpOnly
11-22-2022 21:54:10 DefaultClientConnection.java DEBUG [main] http.headers 265 - << X-Server-Time: 1669134250546
11-22-2022 21:54:10 DefaultClientConnection.java DEBUG [main] http.headers 265 - << X-Trello-Api-Org-Selected: true
11-22-2022 21:54:10 DefaultClientConnection.java DEBUG [main] http.headers 265 - << Server: AtlassianEdge
11-22-2022 21:54:10 DefaultClientConnection.java DEBUG [main] http.headers 265 - << Expect-Ct: report-uri="https://web-security-reports.services.atlassian.com/expect-ct-report/trello-edge", max-age=86400
11-22-2022 21:54:10 DefaultClientConnection.java DEBUG [main] http.headers 265 - << Strict-Transport-Security: max-age=63072000; preload
11-22-2022 21:54:10 DefaultClientConnection.java DEBUG [main] http.headers 265 - << X-Content-Type-Options: nosniff
11-22-2022 21:54:10 DefaultClientConnection.java DEBUG [main] http.headers 265 - << X-Xss-Protection: 1; mode=block
11-22-2022 21:54:10 DefaultClientConnection.java DEBUG [main] http.headers 265 - << Atl-Traceid: ae4875c98309dd46
11-22-2022 21:54:10 DefaultClientConnection.java DEBUG [main] http.headers 265 - << Report-To: {"endpoints": [{"url": "https://dz8aopenkvv6s.cloudfront.net"}], "group": "endpoint-1", "include_subdomains": true, "max_age": 600}
11-22-2022 21:54:10 DefaultClientConnection.java DEBUG [main] http.headers 265 - << Nel: {"failure_fraction": 0.001, "include_subdomains": true, "max_age": 600, "report_to": "endpoint-1"}
11-22-2022 21:54:10 DefaultRequestDirector.java DEBUG [main] client.DefaultHttpClient 504 - Connection can be kept alive indefinitely
11-22-2022 21:54:10 HTTPBuilder.java DEBUG [main] internal.RequestSpecificationImpl$RestAssuredHttpBuilder 545 - Parsing response as: application/json; charset=utf-8
11-22-2022 21:54:10 HTTPBuilder.java DEBUG [main] internal.RequestSpecificationImpl$RestAssuredHttpBuilder 548 - Parsed data to instance of: class org.apache.http.conn.EofSensorInputStream
11-22-2022 21:54:10 Wire.java DEBUG [main] http.wire 87 -  << "{"id":"637cf7aaff650c00bdb1c516","name":"mohd toukeer","desc":"Every day new day","descData":null,"closed":false,"idOrganization":"637cead8b60bec019cf71672","idEnterprise":null,"pinned":false,"url":"https://trello.com/b/96Otlr2w/mohd-toukeer","shortUrl":"https://trello.com/b/96Otlr2w","prefs":{"permissionLevel":"private","hideVotes":false,"voting":"disabled","comments":"members","invitations":"members","selfJoin":true,"cardCovers":true,"isTemplate":false,"cardAging":"regular","calendarFeedEnabled":false,"hiddenPluginBoardButtons":[],"switcherViews":[{"_id":"637cf7aaff650c00bdb1c517","viewType":"Board","enabled":true},{"_id":"637cf7aaff650c00bdb1c518","viewType":"Table","enabled":true},{"_id":"637cf7aaff650c00bdb1c519","viewType":"Calendar","enabled":false},{"_id":"637cf7aaff650c00bdb1c51a","viewType":"Dashboard","enabled":false},{"_id":"637cf7aaff650c00bdb1c51b","viewType":"Timeline","enabled":false},{"_id":"637cf7aaff650c00bdb1c51c","viewType":"Map","enabled":false}],"background":"blue","backgroundColor":"#0079BF","backgroundImage":null,"backgroundImageScaled":null,"backgroundTile":false,"backgroundBrightness":"dark","backgroundBottomColor":"#0079BF","backgroundTopColor":"#0079BF","canBePublic":true,"canBeEnterprise":true,"canBeOrg":true,"canBePrivate":true,"canInvite":true},"labelNames":{"green":"","yellow":"","orange":"","red":"","purple":"","blue":"","sky":"","lime":"","pink":"","black":"","green_dark":"","yellow_dark":"","orange_dark":"","red_dark":"","purple_dark":"","blue_dark":"","sky_dark":"","lime_dark":"","pink_dark":"","black_dark":"","green_light":"","yellow_light":"","orange_light":"","red_light":"","purple_light":"","blue_light":"","sky_light":"","lime_light":"","pink_light":"","black_light":""},"limits":{}}"
11-22-2022 21:54:10 BasicClientConnectionManager.java DEBUG [main] conn.BasicClientConnectionManager 200 - Releasing connection org.apache.http.impl.conn.ManagedClientConnectionImpl@476fde05
11-22-2022 21:54:10 BasicClientConnectionManager.java DEBUG [main] conn.BasicClientConnectionManager 225 - Connection can be kept alive indefinitely
HTTP/1.1 200 OK
Date: Tue, 22 Nov 2022 16:24:10 GMT
Content-Type: application/json; charset=utf-8
Content-Length: 1752
X-Dns-Prefetch-Control: off
X-Frame-Options: DENY
X-Download-Options: noopen
X-Permitted-Cross-Domain-Policies: none
Referrer-Policy: strict-origin-when-cross-origin
Surrogate-Control: no-store
Cache-Control: max-age=0, must-revalidate, no-cache, no-store
Pragma: no-cache
Expires: Thu, 01 Jan 1970 00:00:00
X-Trello-Version: 1.170568.0
X-Trello-Environment: Production (Micros)
Access-Control-Allow-Origin: *
Access-Control-Allow-Methods: GET, PUT, POST, DELETE
Access-Control-Allow-Headers: Authorization, Accept, Content-Type
Access-Control-Expose-Headers: x-rate-limit-api-key-interval-ms, x-rate-limit-api-key-max, x-rate-limit-api-key-remaining, x-rate-limit-api-token-interval-ms, x-rate-limit-api-token-max, x-rate-limit-api-token-remaining
X-Rate-Limit-Api-Token-Interval-Ms: 10000
X-Rate-Limit-Api-Token-Max: 100
X-Rate-Limit-Api-Token-Remaining: 99
X-Rate-Limit-Db-Query-Time-Interval-Ms: 600000
X-Rate-Limit-Db-Query-Time-Max: 7200000
X-Rate-Limit-Db-Query-Time-Remaining: 7199990
X-Rate-Limit-Action-Interval-Ms: 3600000
X-Rate-Limit-Action-Max: 15000
X-Rate-Limit-Action-Remaining: 14999
X-Rate-Limit-Api-Key-Interval-Ms: 10000
X-Rate-Limit-Api-Key-Max: 300
X-Rate-Limit-Api-Key-Remaining: 299
X-Rate-Limit-Member-Interval-Ms: 10000
X-Rate-Limit-Member-Max: 375
X-Rate-Limit-Member-Remaining: 374
Set-Cookie: preAuthProps=s%3A637b571e071bb7056eb94b61%3AisEnterpriseAdmin%3Dfalse.BsvCkeBZpDt2UycswUciukUDlffViKvce4GMwyTAYjA; Path=/; HttpOnly
X-Server-Time: 1669134250546
X-Trello-Api-Org-Selected: true
Server: AtlassianEdge
Expect-Ct: report-uri="https://web-security-reports.services.atlassian.com/expect-ct-report/trello-edge", max-age=86400
Strict-Transport-Security: max-age=63072000; preload
X-Content-Type-Options: nosniff
X-Xss-Protection: 1; mode=block
Atl-Traceid: ae4875c98309dd46
Report-To: {"endpoints": [{"url": "https://dz8aopenkvv6s.cloudfront.net"}], "group": "endpoint-1", "include_subdomains": true, "max_age": 600}
Nel: {"failure_fraction": 0.001, "include_subdomains": true, "max_age": 600, "report_to": "endpoint-1"}

{
    "id": "637cf7aaff650c00bdb1c516",
    "name": "mohd toukeer",
    "desc": "Every day new day",
    "descData": null,
    "closed": false,
    "idOrganization": "637cead8b60bec019cf71672",
    "idEnterprise": null,
    "pinned": false,
    "url": "https://trello.com/b/96Otlr2w/mohd-toukeer",
    "shortUrl": "https://trello.com/b/96Otlr2w",
    "prefs": {
        "permissionLevel": "private",
        "hideVotes": false,
        "voting": "disabled",
        "comments": "members",
        "invitations": "members",
        "selfJoin": true,
        "cardCovers": true,
        "isTemplate": false,
        "cardAging": "regular",
        "calendarFeedEnabled": false,
        "hiddenPluginBoardButtons": [
            
        ],
        "switcherViews": [
            {
                "_id": "637cf7aaff650c00bdb1c517",
                "viewType": "Board",
                "enabled": true
            },
            {
                "_id": "637cf7aaff650c00bdb1c518",
                "viewType": "Table",
                "enabled": true
            },
            {
                "_id": "637cf7aaff650c00bdb1c519",
                "viewType": "Calendar",
                "enabled": false
            },
            {
                "_id": "637cf7aaff650c00bdb1c51a",
                "viewType": "Dashboard",
                "enabled": false
            },
            {
                "_id": "637cf7aaff650c00bdb1c51b",
                "viewType": "Timeline",
                "enabled": false
            },
            {
                "_id": "637cf7aaff650c00bdb1c51c",
                "viewType": "Map",
                "enabled": false
            }
        ],
        "background": "blue",
        "backgroundColor": "#0079BF",
        "backgroundImage": null,
        "backgroundImageScaled": null,
        "backgroundTile": false,
        "backgroundBrightness": "dark",
        "backgroundBottomColor": "#0079BF",
        "backgroundTopColor": "#0079BF",
        "canBePublic": true,
        "canBeEnterprise": true,
        "canBeOrg": true,
        "canBePrivate": true,
        "canInvite": true
    },
    "labelNames": {
        "green": "",
        "yellow": "",
        "orange": "",
        "red": "",
        "purple": "",
        "blue": "",
        "sky": "",
        "lime": "",
        "pink": "",
        "black": "",
        "green_dark": "",
        "yellow_dark": "",
        "orange_dark": "",
        "red_dark": "",
        "purple_dark": "",
        "blue_dark": "",
        "sky_dark": "",
        "lime_dark": "",
        "pink_dark": "",
        "black_dark": "",
        "green_light": "",
        "yellow_light": "",
        "orange_light": "",
        "red_light": "",
        "purple_light": "",
        "blue_light": "",
        "sky_light": "",
        "lime_light": "",
        "pink_light": "",
        "black_light": ""
    },
    "limits": {
        
    }
}
ID -->637cf7aaff650c00bdb1c516
11-22-2022 21:54:10 Boards.java INFO  [main] testData.Boards 62 - ID Print Successfuly
tokne:mohd toukeer
]]></system-out>
  </testcase>
  <testcase name="Update_board" classname="testData.Boards" time="0.713">
    <system-out><![CDATA[Create_a_board
11-22-2022 21:54:10 _Log4jLoggerFactory.java DEBUG [main] freemarker.cache 45 - Couldn't find template in cache for "Extent.ftl"("en_IN", UTF-8, parsed); will try to load it.
11-22-2022 21:54:10 _Log4jLoggerFactory.java DEBUG [main] freemarker.cache 45 - TemplateLoader.findTemplateSource("Extent_en_IN.ftl"): Not found
11-22-2022 21:54:10 _Log4jLoggerFactory.java DEBUG [main] freemarker.cache 45 - TemplateLoader.findTemplateSource("Extent_en.ftl"): Not found
11-22-2022 21:54:10 _Log4jLoggerFactory.java DEBUG [main] freemarker.cache 45 - TemplateLoader.findTemplateSource("Extent.ftl"): Found
11-22-2022 21:54:10 _Log4jLoggerFactory.java DEBUG [main] freemarker.cache 45 - Loading template for "Extent.ftl"("en_IN", UTF-8, parsed) from "jar:file:/C:/Users/mohdtoukeer/.m2/repository/com/relevantcodes/extentreports/2.41.2/extentreports-2.41.2.jar!/com/relevantcodes/extentreports/view/Extent.ftl"
11-22-2022 21:54:10 DefaultClientConnection.java DEBUG [Finalizer] conn.DefaultClientConnection 180 - Connection 0.0.0.0:54623<->104.192.137.10:443 closed
11-22-2022 21:54:10 DefaultClientConnection.java DEBUG [Finalizer] conn.DefaultClientConnection 180 - Connection 0.0.0.0:54619<->104.192.137.10:443 closed
11-22-2022 21:54:10 DefaultClientConnection.java DEBUG [Finalizer] conn.DefaultClientConnection 180 - Connection 0.0.0.0:54622<->104.192.137.10:443 closed
11-22-2022 21:54:10 BasicClientConnectionManager.java DEBUG [main] conn.BasicClientConnectionManager 161 - Get connection for route {s}->https://trello.com:443
11-22-2022 21:54:10 DefaultClientConnectionOperator.java DEBUG [main] conn.DefaultClientConnectionOperator 177 - Connecting to trello.com:443
11-22-2022 21:54:10 RequestAddCookies.java DEBUG [main] protocol.RequestAddCookies 123 - CookieSpec selected: ignoreCookies
11-22-2022 21:54:10 RequestAuthCache.java DEBUG [main] protocol.RequestAuthCache 77 - Auth cache not set in the context
11-22-2022 21:54:10 RequestTargetAuthentication.java DEBUG [main] protocol.RequestTargetAuthentication 80 - Target auth state: UNCHALLENGED
11-22-2022 21:54:10 RequestProxyAuthentication.java DEBUG [main] protocol.RequestProxyAuthentication 89 - Proxy auth state: UNCHALLENGED
11-22-2022 21:54:10 DefaultRequestDirector.java DEBUG [main] client.DefaultHttpClient 677 - Attempt 1 to execute request
11-22-2022 21:54:10 DefaultClientConnection.java DEBUG [main] conn.DefaultClientConnection 274 - Sending request: PUT /1/boards/637cf7aaff650c00bdb1c516?key=a277033a8a8b651020ff746999dd35ac&token=87a0cfec0eeabc87a28151de40d5e349235a77f1033345100796efc9a8f716f9 HTTP/1.1
11-22-2022 21:54:10 Wire.java DEBUG [main] http.wire 73 -  >> "PUT /1/boards/637cf7aaff650c00bdb1c516?key=a277033a8a8b651020ff746999dd35ac&token=87a0cfec0eeabc87a28151de40d5e349235a77f1033345100796efc9a8f716f9 HTTP/1.1[\r][\n]"
11-22-2022 21:54:10 Wire.java DEBUG [main] http.wire 73 -  >> "Accept:  application/json[\r][\n]"
11-22-2022 21:54:10 Wire.java DEBUG [main] http.wire 73 -  >> "Content-Type: application/json[\r][\n]"
11-22-2022 21:54:10 Wire.java DEBUG [main] http.wire 73 -  >> "Content-Length: 53[\r][\n]"
11-22-2022 21:54:10 Wire.java DEBUG [main] http.wire 73 -  >> "Host: trello.com[\r][\n]"
11-22-2022 21:54:10 Wire.java DEBUG [main] http.wire 73 -  >> "Connection: Keep-Alive[\r][\n]"
11-22-2022 21:54:10 Wire.java DEBUG [main] http.wire 73 -  >> "User-Agent: Apache-HttpClient/4.5.13 (Java/11.0.1)[\r][\n]"
11-22-2022 21:54:10 Wire.java DEBUG [main] http.wire 73 -  >> "Accept-Encoding: gzip,deflate[\r][\n]"
11-22-2022 21:54:10 Wire.java DEBUG [main] http.wire 73 -  >> "[\r][\n]"
11-22-2022 21:54:10 DefaultClientConnection.java DEBUG [main] http.headers 278 - >> PUT /1/boards/637cf7aaff650c00bdb1c516?key=a277033a8a8b651020ff746999dd35ac&token=87a0cfec0eeabc87a28151de40d5e349235a77f1033345100796efc9a8f716f9 HTTP/1.1
11-22-2022 21:54:10 DefaultClientConnection.java DEBUG [main] http.headers 281 - >> Accept:  application/json
11-22-2022 21:54:10 DefaultClientConnection.java DEBUG [main] http.headers 281 - >> Content-Type: application/json
11-22-2022 21:54:10 DefaultClientConnection.java DEBUG [main] http.headers 281 - >> Content-Length: 53
11-22-2022 21:54:10 DefaultClientConnection.java DEBUG [main] http.headers 281 - >> Host: trello.com
11-22-2022 21:54:10 DefaultClientConnection.java DEBUG [main] http.headers 281 - >> Connection: Keep-Alive
11-22-2022 21:54:10 DefaultClientConnection.java DEBUG [main] http.headers 281 - >> User-Agent: Apache-HttpClient/4.5.13 (Java/11.0.1)
11-22-2022 21:54:10 DefaultClientConnection.java DEBUG [main] http.headers 281 - >> Accept-Encoding: gzip,deflate
11-22-2022 21:54:10 Wire.java DEBUG [main] http.wire 73 -  >> "{[\r][\n]"
11-22-2022 21:54:10 Wire.java DEBUG [main] http.wire 73 -  >> ""name" : "mohd aqib",[\r][\n]"
11-22-2022 21:54:10 Wire.java DEBUG [main] http.wire 73 -  >> ""desc" : "Upadte board" [\r][\n]"
11-22-2022 21:54:10 Wire.java DEBUG [main] http.wire 87 -  >> "}"
11-22-2022 21:54:11 Wire.java DEBUG [main] http.wire 73 -  << "HTTP/1.1 200 OK[\r][\n]"
11-22-2022 21:54:11 Wire.java DEBUG [main] http.wire 73 -  << "Date: Tue, 22 Nov 2022 16:24:11 GMT[\r][\n]"
11-22-2022 21:54:11 Wire.java DEBUG [main] http.wire 73 -  << "Content-Type: application/json; charset=utf-8[\r][\n]"
11-22-2022 21:54:11 Wire.java DEBUG [main] http.wire 73 -  << "Content-Length: 1737[\r][\n]"
11-22-2022 21:54:11 Wire.java DEBUG [main] http.wire 73 -  << "X-Dns-Prefetch-Control: off[\r][\n]"
11-22-2022 21:54:11 Wire.java DEBUG [main] http.wire 73 -  << "X-Frame-Options: DENY[\r][\n]"
11-22-2022 21:54:11 Wire.java DEBUG [main] http.wire 73 -  << "X-Download-Options: noopen[\r][\n]"
11-22-2022 21:54:11 Wire.java DEBUG [main] http.wire 73 -  << "X-Permitted-Cross-Domain-Policies: none[\r][\n]"
11-22-2022 21:54:11 Wire.java DEBUG [main] http.wire 73 -  << "Referrer-Policy: strict-origin-when-cross-origin[\r][\n]"
11-22-2022 21:54:11 Wire.java DEBUG [main] http.wire 73 -  << "Surrogate-Control: no-store[\r][\n]"
11-22-2022 21:54:11 Wire.java DEBUG [main] http.wire 73 -  << "Cache-Control: max-age=0, must-revalidate, no-cache, no-store[\r][\n]"
11-22-2022 21:54:11 Wire.java DEBUG [main] http.wire 73 -  << "Pragma: no-cache[\r][\n]"
11-22-2022 21:54:11 Wire.java DEBUG [main] http.wire 73 -  << "Expires: Thu, 01 Jan 1970 00:00:00[\r][\n]"
11-22-2022 21:54:11 Wire.java DEBUG [main] http.wire 73 -  << "X-Trello-Version: 1.170568.0[\r][\n]"
11-22-2022 21:54:11 Wire.java DEBUG [main] http.wire 73 -  << "X-Trello-Environment: Production (Micros)[\r][\n]"
11-22-2022 21:54:11 Wire.java DEBUG [main] http.wire 73 -  << "Access-Control-Allow-Origin: *[\r][\n]"
11-22-2022 21:54:11 Wire.java DEBUG [main] http.wire 73 -  << "Access-Control-Allow-Methods: GET, PUT, POST, DELETE[\r][\n]"
11-22-2022 21:54:11 Wire.java DEBUG [main] http.wire 73 -  << "Access-Control-Allow-Headers: Authorization, Accept, Content-Type[\r][\n]"
11-22-2022 21:54:11 Wire.java DEBUG [main] http.wire 73 -  << "Access-Control-Expose-Headers: x-rate-limit-api-key-interval-ms, x-rate-limit-api-key-max, x-rate-limit-api-key-remaining, x-rate-limit-api-token-interval-ms, x-rate-limit-api-token-max, x-rate-limit-api-token-remaining[\r][\n]"
11-22-2022 21:54:11 Wire.java DEBUG [main] http.wire 73 -  << "X-Rate-Limit-Api-Token-Interval-Ms: 10000[\r][\n]"
11-22-2022 21:54:11 Wire.java DEBUG [main] http.wire 73 -  << "X-Rate-Limit-Api-Token-Max: 100[\r][\n]"
11-22-2022 21:54:11 Wire.java DEBUG [main] http.wire 73 -  << "X-Rate-Limit-Api-Token-Remaining: 98[\r][\n]"
11-22-2022 21:54:11 Wire.java DEBUG [main] http.wire 73 -  << "X-Rate-Limit-Action-Interval-Ms: 3600000[\r][\n]"
11-22-2022 21:54:11 Wire.java DEBUG [main] http.wire 73 -  << "X-Rate-Limit-Action-Max: 15000[\r][\n]"
11-22-2022 21:54:11 Wire.java DEBUG [main] http.wire 73 -  << "X-Rate-Limit-Action-Remaining: 14999[\r][\n]"
11-22-2022 21:54:11 Wire.java DEBUG [main] http.wire 73 -  << "X-Rate-Limit-Db-Query-Time-Interval-Ms: 600000[\r][\n]"
11-22-2022 21:54:11 Wire.java DEBUG [main] http.wire 73 -  << "X-Rate-Limit-Db-Query-Time-Max: 7200000[\r][\n]"
11-22-2022 21:54:11 Wire.java DEBUG [main] http.wire 73 -  << "X-Rate-Limit-Db-Query-Time-Remaining: 7199990[\r][\n]"
11-22-2022 21:54:11 Wire.java DEBUG [main] http.wire 73 -  << "X-Rate-Limit-Api-Key-Interval-Ms: 10000[\r][\n]"
11-22-2022 21:54:11 Wire.java DEBUG [main] http.wire 73 -  << "X-Rate-Limit-Api-Key-Max: 300[\r][\n]"
11-22-2022 21:54:11 Wire.java DEBUG [main] http.wire 73 -  << "X-Rate-Limit-Api-Key-Remaining: 298[\r][\n]"
11-22-2022 21:54:11 Wire.java DEBUG [main] http.wire 73 -  << "X-Rate-Limit-Member-Interval-Ms: 10000[\r][\n]"
11-22-2022 21:54:11 Wire.java DEBUG [main] http.wire 73 -  << "X-Rate-Limit-Member-Max: 375[\r][\n]"
11-22-2022 21:54:11 Wire.java DEBUG [main] http.wire 73 -  << "X-Rate-Limit-Member-Remaining: 372[\r][\n]"
11-22-2022 21:54:11 Wire.java DEBUG [main] http.wire 73 -  << "Set-Cookie: preAuthProps=s%3A637b571e071bb7056eb94b61%3AisEnterpriseAdmin%3Dfalse.BsvCkeBZpDt2UycswUciukUDlffViKvce4GMwyTAYjA; Path=/; HttpOnly[\r][\n]"
11-22-2022 21:54:11 Wire.java DEBUG [main] http.wire 73 -  << "X-Server-Time: 1669134251297[\r][\n]"
11-22-2022 21:54:11 Wire.java DEBUG [main] http.wire 73 -  << "Server: AtlassianEdge[\r][\n]"
11-22-2022 21:54:11 Wire.java DEBUG [main] http.wire 73 -  << "Expect-Ct: report-uri="https://web-security-reports.services.atlassian.com/expect-ct-report/trello-edge", max-age=86400[\r][\n]"
11-22-2022 21:54:11 Wire.java DEBUG [main] http.wire 73 -  << "Strict-Transport-Security: max-age=63072000; preload[\r][\n]"
11-22-2022 21:54:11 Wire.java DEBUG [main] http.wire 73 -  << "X-Content-Type-Options: nosniff[\r][\n]"
11-22-2022 21:54:11 Wire.java DEBUG [main] http.wire 73 -  << "X-Xss-Protection: 1; mode=block[\r][\n]"
11-22-2022 21:54:11 Wire.java DEBUG [main] http.wire 73 -  << "Atl-Traceid: acb79ca151a5d6f4[\r][\n]"
11-22-2022 21:54:11 Wire.java DEBUG [main] http.wire 73 -  << "Report-To: {"endpoints": [{"url": "https://dz8aopenkvv6s.cloudfront.net"}], "group": "endpoint-1", "include_subdomains": true, "max_age": 600}[\r][\n]"
11-22-2022 21:54:11 Wire.java DEBUG [main] http.wire 73 -  << "Nel: {"failure_fraction": 0.001, "include_subdomains": true, "max_age": 600, "report_to": "endpoint-1"}[\r][\n]"
11-22-2022 21:54:11 Wire.java DEBUG [main] http.wire 73 -  << "[\r][\n]"
11-22-2022 21:54:11 DefaultClientConnection.java DEBUG [main] conn.DefaultClientConnection 259 - Receiving response: HTTP/1.1 200 OK
11-22-2022 21:54:11 DefaultClientConnection.java DEBUG [main] http.headers 262 - << HTTP/1.1 200 OK
11-22-2022 21:54:11 DefaultClientConnection.java DEBUG [main] http.headers 265 - << Date: Tue, 22 Nov 2022 16:24:11 GMT
11-22-2022 21:54:11 DefaultClientConnection.java DEBUG [main] http.headers 265 - << Content-Type: application/json; charset=utf-8
11-22-2022 21:54:11 DefaultClientConnection.java DEBUG [main] http.headers 265 - << Content-Length: 1737
11-22-2022 21:54:11 DefaultClientConnection.java DEBUG [main] http.headers 265 - << X-Dns-Prefetch-Control: off
11-22-2022 21:54:11 DefaultClientConnection.java DEBUG [main] http.headers 265 - << X-Frame-Options: DENY
11-22-2022 21:54:11 DefaultClientConnection.java DEBUG [main] http.headers 265 - << X-Download-Options: noopen
11-22-2022 21:54:11 DefaultClientConnection.java DEBUG [main] http.headers 265 - << X-Permitted-Cross-Domain-Policies: none
11-22-2022 21:54:11 DefaultClientConnection.java DEBUG [main] http.headers 265 - << Referrer-Policy: strict-origin-when-cross-origin
11-22-2022 21:54:11 DefaultClientConnection.java DEBUG [main] http.headers 265 - << Surrogate-Control: no-store
11-22-2022 21:54:11 DefaultClientConnection.java DEBUG [main] http.headers 265 - << Cache-Control: max-age=0, must-revalidate, no-cache, no-store
11-22-2022 21:54:11 DefaultClientConnection.java DEBUG [main] http.headers 265 - << Pragma: no-cache
11-22-2022 21:54:11 DefaultClientConnection.java DEBUG [main] http.headers 265 - << Expires: Thu, 01 Jan 1970 00:00:00
11-22-2022 21:54:11 DefaultClientConnection.java DEBUG [main] http.headers 265 - << X-Trello-Version: 1.170568.0
11-22-2022 21:54:11 DefaultClientConnection.java DEBUG [main] http.headers 265 - << X-Trello-Environment: Production (Micros)
11-22-2022 21:54:11 DefaultClientConnection.java DEBUG [main] http.headers 265 - << Access-Control-Allow-Origin: *
11-22-2022 21:54:11 DefaultClientConnection.java DEBUG [main] http.headers 265 - << Access-Control-Allow-Methods: GET, PUT, POST, DELETE
11-22-2022 21:54:11 DefaultClientConnection.java DEBUG [main] http.headers 265 - << Access-Control-Allow-Headers: Authorization, Accept, Content-Type
11-22-2022 21:54:11 DefaultClientConnection.java DEBUG [main] http.headers 265 - << Access-Control-Expose-Headers: x-rate-limit-api-key-interval-ms, x-rate-limit-api-key-max, x-rate-limit-api-key-remaining, x-rate-limit-api-token-interval-ms, x-rate-limit-api-token-max, x-rate-limit-api-token-remaining
11-22-2022 21:54:11 DefaultClientConnection.java DEBUG [main] http.headers 265 - << X-Rate-Limit-Api-Token-Interval-Ms: 10000
11-22-2022 21:54:11 DefaultClientConnection.java DEBUG [main] http.headers 265 - << X-Rate-Limit-Api-Token-Max: 100
11-22-2022 21:54:11 DefaultClientConnection.java DEBUG [main] http.headers 265 - << X-Rate-Limit-Api-Token-Remaining: 98
11-22-2022 21:54:11 DefaultClientConnection.java DEBUG [main] http.headers 265 - << X-Rate-Limit-Action-Interval-Ms: 3600000
11-22-2022 21:54:11 DefaultClientConnection.java DEBUG [main] http.headers 265 - << X-Rate-Limit-Action-Max: 15000
11-22-2022 21:54:11 DefaultClientConnection.java DEBUG [main] http.headers 265 - << X-Rate-Limit-Action-Remaining: 14999
11-22-2022 21:54:11 DefaultClientConnection.java DEBUG [main] http.headers 265 - << X-Rate-Limit-Db-Query-Time-Interval-Ms: 600000
11-22-2022 21:54:11 DefaultClientConnection.java DEBUG [main] http.headers 265 - << X-Rate-Limit-Db-Query-Time-Max: 7200000
11-22-2022 21:54:11 DefaultClientConnection.java DEBUG [main] http.headers 265 - << X-Rate-Limit-Db-Query-Time-Remaining: 7199990
11-22-2022 21:54:11 DefaultClientConnection.java DEBUG [main] http.headers 265 - << X-Rate-Limit-Api-Key-Interval-Ms: 10000
11-22-2022 21:54:11 DefaultClientConnection.java DEBUG [main] http.headers 265 - << X-Rate-Limit-Api-Key-Max: 300
11-22-2022 21:54:11 DefaultClientConnection.java DEBUG [main] http.headers 265 - << X-Rate-Limit-Api-Key-Remaining: 298
11-22-2022 21:54:11 DefaultClientConnection.java DEBUG [main] http.headers 265 - << X-Rate-Limit-Member-Interval-Ms: 10000
11-22-2022 21:54:11 DefaultClientConnection.java DEBUG [main] http.headers 265 - << X-Rate-Limit-Member-Max: 375
11-22-2022 21:54:11 DefaultClientConnection.java DEBUG [main] http.headers 265 - << X-Rate-Limit-Member-Remaining: 372
11-22-2022 21:54:11 DefaultClientConnection.java DEBUG [main] http.headers 265 - << Set-Cookie: preAuthProps=s%3A637b571e071bb7056eb94b61%3AisEnterpriseAdmin%3Dfalse.BsvCkeBZpDt2UycswUciukUDlffViKvce4GMwyTAYjA; Path=/; HttpOnly
11-22-2022 21:54:11 DefaultClientConnection.java DEBUG [main] http.headers 265 - << X-Server-Time: 1669134251297
11-22-2022 21:54:11 DefaultClientConnection.java DEBUG [main] http.headers 265 - << Server: AtlassianEdge
11-22-2022 21:54:11 DefaultClientConnection.java DEBUG [main] http.headers 265 - << Expect-Ct: report-uri="https://web-security-reports.services.atlassian.com/expect-ct-report/trello-edge", max-age=86400
11-22-2022 21:54:11 DefaultClientConnection.java DEBUG [main] http.headers 265 - << Strict-Transport-Security: max-age=63072000; preload
11-22-2022 21:54:11 DefaultClientConnection.java DEBUG [main] http.headers 265 - << X-Content-Type-Options: nosniff
11-22-2022 21:54:11 DefaultClientConnection.java DEBUG [main] http.headers 265 - << X-Xss-Protection: 1; mode=block
11-22-2022 21:54:11 DefaultClientConnection.java DEBUG [main] http.headers 265 - << Atl-Traceid: acb79ca151a5d6f4
11-22-2022 21:54:11 DefaultClientConnection.java DEBUG [main] http.headers 265 - << Report-To: {"endpoints": [{"url": "https://dz8aopenkvv6s.cloudfront.net"}], "group": "endpoint-1", "include_subdomains": true, "max_age": 600}
11-22-2022 21:54:11 DefaultClientConnection.java DEBUG [main] http.headers 265 - << Nel: {"failure_fraction": 0.001, "include_subdomains": true, "max_age": 600, "report_to": "endpoint-1"}
11-22-2022 21:54:11 DefaultRequestDirector.java DEBUG [main] client.DefaultHttpClient 504 - Connection can be kept alive indefinitely
11-22-2022 21:54:11 HTTPBuilder.java DEBUG [main] internal.RequestSpecificationImpl$RestAssuredHttpBuilder 545 - Parsing response as: application/json; charset=utf-8
11-22-2022 21:54:11 HTTPBuilder.java DEBUG [main] internal.RequestSpecificationImpl$RestAssuredHttpBuilder 548 - Parsed data to instance of: class org.apache.http.conn.EofSensorInputStream
11-22-2022 21:54:11 Wire.java DEBUG [main] http.wire 87 -  << "{"id":"637cf7aaff650c00bdb1c516","name":"mohd aqib","desc":"Upadte board","descData":{"emoji":{}},"closed":false,"idOrganization":"637cead8b60bec019cf71672","idEnterprise":null,"pinned":false,"url":"https://trello.com/b/96Otlr2w/mohd-aqib","shortUrl":"https://trello.com/b/96Otlr2w","prefs":{"permissionLevel":"private","hideVotes":false,"voting":"disabled","comments":"members","invitations":"members","selfJoin":true,"cardCovers":true,"isTemplate":false,"cardAging":"regular","calendarFeedEnabled":false,"hiddenPluginBoardButtons":[],"switcherViews":[{"_id":"637cf7aaff650c00bdb1c517","viewType":"Board","enabled":true},{"_id":"637cf7aaff650c00bdb1c518","viewType":"Table","enabled":true},{"_id":"637cf7aaff650c00bdb1c519","viewType":"Calendar","enabled":false},{"_id":"637cf7aaff650c00bdb1c51a","viewType":"Dashboard","enabled":false},{"_id":"637cf7aaff650c00bdb1c51b","viewType":"Timeline","enabled":false},{"_id":"637cf7aaff650c00bdb1c51c","viewType":"Map","enabled":false}],"background":"blue","backgroundColor":"#0079BF","backgroundImage":null,"backgroundImageScaled":null,"backgroundTile":false,"backgroundBrightness":"dark","backgroundBottomColor":"#0079BF","backgroundTopColor":"#0079BF","canBePublic":true,"canBeEnterprise":true,"canBeOrg":true,"canBePrivate":true,"canInvite":true},"labelNames":{"green":"","yellow":"","orange":"","red":"","purple":"","blue":"","sky":"","lime":"","pink":"","black":"","green_dark":"","yellow_dark":"","orange_dark":"","red_dark":"","purple_dark":"","blue_dark":"","sky_dark":"","lime_dark":"","pink_dark":"","black_dark":"","green_light":"","yellow_light":"","orange_light":"","red_light":"","purple_light":"","blue_light":"","sky_light":"","lime_light":"","pink_light":"","black_light":""}}"
11-22-2022 21:54:11 BasicClientConnectionManager.java DEBUG [main] conn.BasicClientConnectionManager 200 - Releasing connection org.apache.http.impl.conn.ManagedClientConnectionImpl@32ab408e
11-22-2022 21:54:11 BasicClientConnectionManager.java DEBUG [main] conn.BasicClientConnectionManager 225 - Connection can be kept alive indefinitely
HTTP/1.1 200 OK
Date: Tue, 22 Nov 2022 16:24:11 GMT
Content-Type: application/json; charset=utf-8
Content-Length: 1737
X-Dns-Prefetch-Control: off
X-Frame-Options: DENY
X-Download-Options: noopen
X-Permitted-Cross-Domain-Policies: none
Referrer-Policy: strict-origin-when-cross-origin
Surrogate-Control: no-store
Cache-Control: max-age=0, must-revalidate, no-cache, no-store
Pragma: no-cache
Expires: Thu, 01 Jan 1970 00:00:00
X-Trello-Version: 1.170568.0
X-Trello-Environment: Production (Micros)
Access-Control-Allow-Origin: *
Access-Control-Allow-Methods: GET, PUT, POST, DELETE
Access-Control-Allow-Headers: Authorization, Accept, Content-Type
Access-Control-Expose-Headers: x-rate-limit-api-key-interval-ms, x-rate-limit-api-key-max, x-rate-limit-api-key-remaining, x-rate-limit-api-token-interval-ms, x-rate-limit-api-token-max, x-rate-limit-api-token-remaining
X-Rate-Limit-Api-Token-Interval-Ms: 10000
X-Rate-Limit-Api-Token-Max: 100
X-Rate-Limit-Api-Token-Remaining: 98
X-Rate-Limit-Action-Interval-Ms: 3600000
X-Rate-Limit-Action-Max: 15000
X-Rate-Limit-Action-Remaining: 14999
X-Rate-Limit-Db-Query-Time-Interval-Ms: 600000
X-Rate-Limit-Db-Query-Time-Max: 7200000
X-Rate-Limit-Db-Query-Time-Remaining: 7199990
X-Rate-Limit-Api-Key-Interval-Ms: 10000
X-Rate-Limit-Api-Key-Max: 300
X-Rate-Limit-Api-Key-Remaining: 298
X-Rate-Limit-Member-Interval-Ms: 10000
X-Rate-Limit-Member-Max: 375
X-Rate-Limit-Member-Remaining: 372
Set-Cookie: preAuthProps=s%3A637b571e071bb7056eb94b61%3AisEnterpriseAdmin%3Dfalse.BsvCkeBZpDt2UycswUciukUDlffViKvce4GMwyTAYjA; Path=/; HttpOnly
X-Server-Time: 1669134251297
Server: AtlassianEdge
Expect-Ct: report-uri="https://web-security-reports.services.atlassian.com/expect-ct-report/trello-edge", max-age=86400
Strict-Transport-Security: max-age=63072000; preload
X-Content-Type-Options: nosniff
X-Xss-Protection: 1; mode=block
Atl-Traceid: acb79ca151a5d6f4
Report-To: {"endpoints": [{"url": "https://dz8aopenkvv6s.cloudfront.net"}], "group": "endpoint-1", "include_subdomains": true, "max_age": 600}
Nel: {"failure_fraction": 0.001, "include_subdomains": true, "max_age": 600, "report_to": "endpoint-1"}

{
    "id": "637cf7aaff650c00bdb1c516",
    "name": "mohd aqib",
    "desc": "Upadte board",
    "descData": {
        "emoji": {
            
        }
    },
    "closed": false,
    "idOrganization": "637cead8b60bec019cf71672",
    "idEnterprise": null,
    "pinned": false,
    "url": "https://trello.com/b/96Otlr2w/mohd-aqib",
    "shortUrl": "https://trello.com/b/96Otlr2w",
    "prefs": {
        "permissionLevel": "private",
        "hideVotes": false,
        "voting": "disabled",
        "comments": "members",
        "invitations": "members",
        "selfJoin": true,
        "cardCovers": true,
        "isTemplate": false,
        "cardAging": "regular",
        "calendarFeedEnabled": false,
        "hiddenPluginBoardButtons": [
            
        ],
        "switcherViews": [
            {
                "_id": "637cf7aaff650c00bdb1c517",
                "viewType": "Board",
                "enabled": true
            },
            {
                "_id": "637cf7aaff650c00bdb1c518",
                "viewType": "Table",
                "enabled": true
            },
            {
                "_id": "637cf7aaff650c00bdb1c519",
                "viewType": "Calendar",
                "enabled": false
            },
            {
                "_id": "637cf7aaff650c00bdb1c51a",
                "viewType": "Dashboard",
                "enabled": false
            },
            {
                "_id": "637cf7aaff650c00bdb1c51b",
                "viewType": "Timeline",
                "enabled": false
            },
            {
                "_id": "637cf7aaff650c00bdb1c51c",
                "viewType": "Map",
                "enabled": false
            }
        ],
        "background": "blue",
        "backgroundColor": "#0079BF",
        "backgroundImage": null,
        "backgroundImageScaled": null,
        "backgroundTile": false,
        "backgroundBrightness": "dark",
        "backgroundBottomColor": "#0079BF",
        "backgroundTopColor": "#0079BF",
        "canBePublic": true,
        "canBeEnterprise": true,
        "canBeOrg": true,
        "canBePrivate": true,
        "canInvite": true
    },
    "labelNames": {
        "green": "",
        "yellow": "",
        "orange": "",
        "red": "",
        "purple": "",
        "blue": "",
        "sky": "",
        "lime": "",
        "pink": "",
        "black": "",
        "green_dark": "",
        "yellow_dark": "",
        "orange_dark": "",
        "red_dark": "",
        "purple_dark": "",
        "blue_dark": "",
        "sky_dark": "",
        "lime_dark": "",
        "pink_dark": "",
        "black_dark": "",
        "green_light": "",
        "yellow_light": "",
        "orange_light": "",
        "red_light": "",
        "purple_light": "",
        "blue_light": "",
        "sky_light": "",
        "lime_light": "",
        "pink_light": "",
        "black_light": ""
    }
}
ID -->637cf7aaff650c00bdb1c516
]]></system-out>
  </testcase>
  <testcase name="Get_a_board" classname="testData.Boards" time="0.604">
    <system-out><![CDATA[Update_board
11-22-2022 21:54:11 _Log4jLoggerFactory.java DEBUG [main] freemarker.cache 45 - Couldn't find template in cache for "Extent.ftl"("en_IN", UTF-8, parsed); will try to load it.
11-22-2022 21:54:11 _Log4jLoggerFactory.java DEBUG [main] freemarker.cache 45 - TemplateLoader.findTemplateSource("Extent_en_IN.ftl"): Not found
11-22-2022 21:54:11 _Log4jLoggerFactory.java DEBUG [main] freemarker.cache 45 - TemplateLoader.findTemplateSource("Extent_en.ftl"): Not found
11-22-2022 21:54:11 _Log4jLoggerFactory.java DEBUG [main] freemarker.cache 45 - TemplateLoader.findTemplateSource("Extent.ftl"): Found
11-22-2022 21:54:11 _Log4jLoggerFactory.java DEBUG [main] freemarker.cache 45 - Loading template for "Extent.ftl"("en_IN", UTF-8, parsed) from "jar:file:/C:/Users/mohdtoukeer/.m2/repository/com/relevantcodes/extentreports/2.41.2/extentreports-2.41.2.jar!/com/relevantcodes/extentreports/view/Extent.ftl"
11-22-2022 21:54:11 BasicClientConnectionManager.java DEBUG [main] conn.BasicClientConnectionManager 161 - Get connection for route {s}->https://trello.com:443
11-22-2022 21:54:11 DefaultClientConnectionOperator.java DEBUG [main] conn.DefaultClientConnectionOperator 177 - Connecting to trello.com:443
11-22-2022 21:54:11 RequestAddCookies.java DEBUG [main] protocol.RequestAddCookies 123 - CookieSpec selected: ignoreCookies
11-22-2022 21:54:11 RequestAuthCache.java DEBUG [main] protocol.RequestAuthCache 77 - Auth cache not set in the context
11-22-2022 21:54:11 RequestTargetAuthentication.java DEBUG [main] protocol.RequestTargetAuthentication 80 - Target auth state: UNCHALLENGED
11-22-2022 21:54:11 RequestProxyAuthentication.java DEBUG [main] protocol.RequestProxyAuthentication 89 - Proxy auth state: UNCHALLENGED
11-22-2022 21:54:11 DefaultRequestDirector.java DEBUG [main] client.DefaultHttpClient 677 - Attempt 1 to execute request
11-22-2022 21:54:11 DefaultClientConnection.java DEBUG [main] conn.DefaultClientConnection 274 - Sending request: GET /1/boards/637cf7aaff650c00bdb1c516?key=a277033a8a8b651020ff746999dd35ac&token=87a0cfec0eeabc87a28151de40d5e349235a77f1033345100796efc9a8f716f9 HTTP/1.1
11-22-2022 21:54:11 Wire.java DEBUG [main] http.wire 73 -  >> "GET /1/boards/637cf7aaff650c00bdb1c516?key=a277033a8a8b651020ff746999dd35ac&token=87a0cfec0eeabc87a28151de40d5e349235a77f1033345100796efc9a8f716f9 HTTP/1.1[\r][\n]"
11-22-2022 21:54:11 Wire.java DEBUG [main] http.wire 73 -  >> "Accept: application/json[\r][\n]"
11-22-2022 21:54:11 Wire.java DEBUG [main] http.wire 73 -  >> "Host: trello.com[\r][\n]"
11-22-2022 21:54:11 Wire.java DEBUG [main] http.wire 73 -  >> "Connection: Keep-Alive[\r][\n]"
11-22-2022 21:54:11 Wire.java DEBUG [main] http.wire 73 -  >> "User-Agent: Apache-HttpClient/4.5.13 (Java/11.0.1)[\r][\n]"
11-22-2022 21:54:11 Wire.java DEBUG [main] http.wire 73 -  >> "Accept-Encoding: gzip,deflate[\r][\n]"
11-22-2022 21:54:11 Wire.java DEBUG [main] http.wire 73 -  >> "[\r][\n]"
11-22-2022 21:54:11 DefaultClientConnection.java DEBUG [main] http.headers 278 - >> GET /1/boards/637cf7aaff650c00bdb1c516?key=a277033a8a8b651020ff746999dd35ac&token=87a0cfec0eeabc87a28151de40d5e349235a77f1033345100796efc9a8f716f9 HTTP/1.1
11-22-2022 21:54:11 DefaultClientConnection.java DEBUG [main] http.headers 281 - >> Accept: application/json
11-22-2022 21:54:11 DefaultClientConnection.java DEBUG [main] http.headers 281 - >> Host: trello.com
11-22-2022 21:54:11 DefaultClientConnection.java DEBUG [main] http.headers 281 - >> Connection: Keep-Alive
11-22-2022 21:54:11 DefaultClientConnection.java DEBUG [main] http.headers 281 - >> User-Agent: Apache-HttpClient/4.5.13 (Java/11.0.1)
11-22-2022 21:54:11 DefaultClientConnection.java DEBUG [main] http.headers 281 - >> Accept-Encoding: gzip,deflate
11-22-2022 21:54:12 Wire.java DEBUG [main] http.wire 73 -  << "HTTP/1.1 200 OK[\r][\n]"
11-22-2022 21:54:12 Wire.java DEBUG [main] http.wire 73 -  << "Date: Tue, 22 Nov 2022 16:24:11 GMT[\r][\n]"
11-22-2022 21:54:12 Wire.java DEBUG [main] http.wire 73 -  << "Content-Type: application/json; charset=utf-8[\r][\n]"
11-22-2022 21:54:12 Wire.java DEBUG [main] http.wire 73 -  << "Content-Length: 1737[\r][\n]"
11-22-2022 21:54:12 Wire.java DEBUG [main] http.wire 73 -  << "X-Dns-Prefetch-Control: off[\r][\n]"
11-22-2022 21:54:12 Wire.java DEBUG [main] http.wire 73 -  << "X-Frame-Options: DENY[\r][\n]"
11-22-2022 21:54:12 Wire.java DEBUG [main] http.wire 73 -  << "X-Download-Options: noopen[\r][\n]"
11-22-2022 21:54:12 Wire.java DEBUG [main] http.wire 73 -  << "X-Permitted-Cross-Domain-Policies: none[\r][\n]"
11-22-2022 21:54:12 Wire.java DEBUG [main] http.wire 73 -  << "Referrer-Policy: strict-origin-when-cross-origin[\r][\n]"
11-22-2022 21:54:12 Wire.java DEBUG [main] http.wire 73 -  << "Surrogate-Control: no-store[\r][\n]"
11-22-2022 21:54:12 Wire.java DEBUG [main] http.wire 73 -  << "Cache-Control: max-age=0, must-revalidate, no-cache, no-store[\r][\n]"
11-22-2022 21:54:12 Wire.java DEBUG [main] http.wire 73 -  << "Pragma: no-cache[\r][\n]"
11-22-2022 21:54:12 Wire.java DEBUG [main] http.wire 73 -  << "Expires: Thu, 01 Jan 1970 00:00:00[\r][\n]"
11-22-2022 21:54:12 Wire.java DEBUG [main] http.wire 73 -  << "X-Trello-Version: 1.170568.0[\r][\n]"
11-22-2022 21:54:12 Wire.java DEBUG [main] http.wire 73 -  << "X-Trello-Environment: Production (Micros)[\r][\n]"
11-22-2022 21:54:12 Wire.java DEBUG [main] http.wire 73 -  << "Set-Cookie: dsc=1afe450c3bc6511766fb26f01ee03089b60bdf20b9bbc24004805563029d012c; Path=/; Expires=Fri, 25 Nov 2022 16:24:11 GMT; Secure[\r][\n]"
11-22-2022 21:54:12 Wire.java DEBUG [main] http.wire 73 -  << "Set-Cookie: preAuthProps=s%3A637b571e071bb7056eb94b61%3AisEnterpriseAdmin%3Dfalse.BsvCkeBZpDt2UycswUciukUDlffViKvce4GMwyTAYjA; Path=/; HttpOnly[\r][\n]"
11-22-2022 21:54:12 Wire.java DEBUG [main] http.wire 73 -  << "Access-Control-Allow-Origin: *[\r][\n]"
11-22-2022 21:54:12 Wire.java DEBUG [main] http.wire 73 -  << "Access-Control-Allow-Methods: GET, PUT, POST, DELETE[\r][\n]"
11-22-2022 21:54:12 Wire.java DEBUG [main] http.wire 73 -  << "Access-Control-Allow-Headers: Authorization, Accept, Content-Type[\r][\n]"
11-22-2022 21:54:12 Wire.java DEBUG [main] http.wire 73 -  << "Access-Control-Expose-Headers: x-rate-limit-api-key-interval-ms, x-rate-limit-api-key-max, x-rate-limit-api-key-remaining, x-rate-limit-api-token-interval-ms, x-rate-limit-api-token-max, x-rate-limit-api-token-remaining[\r][\n]"
11-22-2022 21:54:12 Wire.java DEBUG [main] http.wire 73 -  << "X-Rate-Limit-Api-Token-Interval-Ms: 10000[\r][\n]"
11-22-2022 21:54:12 Wire.java DEBUG [main] http.wire 73 -  << "X-Rate-Limit-Api-Token-Max: 100[\r][\n]"
11-22-2022 21:54:12 Wire.java DEBUG [main] http.wire 73 -  << "X-Rate-Limit-Api-Token-Remaining: 97[\r][\n]"
11-22-2022 21:54:12 Wire.java DEBUG [main] http.wire 73 -  << "X-Rate-Limit-Db-Query-Time-Interval-Ms: 600000[\r][\n]"
11-22-2022 21:54:12 Wire.java DEBUG [main] http.wire 73 -  << "X-Rate-Limit-Db-Query-Time-Max: 7200000[\r][\n]"
11-22-2022 21:54:12 Wire.java DEBUG [main] http.wire 73 -  << "X-Rate-Limit-Db-Query-Time-Remaining: 7199990[\r][\n]"
11-22-2022 21:54:12 Wire.java DEBUG [main] http.wire 73 -  << "X-Rate-Limit-Api-Key-Interval-Ms: 10000[\r][\n]"
11-22-2022 21:54:12 Wire.java DEBUG [main] http.wire 73 -  << "X-Rate-Limit-Api-Key-Max: 300[\r][\n]"
11-22-2022 21:54:12 Wire.java DEBUG [main] http.wire 73 -  << "X-Rate-Limit-Api-Key-Remaining: 297[\r][\n]"
11-22-2022 21:54:12 Wire.java DEBUG [main] http.wire 73 -  << "X-Rate-Limit-Member-Interval-Ms: 10000[\r][\n]"
11-22-2022 21:54:12 Wire.java DEBUG [main] http.wire 73 -  << "X-Rate-Limit-Member-Max: 375[\r][\n]"
11-22-2022 21:54:12 Wire.java DEBUG [main] http.wire 73 -  << "X-Rate-Limit-Member-Remaining: 371[\r][\n]"
11-22-2022 21:54:12 Wire.java DEBUG [main] http.wire 73 -  << "X-Server-Time: 1669134251893[\r][\n]"
11-22-2022 21:54:12 Wire.java DEBUG [main] http.wire 73 -  << "Server: AtlassianEdge[\r][\n]"
11-22-2022 21:54:12 Wire.java DEBUG [main] http.wire 73 -  << "Expect-Ct: report-uri="https://web-security-reports.services.atlassian.com/expect-ct-report/trello-edge", max-age=86400[\r][\n]"
11-22-2022 21:54:12 Wire.java DEBUG [main] http.wire 73 -  << "Strict-Transport-Security: max-age=63072000; preload[\r][\n]"
11-22-2022 21:54:12 Wire.java DEBUG [main] http.wire 73 -  << "X-Content-Type-Options: nosniff[\r][\n]"
11-22-2022 21:54:12 Wire.java DEBUG [main] http.wire 73 -  << "X-Xss-Protection: 1; mode=block[\r][\n]"
11-22-2022 21:54:12 Wire.java DEBUG [main] http.wire 73 -  << "Atl-Traceid: b93eb4d8dc531bd3[\r][\n]"
11-22-2022 21:54:12 Wire.java DEBUG [main] http.wire 73 -  << "Report-To: {"endpoints": [{"url": "https://dz8aopenkvv6s.cloudfront.net"}], "group": "endpoint-1", "include_subdomains": true, "max_age": 600}[\r][\n]"
11-22-2022 21:54:12 Wire.java DEBUG [main] http.wire 73 -  << "Nel: {"failure_fraction": 0.001, "include_subdomains": true, "max_age": 600, "report_to": "endpoint-1"}[\r][\n]"
11-22-2022 21:54:12 Wire.java DEBUG [main] http.wire 73 -  << "[\r][\n]"
11-22-2022 21:54:12 DefaultClientConnection.java DEBUG [main] conn.DefaultClientConnection 259 - Receiving response: HTTP/1.1 200 OK
11-22-2022 21:54:12 DefaultClientConnection.java DEBUG [main] http.headers 262 - << HTTP/1.1 200 OK
11-22-2022 21:54:12 DefaultClientConnection.java DEBUG [main] http.headers 265 - << Date: Tue, 22 Nov 2022 16:24:11 GMT
11-22-2022 21:54:12 DefaultClientConnection.java DEBUG [main] http.headers 265 - << Content-Type: application/json; charset=utf-8
11-22-2022 21:54:12 DefaultClientConnection.java DEBUG [main] http.headers 265 - << Content-Length: 1737
11-22-2022 21:54:12 DefaultClientConnection.java DEBUG [main] http.headers 265 - << X-Dns-Prefetch-Control: off
11-22-2022 21:54:12 DefaultClientConnection.java DEBUG [main] http.headers 265 - << X-Frame-Options: DENY
11-22-2022 21:54:12 DefaultClientConnection.java DEBUG [main] http.headers 265 - << X-Download-Options: noopen
11-22-2022 21:54:12 DefaultClientConnection.java DEBUG [main] http.headers 265 - << X-Permitted-Cross-Domain-Policies: none
11-22-2022 21:54:12 DefaultClientConnection.java DEBUG [main] http.headers 265 - << Referrer-Policy: strict-origin-when-cross-origin
11-22-2022 21:54:12 DefaultClientConnection.java DEBUG [main] http.headers 265 - << Surrogate-Control: no-store
11-22-2022 21:54:12 DefaultClientConnection.java DEBUG [main] http.headers 265 - << Cache-Control: max-age=0, must-revalidate, no-cache, no-store
11-22-2022 21:54:12 DefaultClientConnection.java DEBUG [main] http.headers 265 - << Pragma: no-cache
11-22-2022 21:54:12 DefaultClientConnection.java DEBUG [main] http.headers 265 - << Expires: Thu, 01 Jan 1970 00:00:00
11-22-2022 21:54:12 DefaultClientConnection.java DEBUG [main] http.headers 265 - << X-Trello-Version: 1.170568.0
11-22-2022 21:54:12 DefaultClientConnection.java DEBUG [main] http.headers 265 - << X-Trello-Environment: Production (Micros)
11-22-2022 21:54:12 DefaultClientConnection.java DEBUG [main] http.headers 265 - << Set-Cookie: dsc=1afe450c3bc6511766fb26f01ee03089b60bdf20b9bbc24004805563029d012c; Path=/; Expires=Fri, 25 Nov 2022 16:24:11 GMT; Secure
11-22-2022 21:54:12 DefaultClientConnection.java DEBUG [main] http.headers 265 - << Set-Cookie: preAuthProps=s%3A637b571e071bb7056eb94b61%3AisEnterpriseAdmin%3Dfalse.BsvCkeBZpDt2UycswUciukUDlffViKvce4GMwyTAYjA; Path=/; HttpOnly
11-22-2022 21:54:12 DefaultClientConnection.java DEBUG [main] http.headers 265 - << Access-Control-Allow-Origin: *
11-22-2022 21:54:12 DefaultClientConnection.java DEBUG [main] http.headers 265 - << Access-Control-Allow-Methods: GET, PUT, POST, DELETE
11-22-2022 21:54:12 DefaultClientConnection.java DEBUG [main] http.headers 265 - << Access-Control-Allow-Headers: Authorization, Accept, Content-Type
11-22-2022 21:54:12 DefaultClientConnection.java DEBUG [main] http.headers 265 - << Access-Control-Expose-Headers: x-rate-limit-api-key-interval-ms, x-rate-limit-api-key-max, x-rate-limit-api-key-remaining, x-rate-limit-api-token-interval-ms, x-rate-limit-api-token-max, x-rate-limit-api-token-remaining
11-22-2022 21:54:12 DefaultClientConnection.java DEBUG [main] http.headers 265 - << X-Rate-Limit-Api-Token-Interval-Ms: 10000
11-22-2022 21:54:12 DefaultClientConnection.java DEBUG [main] http.headers 265 - << X-Rate-Limit-Api-Token-Max: 100
11-22-2022 21:54:12 DefaultClientConnection.java DEBUG [main] http.headers 265 - << X-Rate-Limit-Api-Token-Remaining: 97
11-22-2022 21:54:12 DefaultClientConnection.java DEBUG [main] http.headers 265 - << X-Rate-Limit-Db-Query-Time-Interval-Ms: 600000
11-22-2022 21:54:12 DefaultClientConnection.java DEBUG [main] http.headers 265 - << X-Rate-Limit-Db-Query-Time-Max: 7200000
11-22-2022 21:54:12 DefaultClientConnection.java DEBUG [main] http.headers 265 - << X-Rate-Limit-Db-Query-Time-Remaining: 7199990
11-22-2022 21:54:12 DefaultClientConnection.java DEBUG [main] http.headers 265 - << X-Rate-Limit-Api-Key-Interval-Ms: 10000
11-22-2022 21:54:12 DefaultClientConnection.java DEBUG [main] http.headers 265 - << X-Rate-Limit-Api-Key-Max: 300
11-22-2022 21:54:12 DefaultClientConnection.java DEBUG [main] http.headers 265 - << X-Rate-Limit-Api-Key-Remaining: 297
11-22-2022 21:54:12 DefaultClientConnection.java DEBUG [main] http.headers 265 - << X-Rate-Limit-Member-Interval-Ms: 10000
11-22-2022 21:54:12 DefaultClientConnection.java DEBUG [main] http.headers 265 - << X-Rate-Limit-Member-Max: 375
11-22-2022 21:54:12 DefaultClientConnection.java DEBUG [main] http.headers 265 - << X-Rate-Limit-Member-Remaining: 371
11-22-2022 21:54:12 DefaultClientConnection.java DEBUG [main] http.headers 265 - << X-Server-Time: 1669134251893
11-22-2022 21:54:12 DefaultClientConnection.java DEBUG [main] http.headers 265 - << Server: AtlassianEdge
11-22-2022 21:54:12 DefaultClientConnection.java DEBUG [main] http.headers 265 - << Expect-Ct: report-uri="https://web-security-reports.services.atlassian.com/expect-ct-report/trello-edge", max-age=86400
11-22-2022 21:54:12 DefaultClientConnection.java DEBUG [main] http.headers 265 - << Strict-Transport-Security: max-age=63072000; preload
11-22-2022 21:54:12 DefaultClientConnection.java DEBUG [main] http.headers 265 - << X-Content-Type-Options: nosniff
11-22-2022 21:54:12 DefaultClientConnection.java DEBUG [main] http.headers 265 - << X-Xss-Protection: 1; mode=block
11-22-2022 21:54:12 DefaultClientConnection.java DEBUG [main] http.headers 265 - << Atl-Traceid: b93eb4d8dc531bd3
11-22-2022 21:54:12 DefaultClientConnection.java DEBUG [main] http.headers 265 - << Report-To: {"endpoints": [{"url": "https://dz8aopenkvv6s.cloudfront.net"}], "group": "endpoint-1", "include_subdomains": true, "max_age": 600}
11-22-2022 21:54:12 DefaultClientConnection.java DEBUG [main] http.headers 265 - << Nel: {"failure_fraction": 0.001, "include_subdomains": true, "max_age": 600, "report_to": "endpoint-1"}
11-22-2022 21:54:12 DefaultRequestDirector.java DEBUG [main] client.DefaultHttpClient 504 - Connection can be kept alive indefinitely
11-22-2022 21:54:12 HTTPBuilder.java DEBUG [main] internal.RequestSpecificationImpl$RestAssuredHttpBuilder 545 - Parsing response as: application/json; charset=utf-8
11-22-2022 21:54:12 HTTPBuilder.java DEBUG [main] internal.RequestSpecificationImpl$RestAssuredHttpBuilder 548 - Parsed data to instance of: class org.apache.http.conn.EofSensorInputStream
11-22-2022 21:54:12 Wire.java DEBUG [main] http.wire 87 -  << "{"id":"637cf7aaff650c00bdb1c516","name":"mohd aqib","desc":"Upadte board","descData":{"emoji":{}},"closed":false,"idOrganization":"637cead8b60bec019cf71672","idEnterprise":null,"pinned":false,"url":"https://trello.com/b/96Otlr2w/mohd-aqib","shortUrl":"https://trello.com/b/96Otlr2w","prefs":{"permissionLevel":"private","hideVotes":false,"voting":"disabled","comments":"members","invitations":"members","selfJoin":true,"cardCovers":true,"isTemplate":false,"cardAging":"regular","calendarFeedEnabled":false,"hiddenPluginBoardButtons":[],"switcherViews":[{"_id":"637cf7aaff650c00bdb1c517","viewType":"Board","enabled":true},{"_id":"637cf7aaff650c00bdb1c518","viewType":"Table","enabled":true},{"_id":"637cf7aaff650c00bdb1c519","viewType":"Calendar","enabled":false},{"_id":"637cf7aaff650c00bdb1c51a","viewType":"Dashboard","enabled":false},{"_id":"637cf7aaff650c00bdb1c51b","viewType":"Timeline","enabled":false},{"_id":"637cf7aaff650c00bdb1c51c","viewType":"Map","enabled":false}],"background":"blue","backgroundColor":"#0079BF","backgroundImage":null,"backgroundImageScaled":null,"backgroundTile":false,"backgroundBrightness":"dark","backgroundBottomColor":"#0079BF","backgroundTopColor":"#0079BF","canBePublic":true,"canBeEnterprise":true,"canBeOrg":true,"canBePrivate":true,"canInvite":true},"labelNames":{"green":"","yellow":"","orange":"","red":"","purple":"","blue":"","sky":"","lime":"","pink":"","black":"","green_dark":"","yellow_dark":"","orange_dark":"","red_dark":"","purple_dark":"","blue_dark":"","sky_dark":"","lime_dark":"","pink_dark":"","black_dark":"","green_light":"","yellow_light":"","orange_light":"","red_light":"","purple_light":"","blue_light":"","sky_light":"","lime_light":"","pink_light":"","black_light":""}}"
11-22-2022 21:54:12 BasicClientConnectionManager.java DEBUG [main] conn.BasicClientConnectionManager 200 - Releasing connection org.apache.http.impl.conn.ManagedClientConnectionImpl@54f6b629
11-22-2022 21:54:12 BasicClientConnectionManager.java DEBUG [main] conn.BasicClientConnectionManager 225 - Connection can be kept alive indefinitely
HTTP/1.1 200 OK
Date: Tue, 22 Nov 2022 16:24:11 GMT
Content-Type: application/json; charset=utf-8
Content-Length: 1737
X-Dns-Prefetch-Control: off
X-Frame-Options: DENY
X-Download-Options: noopen
X-Permitted-Cross-Domain-Policies: none
Referrer-Policy: strict-origin-when-cross-origin
Surrogate-Control: no-store
Cache-Control: max-age=0, must-revalidate, no-cache, no-store
Pragma: no-cache
Expires: Thu, 01 Jan 1970 00:00:00
X-Trello-Version: 1.170568.0
X-Trello-Environment: Production (Micros)
Set-Cookie: dsc=1afe450c3bc6511766fb26f01ee03089b60bdf20b9bbc24004805563029d012c; Path=/; Expires=Fri, 25 Nov 2022 16:24:11 GMT; Secure
Set-Cookie: preAuthProps=s%3A637b571e071bb7056eb94b61%3AisEnterpriseAdmin%3Dfalse.BsvCkeBZpDt2UycswUciukUDlffViKvce4GMwyTAYjA; Path=/; HttpOnly
Access-Control-Allow-Origin: *
Access-Control-Allow-Methods: GET, PUT, POST, DELETE
Access-Control-Allow-Headers: Authorization, Accept, Content-Type
Access-Control-Expose-Headers: x-rate-limit-api-key-interval-ms, x-rate-limit-api-key-max, x-rate-limit-api-key-remaining, x-rate-limit-api-token-interval-ms, x-rate-limit-api-token-max, x-rate-limit-api-token-remaining
X-Rate-Limit-Api-Token-Interval-Ms: 10000
X-Rate-Limit-Api-Token-Max: 100
X-Rate-Limit-Api-Token-Remaining: 97
X-Rate-Limit-Db-Query-Time-Interval-Ms: 600000
X-Rate-Limit-Db-Query-Time-Max: 7200000
X-Rate-Limit-Db-Query-Time-Remaining: 7199990
X-Rate-Limit-Api-Key-Interval-Ms: 10000
X-Rate-Limit-Api-Key-Max: 300
X-Rate-Limit-Api-Key-Remaining: 297
X-Rate-Limit-Member-Interval-Ms: 10000
X-Rate-Limit-Member-Max: 375
X-Rate-Limit-Member-Remaining: 371
X-Server-Time: 1669134251893
Server: AtlassianEdge
Expect-Ct: report-uri="https://web-security-reports.services.atlassian.com/expect-ct-report/trello-edge", max-age=86400
Strict-Transport-Security: max-age=63072000; preload
X-Content-Type-Options: nosniff
X-Xss-Protection: 1; mode=block
Atl-Traceid: b93eb4d8dc531bd3
Report-To: {"endpoints": [{"url": "https://dz8aopenkvv6s.cloudfront.net"}], "group": "endpoint-1", "include_subdomains": true, "max_age": 600}
Nel: {"failure_fraction": 0.001, "include_subdomains": true, "max_age": 600, "report_to": "endpoint-1"}

{
    "id": "637cf7aaff650c00bdb1c516",
    "name": "mohd aqib",
    "desc": "Upadte board",
    "descData": {
        "emoji": {
            
        }
    },
    "closed": false,
    "idOrganization": "637cead8b60bec019cf71672",
    "idEnterprise": null,
    "pinned": false,
    "url": "https://trello.com/b/96Otlr2w/mohd-aqib",
    "shortUrl": "https://trello.com/b/96Otlr2w",
    "prefs": {
        "permissionLevel": "private",
        "hideVotes": false,
        "voting": "disabled",
        "comments": "members",
        "invitations": "members",
        "selfJoin": true,
        "cardCovers": true,
        "isTemplate": false,
        "cardAging": "regular",
        "calendarFeedEnabled": false,
        "hiddenPluginBoardButtons": [
            
        ],
        "switcherViews": [
            {
                "_id": "637cf7aaff650c00bdb1c517",
                "viewType": "Board",
                "enabled": true
            },
            {
                "_id": "637cf7aaff650c00bdb1c518",
                "viewType": "Table",
                "enabled": true
            },
            {
                "_id": "637cf7aaff650c00bdb1c519",
                "viewType": "Calendar",
                "enabled": false
            },
            {
                "_id": "637cf7aaff650c00bdb1c51a",
                "viewType": "Dashboard",
                "enabled": false
            },
            {
                "_id": "637cf7aaff650c00bdb1c51b",
                "viewType": "Timeline",
                "enabled": false
            },
            {
                "_id": "637cf7aaff650c00bdb1c51c",
                "viewType": "Map",
                "enabled": false
            }
        ],
        "background": "blue",
        "backgroundColor": "#0079BF",
        "backgroundImage": null,
        "backgroundImageScaled": null,
        "backgroundTile": false,
        "backgroundBrightness": "dark",
        "backgroundBottomColor": "#0079BF",
        "backgroundTopColor": "#0079BF",
        "canBePublic": true,
        "canBeEnterprise": true,
        "canBeOrg": true,
        "canBePrivate": true,
        "canInvite": true
    },
    "labelNames": {
        "green": "",
        "yellow": "",
        "orange": "",
        "red": "",
        "purple": "",
        "blue": "",
        "sky": "",
        "lime": "",
        "pink": "",
        "black": "",
        "green_dark": "",
        "yellow_dark": "",
        "orange_dark": "",
        "red_dark": "",
        "purple_dark": "",
        "blue_dark": "",
        "sky_dark": "",
        "lime_dark": "",
        "pink_dark": "",
        "black_dark": "",
        "green_light": "",
        "yellow_light": "",
        "orange_light": "",
        "red_light": "",
        "purple_light": "",
        "blue_light": "",
        "sky_light": "",
        "lime_light": "",
        "pink_light": "",
        "black_light": ""
    }
}
ID -->637cf7aaff650c00bdb1c516
]]></system-out>
  </testcase>
  <testcase name="Delete_board" classname="testData.Boards" time="1.13">
    <system-out><![CDATA[Get_a_board
11-22-2022 21:54:12 _Log4jLoggerFactory.java DEBUG [main] freemarker.cache 45 - Couldn't find template in cache for "Extent.ftl"("en_IN", UTF-8, parsed); will try to load it.
11-22-2022 21:54:12 _Log4jLoggerFactory.java DEBUG [main] freemarker.cache 45 - TemplateLoader.findTemplateSource("Extent_en_IN.ftl"): Not found
11-22-2022 21:54:12 _Log4jLoggerFactory.java DEBUG [main] freemarker.cache 45 - TemplateLoader.findTemplateSource("Extent_en.ftl"): Not found
11-22-2022 21:54:12 _Log4jLoggerFactory.java DEBUG [main] freemarker.cache 45 - TemplateLoader.findTemplateSource("Extent.ftl"): Found
11-22-2022 21:54:12 _Log4jLoggerFactory.java DEBUG [main] freemarker.cache 45 - Loading template for "Extent.ftl"("en_IN", UTF-8, parsed) from "jar:file:/C:/Users/mohdtoukeer/.m2/repository/com/relevantcodes/extentreports/2.41.2/extentreports-2.41.2.jar!/com/relevantcodes/extentreports/view/Extent.ftl"
11-22-2022 21:54:12 BasicClientConnectionManager.java DEBUG [main] conn.BasicClientConnectionManager 161 - Get connection for route {s}->https://trello.com:443
11-22-2022 21:54:12 DefaultClientConnectionOperator.java DEBUG [main] conn.DefaultClientConnectionOperator 177 - Connecting to trello.com:443
11-22-2022 21:54:12 RequestAddCookies.java DEBUG [main] protocol.RequestAddCookies 123 - CookieSpec selected: ignoreCookies
11-22-2022 21:54:12 RequestAuthCache.java DEBUG [main] protocol.RequestAuthCache 77 - Auth cache not set in the context
11-22-2022 21:54:12 RequestTargetAuthentication.java DEBUG [main] protocol.RequestTargetAuthentication 80 - Target auth state: UNCHALLENGED
11-22-2022 21:54:12 RequestProxyAuthentication.java DEBUG [main] protocol.RequestProxyAuthentication 89 - Proxy auth state: UNCHALLENGED
11-22-2022 21:54:12 DefaultRequestDirector.java DEBUG [main] client.DefaultHttpClient 677 - Attempt 1 to execute request
11-22-2022 21:54:12 DefaultClientConnection.java DEBUG [main] conn.DefaultClientConnection 274 - Sending request: DELETE /1/boards/637cf7aaff650c00bdb1c516?key=a277033a8a8b651020ff746999dd35ac&token=87a0cfec0eeabc87a28151de40d5e349235a77f1033345100796efc9a8f716f9 HTTP/1.1
11-22-2022 21:54:12 Wire.java DEBUG [main] http.wire 73 -  >> "DELETE /1/boards/637cf7aaff650c00bdb1c516?key=a277033a8a8b651020ff746999dd35ac&token=87a0cfec0eeabc87a28151de40d5e349235a77f1033345100796efc9a8f716f9 HTTP/1.1[\r][\n]"
11-22-2022 21:54:12 Wire.java DEBUG [main] http.wire 73 -  >> "Accept: */*[\r][\n]"
11-22-2022 21:54:12 Wire.java DEBUG [main] http.wire 73 -  >> "Host: trello.com[\r][\n]"
11-22-2022 21:54:12 Wire.java DEBUG [main] http.wire 73 -  >> "Connection: Keep-Alive[\r][\n]"
11-22-2022 21:54:12 Wire.java DEBUG [main] http.wire 73 -  >> "User-Agent: Apache-HttpClient/4.5.13 (Java/11.0.1)[\r][\n]"
11-22-2022 21:54:12 Wire.java DEBUG [main] http.wire 73 -  >> "Accept-Encoding: gzip,deflate[\r][\n]"
11-22-2022 21:54:12 Wire.java DEBUG [main] http.wire 73 -  >> "[\r][\n]"
11-22-2022 21:54:12 DefaultClientConnection.java DEBUG [main] http.headers 278 - >> DELETE /1/boards/637cf7aaff650c00bdb1c516?key=a277033a8a8b651020ff746999dd35ac&token=87a0cfec0eeabc87a28151de40d5e349235a77f1033345100796efc9a8f716f9 HTTP/1.1
11-22-2022 21:54:12 DefaultClientConnection.java DEBUG [main] http.headers 281 - >> Accept: */*
11-22-2022 21:54:12 DefaultClientConnection.java DEBUG [main] http.headers 281 - >> Host: trello.com
11-22-2022 21:54:12 DefaultClientConnection.java DEBUG [main] http.headers 281 - >> Connection: Keep-Alive
11-22-2022 21:54:12 DefaultClientConnection.java DEBUG [main] http.headers 281 - >> User-Agent: Apache-HttpClient/4.5.13 (Java/11.0.1)
11-22-2022 21:54:12 DefaultClientConnection.java DEBUG [main] http.headers 281 - >> Accept-Encoding: gzip,deflate
11-22-2022 21:54:13 Wire.java DEBUG [main] http.wire 73 -  << "HTTP/1.1 200 OK[\r][\n]"
11-22-2022 21:54:13 Wire.java DEBUG [main] http.wire 73 -  << "Date: Tue, 22 Nov 2022 16:24:13 GMT[\r][\n]"
11-22-2022 21:54:13 Wire.java DEBUG [main] http.wire 73 -  << "Content-Type: application/json; charset=utf-8[\r][\n]"
11-22-2022 21:54:13 Wire.java DEBUG [main] http.wire 73 -  << "Content-Length: 16[\r][\n]"
11-22-2022 21:54:13 Wire.java DEBUG [main] http.wire 73 -  << "X-Dns-Prefetch-Control: off[\r][\n]"
11-22-2022 21:54:13 Wire.java DEBUG [main] http.wire 73 -  << "X-Frame-Options: DENY[\r][\n]"
11-22-2022 21:54:13 Wire.java DEBUG [main] http.wire 73 -  << "X-Download-Options: noopen[\r][\n]"
11-22-2022 21:54:13 Wire.java DEBUG [main] http.wire 73 -  << "X-Permitted-Cross-Domain-Policies: none[\r][\n]"
11-22-2022 21:54:13 Wire.java DEBUG [main] http.wire 73 -  << "Referrer-Policy: strict-origin-when-cross-origin[\r][\n]"
11-22-2022 21:54:13 Wire.java DEBUG [main] http.wire 73 -  << "Surrogate-Control: no-store[\r][\n]"
11-22-2022 21:54:13 Wire.java DEBUG [main] http.wire 73 -  << "Cache-Control: max-age=0, must-revalidate, no-cache, no-store[\r][\n]"
11-22-2022 21:54:13 Wire.java DEBUG [main] http.wire 73 -  << "Pragma: no-cache[\r][\n]"
11-22-2022 21:54:13 Wire.java DEBUG [main] http.wire 73 -  << "Expires: Thu, 01 Jan 1970 00:00:00[\r][\n]"
11-22-2022 21:54:13 Wire.java DEBUG [main] http.wire 73 -  << "X-Trello-Version: 1.170568.0[\r][\n]"
11-22-2022 21:54:13 Wire.java DEBUG [main] http.wire 73 -  << "X-Trello-Environment: Production (Micros)[\r][\n]"
11-22-2022 21:54:13 Wire.java DEBUG [main] http.wire 73 -  << "Access-Control-Allow-Origin: *[\r][\n]"
11-22-2022 21:54:13 Wire.java DEBUG [main] http.wire 73 -  << "Access-Control-Allow-Methods: GET, PUT, POST, DELETE[\r][\n]"
11-22-2022 21:54:13 Wire.java DEBUG [main] http.wire 73 -  << "Access-Control-Allow-Headers: Authorization, Accept, Content-Type[\r][\n]"
11-22-2022 21:54:13 Wire.java DEBUG [main] http.wire 73 -  << "Access-Control-Expose-Headers: x-rate-limit-api-key-interval-ms, x-rate-limit-api-key-max, x-rate-limit-api-key-remaining, x-rate-limit-api-token-interval-ms, x-rate-limit-api-token-max, x-rate-limit-api-token-remaining[\r][\n]"
11-22-2022 21:54:13 Wire.java DEBUG [main] http.wire 73 -  << "X-Rate-Limit-Db-Query-Time-Interval-Ms: 600000[\r][\n]"
11-22-2022 21:54:13 Wire.java DEBUG [main] http.wire 73 -  << "X-Rate-Limit-Db-Query-Time-Max: 7200000[\r][\n]"
11-22-2022 21:54:13 Wire.java DEBUG [main] http.wire 73 -  << "X-Rate-Limit-Db-Query-Time-Remaining: 7199990[\r][\n]"
11-22-2022 21:54:13 Wire.java DEBUG [main] http.wire 73 -  << "X-Rate-Limit-Action-Interval-Ms: 3600000[\r][\n]"
11-22-2022 21:54:13 Wire.java DEBUG [main] http.wire 73 -  << "X-Rate-Limit-Action-Max: 15000[\r][\n]"
11-22-2022 21:54:13 Wire.java DEBUG [main] http.wire 73 -  << "X-Rate-Limit-Action-Remaining: 14999[\r][\n]"
11-22-2022 21:54:13 Wire.java DEBUG [main] http.wire 73 -  << "X-Rate-Limit-Api-Token-Interval-Ms: 10000[\r][\n]"
11-22-2022 21:54:13 Wire.java DEBUG [main] http.wire 73 -  << "X-Rate-Limit-Api-Token-Max: 100[\r][\n]"
11-22-2022 21:54:13 Wire.java DEBUG [main] http.wire 73 -  << "X-Rate-Limit-Api-Token-Remaining: 96[\r][\n]"
11-22-2022 21:54:13 Wire.java DEBUG [main] http.wire 73 -  << "X-Rate-Limit-Api-Key-Interval-Ms: 10000[\r][\n]"
11-22-2022 21:54:13 Wire.java DEBUG [main] http.wire 73 -  << "X-Rate-Limit-Api-Key-Max: 300[\r][\n]"
11-22-2022 21:54:13 Wire.java DEBUG [main] http.wire 73 -  << "X-Rate-Limit-Api-Key-Remaining: 296[\r][\n]"
11-22-2022 21:54:13 Wire.java DEBUG [main] http.wire 73 -  << "X-Rate-Limit-Member-Interval-Ms: 10000[\r][\n]"
11-22-2022 21:54:13 Wire.java DEBUG [main] http.wire 73 -  << "X-Rate-Limit-Member-Max: 375[\r][\n]"
11-22-2022 21:54:13 Wire.java DEBUG [main] http.wire 73 -  << "X-Rate-Limit-Member-Remaining: 370[\r][\n]"
11-22-2022 21:54:13 Wire.java DEBUG [main] http.wire 73 -  << "Set-Cookie: preAuthProps=s%3A637b571e071bb7056eb94b61%3AisEnterpriseAdmin%3Dfalse.BsvCkeBZpDt2UycswUciukUDlffViKvce4GMwyTAYjA; Path=/; HttpOnly[\r][\n]"
11-22-2022 21:54:13 Wire.java DEBUG [main] http.wire 73 -  << "X-Server-Time: 1669134253028[\r][\n]"
11-22-2022 21:54:13 Wire.java DEBUG [main] http.wire 73 -  << "Server: AtlassianEdge[\r][\n]"
11-22-2022 21:54:13 Wire.java DEBUG [main] http.wire 73 -  << "Expect-Ct: report-uri="https://web-security-reports.services.atlassian.com/expect-ct-report/trello-edge", max-age=86400[\r][\n]"
11-22-2022 21:54:13 Wire.java DEBUG [main] http.wire 73 -  << "Strict-Transport-Security: max-age=63072000; preload[\r][\n]"
11-22-2022 21:54:13 Wire.java DEBUG [main] http.wire 73 -  << "X-Content-Type-Options: nosniff[\r][\n]"
11-22-2022 21:54:13 Wire.java DEBUG [main] http.wire 73 -  << "X-Xss-Protection: 1; mode=block[\r][\n]"
11-22-2022 21:54:13 Wire.java DEBUG [main] http.wire 73 -  << "Atl-Traceid: afe691164e4b84a9[\r][\n]"
11-22-2022 21:54:13 Wire.java DEBUG [main] http.wire 73 -  << "Report-To: {"endpoints": [{"url": "https://dz8aopenkvv6s.cloudfront.net"}], "group": "endpoint-1", "include_subdomains": true, "max_age": 600}[\r][\n]"
11-22-2022 21:54:13 Wire.java DEBUG [main] http.wire 73 -  << "Nel: {"failure_fraction": 0.001, "include_subdomains": true, "max_age": 600, "report_to": "endpoint-1"}[\r][\n]"
11-22-2022 21:54:13 Wire.java DEBUG [main] http.wire 73 -  << "[\r][\n]"
11-22-2022 21:54:13 DefaultClientConnection.java DEBUG [main] conn.DefaultClientConnection 259 - Receiving response: HTTP/1.1 200 OK
11-22-2022 21:54:13 DefaultClientConnection.java DEBUG [main] http.headers 262 - << HTTP/1.1 200 OK
11-22-2022 21:54:13 DefaultClientConnection.java DEBUG [main] http.headers 265 - << Date: Tue, 22 Nov 2022 16:24:13 GMT
11-22-2022 21:54:13 DefaultClientConnection.java DEBUG [main] http.headers 265 - << Content-Type: application/json; charset=utf-8
11-22-2022 21:54:13 DefaultClientConnection.java DEBUG [main] http.headers 265 - << Content-Length: 16
11-22-2022 21:54:13 DefaultClientConnection.java DEBUG [main] http.headers 265 - << X-Dns-Prefetch-Control: off
11-22-2022 21:54:13 DefaultClientConnection.java DEBUG [main] http.headers 265 - << X-Frame-Options: DENY
11-22-2022 21:54:13 DefaultClientConnection.java DEBUG [main] http.headers 265 - << X-Download-Options: noopen
11-22-2022 21:54:13 DefaultClientConnection.java DEBUG [main] http.headers 265 - << X-Permitted-Cross-Domain-Policies: none
11-22-2022 21:54:13 DefaultClientConnection.java DEBUG [main] http.headers 265 - << Referrer-Policy: strict-origin-when-cross-origin
11-22-2022 21:54:13 DefaultClientConnection.java DEBUG [main] http.headers 265 - << Surrogate-Control: no-store
11-22-2022 21:54:13 DefaultClientConnection.java DEBUG [main] http.headers 265 - << Cache-Control: max-age=0, must-revalidate, no-cache, no-store
11-22-2022 21:54:13 DefaultClientConnection.java DEBUG [main] http.headers 265 - << Pragma: no-cache
11-22-2022 21:54:13 DefaultClientConnection.java DEBUG [main] http.headers 265 - << Expires: Thu, 01 Jan 1970 00:00:00
11-22-2022 21:54:13 DefaultClientConnection.java DEBUG [main] http.headers 265 - << X-Trello-Version: 1.170568.0
11-22-2022 21:54:13 DefaultClientConnection.java DEBUG [main] http.headers 265 - << X-Trello-Environment: Production (Micros)
11-22-2022 21:54:13 DefaultClientConnection.java DEBUG [main] http.headers 265 - << Access-Control-Allow-Origin: *
11-22-2022 21:54:13 DefaultClientConnection.java DEBUG [main] http.headers 265 - << Access-Control-Allow-Methods: GET, PUT, POST, DELETE
11-22-2022 21:54:13 DefaultClientConnection.java DEBUG [main] http.headers 265 - << Access-Control-Allow-Headers: Authorization, Accept, Content-Type
11-22-2022 21:54:13 DefaultClientConnection.java DEBUG [main] http.headers 265 - << Access-Control-Expose-Headers: x-rate-limit-api-key-interval-ms, x-rate-limit-api-key-max, x-rate-limit-api-key-remaining, x-rate-limit-api-token-interval-ms, x-rate-limit-api-token-max, x-rate-limit-api-token-remaining
11-22-2022 21:54:13 DefaultClientConnection.java DEBUG [main] http.headers 265 - << X-Rate-Limit-Db-Query-Time-Interval-Ms: 600000
11-22-2022 21:54:13 DefaultClientConnection.java DEBUG [main] http.headers 265 - << X-Rate-Limit-Db-Query-Time-Max: 7200000
11-22-2022 21:54:13 DefaultClientConnection.java DEBUG [main] http.headers 265 - << X-Rate-Limit-Db-Query-Time-Remaining: 7199990
11-22-2022 21:54:13 DefaultClientConnection.java DEBUG [main] http.headers 265 - << X-Rate-Limit-Action-Interval-Ms: 3600000
11-22-2022 21:54:13 DefaultClientConnection.java DEBUG [main] http.headers 265 - << X-Rate-Limit-Action-Max: 15000
11-22-2022 21:54:13 DefaultClientConnection.java DEBUG [main] http.headers 265 - << X-Rate-Limit-Action-Remaining: 14999
11-22-2022 21:54:13 DefaultClientConnection.java DEBUG [main] http.headers 265 - << X-Rate-Limit-Api-Token-Interval-Ms: 10000
11-22-2022 21:54:13 DefaultClientConnection.java DEBUG [main] http.headers 265 - << X-Rate-Limit-Api-Token-Max: 100
11-22-2022 21:54:13 DefaultClientConnection.java DEBUG [main] http.headers 265 - << X-Rate-Limit-Api-Token-Remaining: 96
11-22-2022 21:54:13 DefaultClientConnection.java DEBUG [main] http.headers 265 - << X-Rate-Limit-Api-Key-Interval-Ms: 10000
11-22-2022 21:54:13 DefaultClientConnection.java DEBUG [main] http.headers 265 - << X-Rate-Limit-Api-Key-Max: 300
11-22-2022 21:54:13 DefaultClientConnection.java DEBUG [main] http.headers 265 - << X-Rate-Limit-Api-Key-Remaining: 296
11-22-2022 21:54:13 DefaultClientConnection.java DEBUG [main] http.headers 265 - << X-Rate-Limit-Member-Interval-Ms: 10000
11-22-2022 21:54:13 DefaultClientConnection.java DEBUG [main] http.headers 265 - << X-Rate-Limit-Member-Max: 375
11-22-2022 21:54:13 DefaultClientConnection.java DEBUG [main] http.headers 265 - << X-Rate-Limit-Member-Remaining: 370
11-22-2022 21:54:13 DefaultClientConnection.java DEBUG [main] http.headers 265 - << Set-Cookie: preAuthProps=s%3A637b571e071bb7056eb94b61%3AisEnterpriseAdmin%3Dfalse.BsvCkeBZpDt2UycswUciukUDlffViKvce4GMwyTAYjA; Path=/; HttpOnly
11-22-2022 21:54:13 DefaultClientConnection.java DEBUG [main] http.headers 265 - << X-Server-Time: 1669134253028
11-22-2022 21:54:13 DefaultClientConnection.java DEBUG [main] http.headers 265 - << Server: AtlassianEdge
11-22-2022 21:54:13 DefaultClientConnection.java DEBUG [main] http.headers 265 - << Expect-Ct: report-uri="https://web-security-reports.services.atlassian.com/expect-ct-report/trello-edge", max-age=86400
11-22-2022 21:54:13 DefaultClientConnection.java DEBUG [main] http.headers 265 - << Strict-Transport-Security: max-age=63072000; preload
11-22-2022 21:54:13 DefaultClientConnection.java DEBUG [main] http.headers 265 - << X-Content-Type-Options: nosniff
11-22-2022 21:54:13 DefaultClientConnection.java DEBUG [main] http.headers 265 - << X-Xss-Protection: 1; mode=block
11-22-2022 21:54:13 DefaultClientConnection.java DEBUG [main] http.headers 265 - << Atl-Traceid: afe691164e4b84a9
11-22-2022 21:54:13 DefaultClientConnection.java DEBUG [main] http.headers 265 - << Report-To: {"endpoints": [{"url": "https://dz8aopenkvv6s.cloudfront.net"}], "group": "endpoint-1", "include_subdomains": true, "max_age": 600}
11-22-2022 21:54:13 DefaultClientConnection.java DEBUG [main] http.headers 265 - << Nel: {"failure_fraction": 0.001, "include_subdomains": true, "max_age": 600, "report_to": "endpoint-1"}
11-22-2022 21:54:13 DefaultRequestDirector.java DEBUG [main] client.DefaultHttpClient 504 - Connection can be kept alive indefinitely
11-22-2022 21:54:13 HTTPBuilder.java DEBUG [main] internal.RequestSpecificationImpl$RestAssuredHttpBuilder 545 - Parsing response as: application/json; charset=utf-8
11-22-2022 21:54:13 HTTPBuilder.java DEBUG [main] internal.RequestSpecificationImpl$RestAssuredHttpBuilder 548 - Parsed data to instance of: class org.apache.http.conn.EofSensorInputStream
11-22-2022 21:54:13 Wire.java DEBUG [main] http.wire 73 -  << "{"_value":null}[\n]"
11-22-2022 21:54:13 BasicClientConnectionManager.java DEBUG [main] conn.BasicClientConnectionManager 200 - Releasing connection org.apache.http.impl.conn.ManagedClientConnectionImpl@2d237460
11-22-2022 21:54:13 BasicClientConnectionManager.java DEBUG [main] conn.BasicClientConnectionManager 225 - Connection can be kept alive indefinitely
HTTP/1.1 200 OK
Date: Tue, 22 Nov 2022 16:24:13 GMT
Content-Type: application/json; charset=utf-8
Content-Length: 16
X-Dns-Prefetch-Control: off
X-Frame-Options: DENY
X-Download-Options: noopen
X-Permitted-Cross-Domain-Policies: none
Referrer-Policy: strict-origin-when-cross-origin
Surrogate-Control: no-store
Cache-Control: max-age=0, must-revalidate, no-cache, no-store
Pragma: no-cache
Expires: Thu, 01 Jan 1970 00:00:00
X-Trello-Version: 1.170568.0
X-Trello-Environment: Production (Micros)
Access-Control-Allow-Origin: *
Access-Control-Allow-Methods: GET, PUT, POST, DELETE
Access-Control-Allow-Headers: Authorization, Accept, Content-Type
Access-Control-Expose-Headers: x-rate-limit-api-key-interval-ms, x-rate-limit-api-key-max, x-rate-limit-api-key-remaining, x-rate-limit-api-token-interval-ms, x-rate-limit-api-token-max, x-rate-limit-api-token-remaining
X-Rate-Limit-Db-Query-Time-Interval-Ms: 600000
X-Rate-Limit-Db-Query-Time-Max: 7200000
X-Rate-Limit-Db-Query-Time-Remaining: 7199990
X-Rate-Limit-Action-Interval-Ms: 3600000
X-Rate-Limit-Action-Max: 15000
X-Rate-Limit-Action-Remaining: 14999
X-Rate-Limit-Api-Token-Interval-Ms: 10000
X-Rate-Limit-Api-Token-Max: 100
X-Rate-Limit-Api-Token-Remaining: 96
X-Rate-Limit-Api-Key-Interval-Ms: 10000
X-Rate-Limit-Api-Key-Max: 300
X-Rate-Limit-Api-Key-Remaining: 296
X-Rate-Limit-Member-Interval-Ms: 10000
X-Rate-Limit-Member-Max: 375
X-Rate-Limit-Member-Remaining: 370
Set-Cookie: preAuthProps=s%3A637b571e071bb7056eb94b61%3AisEnterpriseAdmin%3Dfalse.BsvCkeBZpDt2UycswUciukUDlffViKvce4GMwyTAYjA; Path=/; HttpOnly
X-Server-Time: 1669134253028
Server: AtlassianEdge
Expect-Ct: report-uri="https://web-security-reports.services.atlassian.com/expect-ct-report/trello-edge", max-age=86400
Strict-Transport-Security: max-age=63072000; preload
X-Content-Type-Options: nosniff
X-Xss-Protection: 1; mode=block
Atl-Traceid: afe691164e4b84a9
Report-To: {"endpoints": [{"url": "https://dz8aopenkvv6s.cloudfront.net"}], "group": "endpoint-1", "include_subdomains": true, "max_age": 600}
Nel: {"failure_fraction": 0.001, "include_subdomains": true, "max_age": 600, "report_to": "endpoint-1"}

{
    "_value": null
}
]]></system-out>
  </testcase>
  <testcase name="Create_an_Organization" classname="testData.Organization" time="0.769">
    <system-out><![CDATA[Delete_board
11-22-2022 21:54:13 _Log4jLoggerFactory.java DEBUG [main] freemarker.cache 45 - Couldn't find template in cache for "Extent.ftl"("en_IN", UTF-8, parsed); will try to load it.
11-22-2022 21:54:13 _Log4jLoggerFactory.java DEBUG [main] freemarker.cache 45 - TemplateLoader.findTemplateSource("Extent_en_IN.ftl"): Not found
11-22-2022 21:54:13 _Log4jLoggerFactory.java DEBUG [main] freemarker.cache 45 - TemplateLoader.findTemplateSource("Extent_en.ftl"): Not found
11-22-2022 21:54:13 _Log4jLoggerFactory.java DEBUG [main] freemarker.cache 45 - TemplateLoader.findTemplateSource("Extent.ftl"): Found
11-22-2022 21:54:13 _Log4jLoggerFactory.java DEBUG [main] freemarker.cache 45 - Loading template for "Extent.ftl"("en_IN", UTF-8, parsed) from "jar:file:/C:/Users/mohdtoukeer/.m2/repository/com/relevantcodes/extentreports/2.41.2/extentreports-2.41.2.jar!/com/relevantcodes/extentreports/view/Extent.ftl"
11-22-2022 21:54:13 BasicClientConnectionManager.java DEBUG [main] conn.BasicClientConnectionManager 161 - Get connection for route {s}->https://trello.com:443
11-22-2022 21:54:13 DefaultClientConnectionOperator.java DEBUG [main] conn.DefaultClientConnectionOperator 177 - Connecting to trello.com:443
11-22-2022 21:54:13 RequestAddCookies.java DEBUG [main] protocol.RequestAddCookies 123 - CookieSpec selected: ignoreCookies
11-22-2022 21:54:13 RequestAuthCache.java DEBUG [main] protocol.RequestAuthCache 77 - Auth cache not set in the context
11-22-2022 21:54:13 RequestTargetAuthentication.java DEBUG [main] protocol.RequestTargetAuthentication 80 - Target auth state: UNCHALLENGED
11-22-2022 21:54:13 RequestProxyAuthentication.java DEBUG [main] protocol.RequestProxyAuthentication 89 - Proxy auth state: UNCHALLENGED
11-22-2022 21:54:13 DefaultRequestDirector.java DEBUG [main] client.DefaultHttpClient 677 - Attempt 1 to execute request
11-22-2022 21:54:13 DefaultClientConnection.java DEBUG [main] conn.DefaultClientConnection 274 - Sending request: POST /1/organizations/?key=a277033a8a8b651020ff746999dd35ac&token=87a0cfec0eeabc87a28151de40d5e349235a77f1033345100796efc9a8f716f9 HTTP/1.1
11-22-2022 21:54:13 Wire.java DEBUG [main] http.wire 73 -  >> "POST /1/organizations/?key=a277033a8a8b651020ff746999dd35ac&token=87a0cfec0eeabc87a28151de40d5e349235a77f1033345100796efc9a8f716f9 HTTP/1.1[\r][\n]"
11-22-2022 21:54:13 Wire.java DEBUG [main] http.wire 73 -  >> "Accept: application/json[\r][\n]"
11-22-2022 21:54:13 Wire.java DEBUG [main] http.wire 73 -  >> "Content-Type: application/json[\r][\n]"
11-22-2022 21:54:13 Wire.java DEBUG [main] http.wire 73 -  >> "Content-Length: 48[\r][\n]"
11-22-2022 21:54:13 Wire.java DEBUG [main] http.wire 73 -  >> "Host: trello.com[\r][\n]"
11-22-2022 21:54:13 Wire.java DEBUG [main] http.wire 73 -  >> "Connection: Keep-Alive[\r][\n]"
11-22-2022 21:54:13 Wire.java DEBUG [main] http.wire 73 -  >> "User-Agent: Apache-HttpClient/4.5.13 (Java/11.0.1)[\r][\n]"
11-22-2022 21:54:13 Wire.java DEBUG [main] http.wire 73 -  >> "Accept-Encoding: gzip,deflate[\r][\n]"
11-22-2022 21:54:13 Wire.java DEBUG [main] http.wire 73 -  >> "[\r][\n]"
11-22-2022 21:54:13 DefaultClientConnection.java DEBUG [main] http.headers 278 - >> POST /1/organizations/?key=a277033a8a8b651020ff746999dd35ac&token=87a0cfec0eeabc87a28151de40d5e349235a77f1033345100796efc9a8f716f9 HTTP/1.1
11-22-2022 21:54:13 DefaultClientConnection.java DEBUG [main] http.headers 281 - >> Accept: application/json
11-22-2022 21:54:13 DefaultClientConnection.java DEBUG [main] http.headers 281 - >> Content-Type: application/json
11-22-2022 21:54:13 DefaultClientConnection.java DEBUG [main] http.headers 281 - >> Content-Length: 48
11-22-2022 21:54:13 DefaultClientConnection.java DEBUG [main] http.headers 281 - >> Host: trello.com
11-22-2022 21:54:13 DefaultClientConnection.java DEBUG [main] http.headers 281 - >> Connection: Keep-Alive
11-22-2022 21:54:13 DefaultClientConnection.java DEBUG [main] http.headers 281 - >> User-Agent: Apache-HttpClient/4.5.13 (Java/11.0.1)
11-22-2022 21:54:13 DefaultClientConnection.java DEBUG [main] http.headers 281 - >> Accept-Encoding: gzip,deflate
11-22-2022 21:54:13 Wire.java DEBUG [main] http.wire 73 -  >> "{[\r][\n]"
11-22-2022 21:54:13 Wire.java DEBUG [main] http.wire 73 -  >> ""displayName" : "This is new organization"[\r][\n]"
11-22-2022 21:54:13 Wire.java DEBUG [main] http.wire 87 -  >> "}"
11-22-2022 21:54:13 Wire.java DEBUG [main] http.wire 73 -  << "HTTP/1.1 200 OK[\r][\n]"
11-22-2022 21:54:13 Wire.java DEBUG [main] http.wire 73 -  << "Date: Tue, 22 Nov 2022 16:24:13 GMT[\r][\n]"
11-22-2022 21:54:13 Wire.java DEBUG [main] http.wire 73 -  << "Content-Type: application/json; charset=utf-8[\r][\n]"
11-22-2022 21:54:13 Wire.java DEBUG [main] http.wire 73 -  << "Content-Length: 339[\r][\n]"
11-22-2022 21:54:13 Wire.java DEBUG [main] http.wire 73 -  << "X-Dns-Prefetch-Control: off[\r][\n]"
11-22-2022 21:54:13 Wire.java DEBUG [main] http.wire 73 -  << "X-Frame-Options: DENY[\r][\n]"
11-22-2022 21:54:13 Wire.java DEBUG [main] http.wire 73 -  << "X-Download-Options: noopen[\r][\n]"
11-22-2022 21:54:13 Wire.java DEBUG [main] http.wire 73 -  << "X-Permitted-Cross-Domain-Policies: none[\r][\n]"
11-22-2022 21:54:13 Wire.java DEBUG [main] http.wire 73 -  << "Referrer-Policy: strict-origin-when-cross-origin[\r][\n]"
11-22-2022 21:54:13 Wire.java DEBUG [main] http.wire 73 -  << "Surrogate-Control: no-store[\r][\n]"
11-22-2022 21:54:13 Wire.java DEBUG [main] http.wire 73 -  << "Cache-Control: max-age=0, must-revalidate, no-cache, no-store[\r][\n]"
11-22-2022 21:54:13 Wire.java DEBUG [main] http.wire 73 -  << "Pragma: no-cache[\r][\n]"
11-22-2022 21:54:13 Wire.java DEBUG [main] http.wire 73 -  << "Expires: Thu, 01 Jan 1970 00:00:00[\r][\n]"
11-22-2022 21:54:13 Wire.java DEBUG [main] http.wire 73 -  << "X-Trello-Version: 1.170568.0[\r][\n]"
11-22-2022 21:54:13 Wire.java DEBUG [main] http.wire 73 -  << "X-Trello-Environment: Production (Micros)[\r][\n]"
11-22-2022 21:54:13 Wire.java DEBUG [main] http.wire 73 -  << "Access-Control-Allow-Origin: *[\r][\n]"
11-22-2022 21:54:13 Wire.java DEBUG [main] http.wire 73 -  << "Access-Control-Allow-Methods: GET, PUT, POST, DELETE[\r][\n]"
11-22-2022 21:54:13 Wire.java DEBUG [main] http.wire 73 -  << "Access-Control-Allow-Headers: Authorization, Accept, Content-Type[\r][\n]"
11-22-2022 21:54:13 Wire.java DEBUG [main] http.wire 73 -  << "Access-Control-Expose-Headers: x-rate-limit-api-key-interval-ms, x-rate-limit-api-key-max, x-rate-limit-api-key-remaining, x-rate-limit-api-token-interval-ms, x-rate-limit-api-token-max, x-rate-limit-api-token-remaining[\r][\n]"
11-22-2022 21:54:13 Wire.java DEBUG [main] http.wire 73 -  << "X-Rate-Limit-Api-Token-Interval-Ms: 10000[\r][\n]"
11-22-2022 21:54:13 Wire.java DEBUG [main] http.wire 73 -  << "X-Rate-Limit-Api-Token-Max: 100[\r][\n]"
11-22-2022 21:54:13 Wire.java DEBUG [main] http.wire 73 -  << "X-Rate-Limit-Api-Token-Remaining: 95[\r][\n]"
11-22-2022 21:54:13 Wire.java DEBUG [main] http.wire 73 -  << "X-Rate-Limit-Db-Query-Time-Interval-Ms: 600000[\r][\n]"
11-22-2022 21:54:13 Wire.java DEBUG [main] http.wire 73 -  << "X-Rate-Limit-Db-Query-Time-Max: 7200000[\r][\n]"
11-22-2022 21:54:13 Wire.java DEBUG [main] http.wire 73 -  << "X-Rate-Limit-Db-Query-Time-Remaining: 7199990[\r][\n]"
11-22-2022 21:54:13 Wire.java DEBUG [main] http.wire 73 -  << "X-Rate-Limit-Action-Interval-Ms: 3600000[\r][\n]"
11-22-2022 21:54:13 Wire.java DEBUG [main] http.wire 73 -  << "X-Rate-Limit-Action-Max: 15000[\r][\n]"
11-22-2022 21:54:13 Wire.java DEBUG [main] http.wire 73 -  << "X-Rate-Limit-Action-Remaining: 14999[\r][\n]"
11-22-2022 21:54:13 Wire.java DEBUG [main] http.wire 73 -  << "X-Rate-Limit-Api-Key-Interval-Ms: 10000[\r][\n]"
11-22-2022 21:54:13 Wire.java DEBUG [main] http.wire 73 -  << "X-Rate-Limit-Api-Key-Max: 300[\r][\n]"
11-22-2022 21:54:13 Wire.java DEBUG [main] http.wire 73 -  << "X-Rate-Limit-Api-Key-Remaining: 295[\r][\n]"
11-22-2022 21:54:13 Wire.java DEBUG [main] http.wire 73 -  << "X-Rate-Limit-Member-Interval-Ms: 10000[\r][\n]"
11-22-2022 21:54:13 Wire.java DEBUG [main] http.wire 73 -  << "X-Rate-Limit-Member-Max: 375[\r][\n]"
11-22-2022 21:54:13 Wire.java DEBUG [main] http.wire 73 -  << "X-Rate-Limit-Member-Remaining: 369[\r][\n]"
11-22-2022 21:54:13 Wire.java DEBUG [main] http.wire 73 -  << "Set-Cookie: preAuthProps=s%3A637b571e071bb7056eb94b61%3AisEnterpriseAdmin%3Dfalse.BsvCkeBZpDt2UycswUciukUDlffViKvce4GMwyTAYjA; Path=/; HttpOnly[\r][\n]"
11-22-2022 21:54:13 Wire.java DEBUG [main] http.wire 73 -  << "X-Server-Time: 1669134253811[\r][\n]"
11-22-2022 21:54:13 Wire.java DEBUG [main] http.wire 73 -  << "Server: AtlassianEdge[\r][\n]"
11-22-2022 21:54:13 Wire.java DEBUG [main] http.wire 73 -  << "Expect-Ct: report-uri="https://web-security-reports.services.atlassian.com/expect-ct-report/trello-edge", max-age=86400[\r][\n]"
11-22-2022 21:54:13 Wire.java DEBUG [main] http.wire 73 -  << "Strict-Transport-Security: max-age=63072000; preload[\r][\n]"
11-22-2022 21:54:13 Wire.java DEBUG [main] http.wire 73 -  << "X-Content-Type-Options: nosniff[\r][\n]"
11-22-2022 21:54:13 Wire.java DEBUG [main] http.wire 73 -  << "X-Xss-Protection: 1; mode=block[\r][\n]"
11-22-2022 21:54:13 Wire.java DEBUG [main] http.wire 73 -  << "Atl-Traceid: 8669ea5a9dcaf933[\r][\n]"
11-22-2022 21:54:13 Wire.java DEBUG [main] http.wire 73 -  << "Report-To: {"endpoints": [{"url": "https://dz8aopenkvv6s.cloudfront.net"}], "group": "endpoint-1", "include_subdomains": true, "max_age": 600}[\r][\n]"
11-22-2022 21:54:13 Wire.java DEBUG [main] http.wire 73 -  << "Nel: {"failure_fraction": 0.001, "include_subdomains": true, "max_age": 600, "report_to": "endpoint-1"}[\r][\n]"
11-22-2022 21:54:13 Wire.java DEBUG [main] http.wire 73 -  << "[\r][\n]"
11-22-2022 21:54:13 DefaultClientConnection.java DEBUG [main] conn.DefaultClientConnection 259 - Receiving response: HTTP/1.1 200 OK
11-22-2022 21:54:13 DefaultClientConnection.java DEBUG [main] http.headers 262 - << HTTP/1.1 200 OK
11-22-2022 21:54:13 DefaultClientConnection.java DEBUG [main] http.headers 265 - << Date: Tue, 22 Nov 2022 16:24:13 GMT
11-22-2022 21:54:13 DefaultClientConnection.java DEBUG [main] http.headers 265 - << Content-Type: application/json; charset=utf-8
11-22-2022 21:54:13 DefaultClientConnection.java DEBUG [main] http.headers 265 - << Content-Length: 339
11-22-2022 21:54:13 DefaultClientConnection.java DEBUG [main] http.headers 265 - << X-Dns-Prefetch-Control: off
11-22-2022 21:54:13 DefaultClientConnection.java DEBUG [main] http.headers 265 - << X-Frame-Options: DENY
11-22-2022 21:54:13 DefaultClientConnection.java DEBUG [main] http.headers 265 - << X-Download-Options: noopen
11-22-2022 21:54:13 DefaultClientConnection.java DEBUG [main] http.headers 265 - << X-Permitted-Cross-Domain-Policies: none
11-22-2022 21:54:13 DefaultClientConnection.java DEBUG [main] http.headers 265 - << Referrer-Policy: strict-origin-when-cross-origin
11-22-2022 21:54:13 DefaultClientConnection.java DEBUG [main] http.headers 265 - << Surrogate-Control: no-store
11-22-2022 21:54:13 DefaultClientConnection.java DEBUG [main] http.headers 265 - << Cache-Control: max-age=0, must-revalidate, no-cache, no-store
11-22-2022 21:54:13 DefaultClientConnection.java DEBUG [main] http.headers 265 - << Pragma: no-cache
11-22-2022 21:54:13 DefaultClientConnection.java DEBUG [main] http.headers 265 - << Expires: Thu, 01 Jan 1970 00:00:00
11-22-2022 21:54:13 DefaultClientConnection.java DEBUG [main] http.headers 265 - << X-Trello-Version: 1.170568.0
11-22-2022 21:54:13 DefaultClientConnection.java DEBUG [main] http.headers 265 - << X-Trello-Environment: Production (Micros)
11-22-2022 21:54:13 DefaultClientConnection.java DEBUG [main] http.headers 265 - << Access-Control-Allow-Origin: *
11-22-2022 21:54:13 DefaultClientConnection.java DEBUG [main] http.headers 265 - << Access-Control-Allow-Methods: GET, PUT, POST, DELETE
11-22-2022 21:54:13 DefaultClientConnection.java DEBUG [main] http.headers 265 - << Access-Control-Allow-Headers: Authorization, Accept, Content-Type
11-22-2022 21:54:13 DefaultClientConnection.java DEBUG [main] http.headers 265 - << Access-Control-Expose-Headers: x-rate-limit-api-key-interval-ms, x-rate-limit-api-key-max, x-rate-limit-api-key-remaining, x-rate-limit-api-token-interval-ms, x-rate-limit-api-token-max, x-rate-limit-api-token-remaining
11-22-2022 21:54:13 DefaultClientConnection.java DEBUG [main] http.headers 265 - << X-Rate-Limit-Api-Token-Interval-Ms: 10000
11-22-2022 21:54:13 DefaultClientConnection.java DEBUG [main] http.headers 265 - << X-Rate-Limit-Api-Token-Max: 100
11-22-2022 21:54:13 DefaultClientConnection.java DEBUG [main] http.headers 265 - << X-Rate-Limit-Api-Token-Remaining: 95
11-22-2022 21:54:13 DefaultClientConnection.java DEBUG [main] http.headers 265 - << X-Rate-Limit-Db-Query-Time-Interval-Ms: 600000
11-22-2022 21:54:13 DefaultClientConnection.java DEBUG [main] http.headers 265 - << X-Rate-Limit-Db-Query-Time-Max: 7200000
11-22-2022 21:54:13 DefaultClientConnection.java DEBUG [main] http.headers 265 - << X-Rate-Limit-Db-Query-Time-Remaining: 7199990
11-22-2022 21:54:13 DefaultClientConnection.java DEBUG [main] http.headers 265 - << X-Rate-Limit-Action-Interval-Ms: 3600000
11-22-2022 21:54:13 DefaultClientConnection.java DEBUG [main] http.headers 265 - << X-Rate-Limit-Action-Max: 15000
11-22-2022 21:54:13 DefaultClientConnection.java DEBUG [main] http.headers 265 - << X-Rate-Limit-Action-Remaining: 14999
11-22-2022 21:54:13 DefaultClientConnection.java DEBUG [main] http.headers 265 - << X-Rate-Limit-Api-Key-Interval-Ms: 10000
11-22-2022 21:54:13 DefaultClientConnection.java DEBUG [main] http.headers 265 - << X-Rate-Limit-Api-Key-Max: 300
11-22-2022 21:54:13 DefaultClientConnection.java DEBUG [main] http.headers 265 - << X-Rate-Limit-Api-Key-Remaining: 295
11-22-2022 21:54:13 DefaultClientConnection.java DEBUG [main] http.headers 265 - << X-Rate-Limit-Member-Interval-Ms: 10000
11-22-2022 21:54:13 DefaultClientConnection.java DEBUG [main] http.headers 265 - << X-Rate-Limit-Member-Max: 375
11-22-2022 21:54:13 DefaultClientConnection.java DEBUG [main] http.headers 265 - << X-Rate-Limit-Member-Remaining: 369
11-22-2022 21:54:13 DefaultClientConnection.java DEBUG [main] http.headers 265 - << Set-Cookie: preAuthProps=s%3A637b571e071bb7056eb94b61%3AisEnterpriseAdmin%3Dfalse.BsvCkeBZpDt2UycswUciukUDlffViKvce4GMwyTAYjA; Path=/; HttpOnly
11-22-2022 21:54:13 DefaultClientConnection.java DEBUG [main] http.headers 265 - << X-Server-Time: 1669134253811
11-22-2022 21:54:13 DefaultClientConnection.java DEBUG [main] http.headers 265 - << Server: AtlassianEdge
11-22-2022 21:54:13 DefaultClientConnection.java DEBUG [main] http.headers 265 - << Expect-Ct: report-uri="https://web-security-reports.services.atlassian.com/expect-ct-report/trello-edge", max-age=86400
11-22-2022 21:54:13 DefaultClientConnection.java DEBUG [main] http.headers 265 - << Strict-Transport-Security: max-age=63072000; preload
11-22-2022 21:54:13 DefaultClientConnection.java DEBUG [main] http.headers 265 - << X-Content-Type-Options: nosniff
11-22-2022 21:54:13 DefaultClientConnection.java DEBUG [main] http.headers 265 - << X-Xss-Protection: 1; mode=block
11-22-2022 21:54:13 DefaultClientConnection.java DEBUG [main] http.headers 265 - << Atl-Traceid: 8669ea5a9dcaf933
11-22-2022 21:54:13 DefaultClientConnection.java DEBUG [main] http.headers 265 - << Report-To: {"endpoints": [{"url": "https://dz8aopenkvv6s.cloudfront.net"}], "group": "endpoint-1", "include_subdomains": true, "max_age": 600}
11-22-2022 21:54:13 DefaultClientConnection.java DEBUG [main] http.headers 265 - << Nel: {"failure_fraction": 0.001, "include_subdomains": true, "max_age": 600, "report_to": "endpoint-1"}
11-22-2022 21:54:13 DefaultRequestDirector.java DEBUG [main] client.DefaultHttpClient 504 - Connection can be kept alive indefinitely
11-22-2022 21:54:13 HTTPBuilder.java DEBUG [main] internal.RequestSpecificationImpl$RestAssuredHttpBuilder 545 - Parsing response as: application/json; charset=utf-8
11-22-2022 21:54:13 HTTPBuilder.java DEBUG [main] internal.RequestSpecificationImpl$RestAssuredHttpBuilder 548 - Parsed data to instance of: class org.apache.http.conn.EofSensorInputStream
11-22-2022 21:54:13 Wire.java DEBUG [main] http.wire 87 -  << "{"id":"637cf7add2a4ea00303cfa66","name":"thisisneworganization6","displayName":"This is new organization","desc":"","descData":{"emoji":{}},"url":"https://trello.com/w/thisisneworganization6","website":null,"teamType":null,"logoHash":null,"logoUrl":null,"products":[],"powerUps":[],"idMemberCreator":"637b571e071bb7056eb94b61","limits":{}}"
11-22-2022 21:54:13 BasicClientConnectionManager.java DEBUG [main] conn.BasicClientConnectionManager 200 - Releasing connection org.apache.http.impl.conn.ManagedClientConnectionImpl@70fede7d
11-22-2022 21:54:13 BasicClientConnectionManager.java DEBUG [main] conn.BasicClientConnectionManager 225 - Connection can be kept alive indefinitely
HTTP/1.1 200 OK
Date: Tue, 22 Nov 2022 16:24:13 GMT
Content-Type: application/json; charset=utf-8
Content-Length: 339
X-Dns-Prefetch-Control: off
X-Frame-Options: DENY
X-Download-Options: noopen
X-Permitted-Cross-Domain-Policies: none
Referrer-Policy: strict-origin-when-cross-origin
Surrogate-Control: no-store
Cache-Control: max-age=0, must-revalidate, no-cache, no-store
Pragma: no-cache
Expires: Thu, 01 Jan 1970 00:00:00
X-Trello-Version: 1.170568.0
X-Trello-Environment: Production (Micros)
Access-Control-Allow-Origin: *
Access-Control-Allow-Methods: GET, PUT, POST, DELETE
Access-Control-Allow-Headers: Authorization, Accept, Content-Type
Access-Control-Expose-Headers: x-rate-limit-api-key-interval-ms, x-rate-limit-api-key-max, x-rate-limit-api-key-remaining, x-rate-limit-api-token-interval-ms, x-rate-limit-api-token-max, x-rate-limit-api-token-remaining
X-Rate-Limit-Api-Token-Interval-Ms: 10000
X-Rate-Limit-Api-Token-Max: 100
X-Rate-Limit-Api-Token-Remaining: 95
X-Rate-Limit-Db-Query-Time-Interval-Ms: 600000
X-Rate-Limit-Db-Query-Time-Max: 7200000
X-Rate-Limit-Db-Query-Time-Remaining: 7199990
X-Rate-Limit-Action-Interval-Ms: 3600000
X-Rate-Limit-Action-Max: 15000
X-Rate-Limit-Action-Remaining: 14999
X-Rate-Limit-Api-Key-Interval-Ms: 10000
X-Rate-Limit-Api-Key-Max: 300
X-Rate-Limit-Api-Key-Remaining: 295
X-Rate-Limit-Member-Interval-Ms: 10000
X-Rate-Limit-Member-Max: 375
X-Rate-Limit-Member-Remaining: 369
Set-Cookie: preAuthProps=s%3A637b571e071bb7056eb94b61%3AisEnterpriseAdmin%3Dfalse.BsvCkeBZpDt2UycswUciukUDlffViKvce4GMwyTAYjA; Path=/; HttpOnly
X-Server-Time: 1669134253811
Server: AtlassianEdge
Expect-Ct: report-uri="https://web-security-reports.services.atlassian.com/expect-ct-report/trello-edge", max-age=86400
Strict-Transport-Security: max-age=63072000; preload
X-Content-Type-Options: nosniff
X-Xss-Protection: 1; mode=block
Atl-Traceid: 8669ea5a9dcaf933
Report-To: {"endpoints": [{"url": "https://dz8aopenkvv6s.cloudfront.net"}], "group": "endpoint-1", "include_subdomains": true, "max_age": 600}
Nel: {"failure_fraction": 0.001, "include_subdomains": true, "max_age": 600, "report_to": "endpoint-1"}

{
    "id": "637cf7add2a4ea00303cfa66",
    "name": "thisisneworganization6",
    "displayName": "This is new organization",
    "desc": "",
    "descData": {
        "emoji": {
            
        }
    },
    "url": "https://trello.com/w/thisisneworganization6",
    "website": null,
    "teamType": null,
    "logoHash": null,
    "logoUrl": null,
    "products": [
        
    ],
    "powerUps": [
        
    ],
    "idMemberCreator": "637b571e071bb7056eb94b61",
    "limits": {
        
    }
}
ID -->637cf7add2a4ea00303cfa66
]]></system-out>
  </testcase>
  <testcase name="Update_an_Organization" classname="testData.Organization" time="0.611">
    <system-out><![CDATA[Create_an_Organization
11-22-2022 21:54:13 _Log4jLoggerFactory.java DEBUG [main] freemarker.cache 45 - Couldn't find template in cache for "Extent.ftl"("en_IN", UTF-8, parsed); will try to load it.
11-22-2022 21:54:13 _Log4jLoggerFactory.java DEBUG [main] freemarker.cache 45 - TemplateLoader.findTemplateSource("Extent_en_IN.ftl"): Not found
11-22-2022 21:54:13 _Log4jLoggerFactory.java DEBUG [main] freemarker.cache 45 - TemplateLoader.findTemplateSource("Extent_en.ftl"): Not found
11-22-2022 21:54:13 _Log4jLoggerFactory.java DEBUG [main] freemarker.cache 45 - TemplateLoader.findTemplateSource("Extent.ftl"): Found
11-22-2022 21:54:13 _Log4jLoggerFactory.java DEBUG [main] freemarker.cache 45 - Loading template for "Extent.ftl"("en_IN", UTF-8, parsed) from "jar:file:/C:/Users/mohdtoukeer/.m2/repository/com/relevantcodes/extentreports/2.41.2/extentreports-2.41.2.jar!/com/relevantcodes/extentreports/view/Extent.ftl"
11-22-2022 21:54:14 BasicClientConnectionManager.java DEBUG [main] conn.BasicClientConnectionManager 161 - Get connection for route {s}->https://trello.com:443
11-22-2022 21:54:14 DefaultClientConnectionOperator.java DEBUG [main] conn.DefaultClientConnectionOperator 177 - Connecting to trello.com:443
11-22-2022 21:54:14 RequestAddCookies.java DEBUG [main] protocol.RequestAddCookies 123 - CookieSpec selected: ignoreCookies
11-22-2022 21:54:14 RequestAuthCache.java DEBUG [main] protocol.RequestAuthCache 77 - Auth cache not set in the context
11-22-2022 21:54:14 RequestTargetAuthentication.java DEBUG [main] protocol.RequestTargetAuthentication 80 - Target auth state: UNCHALLENGED
11-22-2022 21:54:14 RequestProxyAuthentication.java DEBUG [main] protocol.RequestProxyAuthentication 89 - Proxy auth state: UNCHALLENGED
11-22-2022 21:54:14 DefaultRequestDirector.java DEBUG [main] client.DefaultHttpClient 677 - Attempt 1 to execute request
11-22-2022 21:54:14 DefaultClientConnection.java DEBUG [main] conn.DefaultClientConnection 274 - Sending request: PUT /1/organizations/637cf7add2a4ea00303cfa66?key=a277033a8a8b651020ff746999dd35ac&token=87a0cfec0eeabc87a28151de40d5e349235a77f1033345100796efc9a8f716f9 HTTP/1.1
11-22-2022 21:54:14 Wire.java DEBUG [main] http.wire 73 -  >> "PUT /1/organizations/637cf7add2a4ea00303cfa66?key=a277033a8a8b651020ff746999dd35ac&token=87a0cfec0eeabc87a28151de40d5e349235a77f1033345100796efc9a8f716f9 HTTP/1.1[\r][\n]"
11-22-2022 21:54:14 Wire.java DEBUG [main] http.wire 73 -  >> "Accept:  application/json[\r][\n]"
11-22-2022 21:54:14 Wire.java DEBUG [main] http.wire 73 -  >> "Content-Type: application/json[\r][\n]"
11-22-2022 21:54:14 Wire.java DEBUG [main] http.wire 73 -  >> "Content-Length: 56[\r][\n]"
11-22-2022 21:54:14 Wire.java DEBUG [main] http.wire 73 -  >> "Host: trello.com[\r][\n]"
11-22-2022 21:54:14 Wire.java DEBUG [main] http.wire 73 -  >> "Connection: Keep-Alive[\r][\n]"
11-22-2022 21:54:14 Wire.java DEBUG [main] http.wire 73 -  >> "User-Agent: Apache-HttpClient/4.5.13 (Java/11.0.1)[\r][\n]"
11-22-2022 21:54:14 Wire.java DEBUG [main] http.wire 73 -  >> "Accept-Encoding: gzip,deflate[\r][\n]"
11-22-2022 21:54:14 Wire.java DEBUG [main] http.wire 73 -  >> "[\r][\n]"
11-22-2022 21:54:14 DefaultClientConnection.java DEBUG [main] http.headers 278 - >> PUT /1/organizations/637cf7add2a4ea00303cfa66?key=a277033a8a8b651020ff746999dd35ac&token=87a0cfec0eeabc87a28151de40d5e349235a77f1033345100796efc9a8f716f9 HTTP/1.1
11-22-2022 21:54:14 DefaultClientConnection.java DEBUG [main] http.headers 281 - >> Accept:  application/json
11-22-2022 21:54:14 DefaultClientConnection.java DEBUG [main] http.headers 281 - >> Content-Type: application/json
11-22-2022 21:54:14 DefaultClientConnection.java DEBUG [main] http.headers 281 - >> Content-Length: 56
11-22-2022 21:54:14 DefaultClientConnection.java DEBUG [main] http.headers 281 - >> Host: trello.com
11-22-2022 21:54:14 DefaultClientConnection.java DEBUG [main] http.headers 281 - >> Connection: Keep-Alive
11-22-2022 21:54:14 DefaultClientConnection.java DEBUG [main] http.headers 281 - >> User-Agent: Apache-HttpClient/4.5.13 (Java/11.0.1)
11-22-2022 21:54:14 DefaultClientConnection.java DEBUG [main] http.headers 281 - >> Accept-Encoding: gzip,deflate
11-22-2022 21:54:14 Wire.java DEBUG [main] http.wire 73 -  >> "{[\r][\n]"
11-22-2022 21:54:14 Wire.java DEBUG [main] http.wire 73 -  >> ""displayName" : "This is new Updated organization"[\r][\n]"
11-22-2022 21:54:14 Wire.java DEBUG [main] http.wire 87 -  >> "}"
11-22-2022 21:54:14 Wire.java DEBUG [main] http.wire 73 -  << "HTTP/1.1 200 OK[\r][\n]"
11-22-2022 21:54:14 Wire.java DEBUG [main] http.wire 73 -  << "Date: Tue, 22 Nov 2022 16:24:14 GMT[\r][\n]"
11-22-2022 21:54:14 Wire.java DEBUG [main] http.wire 73 -  << "Content-Type: application/json; charset=utf-8[\r][\n]"
11-22-2022 21:54:14 Wire.java DEBUG [main] http.wire 73 -  << "Content-Length: 290[\r][\n]"
11-22-2022 21:54:14 Wire.java DEBUG [main] http.wire 73 -  << "X-Dns-Prefetch-Control: off[\r][\n]"
11-22-2022 21:54:14 Wire.java DEBUG [main] http.wire 73 -  << "X-Frame-Options: DENY[\r][\n]"
11-22-2022 21:54:14 Wire.java DEBUG [main] http.wire 73 -  << "X-Download-Options: noopen[\r][\n]"
11-22-2022 21:54:14 Wire.java DEBUG [main] http.wire 73 -  << "X-Permitted-Cross-Domain-Policies: none[\r][\n]"
11-22-2022 21:54:14 Wire.java DEBUG [main] http.wire 73 -  << "Referrer-Policy: strict-origin-when-cross-origin[\r][\n]"
11-22-2022 21:54:14 Wire.java DEBUG [main] http.wire 73 -  << "Surrogate-Control: no-store[\r][\n]"
11-22-2022 21:54:14 Wire.java DEBUG [main] http.wire 73 -  << "Cache-Control: max-age=0, must-revalidate, no-cache, no-store[\r][\n]"
11-22-2022 21:54:14 Wire.java DEBUG [main] http.wire 73 -  << "Pragma: no-cache[\r][\n]"
11-22-2022 21:54:14 Wire.java DEBUG [main] http.wire 73 -  << "Expires: Thu, 01 Jan 1970 00:00:00[\r][\n]"
11-22-2022 21:54:14 Wire.java DEBUG [main] http.wire 73 -  << "X-Trello-Version: 1.170568.0[\r][\n]"
11-22-2022 21:54:14 Wire.java DEBUG [main] http.wire 73 -  << "X-Trello-Environment: Production (Micros)[\r][\n]"
11-22-2022 21:54:14 Wire.java DEBUG [main] http.wire 73 -  << "Access-Control-Allow-Origin: *[\r][\n]"
11-22-2022 21:54:14 Wire.java DEBUG [main] http.wire 73 -  << "Access-Control-Allow-Methods: GET, PUT, POST, DELETE[\r][\n]"
11-22-2022 21:54:14 Wire.java DEBUG [main] http.wire 73 -  << "Access-Control-Allow-Headers: Authorization, Accept, Content-Type[\r][\n]"
11-22-2022 21:54:14 Wire.java DEBUG [main] http.wire 73 -  << "Access-Control-Expose-Headers: x-rate-limit-api-key-interval-ms, x-rate-limit-api-key-max, x-rate-limit-api-key-remaining, x-rate-limit-api-token-interval-ms, x-rate-limit-api-token-max, x-rate-limit-api-token-remaining[\r][\n]"
11-22-2022 21:54:14 Wire.java DEBUG [main] http.wire 73 -  << "X-Rate-Limit-Api-Token-Interval-Ms: 10000[\r][\n]"
11-22-2022 21:54:14 Wire.java DEBUG [main] http.wire 73 -  << "X-Rate-Limit-Api-Token-Max: 100[\r][\n]"
11-22-2022 21:54:14 Wire.java DEBUG [main] http.wire 73 -  << "X-Rate-Limit-Api-Token-Remaining: 94[\r][\n]"
11-22-2022 21:54:14 Wire.java DEBUG [main] http.wire 73 -  << "X-Rate-Limit-Db-Query-Time-Interval-Ms: 600000[\r][\n]"
11-22-2022 21:54:14 Wire.java DEBUG [main] http.wire 73 -  << "X-Rate-Limit-Db-Query-Time-Max: 7200000[\r][\n]"
11-22-2022 21:54:14 Wire.java DEBUG [main] http.wire 73 -  << "X-Rate-Limit-Db-Query-Time-Remaining: 7199990[\r][\n]"
11-22-2022 21:54:14 Wire.java DEBUG [main] http.wire 73 -  << "X-Rate-Limit-Action-Interval-Ms: 3600000[\r][\n]"
11-22-2022 21:54:14 Wire.java DEBUG [main] http.wire 73 -  << "X-Rate-Limit-Action-Max: 15000[\r][\n]"
11-22-2022 21:54:14 Wire.java DEBUG [main] http.wire 73 -  << "X-Rate-Limit-Action-Remaining: 14999[\r][\n]"
11-22-2022 21:54:14 Wire.java DEBUG [main] http.wire 73 -  << "X-Rate-Limit-Api-Key-Interval-Ms: 10000[\r][\n]"
11-22-2022 21:54:14 Wire.java DEBUG [main] http.wire 73 -  << "X-Rate-Limit-Api-Key-Max: 300[\r][\n]"
11-22-2022 21:54:14 Wire.java DEBUG [main] http.wire 73 -  << "X-Rate-Limit-Api-Key-Remaining: 294[\r][\n]"
11-22-2022 21:54:14 Wire.java DEBUG [main] http.wire 73 -  << "X-Rate-Limit-Member-Interval-Ms: 10000[\r][\n]"
11-22-2022 21:54:14 Wire.java DEBUG [main] http.wire 73 -  << "X-Rate-Limit-Member-Max: 375[\r][\n]"
11-22-2022 21:54:14 Wire.java DEBUG [main] http.wire 73 -  << "X-Rate-Limit-Member-Remaining: 365[\r][\n]"
11-22-2022 21:54:14 Wire.java DEBUG [main] http.wire 73 -  << "Set-Cookie: preAuthProps=s%3A637b571e071bb7056eb94b61%3AisEnterpriseAdmin%3Dfalse.BsvCkeBZpDt2UycswUciukUDlffViKvce4GMwyTAYjA; Path=/; HttpOnly[\r][\n]"
11-22-2022 21:54:14 Wire.java DEBUG [main] http.wire 73 -  << "X-Server-Time: 1669134254442[\r][\n]"
11-22-2022 21:54:14 Wire.java DEBUG [main] http.wire 73 -  << "Server: AtlassianEdge[\r][\n]"
11-22-2022 21:54:14 Wire.java DEBUG [main] http.wire 73 -  << "Expect-Ct: report-uri="https://web-security-reports.services.atlassian.com/expect-ct-report/trello-edge", max-age=86400[\r][\n]"
11-22-2022 21:54:14 Wire.java DEBUG [main] http.wire 73 -  << "Strict-Transport-Security: max-age=63072000; preload[\r][\n]"
11-22-2022 21:54:14 Wire.java DEBUG [main] http.wire 73 -  << "X-Content-Type-Options: nosniff[\r][\n]"
11-22-2022 21:54:14 Wire.java DEBUG [main] http.wire 73 -  << "X-Xss-Protection: 1; mode=block[\r][\n]"
11-22-2022 21:54:14 Wire.java DEBUG [main] http.wire 73 -  << "Atl-Traceid: a4cfe00630d7c403[\r][\n]"
11-22-2022 21:54:14 Wire.java DEBUG [main] http.wire 73 -  << "Report-To: {"endpoints": [{"url": "https://dz8aopenkvv6s.cloudfront.net"}], "group": "endpoint-1", "include_subdomains": true, "max_age": 600}[\r][\n]"
11-22-2022 21:54:14 Wire.java DEBUG [main] http.wire 73 -  << "Nel: {"failure_fraction": 0.001, "include_subdomains": true, "max_age": 600, "report_to": "endpoint-1"}[\r][\n]"
11-22-2022 21:54:14 Wire.java DEBUG [main] http.wire 73 -  << "[\r][\n]"
11-22-2022 21:54:14 DefaultClientConnection.java DEBUG [main] conn.DefaultClientConnection 259 - Receiving response: HTTP/1.1 200 OK
11-22-2022 21:54:14 DefaultClientConnection.java DEBUG [main] http.headers 262 - << HTTP/1.1 200 OK
11-22-2022 21:54:14 DefaultClientConnection.java DEBUG [main] http.headers 265 - << Date: Tue, 22 Nov 2022 16:24:14 GMT
11-22-2022 21:54:14 DefaultClientConnection.java DEBUG [main] http.headers 265 - << Content-Type: application/json; charset=utf-8
11-22-2022 21:54:14 DefaultClientConnection.java DEBUG [main] http.headers 265 - << Content-Length: 290
11-22-2022 21:54:14 DefaultClientConnection.java DEBUG [main] http.headers 265 - << X-Dns-Prefetch-Control: off
11-22-2022 21:54:14 DefaultClientConnection.java DEBUG [main] http.headers 265 - << X-Frame-Options: DENY
11-22-2022 21:54:14 DefaultClientConnection.java DEBUG [main] http.headers 265 - << X-Download-Options: noopen
11-22-2022 21:54:14 DefaultClientConnection.java DEBUG [main] http.headers 265 - << X-Permitted-Cross-Domain-Policies: none
11-22-2022 21:54:14 DefaultClientConnection.java DEBUG [main] http.headers 265 - << Referrer-Policy: strict-origin-when-cross-origin
11-22-2022 21:54:14 DefaultClientConnection.java DEBUG [main] http.headers 265 - << Surrogate-Control: no-store
11-22-2022 21:54:14 DefaultClientConnection.java DEBUG [main] http.headers 265 - << Cache-Control: max-age=0, must-revalidate, no-cache, no-store
11-22-2022 21:54:14 DefaultClientConnection.java DEBUG [main] http.headers 265 - << Pragma: no-cache
11-22-2022 21:54:14 DefaultClientConnection.java DEBUG [main] http.headers 265 - << Expires: Thu, 01 Jan 1970 00:00:00
11-22-2022 21:54:14 DefaultClientConnection.java DEBUG [main] http.headers 265 - << X-Trello-Version: 1.170568.0
11-22-2022 21:54:14 DefaultClientConnection.java DEBUG [main] http.headers 265 - << X-Trello-Environment: Production (Micros)
11-22-2022 21:54:14 DefaultClientConnection.java DEBUG [main] http.headers 265 - << Access-Control-Allow-Origin: *
11-22-2022 21:54:14 DefaultClientConnection.java DEBUG [main] http.headers 265 - << Access-Control-Allow-Methods: GET, PUT, POST, DELETE
11-22-2022 21:54:14 DefaultClientConnection.java DEBUG [main] http.headers 265 - << Access-Control-Allow-Headers: Authorization, Accept, Content-Type
11-22-2022 21:54:14 DefaultClientConnection.java DEBUG [main] http.headers 265 - << Access-Control-Expose-Headers: x-rate-limit-api-key-interval-ms, x-rate-limit-api-key-max, x-rate-limit-api-key-remaining, x-rate-limit-api-token-interval-ms, x-rate-limit-api-token-max, x-rate-limit-api-token-remaining
11-22-2022 21:54:14 DefaultClientConnection.java DEBUG [main] http.headers 265 - << X-Rate-Limit-Api-Token-Interval-Ms: 10000
11-22-2022 21:54:14 DefaultClientConnection.java DEBUG [main] http.headers 265 - << X-Rate-Limit-Api-Token-Max: 100
11-22-2022 21:54:14 DefaultClientConnection.java DEBUG [main] http.headers 265 - << X-Rate-Limit-Api-Token-Remaining: 94
11-22-2022 21:54:14 DefaultClientConnection.java DEBUG [main] http.headers 265 - << X-Rate-Limit-Db-Query-Time-Interval-Ms: 600000
11-22-2022 21:54:14 DefaultClientConnection.java DEBUG [main] http.headers 265 - << X-Rate-Limit-Db-Query-Time-Max: 7200000
11-22-2022 21:54:14 DefaultClientConnection.java DEBUG [main] http.headers 265 - << X-Rate-Limit-Db-Query-Time-Remaining: 7199990
11-22-2022 21:54:14 DefaultClientConnection.java DEBUG [main] http.headers 265 - << X-Rate-Limit-Action-Interval-Ms: 3600000
11-22-2022 21:54:14 DefaultClientConnection.java DEBUG [main] http.headers 265 - << X-Rate-Limit-Action-Max: 15000
11-22-2022 21:54:14 DefaultClientConnection.java DEBUG [main] http.headers 265 - << X-Rate-Limit-Action-Remaining: 14999
11-22-2022 21:54:14 DefaultClientConnection.java DEBUG [main] http.headers 265 - << X-Rate-Limit-Api-Key-Interval-Ms: 10000
11-22-2022 21:54:14 DefaultClientConnection.java DEBUG [main] http.headers 265 - << X-Rate-Limit-Api-Key-Max: 300
11-22-2022 21:54:14 DefaultClientConnection.java DEBUG [main] http.headers 265 - << X-Rate-Limit-Api-Key-Remaining: 294
11-22-2022 21:54:14 DefaultClientConnection.java DEBUG [main] http.headers 265 - << X-Rate-Limit-Member-Interval-Ms: 10000
11-22-2022 21:54:14 DefaultClientConnection.java DEBUG [main] http.headers 265 - << X-Rate-Limit-Member-Max: 375
11-22-2022 21:54:14 DefaultClientConnection.java DEBUG [main] http.headers 265 - << X-Rate-Limit-Member-Remaining: 365
11-22-2022 21:54:14 DefaultClientConnection.java DEBUG [main] http.headers 265 - << Set-Cookie: preAuthProps=s%3A637b571e071bb7056eb94b61%3AisEnterpriseAdmin%3Dfalse.BsvCkeBZpDt2UycswUciukUDlffViKvce4GMwyTAYjA; Path=/; HttpOnly
11-22-2022 21:54:14 DefaultClientConnection.java DEBUG [main] http.headers 265 - << X-Server-Time: 1669134254442
11-22-2022 21:54:14 DefaultClientConnection.java DEBUG [main] http.headers 265 - << Server: AtlassianEdge
11-22-2022 21:54:14 DefaultClientConnection.java DEBUG [main] http.headers 265 - << Expect-Ct: report-uri="https://web-security-reports.services.atlassian.com/expect-ct-report/trello-edge", max-age=86400
11-22-2022 21:54:14 DefaultClientConnection.java DEBUG [main] http.headers 265 - << Strict-Transport-Security: max-age=63072000; preload
11-22-2022 21:54:14 DefaultClientConnection.java DEBUG [main] http.headers 265 - << X-Content-Type-Options: nosniff
11-22-2022 21:54:14 DefaultClientConnection.java DEBUG [main] http.headers 265 - << X-Xss-Protection: 1; mode=block
11-22-2022 21:54:14 DefaultClientConnection.java DEBUG [main] http.headers 265 - << Atl-Traceid: a4cfe00630d7c403
11-22-2022 21:54:14 DefaultClientConnection.java DEBUG [main] http.headers 265 - << Report-To: {"endpoints": [{"url": "https://dz8aopenkvv6s.cloudfront.net"}], "group": "endpoint-1", "include_subdomains": true, "max_age": 600}
11-22-2022 21:54:14 DefaultClientConnection.java DEBUG [main] http.headers 265 - << Nel: {"failure_fraction": 0.001, "include_subdomains": true, "max_age": 600, "report_to": "endpoint-1"}
11-22-2022 21:54:14 DefaultRequestDirector.java DEBUG [main] client.DefaultHttpClient 504 - Connection can be kept alive indefinitely
11-22-2022 21:54:14 HTTPBuilder.java DEBUG [main] internal.RequestSpecificationImpl$RestAssuredHttpBuilder 545 - Parsing response as: application/json; charset=utf-8
11-22-2022 21:54:14 HTTPBuilder.java DEBUG [main] internal.RequestSpecificationImpl$RestAssuredHttpBuilder 548 - Parsed data to instance of: class org.apache.http.conn.EofSensorInputStream
11-22-2022 21:54:14 Wire.java DEBUG [main] http.wire 87 -  << "{"id":"637cf7add2a4ea00303cfa66","name":"thisisneworganization6","displayName":"This is new Updated organization","desc":"","descData":{"emoji":{}},"url":"https://trello.com/w/thisisneworganization6","website":null,"teamType":null,"logoHash":null,"logoUrl":null,"products":[],"powerUps":[]}"
11-22-2022 21:54:14 BasicClientConnectionManager.java DEBUG [main] conn.BasicClientConnectionManager 200 - Releasing connection org.apache.http.impl.conn.ManagedClientConnectionImpl@e0d1dc4
11-22-2022 21:54:14 BasicClientConnectionManager.java DEBUG [main] conn.BasicClientConnectionManager 225 - Connection can be kept alive indefinitely
HTTP/1.1 200 OK
Date: Tue, 22 Nov 2022 16:24:14 GMT
Content-Type: application/json; charset=utf-8
Content-Length: 290
X-Dns-Prefetch-Control: off
X-Frame-Options: DENY
X-Download-Options: noopen
X-Permitted-Cross-Domain-Policies: none
Referrer-Policy: strict-origin-when-cross-origin
Surrogate-Control: no-store
Cache-Control: max-age=0, must-revalidate, no-cache, no-store
Pragma: no-cache
Expires: Thu, 01 Jan 1970 00:00:00
X-Trello-Version: 1.170568.0
X-Trello-Environment: Production (Micros)
Access-Control-Allow-Origin: *
Access-Control-Allow-Methods: GET, PUT, POST, DELETE
Access-Control-Allow-Headers: Authorization, Accept, Content-Type
Access-Control-Expose-Headers: x-rate-limit-api-key-interval-ms, x-rate-limit-api-key-max, x-rate-limit-api-key-remaining, x-rate-limit-api-token-interval-ms, x-rate-limit-api-token-max, x-rate-limit-api-token-remaining
X-Rate-Limit-Api-Token-Interval-Ms: 10000
X-Rate-Limit-Api-Token-Max: 100
X-Rate-Limit-Api-Token-Remaining: 94
X-Rate-Limit-Db-Query-Time-Interval-Ms: 600000
X-Rate-Limit-Db-Query-Time-Max: 7200000
X-Rate-Limit-Db-Query-Time-Remaining: 7199990
X-Rate-Limit-Action-Interval-Ms: 3600000
X-Rate-Limit-Action-Max: 15000
X-Rate-Limit-Action-Remaining: 14999
X-Rate-Limit-Api-Key-Interval-Ms: 10000
X-Rate-Limit-Api-Key-Max: 300
X-Rate-Limit-Api-Key-Remaining: 294
X-Rate-Limit-Member-Interval-Ms: 10000
X-Rate-Limit-Member-Max: 375
X-Rate-Limit-Member-Remaining: 365
Set-Cookie: preAuthProps=s%3A637b571e071bb7056eb94b61%3AisEnterpriseAdmin%3Dfalse.BsvCkeBZpDt2UycswUciukUDlffViKvce4GMwyTAYjA; Path=/; HttpOnly
X-Server-Time: 1669134254442
Server: AtlassianEdge
Expect-Ct: report-uri="https://web-security-reports.services.atlassian.com/expect-ct-report/trello-edge", max-age=86400
Strict-Transport-Security: max-age=63072000; preload
X-Content-Type-Options: nosniff
X-Xss-Protection: 1; mode=block
Atl-Traceid: a4cfe00630d7c403
Report-To: {"endpoints": [{"url": "https://dz8aopenkvv6s.cloudfront.net"}], "group": "endpoint-1", "include_subdomains": true, "max_age": 600}
Nel: {"failure_fraction": 0.001, "include_subdomains": true, "max_age": 600, "report_to": "endpoint-1"}

{
    "id": "637cf7add2a4ea00303cfa66",
    "name": "thisisneworganization6",
    "displayName": "This is new Updated organization",
    "desc": "",
    "descData": {
        "emoji": {
            
        }
    },
    "url": "https://trello.com/w/thisisneworganization6",
    "website": null,
    "teamType": null,
    "logoHash": null,
    "logoUrl": null,
    "products": [
        
    ],
    "powerUps": [
        
    ]
}
ID -->637cf7add2a4ea00303cfa66
]]></system-out>
  </testcase>
  <testcase name="Get_an_Organization" classname="testData.Organization" time="0.548">
    <system-out><![CDATA[Update_an_Organization
11-22-2022 21:54:14 _Log4jLoggerFactory.java DEBUG [main] freemarker.cache 45 - Couldn't find template in cache for "Extent.ftl"("en_IN", UTF-8, parsed); will try to load it.
11-22-2022 21:54:14 _Log4jLoggerFactory.java DEBUG [main] freemarker.cache 45 - TemplateLoader.findTemplateSource("Extent_en_IN.ftl"): Not found
11-22-2022 21:54:14 _Log4jLoggerFactory.java DEBUG [main] freemarker.cache 45 - TemplateLoader.findTemplateSource("Extent_en.ftl"): Not found
11-22-2022 21:54:14 _Log4jLoggerFactory.java DEBUG [main] freemarker.cache 45 - TemplateLoader.findTemplateSource("Extent.ftl"): Found
11-22-2022 21:54:14 _Log4jLoggerFactory.java DEBUG [main] freemarker.cache 45 - Loading template for "Extent.ftl"("en_IN", UTF-8, parsed) from "jar:file:/C:/Users/mohdtoukeer/.m2/repository/com/relevantcodes/extentreports/2.41.2/extentreports-2.41.2.jar!/com/relevantcodes/extentreports/view/Extent.ftl"
11-22-2022 21:54:14 BasicClientConnectionManager.java DEBUG [main] conn.BasicClientConnectionManager 161 - Get connection for route {s}->https://trello.com:443
11-22-2022 21:54:14 DefaultClientConnectionOperator.java DEBUG [main] conn.DefaultClientConnectionOperator 177 - Connecting to trello.com:443
11-22-2022 21:54:14 RequestAddCookies.java DEBUG [main] protocol.RequestAddCookies 123 - CookieSpec selected: ignoreCookies
11-22-2022 21:54:14 RequestAuthCache.java DEBUG [main] protocol.RequestAuthCache 77 - Auth cache not set in the context
11-22-2022 21:54:14 RequestTargetAuthentication.java DEBUG [main] protocol.RequestTargetAuthentication 80 - Target auth state: UNCHALLENGED
11-22-2022 21:54:14 RequestProxyAuthentication.java DEBUG [main] protocol.RequestProxyAuthentication 89 - Proxy auth state: UNCHALLENGED
11-22-2022 21:54:14 DefaultRequestDirector.java DEBUG [main] client.DefaultHttpClient 677 - Attempt 1 to execute request
11-22-2022 21:54:14 DefaultClientConnection.java DEBUG [main] conn.DefaultClientConnection 274 - Sending request: GET /1/organizations/637cf7add2a4ea00303cfa66?key=a277033a8a8b651020ff746999dd35ac&token=87a0cfec0eeabc87a28151de40d5e349235a77f1033345100796efc9a8f716f9 HTTP/1.1
11-22-2022 21:54:14 Wire.java DEBUG [main] http.wire 73 -  >> "GET /1/organizations/637cf7add2a4ea00303cfa66?key=a277033a8a8b651020ff746999dd35ac&token=87a0cfec0eeabc87a28151de40d5e349235a77f1033345100796efc9a8f716f9 HTTP/1.1[\r][\n]"
11-22-2022 21:54:14 Wire.java DEBUG [main] http.wire 73 -  >> "Accept: application/json[\r][\n]"
11-22-2022 21:54:14 Wire.java DEBUG [main] http.wire 73 -  >> "Host: trello.com[\r][\n]"
11-22-2022 21:54:14 Wire.java DEBUG [main] http.wire 73 -  >> "Connection: Keep-Alive[\r][\n]"
11-22-2022 21:54:14 Wire.java DEBUG [main] http.wire 73 -  >> "User-Agent: Apache-HttpClient/4.5.13 (Java/11.0.1)[\r][\n]"
11-22-2022 21:54:14 Wire.java DEBUG [main] http.wire 73 -  >> "Accept-Encoding: gzip,deflate[\r][\n]"
11-22-2022 21:54:14 Wire.java DEBUG [main] http.wire 73 -  >> "[\r][\n]"
11-22-2022 21:54:14 DefaultClientConnection.java DEBUG [main] http.headers 278 - >> GET /1/organizations/637cf7add2a4ea00303cfa66?key=a277033a8a8b651020ff746999dd35ac&token=87a0cfec0eeabc87a28151de40d5e349235a77f1033345100796efc9a8f716f9 HTTP/1.1
11-22-2022 21:54:14 DefaultClientConnection.java DEBUG [main] http.headers 281 - >> Accept: application/json
11-22-2022 21:54:14 DefaultClientConnection.java DEBUG [main] http.headers 281 - >> Host: trello.com
11-22-2022 21:54:14 DefaultClientConnection.java DEBUG [main] http.headers 281 - >> Connection: Keep-Alive
11-22-2022 21:54:14 DefaultClientConnection.java DEBUG [main] http.headers 281 - >> User-Agent: Apache-HttpClient/4.5.13 (Java/11.0.1)
11-22-2022 21:54:14 DefaultClientConnection.java DEBUG [main] http.headers 281 - >> Accept-Encoding: gzip,deflate
11-22-2022 21:54:15 Wire.java DEBUG [main] http.wire 73 -  << "HTTP/1.1 200 OK[\r][\n]"
11-22-2022 21:54:15 Wire.java DEBUG [main] http.wire 73 -  << "Date: Tue, 22 Nov 2022 16:24:15 GMT[\r][\n]"
11-22-2022 21:54:15 Wire.java DEBUG [main] http.wire 73 -  << "Content-Type: application/json; charset=utf-8[\r][\n]"
11-22-2022 21:54:15 Wire.java DEBUG [main] http.wire 73 -  << "Content-Length: 290[\r][\n]"
11-22-2022 21:54:15 Wire.java DEBUG [main] http.wire 73 -  << "X-Dns-Prefetch-Control: off[\r][\n]"
11-22-2022 21:54:15 Wire.java DEBUG [main] http.wire 73 -  << "X-Frame-Options: DENY[\r][\n]"
11-22-2022 21:54:15 Wire.java DEBUG [main] http.wire 73 -  << "X-Download-Options: noopen[\r][\n]"
11-22-2022 21:54:15 Wire.java DEBUG [main] http.wire 73 -  << "X-Permitted-Cross-Domain-Policies: none[\r][\n]"
11-22-2022 21:54:15 Wire.java DEBUG [main] http.wire 73 -  << "Referrer-Policy: strict-origin-when-cross-origin[\r][\n]"
11-22-2022 21:54:15 Wire.java DEBUG [main] http.wire 73 -  << "Surrogate-Control: no-store[\r][\n]"
11-22-2022 21:54:15 Wire.java DEBUG [main] http.wire 73 -  << "Cache-Control: max-age=0, must-revalidate, no-cache, no-store[\r][\n]"
11-22-2022 21:54:15 Wire.java DEBUG [main] http.wire 73 -  << "Pragma: no-cache[\r][\n]"
11-22-2022 21:54:15 Wire.java DEBUG [main] http.wire 73 -  << "Expires: Thu, 01 Jan 1970 00:00:00[\r][\n]"
11-22-2022 21:54:15 Wire.java DEBUG [main] http.wire 73 -  << "X-Trello-Version: 1.170568.0[\r][\n]"
11-22-2022 21:54:15 Wire.java DEBUG [main] http.wire 73 -  << "X-Trello-Environment: Production (Micros)[\r][\n]"
11-22-2022 21:54:15 Wire.java DEBUG [main] http.wire 73 -  << "Set-Cookie: dsc=817f3d38c03b75db3f99ed6fd7c9ff64118becf9da240764ea719bc19f70b7cf; Path=/; Expires=Fri, 25 Nov 2022 16:24:14 GMT; Secure[\r][\n]"
11-22-2022 21:54:15 Wire.java DEBUG [main] http.wire 73 -  << "Set-Cookie: preAuthProps=s%3A637b571e071bb7056eb94b61%3AisEnterpriseAdmin%3Dfalse.BsvCkeBZpDt2UycswUciukUDlffViKvce4GMwyTAYjA; Path=/; HttpOnly[\r][\n]"
11-22-2022 21:54:15 Wire.java DEBUG [main] http.wire 73 -  << "Access-Control-Allow-Origin: *[\r][\n]"
11-22-2022 21:54:15 Wire.java DEBUG [main] http.wire 73 -  << "Access-Control-Allow-Methods: GET, PUT, POST, DELETE[\r][\n]"
11-22-2022 21:54:15 Wire.java DEBUG [main] http.wire 73 -  << "Access-Control-Allow-Headers: Authorization, Accept, Content-Type[\r][\n]"
11-22-2022 21:54:15 Wire.java DEBUG [main] http.wire 73 -  << "Access-Control-Expose-Headers: x-rate-limit-api-key-interval-ms, x-rate-limit-api-key-max, x-rate-limit-api-key-remaining, x-rate-limit-api-token-interval-ms, x-rate-limit-api-token-max, x-rate-limit-api-token-remaining[\r][\n]"
11-22-2022 21:54:15 Wire.java DEBUG [main] http.wire 73 -  << "X-Rate-Limit-Api-Token-Interval-Ms: 10000[\r][\n]"
11-22-2022 21:54:15 Wire.java DEBUG [main] http.wire 73 -  << "X-Rate-Limit-Api-Token-Max: 100[\r][\n]"
11-22-2022 21:54:15 Wire.java DEBUG [main] http.wire 73 -  << "X-Rate-Limit-Api-Token-Remaining: 93[\r][\n]"
11-22-2022 21:54:15 Wire.java DEBUG [main] http.wire 73 -  << "X-Rate-Limit-Db-Query-Time-Interval-Ms: 600000[\r][\n]"
11-22-2022 21:54:15 Wire.java DEBUG [main] http.wire 73 -  << "X-Rate-Limit-Db-Query-Time-Max: 7200000[\r][\n]"
11-22-2022 21:54:15 Wire.java DEBUG [main] http.wire 73 -  << "X-Rate-Limit-Db-Query-Time-Remaining: 7199990[\r][\n]"
11-22-2022 21:54:15 Wire.java DEBUG [main] http.wire 73 -  << "X-Rate-Limit-Api-Key-Interval-Ms: 10000[\r][\n]"
11-22-2022 21:54:15 Wire.java DEBUG [main] http.wire 73 -  << "X-Rate-Limit-Api-Key-Max: 300[\r][\n]"
11-22-2022 21:54:15 Wire.java DEBUG [main] http.wire 73 -  << "X-Rate-Limit-Api-Key-Remaining: 293[\r][\n]"
11-22-2022 21:54:15 Wire.java DEBUG [main] http.wire 73 -  << "X-Rate-Limit-Member-Interval-Ms: 10000[\r][\n]"
11-22-2022 21:54:15 Wire.java DEBUG [main] http.wire 73 -  << "X-Rate-Limit-Member-Max: 375[\r][\n]"
11-22-2022 21:54:15 Wire.java DEBUG [main] http.wire 73 -  << "X-Rate-Limit-Member-Remaining: 364[\r][\n]"
11-22-2022 21:54:15 Wire.java DEBUG [main] http.wire 73 -  << "X-Server-Time: 1669134255001[\r][\n]"
11-22-2022 21:54:15 Wire.java DEBUG [main] http.wire 73 -  << "Server: AtlassianEdge[\r][\n]"
11-22-2022 21:54:15 Wire.java DEBUG [main] http.wire 73 -  << "Expect-Ct: report-uri="https://web-security-reports.services.atlassian.com/expect-ct-report/trello-edge", max-age=86400[\r][\n]"
11-22-2022 21:54:15 Wire.java DEBUG [main] http.wire 73 -  << "Strict-Transport-Security: max-age=63072000; preload[\r][\n]"
11-22-2022 21:54:15 Wire.java DEBUG [main] http.wire 73 -  << "X-Content-Type-Options: nosniff[\r][\n]"
11-22-2022 21:54:15 Wire.java DEBUG [main] http.wire 73 -  << "X-Xss-Protection: 1; mode=block[\r][\n]"
11-22-2022 21:54:15 Wire.java DEBUG [main] http.wire 73 -  << "Atl-Traceid: a918d8dc6465dfa4[\r][\n]"
11-22-2022 21:54:15 Wire.java DEBUG [main] http.wire 73 -  << "Report-To: {"endpoints": [{"url": "https://dz8aopenkvv6s.cloudfront.net"}], "group": "endpoint-1", "include_subdomains": true, "max_age": 600}[\r][\n]"
11-22-2022 21:54:15 Wire.java DEBUG [main] http.wire 73 -  << "Nel: {"failure_fraction": 0.001, "include_subdomains": true, "max_age": 600, "report_to": "endpoint-1"}[\r][\n]"
11-22-2022 21:54:15 Wire.java DEBUG [main] http.wire 73 -  << "[\r][\n]"
11-22-2022 21:54:15 DefaultClientConnection.java DEBUG [main] conn.DefaultClientConnection 259 - Receiving response: HTTP/1.1 200 OK
11-22-2022 21:54:15 DefaultClientConnection.java DEBUG [main] http.headers 262 - << HTTP/1.1 200 OK
11-22-2022 21:54:15 DefaultClientConnection.java DEBUG [main] http.headers 265 - << Date: Tue, 22 Nov 2022 16:24:15 GMT
11-22-2022 21:54:15 DefaultClientConnection.java DEBUG [main] http.headers 265 - << Content-Type: application/json; charset=utf-8
11-22-2022 21:54:15 DefaultClientConnection.java DEBUG [main] http.headers 265 - << Content-Length: 290
11-22-2022 21:54:15 DefaultClientConnection.java DEBUG [main] http.headers 265 - << X-Dns-Prefetch-Control: off
11-22-2022 21:54:15 DefaultClientConnection.java DEBUG [main] http.headers 265 - << X-Frame-Options: DENY
11-22-2022 21:54:15 DefaultClientConnection.java DEBUG [main] http.headers 265 - << X-Download-Options: noopen
11-22-2022 21:54:15 DefaultClientConnection.java DEBUG [main] http.headers 265 - << X-Permitted-Cross-Domain-Policies: none
11-22-2022 21:54:15 DefaultClientConnection.java DEBUG [main] http.headers 265 - << Referrer-Policy: strict-origin-when-cross-origin
11-22-2022 21:54:15 DefaultClientConnection.java DEBUG [main] http.headers 265 - << Surrogate-Control: no-store
11-22-2022 21:54:15 DefaultClientConnection.java DEBUG [main] http.headers 265 - << Cache-Control: max-age=0, must-revalidate, no-cache, no-store
11-22-2022 21:54:15 DefaultClientConnection.java DEBUG [main] http.headers 265 - << Pragma: no-cache
11-22-2022 21:54:15 DefaultClientConnection.java DEBUG [main] http.headers 265 - << Expires: Thu, 01 Jan 1970 00:00:00
11-22-2022 21:54:15 DefaultClientConnection.java DEBUG [main] http.headers 265 - << X-Trello-Version: 1.170568.0
11-22-2022 21:54:15 DefaultClientConnection.java DEBUG [main] http.headers 265 - << X-Trello-Environment: Production (Micros)
11-22-2022 21:54:15 DefaultClientConnection.java DEBUG [main] http.headers 265 - << Set-Cookie: dsc=817f3d38c03b75db3f99ed6fd7c9ff64118becf9da240764ea719bc19f70b7cf; Path=/; Expires=Fri, 25 Nov 2022 16:24:14 GMT; Secure
11-22-2022 21:54:15 DefaultClientConnection.java DEBUG [main] http.headers 265 - << Set-Cookie: preAuthProps=s%3A637b571e071bb7056eb94b61%3AisEnterpriseAdmin%3Dfalse.BsvCkeBZpDt2UycswUciukUDlffViKvce4GMwyTAYjA; Path=/; HttpOnly
11-22-2022 21:54:15 DefaultClientConnection.java DEBUG [main] http.headers 265 - << Access-Control-Allow-Origin: *
11-22-2022 21:54:15 DefaultClientConnection.java DEBUG [main] http.headers 265 - << Access-Control-Allow-Methods: GET, PUT, POST, DELETE
11-22-2022 21:54:15 DefaultClientConnection.java DEBUG [main] http.headers 265 - << Access-Control-Allow-Headers: Authorization, Accept, Content-Type
11-22-2022 21:54:15 DefaultClientConnection.java DEBUG [main] http.headers 265 - << Access-Control-Expose-Headers: x-rate-limit-api-key-interval-ms, x-rate-limit-api-key-max, x-rate-limit-api-key-remaining, x-rate-limit-api-token-interval-ms, x-rate-limit-api-token-max, x-rate-limit-api-token-remaining
11-22-2022 21:54:15 DefaultClientConnection.java DEBUG [main] http.headers 265 - << X-Rate-Limit-Api-Token-Interval-Ms: 10000
11-22-2022 21:54:15 DefaultClientConnection.java DEBUG [main] http.headers 265 - << X-Rate-Limit-Api-Token-Max: 100
11-22-2022 21:54:15 DefaultClientConnection.java DEBUG [main] http.headers 265 - << X-Rate-Limit-Api-Token-Remaining: 93
11-22-2022 21:54:15 DefaultClientConnection.java DEBUG [main] http.headers 265 - << X-Rate-Limit-Db-Query-Time-Interval-Ms: 600000
11-22-2022 21:54:15 DefaultClientConnection.java DEBUG [main] http.headers 265 - << X-Rate-Limit-Db-Query-Time-Max: 7200000
11-22-2022 21:54:15 DefaultClientConnection.java DEBUG [main] http.headers 265 - << X-Rate-Limit-Db-Query-Time-Remaining: 7199990
11-22-2022 21:54:15 DefaultClientConnection.java DEBUG [main] http.headers 265 - << X-Rate-Limit-Api-Key-Interval-Ms: 10000
11-22-2022 21:54:15 DefaultClientConnection.java DEBUG [main] http.headers 265 - << X-Rate-Limit-Api-Key-Max: 300
11-22-2022 21:54:15 DefaultClientConnection.java DEBUG [main] http.headers 265 - << X-Rate-Limit-Api-Key-Remaining: 293
11-22-2022 21:54:15 DefaultClientConnection.java DEBUG [main] http.headers 265 - << X-Rate-Limit-Member-Interval-Ms: 10000
11-22-2022 21:54:15 DefaultClientConnection.java DEBUG [main] http.headers 265 - << X-Rate-Limit-Member-Max: 375
11-22-2022 21:54:15 DefaultClientConnection.java DEBUG [main] http.headers 265 - << X-Rate-Limit-Member-Remaining: 364
11-22-2022 21:54:15 DefaultClientConnection.java DEBUG [main] http.headers 265 - << X-Server-Time: 1669134255001
11-22-2022 21:54:15 DefaultClientConnection.java DEBUG [main] http.headers 265 - << Server: AtlassianEdge
11-22-2022 21:54:15 DefaultClientConnection.java DEBUG [main] http.headers 265 - << Expect-Ct: report-uri="https://web-security-reports.services.atlassian.com/expect-ct-report/trello-edge", max-age=86400
11-22-2022 21:54:15 DefaultClientConnection.java DEBUG [main] http.headers 265 - << Strict-Transport-Security: max-age=63072000; preload
11-22-2022 21:54:15 DefaultClientConnection.java DEBUG [main] http.headers 265 - << X-Content-Type-Options: nosniff
11-22-2022 21:54:15 DefaultClientConnection.java DEBUG [main] http.headers 265 - << X-Xss-Protection: 1; mode=block
11-22-2022 21:54:15 DefaultClientConnection.java DEBUG [main] http.headers 265 - << Atl-Traceid: a918d8dc6465dfa4
11-22-2022 21:54:15 DefaultClientConnection.java DEBUG [main] http.headers 265 - << Report-To: {"endpoints": [{"url": "https://dz8aopenkvv6s.cloudfront.net"}], "group": "endpoint-1", "include_subdomains": true, "max_age": 600}
11-22-2022 21:54:15 DefaultClientConnection.java DEBUG [main] http.headers 265 - << Nel: {"failure_fraction": 0.001, "include_subdomains": true, "max_age": 600, "report_to": "endpoint-1"}
11-22-2022 21:54:15 DefaultRequestDirector.java DEBUG [main] client.DefaultHttpClient 504 - Connection can be kept alive indefinitely
11-22-2022 21:54:15 HTTPBuilder.java DEBUG [main] internal.RequestSpecificationImpl$RestAssuredHttpBuilder 545 - Parsing response as: application/json; charset=utf-8
11-22-2022 21:54:15 HTTPBuilder.java DEBUG [main] internal.RequestSpecificationImpl$RestAssuredHttpBuilder 548 - Parsed data to instance of: class org.apache.http.conn.EofSensorInputStream
11-22-2022 21:54:15 Wire.java DEBUG [main] http.wire 87 -  << "{"id":"637cf7add2a4ea00303cfa66","name":"thisisneworganization6","displayName":"This is new Updated organization","desc":"","descData":{"emoji":{}},"url":"https://trello.com/w/thisisneworganization6","website":null,"teamType":null,"logoHash":null,"logoUrl":null,"products":[],"powerUps":[]}"
11-22-2022 21:54:15 BasicClientConnectionManager.java DEBUG [main] conn.BasicClientConnectionManager 200 - Releasing connection org.apache.http.impl.conn.ManagedClientConnectionImpl@59b492ec
11-22-2022 21:54:15 BasicClientConnectionManager.java DEBUG [main] conn.BasicClientConnectionManager 225 - Connection can be kept alive indefinitely
HTTP/1.1 200 OK
Date: Tue, 22 Nov 2022 16:24:15 GMT
Content-Type: application/json; charset=utf-8
Content-Length: 290
X-Dns-Prefetch-Control: off
X-Frame-Options: DENY
X-Download-Options: noopen
X-Permitted-Cross-Domain-Policies: none
Referrer-Policy: strict-origin-when-cross-origin
Surrogate-Control: no-store
Cache-Control: max-age=0, must-revalidate, no-cache, no-store
Pragma: no-cache
Expires: Thu, 01 Jan 1970 00:00:00
X-Trello-Version: 1.170568.0
X-Trello-Environment: Production (Micros)
Set-Cookie: dsc=817f3d38c03b75db3f99ed6fd7c9ff64118becf9da240764ea719bc19f70b7cf; Path=/; Expires=Fri, 25 Nov 2022 16:24:14 GMT; Secure
Set-Cookie: preAuthProps=s%3A637b571e071bb7056eb94b61%3AisEnterpriseAdmin%3Dfalse.BsvCkeBZpDt2UycswUciukUDlffViKvce4GMwyTAYjA; Path=/; HttpOnly
Access-Control-Allow-Origin: *
Access-Control-Allow-Methods: GET, PUT, POST, DELETE
Access-Control-Allow-Headers: Authorization, Accept, Content-Type
Access-Control-Expose-Headers: x-rate-limit-api-key-interval-ms, x-rate-limit-api-key-max, x-rate-limit-api-key-remaining, x-rate-limit-api-token-interval-ms, x-rate-limit-api-token-max, x-rate-limit-api-token-remaining
X-Rate-Limit-Api-Token-Interval-Ms: 10000
X-Rate-Limit-Api-Token-Max: 100
X-Rate-Limit-Api-Token-Remaining: 93
X-Rate-Limit-Db-Query-Time-Interval-Ms: 600000
X-Rate-Limit-Db-Query-Time-Max: 7200000
X-Rate-Limit-Db-Query-Time-Remaining: 7199990
X-Rate-Limit-Api-Key-Interval-Ms: 10000
X-Rate-Limit-Api-Key-Max: 300
X-Rate-Limit-Api-Key-Remaining: 293
X-Rate-Limit-Member-Interval-Ms: 10000
X-Rate-Limit-Member-Max: 375
X-Rate-Limit-Member-Remaining: 364
X-Server-Time: 1669134255001
Server: AtlassianEdge
Expect-Ct: report-uri="https://web-security-reports.services.atlassian.com/expect-ct-report/trello-edge", max-age=86400
Strict-Transport-Security: max-age=63072000; preload
X-Content-Type-Options: nosniff
X-Xss-Protection: 1; mode=block
Atl-Traceid: a918d8dc6465dfa4
Report-To: {"endpoints": [{"url": "https://dz8aopenkvv6s.cloudfront.net"}], "group": "endpoint-1", "include_subdomains": true, "max_age": 600}
Nel: {"failure_fraction": 0.001, "include_subdomains": true, "max_age": 600, "report_to": "endpoint-1"}

{
    "id": "637cf7add2a4ea00303cfa66",
    "name": "thisisneworganization6",
    "displayName": "This is new Updated organization",
    "desc": "",
    "descData": {
        "emoji": {
            
        }
    },
    "url": "https://trello.com/w/thisisneworganization6",
    "website": null,
    "teamType": null,
    "logoHash": null,
    "logoUrl": null,
    "products": [
        
    ],
    "powerUps": [
        
    ]
}
ID -->637cf7add2a4ea00303cfa66
]]></system-out>
  </testcase>
  <testcase name="delete_an_Organization" classname="testData.Organization" time="0.769">
    <system-out><![CDATA[Get_an_Organization
11-22-2022 21:54:15 _Log4jLoggerFactory.java DEBUG [main] freemarker.cache 45 - Couldn't find template in cache for "Extent.ftl"("en_IN", UTF-8, parsed); will try to load it.
11-22-2022 21:54:15 _Log4jLoggerFactory.java DEBUG [main] freemarker.cache 45 - TemplateLoader.findTemplateSource("Extent_en_IN.ftl"): Not found
11-22-2022 21:54:15 _Log4jLoggerFactory.java DEBUG [main] freemarker.cache 45 - TemplateLoader.findTemplateSource("Extent_en.ftl"): Not found
11-22-2022 21:54:15 _Log4jLoggerFactory.java DEBUG [main] freemarker.cache 45 - TemplateLoader.findTemplateSource("Extent.ftl"): Found
11-22-2022 21:54:15 _Log4jLoggerFactory.java DEBUG [main] freemarker.cache 45 - Loading template for "Extent.ftl"("en_IN", UTF-8, parsed) from "jar:file:/C:/Users/mohdtoukeer/.m2/repository/com/relevantcodes/extentreports/2.41.2/extentreports-2.41.2.jar!/com/relevantcodes/extentreports/view/Extent.ftl"
11-22-2022 21:54:15 BasicClientConnectionManager.java DEBUG [main] conn.BasicClientConnectionManager 161 - Get connection for route {s}->https://trello.com:443
11-22-2022 21:54:15 DefaultClientConnectionOperator.java DEBUG [main] conn.DefaultClientConnectionOperator 177 - Connecting to trello.com:443
11-22-2022 21:54:15 RequestAddCookies.java DEBUG [main] protocol.RequestAddCookies 123 - CookieSpec selected: ignoreCookies
11-22-2022 21:54:15 RequestAuthCache.java DEBUG [main] protocol.RequestAuthCache 77 - Auth cache not set in the context
11-22-2022 21:54:15 RequestTargetAuthentication.java DEBUG [main] protocol.RequestTargetAuthentication 80 - Target auth state: UNCHALLENGED
11-22-2022 21:54:15 RequestProxyAuthentication.java DEBUG [main] protocol.RequestProxyAuthentication 89 - Proxy auth state: UNCHALLENGED
11-22-2022 21:54:15 DefaultRequestDirector.java DEBUG [main] client.DefaultHttpClient 677 - Attempt 1 to execute request
11-22-2022 21:54:15 DefaultClientConnection.java DEBUG [main] conn.DefaultClientConnection 274 - Sending request: DELETE /1/organizations/637cf7add2a4ea00303cfa66?key=a277033a8a8b651020ff746999dd35ac&token=87a0cfec0eeabc87a28151de40d5e349235a77f1033345100796efc9a8f716f9 HTTP/1.1
11-22-2022 21:54:15 Wire.java DEBUG [main] http.wire 73 -  >> "DELETE /1/organizations/637cf7add2a4ea00303cfa66?key=a277033a8a8b651020ff746999dd35ac&token=87a0cfec0eeabc87a28151de40d5e349235a77f1033345100796efc9a8f716f9 HTTP/1.1[\r][\n]"
11-22-2022 21:54:15 Wire.java DEBUG [main] http.wire 73 -  >> "Accept: */*[\r][\n]"
11-22-2022 21:54:15 Wire.java DEBUG [main] http.wire 73 -  >> "Host: trello.com[\r][\n]"
11-22-2022 21:54:15 Wire.java DEBUG [main] http.wire 73 -  >> "Connection: Keep-Alive[\r][\n]"
11-22-2022 21:54:15 Wire.java DEBUG [main] http.wire 73 -  >> "User-Agent: Apache-HttpClient/4.5.13 (Java/11.0.1)[\r][\n]"
11-22-2022 21:54:15 Wire.java DEBUG [main] http.wire 73 -  >> "Accept-Encoding: gzip,deflate[\r][\n]"
11-22-2022 21:54:15 Wire.java DEBUG [main] http.wire 73 -  >> "[\r][\n]"
11-22-2022 21:54:15 DefaultClientConnection.java DEBUG [main] http.headers 278 - >> DELETE /1/organizations/637cf7add2a4ea00303cfa66?key=a277033a8a8b651020ff746999dd35ac&token=87a0cfec0eeabc87a28151de40d5e349235a77f1033345100796efc9a8f716f9 HTTP/1.1
11-22-2022 21:54:15 DefaultClientConnection.java DEBUG [main] http.headers 281 - >> Accept: */*
11-22-2022 21:54:15 DefaultClientConnection.java DEBUG [main] http.headers 281 - >> Host: trello.com
11-22-2022 21:54:15 DefaultClientConnection.java DEBUG [main] http.headers 281 - >> Connection: Keep-Alive
11-22-2022 21:54:15 DefaultClientConnection.java DEBUG [main] http.headers 281 - >> User-Agent: Apache-HttpClient/4.5.13 (Java/11.0.1)
11-22-2022 21:54:15 DefaultClientConnection.java DEBUG [main] http.headers 281 - >> Accept-Encoding: gzip,deflate
11-22-2022 21:54:15 Wire.java DEBUG [main] http.wire 73 -  << "HTTP/1.1 200 OK[\r][\n]"
11-22-2022 21:54:15 Wire.java DEBUG [main] http.wire 73 -  << "Date: Tue, 22 Nov 2022 16:24:15 GMT[\r][\n]"
11-22-2022 21:54:15 Wire.java DEBUG [main] http.wire 73 -  << "Content-Type: application/json; charset=utf-8[\r][\n]"
11-22-2022 21:54:15 Wire.java DEBUG [main] http.wire 73 -  << "Content-Length: 2[\r][\n]"
11-22-2022 21:54:15 Wire.java DEBUG [main] http.wire 73 -  << "X-Dns-Prefetch-Control: off[\r][\n]"
11-22-2022 21:54:15 Wire.java DEBUG [main] http.wire 73 -  << "X-Frame-Options: DENY[\r][\n]"
11-22-2022 21:54:15 Wire.java DEBUG [main] http.wire 73 -  << "X-Download-Options: noopen[\r][\n]"
11-22-2022 21:54:15 Wire.java DEBUG [main] http.wire 73 -  << "X-Permitted-Cross-Domain-Policies: none[\r][\n]"
11-22-2022 21:54:15 Wire.java DEBUG [main] http.wire 73 -  << "Referrer-Policy: strict-origin-when-cross-origin[\r][\n]"
11-22-2022 21:54:15 Wire.java DEBUG [main] http.wire 73 -  << "Surrogate-Control: no-store[\r][\n]"
11-22-2022 21:54:15 Wire.java DEBUG [main] http.wire 73 -  << "Cache-Control: max-age=0, must-revalidate, no-cache, no-store[\r][\n]"
11-22-2022 21:54:15 Wire.java DEBUG [main] http.wire 73 -  << "Pragma: no-cache[\r][\n]"
11-22-2022 21:54:15 Wire.java DEBUG [main] http.wire 73 -  << "Expires: Thu, 01 Jan 1970 00:00:00[\r][\n]"
11-22-2022 21:54:15 Wire.java DEBUG [main] http.wire 73 -  << "X-Trello-Version: 1.170568.0[\r][\n]"
11-22-2022 21:54:15 Wire.java DEBUG [main] http.wire 73 -  << "X-Trello-Environment: Production (Micros)[\r][\n]"
11-22-2022 21:54:15 Wire.java DEBUG [main] http.wire 73 -  << "Access-Control-Allow-Origin: *[\r][\n]"
11-22-2022 21:54:15 Wire.java DEBUG [main] http.wire 73 -  << "Access-Control-Allow-Methods: GET, PUT, POST, DELETE[\r][\n]"
11-22-2022 21:54:15 Wire.java DEBUG [main] http.wire 73 -  << "Access-Control-Allow-Headers: Authorization, Accept, Content-Type[\r][\n]"
11-22-2022 21:54:15 Wire.java DEBUG [main] http.wire 73 -  << "Access-Control-Expose-Headers: x-rate-limit-api-key-interval-ms, x-rate-limit-api-key-max, x-rate-limit-api-key-remaining, x-rate-limit-api-token-interval-ms, x-rate-limit-api-token-max, x-rate-limit-api-token-remaining[\r][\n]"
11-22-2022 21:54:15 Wire.java DEBUG [main] http.wire 73 -  << "X-Rate-Limit-Api-Token-Interval-Ms: 10000[\r][\n]"
11-22-2022 21:54:15 Wire.java DEBUG [main] http.wire 73 -  << "X-Rate-Limit-Api-Token-Max: 100[\r][\n]"
11-22-2022 21:54:15 Wire.java DEBUG [main] http.wire 73 -  << "X-Rate-Limit-Api-Token-Remaining: 92[\r][\n]"
11-22-2022 21:54:15 Wire.java DEBUG [main] http.wire 73 -  << "X-Rate-Limit-Db-Query-Time-Interval-Ms: 600000[\r][\n]"
11-22-2022 21:54:15 Wire.java DEBUG [main] http.wire 73 -  << "X-Rate-Limit-Db-Query-Time-Max: 7200000[\r][\n]"
11-22-2022 21:54:15 Wire.java DEBUG [main] http.wire 73 -  << "X-Rate-Limit-Db-Query-Time-Remaining: 7199990[\r][\n]"
11-22-2022 21:54:15 Wire.java DEBUG [main] http.wire 73 -  << "X-Rate-Limit-Action-Interval-Ms: 3600000[\r][\n]"
11-22-2022 21:54:15 Wire.java DEBUG [main] http.wire 73 -  << "X-Rate-Limit-Action-Max: 15000[\r][\n]"
11-22-2022 21:54:15 Wire.java DEBUG [main] http.wire 73 -  << "X-Rate-Limit-Action-Remaining: 14999[\r][\n]"
11-22-2022 21:54:15 Wire.java DEBUG [main] http.wire 73 -  << "X-Rate-Limit-Api-Key-Interval-Ms: 10000[\r][\n]"
11-22-2022 21:54:15 Wire.java DEBUG [main] http.wire 73 -  << "X-Rate-Limit-Api-Key-Max: 300[\r][\n]"
11-22-2022 21:54:15 Wire.java DEBUG [main] http.wire 73 -  << "X-Rate-Limit-Api-Key-Remaining: 292[\r][\n]"
11-22-2022 21:54:15 Wire.java DEBUG [main] http.wire 73 -  << "X-Rate-Limit-Member-Interval-Ms: 10000[\r][\n]"
11-22-2022 21:54:15 Wire.java DEBUG [main] http.wire 73 -  << "X-Rate-Limit-Member-Max: 375[\r][\n]"
11-22-2022 21:54:15 Wire.java DEBUG [main] http.wire 73 -  << "X-Rate-Limit-Member-Remaining: 363[\r][\n]"
11-22-2022 21:54:15 Wire.java DEBUG [main] http.wire 73 -  << "Set-Cookie: preAuthProps=s%3A637b571e071bb7056eb94b61%3AisEnterpriseAdmin%3Dfalse.BsvCkeBZpDt2UycswUciukUDlffViKvce4GMwyTAYjA; Path=/; HttpOnly[\r][\n]"
11-22-2022 21:54:15 Wire.java DEBUG [main] http.wire 73 -  << "X-Server-Time: 1669134255789[\r][\n]"
11-22-2022 21:54:15 Wire.java DEBUG [main] http.wire 73 -  << "Server: AtlassianEdge[\r][\n]"
11-22-2022 21:54:15 Wire.java DEBUG [main] http.wire 73 -  << "Expect-Ct: report-uri="https://web-security-reports.services.atlassian.com/expect-ct-report/trello-edge", max-age=86400[\r][\n]"
11-22-2022 21:54:15 Wire.java DEBUG [main] http.wire 73 -  << "Strict-Transport-Security: max-age=63072000; preload[\r][\n]"
11-22-2022 21:54:15 Wire.java DEBUG [main] http.wire 73 -  << "X-Content-Type-Options: nosniff[\r][\n]"
11-22-2022 21:54:15 Wire.java DEBUG [main] http.wire 73 -  << "X-Xss-Protection: 1; mode=block[\r][\n]"
11-22-2022 21:54:15 Wire.java DEBUG [main] http.wire 73 -  << "Atl-Traceid: a889b727d9722103[\r][\n]"
11-22-2022 21:54:15 Wire.java DEBUG [main] http.wire 73 -  << "Report-To: {"endpoints": [{"url": "https://dz8aopenkvv6s.cloudfront.net"}], "group": "endpoint-1", "include_subdomains": true, "max_age": 600}[\r][\n]"
11-22-2022 21:54:15 Wire.java DEBUG [main] http.wire 73 -  << "Nel: {"failure_fraction": 0.001, "include_subdomains": true, "max_age": 600, "report_to": "endpoint-1"}[\r][\n]"
11-22-2022 21:54:15 Wire.java DEBUG [main] http.wire 73 -  << "[\r][\n]"
11-22-2022 21:54:15 DefaultClientConnection.java DEBUG [main] conn.DefaultClientConnection 259 - Receiving response: HTTP/1.1 200 OK
11-22-2022 21:54:15 DefaultClientConnection.java DEBUG [main] http.headers 262 - << HTTP/1.1 200 OK
11-22-2022 21:54:15 DefaultClientConnection.java DEBUG [main] http.headers 265 - << Date: Tue, 22 Nov 2022 16:24:15 GMT
11-22-2022 21:54:15 DefaultClientConnection.java DEBUG [main] http.headers 265 - << Content-Type: application/json; charset=utf-8
11-22-2022 21:54:15 DefaultClientConnection.java DEBUG [main] http.headers 265 - << Content-Length: 2
11-22-2022 21:54:15 DefaultClientConnection.java DEBUG [main] http.headers 265 - << X-Dns-Prefetch-Control: off
11-22-2022 21:54:15 DefaultClientConnection.java DEBUG [main] http.headers 265 - << X-Frame-Options: DENY
11-22-2022 21:54:15 DefaultClientConnection.java DEBUG [main] http.headers 265 - << X-Download-Options: noopen
11-22-2022 21:54:15 DefaultClientConnection.java DEBUG [main] http.headers 265 - << X-Permitted-Cross-Domain-Policies: none
11-22-2022 21:54:15 DefaultClientConnection.java DEBUG [main] http.headers 265 - << Referrer-Policy: strict-origin-when-cross-origin
11-22-2022 21:54:15 DefaultClientConnection.java DEBUG [main] http.headers 265 - << Surrogate-Control: no-store
11-22-2022 21:54:15 DefaultClientConnection.java DEBUG [main] http.headers 265 - << Cache-Control: max-age=0, must-revalidate, no-cache, no-store
11-22-2022 21:54:15 DefaultClientConnection.java DEBUG [main] http.headers 265 - << Pragma: no-cache
11-22-2022 21:54:15 DefaultClientConnection.java DEBUG [main] http.headers 265 - << Expires: Thu, 01 Jan 1970 00:00:00
11-22-2022 21:54:15 DefaultClientConnection.java DEBUG [main] http.headers 265 - << X-Trello-Version: 1.170568.0
11-22-2022 21:54:15 DefaultClientConnection.java DEBUG [main] http.headers 265 - << X-Trello-Environment: Production (Micros)
11-22-2022 21:54:15 DefaultClientConnection.java DEBUG [main] http.headers 265 - << Access-Control-Allow-Origin: *
11-22-2022 21:54:15 DefaultClientConnection.java DEBUG [main] http.headers 265 - << Access-Control-Allow-Methods: GET, PUT, POST, DELETE
11-22-2022 21:54:15 DefaultClientConnection.java DEBUG [main] http.headers 265 - << Access-Control-Allow-Headers: Authorization, Accept, Content-Type
11-22-2022 21:54:15 DefaultClientConnection.java DEBUG [main] http.headers 265 - << Access-Control-Expose-Headers: x-rate-limit-api-key-interval-ms, x-rate-limit-api-key-max, x-rate-limit-api-key-remaining, x-rate-limit-api-token-interval-ms, x-rate-limit-api-token-max, x-rate-limit-api-token-remaining
11-22-2022 21:54:15 DefaultClientConnection.java DEBUG [main] http.headers 265 - << X-Rate-Limit-Api-Token-Interval-Ms: 10000
11-22-2022 21:54:15 DefaultClientConnection.java DEBUG [main] http.headers 265 - << X-Rate-Limit-Api-Token-Max: 100
11-22-2022 21:54:15 DefaultClientConnection.java DEBUG [main] http.headers 265 - << X-Rate-Limit-Api-Token-Remaining: 92
11-22-2022 21:54:15 DefaultClientConnection.java DEBUG [main] http.headers 265 - << X-Rate-Limit-Db-Query-Time-Interval-Ms: 600000
11-22-2022 21:54:15 DefaultClientConnection.java DEBUG [main] http.headers 265 - << X-Rate-Limit-Db-Query-Time-Max: 7200000
11-22-2022 21:54:15 DefaultClientConnection.java DEBUG [main] http.headers 265 - << X-Rate-Limit-Db-Query-Time-Remaining: 7199990
11-22-2022 21:54:15 DefaultClientConnection.java DEBUG [main] http.headers 265 - << X-Rate-Limit-Action-Interval-Ms: 3600000
11-22-2022 21:54:15 DefaultClientConnection.java DEBUG [main] http.headers 265 - << X-Rate-Limit-Action-Max: 15000
11-22-2022 21:54:15 DefaultClientConnection.java DEBUG [main] http.headers 265 - << X-Rate-Limit-Action-Remaining: 14999
11-22-2022 21:54:15 DefaultClientConnection.java DEBUG [main] http.headers 265 - << X-Rate-Limit-Api-Key-Interval-Ms: 10000
11-22-2022 21:54:15 DefaultClientConnection.java DEBUG [main] http.headers 265 - << X-Rate-Limit-Api-Key-Max: 300
11-22-2022 21:54:15 DefaultClientConnection.java DEBUG [main] http.headers 265 - << X-Rate-Limit-Api-Key-Remaining: 292
11-22-2022 21:54:15 DefaultClientConnection.java DEBUG [main] http.headers 265 - << X-Rate-Limit-Member-Interval-Ms: 10000
11-22-2022 21:54:15 DefaultClientConnection.java DEBUG [main] http.headers 265 - << X-Rate-Limit-Member-Max: 375
11-22-2022 21:54:15 DefaultClientConnection.java DEBUG [main] http.headers 265 - << X-Rate-Limit-Member-Remaining: 363
11-22-2022 21:54:15 DefaultClientConnection.java DEBUG [main] http.headers 265 - << Set-Cookie: preAuthProps=s%3A637b571e071bb7056eb94b61%3AisEnterpriseAdmin%3Dfalse.BsvCkeBZpDt2UycswUciukUDlffViKvce4GMwyTAYjA; Path=/; HttpOnly
11-22-2022 21:54:15 DefaultClientConnection.java DEBUG [main] http.headers 265 - << X-Server-Time: 1669134255789
11-22-2022 21:54:15 DefaultClientConnection.java DEBUG [main] http.headers 265 - << Server: AtlassianEdge
11-22-2022 21:54:15 DefaultClientConnection.java DEBUG [main] http.headers 265 - << Expect-Ct: report-uri="https://web-security-reports.services.atlassian.com/expect-ct-report/trello-edge", max-age=86400
11-22-2022 21:54:15 DefaultClientConnection.java DEBUG [main] http.headers 265 - << Strict-Transport-Security: max-age=63072000; preload
11-22-2022 21:54:15 DefaultClientConnection.java DEBUG [main] http.headers 265 - << X-Content-Type-Options: nosniff
11-22-2022 21:54:15 DefaultClientConnection.java DEBUG [main] http.headers 265 - << X-Xss-Protection: 1; mode=block
11-22-2022 21:54:15 DefaultClientConnection.java DEBUG [main] http.headers 265 - << Atl-Traceid: a889b727d9722103
11-22-2022 21:54:15 DefaultClientConnection.java DEBUG [main] http.headers 265 - << Report-To: {"endpoints": [{"url": "https://dz8aopenkvv6s.cloudfront.net"}], "group": "endpoint-1", "include_subdomains": true, "max_age": 600}
11-22-2022 21:54:15 DefaultClientConnection.java DEBUG [main] http.headers 265 - << Nel: {"failure_fraction": 0.001, "include_subdomains": true, "max_age": 600, "report_to": "endpoint-1"}
11-22-2022 21:54:15 DefaultRequestDirector.java DEBUG [main] client.DefaultHttpClient 504 - Connection can be kept alive indefinitely
11-22-2022 21:54:15 HTTPBuilder.java DEBUG [main] internal.RequestSpecificationImpl$RestAssuredHttpBuilder 545 - Parsing response as: application/json; charset=utf-8
11-22-2022 21:54:15 HTTPBuilder.java DEBUG [main] internal.RequestSpecificationImpl$RestAssuredHttpBuilder 548 - Parsed data to instance of: class org.apache.http.conn.EofSensorInputStream
11-22-2022 21:54:15 Wire.java DEBUG [main] http.wire 87 -  << "{}"
11-22-2022 21:54:15 BasicClientConnectionManager.java DEBUG [main] conn.BasicClientConnectionManager 200 - Releasing connection org.apache.http.impl.conn.ManagedClientConnectionImpl@14b8a751
11-22-2022 21:54:15 BasicClientConnectionManager.java DEBUG [main] conn.BasicClientConnectionManager 225 - Connection can be kept alive indefinitely
HTTP/1.1 200 OK
Date: Tue, 22 Nov 2022 16:24:15 GMT
Content-Type: application/json; charset=utf-8
Content-Length: 2
X-Dns-Prefetch-Control: off
X-Frame-Options: DENY
X-Download-Options: noopen
X-Permitted-Cross-Domain-Policies: none
Referrer-Policy: strict-origin-when-cross-origin
Surrogate-Control: no-store
Cache-Control: max-age=0, must-revalidate, no-cache, no-store
Pragma: no-cache
Expires: Thu, 01 Jan 1970 00:00:00
X-Trello-Version: 1.170568.0
X-Trello-Environment: Production (Micros)
Access-Control-Allow-Origin: *
Access-Control-Allow-Methods: GET, PUT, POST, DELETE
Access-Control-Allow-Headers: Authorization, Accept, Content-Type
Access-Control-Expose-Headers: x-rate-limit-api-key-interval-ms, x-rate-limit-api-key-max, x-rate-limit-api-key-remaining, x-rate-limit-api-token-interval-ms, x-rate-limit-api-token-max, x-rate-limit-api-token-remaining
X-Rate-Limit-Api-Token-Interval-Ms: 10000
X-Rate-Limit-Api-Token-Max: 100
X-Rate-Limit-Api-Token-Remaining: 92
X-Rate-Limit-Db-Query-Time-Interval-Ms: 600000
X-Rate-Limit-Db-Query-Time-Max: 7200000
X-Rate-Limit-Db-Query-Time-Remaining: 7199990
X-Rate-Limit-Action-Interval-Ms: 3600000
X-Rate-Limit-Action-Max: 15000
X-Rate-Limit-Action-Remaining: 14999
X-Rate-Limit-Api-Key-Interval-Ms: 10000
X-Rate-Limit-Api-Key-Max: 300
X-Rate-Limit-Api-Key-Remaining: 292
X-Rate-Limit-Member-Interval-Ms: 10000
X-Rate-Limit-Member-Max: 375
X-Rate-Limit-Member-Remaining: 363
Set-Cookie: preAuthProps=s%3A637b571e071bb7056eb94b61%3AisEnterpriseAdmin%3Dfalse.BsvCkeBZpDt2UycswUciukUDlffViKvce4GMwyTAYjA; Path=/; HttpOnly
X-Server-Time: 1669134255789
Server: AtlassianEdge
Expect-Ct: report-uri="https://web-security-reports.services.atlassian.com/expect-ct-report/trello-edge", max-age=86400
Strict-Transport-Security: max-age=63072000; preload
X-Content-Type-Options: nosniff
X-Xss-Protection: 1; mode=block
Atl-Traceid: a889b727d9722103
Report-To: {"endpoints": [{"url": "https://dz8aopenkvv6s.cloudfront.net"}], "group": "endpoint-1", "include_subdomains": true, "max_age": 600}
Nel: {"failure_fraction": 0.001, "include_subdomains": true, "max_age": 600, "report_to": "endpoint-1"}

{
    
}
]]></system-out>
  </testcase>
  <testcase name="Create_a_card" classname="testData.Cards" time="0.734">
    <system-out><![CDATA[delete_an_Organization
11-22-2022 21:54:15 _Log4jLoggerFactory.java DEBUG [main] freemarker.cache 45 - Couldn't find template in cache for "Extent.ftl"("en_IN", UTF-8, parsed); will try to load it.
11-22-2022 21:54:15 _Log4jLoggerFactory.java DEBUG [main] freemarker.cache 45 - TemplateLoader.findTemplateSource("Extent_en_IN.ftl"): Not found
11-22-2022 21:54:15 _Log4jLoggerFactory.java DEBUG [main] freemarker.cache 45 - TemplateLoader.findTemplateSource("Extent_en.ftl"): Not found
11-22-2022 21:54:15 _Log4jLoggerFactory.java DEBUG [main] freemarker.cache 45 - TemplateLoader.findTemplateSource("Extent.ftl"): Found
11-22-2022 21:54:15 _Log4jLoggerFactory.java DEBUG [main] freemarker.cache 45 - Loading template for "Extent.ftl"("en_IN", UTF-8, parsed) from "jar:file:/C:/Users/mohdtoukeer/.m2/repository/com/relevantcodes/extentreports/2.41.2/extentreports-2.41.2.jar!/com/relevantcodes/extentreports/view/Extent.ftl"
11-22-2022 21:54:15 BasicClientConnectionManager.java DEBUG [main] conn.BasicClientConnectionManager 161 - Get connection for route {s}->https://trello.com:443
11-22-2022 21:54:15 DefaultClientConnectionOperator.java DEBUG [main] conn.DefaultClientConnectionOperator 177 - Connecting to trello.com:443
11-22-2022 21:54:16 RequestAddCookies.java DEBUG [main] protocol.RequestAddCookies 123 - CookieSpec selected: ignoreCookies
11-22-2022 21:54:16 RequestAuthCache.java DEBUG [main] protocol.RequestAuthCache 77 - Auth cache not set in the context
11-22-2022 21:54:16 RequestTargetAuthentication.java DEBUG [main] protocol.RequestTargetAuthentication 80 - Target auth state: UNCHALLENGED
11-22-2022 21:54:16 RequestProxyAuthentication.java DEBUG [main] protocol.RequestProxyAuthentication 89 - Proxy auth state: UNCHALLENGED
11-22-2022 21:54:16 DefaultRequestDirector.java DEBUG [main] client.DefaultHttpClient 677 - Attempt 1 to execute request
11-22-2022 21:54:16 DefaultClientConnection.java DEBUG [main] conn.DefaultClientConnection 274 - Sending request: POST /1/cards/?idList=637cd1bc1109d10023418c26&key=a277033a8a8b651020ff746999dd35ac&token=87a0cfec0eeabc87a28151de40d5e349235a77f1033345100796efc9a8f716f9 HTTP/1.1
11-22-2022 21:54:16 Wire.java DEBUG [main] http.wire 73 -  >> "POST /1/cards/?idList=637cd1bc1109d10023418c26&key=a277033a8a8b651020ff746999dd35ac&token=87a0cfec0eeabc87a28151de40d5e349235a77f1033345100796efc9a8f716f9 HTTP/1.1[\r][\n]"
11-22-2022 21:54:16 Wire.java DEBUG [main] http.wire 73 -  >> "Accept:  application/json[\r][\n]"
11-22-2022 21:54:16 Wire.java DEBUG [main] http.wire 73 -  >> "Content-Type: application/json[\r][\n]"
11-22-2022 21:54:16 Wire.java DEBUG [main] http.wire 73 -  >> "Content-Length: 27[\r][\n]"
11-22-2022 21:54:16 Wire.java DEBUG [main] http.wire 73 -  >> "Host: trello.com[\r][\n]"
11-22-2022 21:54:16 Wire.java DEBUG [main] http.wire 73 -  >> "Connection: Keep-Alive[\r][\n]"
11-22-2022 21:54:16 Wire.java DEBUG [main] http.wire 73 -  >> "User-Agent: Apache-HttpClient/4.5.13 (Java/11.0.1)[\r][\n]"
11-22-2022 21:54:16 Wire.java DEBUG [main] http.wire 73 -  >> "Accept-Encoding: gzip,deflate[\r][\n]"
11-22-2022 21:54:16 Wire.java DEBUG [main] http.wire 73 -  >> "[\r][\n]"
11-22-2022 21:54:16 DefaultClientConnection.java DEBUG [main] http.headers 278 - >> POST /1/cards/?idList=637cd1bc1109d10023418c26&key=a277033a8a8b651020ff746999dd35ac&token=87a0cfec0eeabc87a28151de40d5e349235a77f1033345100796efc9a8f716f9 HTTP/1.1
11-22-2022 21:54:16 DefaultClientConnection.java DEBUG [main] http.headers 281 - >> Accept:  application/json
11-22-2022 21:54:16 DefaultClientConnection.java DEBUG [main] http.headers 281 - >> Content-Type: application/json
11-22-2022 21:54:16 DefaultClientConnection.java DEBUG [main] http.headers 281 - >> Content-Length: 27
11-22-2022 21:54:16 DefaultClientConnection.java DEBUG [main] http.headers 281 - >> Host: trello.com
11-22-2022 21:54:16 DefaultClientConnection.java DEBUG [main] http.headers 281 - >> Connection: Keep-Alive
11-22-2022 21:54:16 DefaultClientConnection.java DEBUG [main] http.headers 281 - >> User-Agent: Apache-HttpClient/4.5.13 (Java/11.0.1)
11-22-2022 21:54:16 DefaultClientConnection.java DEBUG [main] http.headers 281 - >> Accept-Encoding: gzip,deflate
11-22-2022 21:54:16 Wire.java DEBUG [main] http.wire 73 -  >> "{[\r][\n]"
11-22-2022 21:54:16 Wire.java DEBUG [main] http.wire 73 -  >> ""name": "My New Card"[\r][\n]"
11-22-2022 21:54:16 Wire.java DEBUG [main] http.wire 87 -  >> "}"
11-22-2022 21:54:16 Wire.java DEBUG [main] http.wire 73 -  << "HTTP/1.1 200 OK[\r][\n]"
11-22-2022 21:54:16 Wire.java DEBUG [main] http.wire 73 -  << "Date: Tue, 22 Nov 2022 16:24:16 GMT[\r][\n]"
11-22-2022 21:54:16 Wire.java DEBUG [main] http.wire 73 -  << "Content-Type: application/json; charset=utf-8[\r][\n]"
11-22-2022 21:54:16 Wire.java DEBUG [main] http.wire 73 -  << "Content-Length: 1126[\r][\n]"
11-22-2022 21:54:16 Wire.java DEBUG [main] http.wire 73 -  << "X-Dns-Prefetch-Control: off[\r][\n]"
11-22-2022 21:54:16 Wire.java DEBUG [main] http.wire 73 -  << "X-Frame-Options: DENY[\r][\n]"
11-22-2022 21:54:16 Wire.java DEBUG [main] http.wire 73 -  << "X-Download-Options: noopen[\r][\n]"
11-22-2022 21:54:16 Wire.java DEBUG [main] http.wire 73 -  << "X-Permitted-Cross-Domain-Policies: none[\r][\n]"
11-22-2022 21:54:16 Wire.java DEBUG [main] http.wire 73 -  << "Referrer-Policy: strict-origin-when-cross-origin[\r][\n]"
11-22-2022 21:54:16 Wire.java DEBUG [main] http.wire 73 -  << "Surrogate-Control: no-store[\r][\n]"
11-22-2022 21:54:16 Wire.java DEBUG [main] http.wire 73 -  << "Cache-Control: max-age=0, must-revalidate, no-cache, no-store[\r][\n]"
11-22-2022 21:54:16 Wire.java DEBUG [main] http.wire 73 -  << "Pragma: no-cache[\r][\n]"
11-22-2022 21:54:16 Wire.java DEBUG [main] http.wire 73 -  << "Expires: Thu, 01 Jan 1970 00:00:00[\r][\n]"
11-22-2022 21:54:16 Wire.java DEBUG [main] http.wire 73 -  << "X-Trello-Version: 1.170568.0[\r][\n]"
11-22-2022 21:54:16 Wire.java DEBUG [main] http.wire 73 -  << "X-Trello-Environment: Production (Micros)[\r][\n]"
11-22-2022 21:54:16 Wire.java DEBUG [main] http.wire 73 -  << "Access-Control-Allow-Origin: *[\r][\n]"
11-22-2022 21:54:16 Wire.java DEBUG [main] http.wire 73 -  << "Access-Control-Allow-Methods: GET, PUT, POST, DELETE[\r][\n]"
11-22-2022 21:54:16 Wire.java DEBUG [main] http.wire 73 -  << "Access-Control-Allow-Headers: Authorization, Accept, Content-Type[\r][\n]"
11-22-2022 21:54:16 Wire.java DEBUG [main] http.wire 73 -  << "Access-Control-Expose-Headers: x-rate-limit-api-key-interval-ms, x-rate-limit-api-key-max, x-rate-limit-api-key-remaining, x-rate-limit-api-token-interval-ms, x-rate-limit-api-token-max, x-rate-limit-api-token-remaining[\r][\n]"
11-22-2022 21:54:16 Wire.java DEBUG [main] http.wire 73 -  << "X-Rate-Limit-Action-Interval-Ms: 3600000[\r][\n]"
11-22-2022 21:54:16 Wire.java DEBUG [main] http.wire 73 -  << "X-Rate-Limit-Action-Max: 15000[\r][\n]"
11-22-2022 21:54:16 Wire.java DEBUG [main] http.wire 73 -  << "X-Rate-Limit-Action-Remaining: 14999[\r][\n]"
11-22-2022 21:54:16 Wire.java DEBUG [main] http.wire 73 -  << "X-Rate-Limit-Api-Token-Interval-Ms: 10000[\r][\n]"
11-22-2022 21:54:16 Wire.java DEBUG [main] http.wire 73 -  << "X-Rate-Limit-Api-Token-Max: 100[\r][\n]"
11-22-2022 21:54:16 Wire.java DEBUG [main] http.wire 73 -  << "X-Rate-Limit-Api-Token-Remaining: 91[\r][\n]"
11-22-2022 21:54:16 Wire.java DEBUG [main] http.wire 73 -  << "X-Rate-Limit-Db-Query-Time-Interval-Ms: 600000[\r][\n]"
11-22-2022 21:54:16 Wire.java DEBUG [main] http.wire 73 -  << "X-Rate-Limit-Db-Query-Time-Max: 7200000[\r][\n]"
11-22-2022 21:54:16 Wire.java DEBUG [main] http.wire 73 -  << "X-Rate-Limit-Db-Query-Time-Remaining: 7199990[\r][\n]"
11-22-2022 21:54:16 Wire.java DEBUG [main] http.wire 73 -  << "X-Rate-Limit-Api-Key-Interval-Ms: 10000[\r][\n]"
11-22-2022 21:54:16 Wire.java DEBUG [main] http.wire 73 -  << "X-Rate-Limit-Api-Key-Max: 300[\r][\n]"
11-22-2022 21:54:16 Wire.java DEBUG [main] http.wire 73 -  << "X-Rate-Limit-Api-Key-Remaining: 291[\r][\n]"
11-22-2022 21:54:16 Wire.java DEBUG [main] http.wire 73 -  << "X-Rate-Limit-Member-Interval-Ms: 10000[\r][\n]"
11-22-2022 21:54:16 Wire.java DEBUG [main] http.wire 73 -  << "X-Rate-Limit-Member-Max: 375[\r][\n]"
11-22-2022 21:54:16 Wire.java DEBUG [main] http.wire 73 -  << "X-Rate-Limit-Member-Remaining: 362[\r][\n]"
11-22-2022 21:54:16 Wire.java DEBUG [main] http.wire 73 -  << "Set-Cookie: preAuthProps=s%3A637b571e071bb7056eb94b61%3AisEnterpriseAdmin%3Dfalse.BsvCkeBZpDt2UycswUciukUDlffViKvce4GMwyTAYjA; Path=/; HttpOnly[\r][\n]"
11-22-2022 21:54:16 Wire.java DEBUG [main] http.wire 73 -  << "X-Server-Time: 1669134256481[\r][\n]"
11-22-2022 21:54:16 Wire.java DEBUG [main] http.wire 73 -  << "Server: AtlassianEdge[\r][\n]"
11-22-2022 21:54:16 Wire.java DEBUG [main] http.wire 73 -  << "Expect-Ct: report-uri="https://web-security-reports.services.atlassian.com/expect-ct-report/trello-edge", max-age=86400[\r][\n]"
11-22-2022 21:54:16 Wire.java DEBUG [main] http.wire 73 -  << "Strict-Transport-Security: max-age=63072000; preload[\r][\n]"
11-22-2022 21:54:16 Wire.java DEBUG [main] http.wire 73 -  << "X-Content-Type-Options: nosniff[\r][\n]"
11-22-2022 21:54:16 Wire.java DEBUG [main] http.wire 73 -  << "X-Xss-Protection: 1; mode=block[\r][\n]"
11-22-2022 21:54:16 Wire.java DEBUG [main] http.wire 73 -  << "Atl-Traceid: b7db3f8007821f17[\r][\n]"
11-22-2022 21:54:16 Wire.java DEBUG [main] http.wire 73 -  << "Report-To: {"endpoints": [{"url": "https://dz8aopenkvv6s.cloudfront.net"}], "group": "endpoint-1", "include_subdomains": true, "max_age": 600}[\r][\n]"
11-22-2022 21:54:16 Wire.java DEBUG [main] http.wire 73 -  << "Nel: {"failure_fraction": 0.001, "include_subdomains": true, "max_age": 600, "report_to": "endpoint-1"}[\r][\n]"
11-22-2022 21:54:16 Wire.java DEBUG [main] http.wire 73 -  << "[\r][\n]"
11-22-2022 21:54:16 DefaultClientConnection.java DEBUG [main] conn.DefaultClientConnection 259 - Receiving response: HTTP/1.1 200 OK
11-22-2022 21:54:16 DefaultClientConnection.java DEBUG [main] http.headers 262 - << HTTP/1.1 200 OK
11-22-2022 21:54:16 DefaultClientConnection.java DEBUG [main] http.headers 265 - << Date: Tue, 22 Nov 2022 16:24:16 GMT
11-22-2022 21:54:16 DefaultClientConnection.java DEBUG [main] http.headers 265 - << Content-Type: application/json; charset=utf-8
11-22-2022 21:54:16 DefaultClientConnection.java DEBUG [main] http.headers 265 - << Content-Length: 1126
11-22-2022 21:54:16 DefaultClientConnection.java DEBUG [main] http.headers 265 - << X-Dns-Prefetch-Control: off
11-22-2022 21:54:16 DefaultClientConnection.java DEBUG [main] http.headers 265 - << X-Frame-Options: DENY
11-22-2022 21:54:16 DefaultClientConnection.java DEBUG [main] http.headers 265 - << X-Download-Options: noopen
11-22-2022 21:54:16 DefaultClientConnection.java DEBUG [main] http.headers 265 - << X-Permitted-Cross-Domain-Policies: none
11-22-2022 21:54:16 DefaultClientConnection.java DEBUG [main] http.headers 265 - << Referrer-Policy: strict-origin-when-cross-origin
11-22-2022 21:54:16 DefaultClientConnection.java DEBUG [main] http.headers 265 - << Surrogate-Control: no-store
11-22-2022 21:54:16 DefaultClientConnection.java DEBUG [main] http.headers 265 - << Cache-Control: max-age=0, must-revalidate, no-cache, no-store
11-22-2022 21:54:16 DefaultClientConnection.java DEBUG [main] http.headers 265 - << Pragma: no-cache
11-22-2022 21:54:16 DefaultClientConnection.java DEBUG [main] http.headers 265 - << Expires: Thu, 01 Jan 1970 00:00:00
11-22-2022 21:54:16 DefaultClientConnection.java DEBUG [main] http.headers 265 - << X-Trello-Version: 1.170568.0
11-22-2022 21:54:16 DefaultClientConnection.java DEBUG [main] http.headers 265 - << X-Trello-Environment: Production (Micros)
11-22-2022 21:54:16 DefaultClientConnection.java DEBUG [main] http.headers 265 - << Access-Control-Allow-Origin: *
11-22-2022 21:54:16 DefaultClientConnection.java DEBUG [main] http.headers 265 - << Access-Control-Allow-Methods: GET, PUT, POST, DELETE
11-22-2022 21:54:16 DefaultClientConnection.java DEBUG [main] http.headers 265 - << Access-Control-Allow-Headers: Authorization, Accept, Content-Type
11-22-2022 21:54:16 DefaultClientConnection.java DEBUG [main] http.headers 265 - << Access-Control-Expose-Headers: x-rate-limit-api-key-interval-ms, x-rate-limit-api-key-max, x-rate-limit-api-key-remaining, x-rate-limit-api-token-interval-ms, x-rate-limit-api-token-max, x-rate-limit-api-token-remaining
11-22-2022 21:54:16 DefaultClientConnection.java DEBUG [main] http.headers 265 - << X-Rate-Limit-Action-Interval-Ms: 3600000
11-22-2022 21:54:16 DefaultClientConnection.java DEBUG [main] http.headers 265 - << X-Rate-Limit-Action-Max: 15000
11-22-2022 21:54:16 DefaultClientConnection.java DEBUG [main] http.headers 265 - << X-Rate-Limit-Action-Remaining: 14999
11-22-2022 21:54:16 DefaultClientConnection.java DEBUG [main] http.headers 265 - << X-Rate-Limit-Api-Token-Interval-Ms: 10000
11-22-2022 21:54:16 DefaultClientConnection.java DEBUG [main] http.headers 265 - << X-Rate-Limit-Api-Token-Max: 100
11-22-2022 21:54:16 DefaultClientConnection.java DEBUG [main] http.headers 265 - << X-Rate-Limit-Api-Token-Remaining: 91
11-22-2022 21:54:16 DefaultClientConnection.java DEBUG [main] http.headers 265 - << X-Rate-Limit-Db-Query-Time-Interval-Ms: 600000
11-22-2022 21:54:16 DefaultClientConnection.java DEBUG [main] http.headers 265 - << X-Rate-Limit-Db-Query-Time-Max: 7200000
11-22-2022 21:54:16 DefaultClientConnection.java DEBUG [main] http.headers 265 - << X-Rate-Limit-Db-Query-Time-Remaining: 7199990
11-22-2022 21:54:16 DefaultClientConnection.java DEBUG [main] http.headers 265 - << X-Rate-Limit-Api-Key-Interval-Ms: 10000
11-22-2022 21:54:16 DefaultClientConnection.java DEBUG [main] http.headers 265 - << X-Rate-Limit-Api-Key-Max: 300
11-22-2022 21:54:16 DefaultClientConnection.java DEBUG [main] http.headers 265 - << X-Rate-Limit-Api-Key-Remaining: 291
11-22-2022 21:54:16 DefaultClientConnection.java DEBUG [main] http.headers 265 - << X-Rate-Limit-Member-Interval-Ms: 10000
11-22-2022 21:54:16 DefaultClientConnection.java DEBUG [main] http.headers 265 - << X-Rate-Limit-Member-Max: 375
11-22-2022 21:54:16 DefaultClientConnection.java DEBUG [main] http.headers 265 - << X-Rate-Limit-Member-Remaining: 362
11-22-2022 21:54:16 DefaultClientConnection.java DEBUG [main] http.headers 265 - << Set-Cookie: preAuthProps=s%3A637b571e071bb7056eb94b61%3AisEnterpriseAdmin%3Dfalse.BsvCkeBZpDt2UycswUciukUDlffViKvce4GMwyTAYjA; Path=/; HttpOnly
11-22-2022 21:54:16 DefaultClientConnection.java DEBUG [main] http.headers 265 - << X-Server-Time: 1669134256481
11-22-2022 21:54:16 DefaultClientConnection.java DEBUG [main] http.headers 265 - << Server: AtlassianEdge
11-22-2022 21:54:16 DefaultClientConnection.java DEBUG [main] http.headers 265 - << Expect-Ct: report-uri="https://web-security-reports.services.atlassian.com/expect-ct-report/trello-edge", max-age=86400
11-22-2022 21:54:16 DefaultClientConnection.java DEBUG [main] http.headers 265 - << Strict-Transport-Security: max-age=63072000; preload
11-22-2022 21:54:16 DefaultClientConnection.java DEBUG [main] http.headers 265 - << X-Content-Type-Options: nosniff
11-22-2022 21:54:16 DefaultClientConnection.java DEBUG [main] http.headers 265 - << X-Xss-Protection: 1; mode=block
11-22-2022 21:54:16 DefaultClientConnection.java DEBUG [main] http.headers 265 - << Atl-Traceid: b7db3f8007821f17
11-22-2022 21:54:16 DefaultClientConnection.java DEBUG [main] http.headers 265 - << Report-To: {"endpoints": [{"url": "https://dz8aopenkvv6s.cloudfront.net"}], "group": "endpoint-1", "include_subdomains": true, "max_age": 600}
11-22-2022 21:54:16 DefaultClientConnection.java DEBUG [main] http.headers 265 - << Nel: {"failure_fraction": 0.001, "include_subdomains": true, "max_age": 600, "report_to": "endpoint-1"}
11-22-2022 21:54:16 DefaultRequestDirector.java DEBUG [main] client.DefaultHttpClient 504 - Connection can be kept alive indefinitely
11-22-2022 21:54:16 HTTPBuilder.java DEBUG [main] internal.RequestSpecificationImpl$RestAssuredHttpBuilder 545 - Parsing response as: application/json; charset=utf-8
11-22-2022 21:54:16 HTTPBuilder.java DEBUG [main] internal.RequestSpecificationImpl$RestAssuredHttpBuilder 548 - Parsed data to instance of: class org.apache.http.conn.EofSensorInputStream
11-22-2022 21:54:16 Wire.java DEBUG [main] http.wire 87 -  << "{"id":"637cf7b0cfbd5d051f2db340","badges":{"attachmentsByType":{"trello":{"board":0,"card":0}},"location":false,"votes":0,"viewingMemberVoted":false,"subscribed":false,"fogbugz":"","checkItems":0,"checkItemsChecked":0,"checkItemsEarliestDue":null,"comments":0,"attachments":0,"description":false,"due":null,"dueComplete":false,"start":null},"checkItemStates":[],"closed":false,"dueComplete":false,"dateLastActivity":"2022-11-22T16:24:16.372Z","desc":"","descData":{"emoji":{}},"due":null,"dueReminder":null,"email":null,"idBoard":"637cd1bc1109d10023418c1f","idChecklists":[],"idList":"637cd1bc1109d10023418c26","idMembers":[],"idMembersVoted":[],"idShort":10,"idAttachmentCover":null,"labels":[],"idLabels":[],"manualCoverAttachment":false,"name":"My New Card","pos":114687,"shortLink":"48GG0oGE","shortUrl":"https://trello.com/c/48GG0oGE","start":null,"subscribed":false,"url":"https://trello.com/c/48GG0oGE/10-my-new-card","cover":{"idAttachment":null,"color":null,"idUploadedBackground":null,"size":"normal","brightness":"dark","idPlugin":null},"isTemplate":false,"cardRole":null,"attachments":[],"stickers":[],"limits":{}}"
11-22-2022 21:54:16 BasicClientConnectionManager.java DEBUG [main] conn.BasicClientConnectionManager 200 - Releasing connection org.apache.http.impl.conn.ManagedClientConnectionImpl@10fb4575
11-22-2022 21:54:16 BasicClientConnectionManager.java DEBUG [main] conn.BasicClientConnectionManager 225 - Connection can be kept alive indefinitely
HTTP/1.1 200 OK
Date: Tue, 22 Nov 2022 16:24:16 GMT
Content-Type: application/json; charset=utf-8
Content-Length: 1126
X-Dns-Prefetch-Control: off
X-Frame-Options: DENY
X-Download-Options: noopen
X-Permitted-Cross-Domain-Policies: none
Referrer-Policy: strict-origin-when-cross-origin
Surrogate-Control: no-store
Cache-Control: max-age=0, must-revalidate, no-cache, no-store
Pragma: no-cache
Expires: Thu, 01 Jan 1970 00:00:00
X-Trello-Version: 1.170568.0
X-Trello-Environment: Production (Micros)
Access-Control-Allow-Origin: *
Access-Control-Allow-Methods: GET, PUT, POST, DELETE
Access-Control-Allow-Headers: Authorization, Accept, Content-Type
Access-Control-Expose-Headers: x-rate-limit-api-key-interval-ms, x-rate-limit-api-key-max, x-rate-limit-api-key-remaining, x-rate-limit-api-token-interval-ms, x-rate-limit-api-token-max, x-rate-limit-api-token-remaining
X-Rate-Limit-Action-Interval-Ms: 3600000
X-Rate-Limit-Action-Max: 15000
X-Rate-Limit-Action-Remaining: 14999
X-Rate-Limit-Api-Token-Interval-Ms: 10000
X-Rate-Limit-Api-Token-Max: 100
X-Rate-Limit-Api-Token-Remaining: 91
X-Rate-Limit-Db-Query-Time-Interval-Ms: 600000
X-Rate-Limit-Db-Query-Time-Max: 7200000
X-Rate-Limit-Db-Query-Time-Remaining: 7199990
X-Rate-Limit-Api-Key-Interval-Ms: 10000
X-Rate-Limit-Api-Key-Max: 300
X-Rate-Limit-Api-Key-Remaining: 291
X-Rate-Limit-Member-Interval-Ms: 10000
X-Rate-Limit-Member-Max: 375
X-Rate-Limit-Member-Remaining: 362
Set-Cookie: preAuthProps=s%3A637b571e071bb7056eb94b61%3AisEnterpriseAdmin%3Dfalse.BsvCkeBZpDt2UycswUciukUDlffViKvce4GMwyTAYjA; Path=/; HttpOnly
X-Server-Time: 1669134256481
Server: AtlassianEdge
Expect-Ct: report-uri="https://web-security-reports.services.atlassian.com/expect-ct-report/trello-edge", max-age=86400
Strict-Transport-Security: max-age=63072000; preload
X-Content-Type-Options: nosniff
X-Xss-Protection: 1; mode=block
Atl-Traceid: b7db3f8007821f17
Report-To: {"endpoints": [{"url": "https://dz8aopenkvv6s.cloudfront.net"}], "group": "endpoint-1", "include_subdomains": true, "max_age": 600}
Nel: {"failure_fraction": 0.001, "include_subdomains": true, "max_age": 600, "report_to": "endpoint-1"}

{
    "id": "637cf7b0cfbd5d051f2db340",
    "badges": {
        "attachmentsByType": {
            "trello": {
                "board": 0,
                "card": 0
            }
        },
        "location": false,
        "votes": 0,
        "viewingMemberVoted": false,
        "subscribed": false,
        "fogbugz": "",
        "checkItems": 0,
        "checkItemsChecked": 0,
        "checkItemsEarliestDue": null,
        "comments": 0,
        "attachments": 0,
        "description": false,
        "due": null,
        "dueComplete": false,
        "start": null
    },
    "checkItemStates": [
        
    ],
    "closed": false,
    "dueComplete": false,
    "dateLastActivity": "2022-11-22T16:24:16.372Z",
    "desc": "",
    "descData": {
        "emoji": {
            
        }
    },
    "due": null,
    "dueReminder": null,
    "email": null,
    "idBoard": "637cd1bc1109d10023418c1f",
    "idChecklists": [
        
    ],
    "idList": "637cd1bc1109d10023418c26",
    "idMembers": [
        
    ],
    "idMembersVoted": [
        
    ],
    "idShort": 10,
    "idAttachmentCover": null,
    "labels": [
        
    ],
    "idLabels": [
        
    ],
    "manualCoverAttachment": false,
    "name": "My New Card",
    "pos": 114687,
    "shortLink": "48GG0oGE",
    "shortUrl": "https://trello.com/c/48GG0oGE",
    "start": null,
    "subscribed": false,
    "url": "https://trello.com/c/48GG0oGE/10-my-new-card",
    "cover": {
        "idAttachment": null,
        "color": null,
        "idUploadedBackground": null,
        "size": "normal",
        "brightness": "dark",
        "idPlugin": null
    },
    "isTemplate": false,
    "cardRole": null,
    "attachments": [
        
    ],
    "stickers": [
        
    ],
    "limits": {
        
    }
}
ID LIST -->637cd1bc1109d10023418c26
ID -->637cf7b0cfbd5d051f2db340
tokne:My New Card
]]></system-out>
  </testcase>
  <testcase name="update_a_card" classname="testData.Cards" time="0.651">
    <system-out><![CDATA[Create_a_card
11-22-2022 21:54:16 _Log4jLoggerFactory.java DEBUG [main] freemarker.cache 45 - Couldn't find template in cache for "Extent.ftl"("en_IN", UTF-8, parsed); will try to load it.
11-22-2022 21:54:16 _Log4jLoggerFactory.java DEBUG [main] freemarker.cache 45 - TemplateLoader.findTemplateSource("Extent_en_IN.ftl"): Not found
11-22-2022 21:54:16 _Log4jLoggerFactory.java DEBUG [main] freemarker.cache 45 - TemplateLoader.findTemplateSource("Extent_en.ftl"): Not found
11-22-2022 21:54:16 _Log4jLoggerFactory.java DEBUG [main] freemarker.cache 45 - TemplateLoader.findTemplateSource("Extent.ftl"): Found
11-22-2022 21:54:16 _Log4jLoggerFactory.java DEBUG [main] freemarker.cache 45 - Loading template for "Extent.ftl"("en_IN", UTF-8, parsed) from "jar:file:/C:/Users/mohdtoukeer/.m2/repository/com/relevantcodes/extentreports/2.41.2/extentreports-2.41.2.jar!/com/relevantcodes/extentreports/view/Extent.ftl"
11-22-2022 21:54:16 BasicClientConnectionManager.java DEBUG [main] conn.BasicClientConnectionManager 161 - Get connection for route {s}->https://trello.com:443
11-22-2022 21:54:16 DefaultClientConnectionOperator.java DEBUG [main] conn.DefaultClientConnectionOperator 177 - Connecting to trello.com:443
11-22-2022 21:54:16 RequestAddCookies.java DEBUG [main] protocol.RequestAddCookies 123 - CookieSpec selected: ignoreCookies
11-22-2022 21:54:16 RequestAuthCache.java DEBUG [main] protocol.RequestAuthCache 77 - Auth cache not set in the context
11-22-2022 21:54:16 RequestTargetAuthentication.java DEBUG [main] protocol.RequestTargetAuthentication 80 - Target auth state: UNCHALLENGED
11-22-2022 21:54:16 RequestProxyAuthentication.java DEBUG [main] protocol.RequestProxyAuthentication 89 - Proxy auth state: UNCHALLENGED
11-22-2022 21:54:16 DefaultRequestDirector.java DEBUG [main] client.DefaultHttpClient 677 - Attempt 1 to execute request
11-22-2022 21:54:16 DefaultClientConnection.java DEBUG [main] conn.DefaultClientConnection 274 - Sending request: PUT /1/cards/637cf7b0cfbd5d051f2db340?key=a277033a8a8b651020ff746999dd35ac&token=87a0cfec0eeabc87a28151de40d5e349235a77f1033345100796efc9a8f716f9 HTTP/1.1
11-22-2022 21:54:16 Wire.java DEBUG [main] http.wire 73 -  >> "PUT /1/cards/637cf7b0cfbd5d051f2db340?key=a277033a8a8b651020ff746999dd35ac&token=87a0cfec0eeabc87a28151de40d5e349235a77f1033345100796efc9a8f716f9 HTTP/1.1[\r][\n]"
11-22-2022 21:54:16 Wire.java DEBUG [main] http.wire 73 -  >> "Accept:  application/json[\r][\n]"
11-22-2022 21:54:16 Wire.java DEBUG [main] http.wire 73 -  >> "Content-Type: application/json[\r][\n]"
11-22-2022 21:54:16 Wire.java DEBUG [main] http.wire 73 -  >> "Content-Length: 37[\r][\n]"
11-22-2022 21:54:16 Wire.java DEBUG [main] http.wire 73 -  >> "Host: trello.com[\r][\n]"
11-22-2022 21:54:16 Wire.java DEBUG [main] http.wire 73 -  >> "Connection: Keep-Alive[\r][\n]"
11-22-2022 21:54:16 Wire.java DEBUG [main] http.wire 73 -  >> "User-Agent: Apache-HttpClient/4.5.13 (Java/11.0.1)[\r][\n]"
11-22-2022 21:54:16 Wire.java DEBUG [main] http.wire 73 -  >> "Accept-Encoding: gzip,deflate[\r][\n]"
11-22-2022 21:54:16 Wire.java DEBUG [main] http.wire 73 -  >> "[\r][\n]"
11-22-2022 21:54:16 DefaultClientConnection.java DEBUG [main] http.headers 278 - >> PUT /1/cards/637cf7b0cfbd5d051f2db340?key=a277033a8a8b651020ff746999dd35ac&token=87a0cfec0eeabc87a28151de40d5e349235a77f1033345100796efc9a8f716f9 HTTP/1.1
11-22-2022 21:54:16 DefaultClientConnection.java DEBUG [main] http.headers 281 - >> Accept:  application/json
11-22-2022 21:54:16 DefaultClientConnection.java DEBUG [main] http.headers 281 - >> Content-Type: application/json
11-22-2022 21:54:16 DefaultClientConnection.java DEBUG [main] http.headers 281 - >> Content-Length: 37
11-22-2022 21:54:16 DefaultClientConnection.java DEBUG [main] http.headers 281 - >> Host: trello.com
11-22-2022 21:54:16 DefaultClientConnection.java DEBUG [main] http.headers 281 - >> Connection: Keep-Alive
11-22-2022 21:54:16 DefaultClientConnection.java DEBUG [main] http.headers 281 - >> User-Agent: Apache-HttpClient/4.5.13 (Java/11.0.1)
11-22-2022 21:54:16 DefaultClientConnection.java DEBUG [main] http.headers 281 - >> Accept-Encoding: gzip,deflate
11-22-2022 21:54:16 Wire.java DEBUG [main] http.wire 73 -  >> "{[\r][\n]"
11-22-2022 21:54:16 Wire.java DEBUG [main] http.wire 73 -  >> ""name" : "This Is Updated Card"[\r][\n]"
11-22-2022 21:54:16 Wire.java DEBUG [main] http.wire 87 -  >> "}"
11-22-2022 21:54:17 Wire.java DEBUG [main] http.wire 73 -  << "HTTP/1.1 200 OK[\r][\n]"
11-22-2022 21:54:17 Wire.java DEBUG [main] http.wire 73 -  << "Date: Tue, 22 Nov 2022 16:24:17 GMT[\r][\n]"
11-22-2022 21:54:17 Wire.java DEBUG [main] http.wire 73 -  << "Content-Type: application/json; charset=utf-8[\r][\n]"
11-22-2022 21:54:17 Wire.java DEBUG [main] http.wire 73 -  << "Content-Length: 1101[\r][\n]"
11-22-2022 21:54:17 Wire.java DEBUG [main] http.wire 73 -  << "X-Dns-Prefetch-Control: off[\r][\n]"
11-22-2022 21:54:17 Wire.java DEBUG [main] http.wire 73 -  << "X-Frame-Options: DENY[\r][\n]"
11-22-2022 21:54:17 Wire.java DEBUG [main] http.wire 73 -  << "X-Download-Options: noopen[\r][\n]"
11-22-2022 21:54:17 Wire.java DEBUG [main] http.wire 73 -  << "X-Permitted-Cross-Domain-Policies: none[\r][\n]"
11-22-2022 21:54:17 Wire.java DEBUG [main] http.wire 73 -  << "Referrer-Policy: strict-origin-when-cross-origin[\r][\n]"
11-22-2022 21:54:17 Wire.java DEBUG [main] http.wire 73 -  << "Surrogate-Control: no-store[\r][\n]"
11-22-2022 21:54:17 Wire.java DEBUG [main] http.wire 73 -  << "Cache-Control: max-age=0, must-revalidate, no-cache, no-store[\r][\n]"
11-22-2022 21:54:17 Wire.java DEBUG [main] http.wire 73 -  << "Pragma: no-cache[\r][\n]"
11-22-2022 21:54:17 Wire.java DEBUG [main] http.wire 73 -  << "Expires: Thu, 01 Jan 1970 00:00:00[\r][\n]"
11-22-2022 21:54:17 Wire.java DEBUG [main] http.wire 73 -  << "X-Trello-Version: 1.170568.0[\r][\n]"
11-22-2022 21:54:17 Wire.java DEBUG [main] http.wire 73 -  << "X-Trello-Environment: Production (Micros)[\r][\n]"
11-22-2022 21:54:17 Wire.java DEBUG [main] http.wire 73 -  << "Access-Control-Allow-Origin: *[\r][\n]"
11-22-2022 21:54:17 Wire.java DEBUG [main] http.wire 73 -  << "Access-Control-Allow-Methods: GET, PUT, POST, DELETE[\r][\n]"
11-22-2022 21:54:17 Wire.java DEBUG [main] http.wire 73 -  << "Access-Control-Allow-Headers: Authorization, Accept, Content-Type[\r][\n]"
11-22-2022 21:54:17 Wire.java DEBUG [main] http.wire 73 -  << "Access-Control-Expose-Headers: x-rate-limit-api-key-interval-ms, x-rate-limit-api-key-max, x-rate-limit-api-key-remaining, x-rate-limit-api-token-interval-ms, x-rate-limit-api-token-max, x-rate-limit-api-token-remaining[\r][\n]"
11-22-2022 21:54:17 Wire.java DEBUG [main] http.wire 73 -  << "X-Rate-Limit-Db-Query-Time-Interval-Ms: 600000[\r][\n]"
11-22-2022 21:54:17 Wire.java DEBUG [main] http.wire 73 -  << "X-Rate-Limit-Db-Query-Time-Max: 7200000[\r][\n]"
11-22-2022 21:54:17 Wire.java DEBUG [main] http.wire 73 -  << "X-Rate-Limit-Db-Query-Time-Remaining: 7199990[\r][\n]"
11-22-2022 21:54:17 Wire.java DEBUG [main] http.wire 73 -  << "X-Rate-Limit-Api-Token-Interval-Ms: 10000[\r][\n]"
11-22-2022 21:54:17 Wire.java DEBUG [main] http.wire 73 -  << "X-Rate-Limit-Api-Token-Max: 100[\r][\n]"
11-22-2022 21:54:17 Wire.java DEBUG [main] http.wire 73 -  << "X-Rate-Limit-Api-Token-Remaining: 90[\r][\n]"
11-22-2022 21:54:17 Wire.java DEBUG [main] http.wire 73 -  << "X-Rate-Limit-Action-Interval-Ms: 3600000[\r][\n]"
11-22-2022 21:54:17 Wire.java DEBUG [main] http.wire 73 -  << "X-Rate-Limit-Action-Max: 15000[\r][\n]"
11-22-2022 21:54:17 Wire.java DEBUG [main] http.wire 73 -  << "X-Rate-Limit-Action-Remaining: 14999[\r][\n]"
11-22-2022 21:54:17 Wire.java DEBUG [main] http.wire 73 -  << "X-Rate-Limit-Api-Key-Interval-Ms: 10000[\r][\n]"
11-22-2022 21:54:17 Wire.java DEBUG [main] http.wire 73 -  << "X-Rate-Limit-Api-Key-Max: 300[\r][\n]"
11-22-2022 21:54:17 Wire.java DEBUG [main] http.wire 73 -  << "X-Rate-Limit-Api-Key-Remaining: 290[\r][\n]"
11-22-2022 21:54:17 Wire.java DEBUG [main] http.wire 73 -  << "X-Rate-Limit-Member-Interval-Ms: 10000[\r][\n]"
11-22-2022 21:54:17 Wire.java DEBUG [main] http.wire 73 -  << "X-Rate-Limit-Member-Max: 375[\r][\n]"
11-22-2022 21:54:17 Wire.java DEBUG [main] http.wire 73 -  << "X-Rate-Limit-Member-Remaining: 361[\r][\n]"
11-22-2022 21:54:17 Wire.java DEBUG [main] http.wire 73 -  << "Set-Cookie: preAuthProps=s%3A637b571e071bb7056eb94b61%3AisEnterpriseAdmin%3Dfalse.BsvCkeBZpDt2UycswUciukUDlffViKvce4GMwyTAYjA; Path=/; HttpOnly[\r][\n]"
11-22-2022 21:54:17 Wire.java DEBUG [main] http.wire 73 -  << "X-Server-Time: 1669134257149[\r][\n]"
11-22-2022 21:54:17 Wire.java DEBUG [main] http.wire 73 -  << "Server: AtlassianEdge[\r][\n]"
11-22-2022 21:54:17 Wire.java DEBUG [main] http.wire 73 -  << "Expect-Ct: report-uri="https://web-security-reports.services.atlassian.com/expect-ct-report/trello-edge", max-age=86400[\r][\n]"
11-22-2022 21:54:17 Wire.java DEBUG [main] http.wire 73 -  << "Strict-Transport-Security: max-age=63072000; preload[\r][\n]"
11-22-2022 21:54:17 Wire.java DEBUG [main] http.wire 73 -  << "X-Content-Type-Options: nosniff[\r][\n]"
11-22-2022 21:54:17 Wire.java DEBUG [main] http.wire 73 -  << "X-Xss-Protection: 1; mode=block[\r][\n]"
11-22-2022 21:54:17 Wire.java DEBUG [main] http.wire 73 -  << "Atl-Traceid: 85000ca6c6aa3282[\r][\n]"
11-22-2022 21:54:17 Wire.java DEBUG [main] http.wire 73 -  << "Report-To: {"endpoints": [{"url": "https://dz8aopenkvv6s.cloudfront.net"}], "group": "endpoint-1", "include_subdomains": true, "max_age": 600}[\r][\n]"
11-22-2022 21:54:17 Wire.java DEBUG [main] http.wire 73 -  << "Nel: {"failure_fraction": 0.001, "include_subdomains": true, "max_age": 600, "report_to": "endpoint-1"}[\r][\n]"
11-22-2022 21:54:17 Wire.java DEBUG [main] http.wire 73 -  << "[\r][\n]"
11-22-2022 21:54:17 DefaultClientConnection.java DEBUG [main] conn.DefaultClientConnection 259 - Receiving response: HTTP/1.1 200 OK
11-22-2022 21:54:17 DefaultClientConnection.java DEBUG [main] http.headers 262 - << HTTP/1.1 200 OK
11-22-2022 21:54:17 DefaultClientConnection.java DEBUG [main] http.headers 265 - << Date: Tue, 22 Nov 2022 16:24:17 GMT
11-22-2022 21:54:17 DefaultClientConnection.java DEBUG [main] http.headers 265 - << Content-Type: application/json; charset=utf-8
11-22-2022 21:54:17 DefaultClientConnection.java DEBUG [main] http.headers 265 - << Content-Length: 1101
11-22-2022 21:54:17 DefaultClientConnection.java DEBUG [main] http.headers 265 - << X-Dns-Prefetch-Control: off
11-22-2022 21:54:17 DefaultClientConnection.java DEBUG [main] http.headers 265 - << X-Frame-Options: DENY
11-22-2022 21:54:17 DefaultClientConnection.java DEBUG [main] http.headers 265 - << X-Download-Options: noopen
11-22-2022 21:54:17 DefaultClientConnection.java DEBUG [main] http.headers 265 - << X-Permitted-Cross-Domain-Policies: none
11-22-2022 21:54:17 DefaultClientConnection.java DEBUG [main] http.headers 265 - << Referrer-Policy: strict-origin-when-cross-origin
11-22-2022 21:54:17 DefaultClientConnection.java DEBUG [main] http.headers 265 - << Surrogate-Control: no-store
11-22-2022 21:54:17 DefaultClientConnection.java DEBUG [main] http.headers 265 - << Cache-Control: max-age=0, must-revalidate, no-cache, no-store
11-22-2022 21:54:17 DefaultClientConnection.java DEBUG [main] http.headers 265 - << Pragma: no-cache
11-22-2022 21:54:17 DefaultClientConnection.java DEBUG [main] http.headers 265 - << Expires: Thu, 01 Jan 1970 00:00:00
11-22-2022 21:54:17 DefaultClientConnection.java DEBUG [main] http.headers 265 - << X-Trello-Version: 1.170568.0
11-22-2022 21:54:17 DefaultClientConnection.java DEBUG [main] http.headers 265 - << X-Trello-Environment: Production (Micros)
11-22-2022 21:54:17 DefaultClientConnection.java DEBUG [main] http.headers 265 - << Access-Control-Allow-Origin: *
11-22-2022 21:54:17 DefaultClientConnection.java DEBUG [main] http.headers 265 - << Access-Control-Allow-Methods: GET, PUT, POST, DELETE
11-22-2022 21:54:17 DefaultClientConnection.java DEBUG [main] http.headers 265 - << Access-Control-Allow-Headers: Authorization, Accept, Content-Type
11-22-2022 21:54:17 DefaultClientConnection.java DEBUG [main] http.headers 265 - << Access-Control-Expose-Headers: x-rate-limit-api-key-interval-ms, x-rate-limit-api-key-max, x-rate-limit-api-key-remaining, x-rate-limit-api-token-interval-ms, x-rate-limit-api-token-max, x-rate-limit-api-token-remaining
11-22-2022 21:54:17 DefaultClientConnection.java DEBUG [main] http.headers 265 - << X-Rate-Limit-Db-Query-Time-Interval-Ms: 600000
11-22-2022 21:54:17 DefaultClientConnection.java DEBUG [main] http.headers 265 - << X-Rate-Limit-Db-Query-Time-Max: 7200000
11-22-2022 21:54:17 DefaultClientConnection.java DEBUG [main] http.headers 265 - << X-Rate-Limit-Db-Query-Time-Remaining: 7199990
11-22-2022 21:54:17 DefaultClientConnection.java DEBUG [main] http.headers 265 - << X-Rate-Limit-Api-Token-Interval-Ms: 10000
11-22-2022 21:54:17 DefaultClientConnection.java DEBUG [main] http.headers 265 - << X-Rate-Limit-Api-Token-Max: 100
11-22-2022 21:54:17 DefaultClientConnection.java DEBUG [main] http.headers 265 - << X-Rate-Limit-Api-Token-Remaining: 90
11-22-2022 21:54:17 DefaultClientConnection.java DEBUG [main] http.headers 265 - << X-Rate-Limit-Action-Interval-Ms: 3600000
11-22-2022 21:54:17 DefaultClientConnection.java DEBUG [main] http.headers 265 - << X-Rate-Limit-Action-Max: 15000
11-22-2022 21:54:17 DefaultClientConnection.java DEBUG [main] http.headers 265 - << X-Rate-Limit-Action-Remaining: 14999
11-22-2022 21:54:17 DefaultClientConnection.java DEBUG [main] http.headers 265 - << X-Rate-Limit-Api-Key-Interval-Ms: 10000
11-22-2022 21:54:17 DefaultClientConnection.java DEBUG [main] http.headers 265 - << X-Rate-Limit-Api-Key-Max: 300
11-22-2022 21:54:17 DefaultClientConnection.java DEBUG [main] http.headers 265 - << X-Rate-Limit-Api-Key-Remaining: 290
11-22-2022 21:54:17 DefaultClientConnection.java DEBUG [main] http.headers 265 - << X-Rate-Limit-Member-Interval-Ms: 10000
11-22-2022 21:54:17 DefaultClientConnection.java DEBUG [main] http.headers 265 - << X-Rate-Limit-Member-Max: 375
11-22-2022 21:54:17 DefaultClientConnection.java DEBUG [main] http.headers 265 - << X-Rate-Limit-Member-Remaining: 361
11-22-2022 21:54:17 DefaultClientConnection.java DEBUG [main] http.headers 265 - << Set-Cookie: preAuthProps=s%3A637b571e071bb7056eb94b61%3AisEnterpriseAdmin%3Dfalse.BsvCkeBZpDt2UycswUciukUDlffViKvce4GMwyTAYjA; Path=/; HttpOnly
11-22-2022 21:54:17 DefaultClientConnection.java DEBUG [main] http.headers 265 - << X-Server-Time: 1669134257149
11-22-2022 21:54:17 DefaultClientConnection.java DEBUG [main] http.headers 265 - << Server: AtlassianEdge
11-22-2022 21:54:17 DefaultClientConnection.java DEBUG [main] http.headers 265 - << Expect-Ct: report-uri="https://web-security-reports.services.atlassian.com/expect-ct-report/trello-edge", max-age=86400
11-22-2022 21:54:17 DefaultClientConnection.java DEBUG [main] http.headers 265 - << Strict-Transport-Security: max-age=63072000; preload
11-22-2022 21:54:17 DefaultClientConnection.java DEBUG [main] http.headers 265 - << X-Content-Type-Options: nosniff
11-22-2022 21:54:17 DefaultClientConnection.java DEBUG [main] http.headers 265 - << X-Xss-Protection: 1; mode=block
11-22-2022 21:54:17 DefaultClientConnection.java DEBUG [main] http.headers 265 - << Atl-Traceid: 85000ca6c6aa3282
11-22-2022 21:54:17 DefaultClientConnection.java DEBUG [main] http.headers 265 - << Report-To: {"endpoints": [{"url": "https://dz8aopenkvv6s.cloudfront.net"}], "group": "endpoint-1", "include_subdomains": true, "max_age": 600}
11-22-2022 21:54:17 DefaultClientConnection.java DEBUG [main] http.headers 265 - << Nel: {"failure_fraction": 0.001, "include_subdomains": true, "max_age": 600, "report_to": "endpoint-1"}
11-22-2022 21:54:17 DefaultRequestDirector.java DEBUG [main] client.DefaultHttpClient 504 - Connection can be kept alive indefinitely
11-22-2022 21:54:17 HTTPBuilder.java DEBUG [main] internal.RequestSpecificationImpl$RestAssuredHttpBuilder 545 - Parsing response as: application/json; charset=utf-8
11-22-2022 21:54:17 HTTPBuilder.java DEBUG [main] internal.RequestSpecificationImpl$RestAssuredHttpBuilder 548 - Parsed data to instance of: class org.apache.http.conn.EofSensorInputStream
11-22-2022 21:54:17 Wire.java DEBUG [main] http.wire 87 -  << "{"id":"637cf7b0cfbd5d051f2db340","badges":{"attachmentsByType":{"trello":{"board":0,"card":0}},"location":false,"votes":0,"viewingMemberVoted":false,"subscribed":false,"fogbugz":"","checkItems":0,"checkItemsChecked":0,"checkItemsEarliestDue":null,"comments":0,"attachments":0,"description":false,"due":null,"dueComplete":false,"start":null},"checkItemStates":[],"closed":false,"dueComplete":false,"dateLastActivity":"2022-11-22T16:24:17.071Z","desc":"","descData":{"emoji":{}},"due":null,"dueReminder":null,"email":null,"idBoard":"637cd1bc1109d10023418c1f","idChecklists":[],"idList":"637cd1bc1109d10023418c26","idMembers":[],"idMembersVoted":[],"idShort":10,"idAttachmentCover":null,"labels":[],"idLabels":[],"manualCoverAttachment":false,"name":"This Is Updated Card","pos":114687,"shortLink":"48GG0oGE","shortUrl":"https://trello.com/c/48GG0oGE","start":null,"subscribed":false,"url":"https://trello.com/c/48GG0oGE/10-this-is-updated-card","cover":{"idAttachment":null,"color":null,"idUploadedBackground":null,"size":"normal","brightness":"dark","idPlugin":null},"isTemplate":false,"cardRole":null}"
11-22-2022 21:54:17 BasicClientConnectionManager.java DEBUG [main] conn.BasicClientConnectionManager 200 - Releasing connection org.apache.http.impl.conn.ManagedClientConnectionImpl@6060146b
11-22-2022 21:54:17 BasicClientConnectionManager.java DEBUG [main] conn.BasicClientConnectionManager 225 - Connection can be kept alive indefinitely
HTTP/1.1 200 OK
Date: Tue, 22 Nov 2022 16:24:17 GMT
Content-Type: application/json; charset=utf-8
Content-Length: 1101
X-Dns-Prefetch-Control: off
X-Frame-Options: DENY
X-Download-Options: noopen
X-Permitted-Cross-Domain-Policies: none
Referrer-Policy: strict-origin-when-cross-origin
Surrogate-Control: no-store
Cache-Control: max-age=0, must-revalidate, no-cache, no-store
Pragma: no-cache
Expires: Thu, 01 Jan 1970 00:00:00
X-Trello-Version: 1.170568.0
X-Trello-Environment: Production (Micros)
Access-Control-Allow-Origin: *
Access-Control-Allow-Methods: GET, PUT, POST, DELETE
Access-Control-Allow-Headers: Authorization, Accept, Content-Type
Access-Control-Expose-Headers: x-rate-limit-api-key-interval-ms, x-rate-limit-api-key-max, x-rate-limit-api-key-remaining, x-rate-limit-api-token-interval-ms, x-rate-limit-api-token-max, x-rate-limit-api-token-remaining
X-Rate-Limit-Db-Query-Time-Interval-Ms: 600000
X-Rate-Limit-Db-Query-Time-Max: 7200000
X-Rate-Limit-Db-Query-Time-Remaining: 7199990
X-Rate-Limit-Api-Token-Interval-Ms: 10000
X-Rate-Limit-Api-Token-Max: 100
X-Rate-Limit-Api-Token-Remaining: 90
X-Rate-Limit-Action-Interval-Ms: 3600000
X-Rate-Limit-Action-Max: 15000
X-Rate-Limit-Action-Remaining: 14999
X-Rate-Limit-Api-Key-Interval-Ms: 10000
X-Rate-Limit-Api-Key-Max: 300
X-Rate-Limit-Api-Key-Remaining: 290
X-Rate-Limit-Member-Interval-Ms: 10000
X-Rate-Limit-Member-Max: 375
X-Rate-Limit-Member-Remaining: 361
Set-Cookie: preAuthProps=s%3A637b571e071bb7056eb94b61%3AisEnterpriseAdmin%3Dfalse.BsvCkeBZpDt2UycswUciukUDlffViKvce4GMwyTAYjA; Path=/; HttpOnly
X-Server-Time: 1669134257149
Server: AtlassianEdge
Expect-Ct: report-uri="https://web-security-reports.services.atlassian.com/expect-ct-report/trello-edge", max-age=86400
Strict-Transport-Security: max-age=63072000; preload
X-Content-Type-Options: nosniff
X-Xss-Protection: 1; mode=block
Atl-Traceid: 85000ca6c6aa3282
Report-To: {"endpoints": [{"url": "https://dz8aopenkvv6s.cloudfront.net"}], "group": "endpoint-1", "include_subdomains": true, "max_age": 600}
Nel: {"failure_fraction": 0.001, "include_subdomains": true, "max_age": 600, "report_to": "endpoint-1"}

{
    "id": "637cf7b0cfbd5d051f2db340",
    "badges": {
        "attachmentsByType": {
            "trello": {
                "board": 0,
                "card": 0
            }
        },
        "location": false,
        "votes": 0,
        "viewingMemberVoted": false,
        "subscribed": false,
        "fogbugz": "",
        "checkItems": 0,
        "checkItemsChecked": 0,
        "checkItemsEarliestDue": null,
        "comments": 0,
        "attachments": 0,
        "description": false,
        "due": null,
        "dueComplete": false,
        "start": null
    },
    "checkItemStates": [
        
    ],
    "closed": false,
    "dueComplete": false,
    "dateLastActivity": "2022-11-22T16:24:17.071Z",
    "desc": "",
    "descData": {
        "emoji": {
            
        }
    },
    "due": null,
    "dueReminder": null,
    "email": null,
    "idBoard": "637cd1bc1109d10023418c1f",
    "idChecklists": [
        
    ],
    "idList": "637cd1bc1109d10023418c26",
    "idMembers": [
        
    ],
    "idMembersVoted": [
        
    ],
    "idShort": 10,
    "idAttachmentCover": null,
    "labels": [
        
    ],
    "idLabels": [
        
    ],
    "manualCoverAttachment": false,
    "name": "This Is Updated Card",
    "pos": 114687,
    "shortLink": "48GG0oGE",
    "shortUrl": "https://trello.com/c/48GG0oGE",
    "start": null,
    "subscribed": false,
    "url": "https://trello.com/c/48GG0oGE/10-this-is-updated-card",
    "cover": {
        "idAttachment": null,
        "color": null,
        "idUploadedBackground": null,
        "size": "normal",
        "brightness": "dark",
        "idPlugin": null
    },
    "isTemplate": false,
    "cardRole": null
}
ID -->637cf7b0cfbd5d051f2db340
]]></system-out>
  </testcase>
  <testcase name="get_a_card" classname="testData.Cards" time="0.573">
    <system-out><![CDATA[update_a_card
11-22-2022 21:54:17 _Log4jLoggerFactory.java DEBUG [main] freemarker.cache 45 - Couldn't find template in cache for "Extent.ftl"("en_IN", UTF-8, parsed); will try to load it.
11-22-2022 21:54:17 _Log4jLoggerFactory.java DEBUG [main] freemarker.cache 45 - TemplateLoader.findTemplateSource("Extent_en_IN.ftl"): Not found
11-22-2022 21:54:17 _Log4jLoggerFactory.java DEBUG [main] freemarker.cache 45 - TemplateLoader.findTemplateSource("Extent_en.ftl"): Not found
11-22-2022 21:54:17 _Log4jLoggerFactory.java DEBUG [main] freemarker.cache 45 - TemplateLoader.findTemplateSource("Extent.ftl"): Found
11-22-2022 21:54:17 _Log4jLoggerFactory.java DEBUG [main] freemarker.cache 45 - Loading template for "Extent.ftl"("en_IN", UTF-8, parsed) from "jar:file:/C:/Users/mohdtoukeer/.m2/repository/com/relevantcodes/extentreports/2.41.2/extentreports-2.41.2.jar!/com/relevantcodes/extentreports/view/Extent.ftl"
11-22-2022 21:54:17 BasicClientConnectionManager.java DEBUG [main] conn.BasicClientConnectionManager 161 - Get connection for route {s}->https://trello.com:443
11-22-2022 21:54:17 DefaultClientConnectionOperator.java DEBUG [main] conn.DefaultClientConnectionOperator 177 - Connecting to trello.com:443
11-22-2022 21:54:17 RequestAddCookies.java DEBUG [main] protocol.RequestAddCookies 123 - CookieSpec selected: ignoreCookies
11-22-2022 21:54:17 RequestAuthCache.java DEBUG [main] protocol.RequestAuthCache 77 - Auth cache not set in the context
11-22-2022 21:54:17 RequestTargetAuthentication.java DEBUG [main] protocol.RequestTargetAuthentication 80 - Target auth state: UNCHALLENGED
11-22-2022 21:54:17 RequestProxyAuthentication.java DEBUG [main] protocol.RequestProxyAuthentication 89 - Proxy auth state: UNCHALLENGED
11-22-2022 21:54:17 DefaultRequestDirector.java DEBUG [main] client.DefaultHttpClient 677 - Attempt 1 to execute request
11-22-2022 21:54:17 DefaultClientConnection.java DEBUG [main] conn.DefaultClientConnection 274 - Sending request: GET /1/cards/637cf7b0cfbd5d051f2db340?key=a277033a8a8b651020ff746999dd35ac&token=87a0cfec0eeabc87a28151de40d5e349235a77f1033345100796efc9a8f716f9 HTTP/1.1
11-22-2022 21:54:17 Wire.java DEBUG [main] http.wire 73 -  >> "GET /1/cards/637cf7b0cfbd5d051f2db340?key=a277033a8a8b651020ff746999dd35ac&token=87a0cfec0eeabc87a28151de40d5e349235a77f1033345100796efc9a8f716f9 HTTP/1.1[\r][\n]"
11-22-2022 21:54:17 Wire.java DEBUG [main] http.wire 73 -  >> "Accept: application/json[\r][\n]"
11-22-2022 21:54:17 Wire.java DEBUG [main] http.wire 73 -  >> "Host: trello.com[\r][\n]"
11-22-2022 21:54:17 Wire.java DEBUG [main] http.wire 73 -  >> "Connection: Keep-Alive[\r][\n]"
11-22-2022 21:54:17 Wire.java DEBUG [main] http.wire 73 -  >> "User-Agent: Apache-HttpClient/4.5.13 (Java/11.0.1)[\r][\n]"
11-22-2022 21:54:17 Wire.java DEBUG [main] http.wire 73 -  >> "Accept-Encoding: gzip,deflate[\r][\n]"
11-22-2022 21:54:17 Wire.java DEBUG [main] http.wire 73 -  >> "[\r][\n]"
11-22-2022 21:54:17 DefaultClientConnection.java DEBUG [main] http.headers 278 - >> GET /1/cards/637cf7b0cfbd5d051f2db340?key=a277033a8a8b651020ff746999dd35ac&token=87a0cfec0eeabc87a28151de40d5e349235a77f1033345100796efc9a8f716f9 HTTP/1.1
11-22-2022 21:54:17 DefaultClientConnection.java DEBUG [main] http.headers 281 - >> Accept: application/json
11-22-2022 21:54:17 DefaultClientConnection.java DEBUG [main] http.headers 281 - >> Host: trello.com
11-22-2022 21:54:17 DefaultClientConnection.java DEBUG [main] http.headers 281 - >> Connection: Keep-Alive
11-22-2022 21:54:17 DefaultClientConnection.java DEBUG [main] http.headers 281 - >> User-Agent: Apache-HttpClient/4.5.13 (Java/11.0.1)
11-22-2022 21:54:17 DefaultClientConnection.java DEBUG [main] http.headers 281 - >> Accept-Encoding: gzip,deflate
11-22-2022 21:54:17 Wire.java DEBUG [main] http.wire 73 -  << "HTTP/1.1 200 OK[\r][\n]"
11-22-2022 21:54:17 Wire.java DEBUG [main] http.wire 73 -  << "Date: Tue, 22 Nov 2022 16:24:17 GMT[\r][\n]"
11-22-2022 21:54:17 Wire.java DEBUG [main] http.wire 73 -  << "Content-Type: application/json; charset=utf-8[\r][\n]"
11-22-2022 21:54:17 Wire.java DEBUG [main] http.wire 73 -  << "Content-Length: 1101[\r][\n]"
11-22-2022 21:54:17 Wire.java DEBUG [main] http.wire 73 -  << "X-Dns-Prefetch-Control: off[\r][\n]"
11-22-2022 21:54:17 Wire.java DEBUG [main] http.wire 73 -  << "X-Frame-Options: DENY[\r][\n]"
11-22-2022 21:54:17 Wire.java DEBUG [main] http.wire 73 -  << "X-Download-Options: noopen[\r][\n]"
11-22-2022 21:54:17 Wire.java DEBUG [main] http.wire 73 -  << "X-Permitted-Cross-Domain-Policies: none[\r][\n]"
11-22-2022 21:54:17 Wire.java DEBUG [main] http.wire 73 -  << "Referrer-Policy: strict-origin-when-cross-origin[\r][\n]"
11-22-2022 21:54:17 Wire.java DEBUG [main] http.wire 73 -  << "Surrogate-Control: no-store[\r][\n]"
11-22-2022 21:54:17 Wire.java DEBUG [main] http.wire 73 -  << "Cache-Control: max-age=0, must-revalidate, no-cache, no-store[\r][\n]"
11-22-2022 21:54:17 Wire.java DEBUG [main] http.wire 73 -  << "Pragma: no-cache[\r][\n]"
11-22-2022 21:54:17 Wire.java DEBUG [main] http.wire 73 -  << "Expires: Thu, 01 Jan 1970 00:00:00[\r][\n]"
11-22-2022 21:54:17 Wire.java DEBUG [main] http.wire 73 -  << "X-Trello-Version: 1.170568.0[\r][\n]"
11-22-2022 21:54:17 Wire.java DEBUG [main] http.wire 73 -  << "X-Trello-Environment: Production (Micros)[\r][\n]"
11-22-2022 21:54:17 Wire.java DEBUG [main] http.wire 73 -  << "Set-Cookie: dsc=685ece598e1040f7672abf8f885b541974c541b815397c7152789f6a03bdcb15; Path=/; Expires=Fri, 25 Nov 2022 16:24:17 GMT; Secure[\r][\n]"
11-22-2022 21:54:17 Wire.java DEBUG [main] http.wire 73 -  << "Set-Cookie: preAuthProps=s%3A637b571e071bb7056eb94b61%3AisEnterpriseAdmin%3Dfalse.BsvCkeBZpDt2UycswUciukUDlffViKvce4GMwyTAYjA; Path=/; HttpOnly[\r][\n]"
11-22-2022 21:54:17 Wire.java DEBUG [main] http.wire 73 -  << "Access-Control-Allow-Origin: *[\r][\n]"
11-22-2022 21:54:17 Wire.java DEBUG [main] http.wire 73 -  << "Access-Control-Allow-Methods: GET, PUT, POST, DELETE[\r][\n]"
11-22-2022 21:54:17 Wire.java DEBUG [main] http.wire 73 -  << "Access-Control-Allow-Headers: Authorization, Accept, Content-Type[\r][\n]"
11-22-2022 21:54:17 Wire.java DEBUG [main] http.wire 73 -  << "Access-Control-Expose-Headers: x-rate-limit-api-key-interval-ms, x-rate-limit-api-key-max, x-rate-limit-api-key-remaining, x-rate-limit-api-token-interval-ms, x-rate-limit-api-token-max, x-rate-limit-api-token-remaining[\r][\n]"
11-22-2022 21:54:17 Wire.java DEBUG [main] http.wire 73 -  << "X-Rate-Limit-Api-Token-Interval-Ms: 10000[\r][\n]"
11-22-2022 21:54:17 Wire.java DEBUG [main] http.wire 73 -  << "X-Rate-Limit-Api-Token-Max: 100[\r][\n]"
11-22-2022 21:54:17 Wire.java DEBUG [main] http.wire 73 -  << "X-Rate-Limit-Api-Token-Remaining: 89[\r][\n]"
11-22-2022 21:54:17 Wire.java DEBUG [main] http.wire 73 -  << "X-Rate-Limit-Db-Query-Time-Interval-Ms: 600000[\r][\n]"
11-22-2022 21:54:17 Wire.java DEBUG [main] http.wire 73 -  << "X-Rate-Limit-Db-Query-Time-Max: 7200000[\r][\n]"
11-22-2022 21:54:17 Wire.java DEBUG [main] http.wire 73 -  << "X-Rate-Limit-Db-Query-Time-Remaining: 7199990[\r][\n]"
11-22-2022 21:54:17 Wire.java DEBUG [main] http.wire 73 -  << "X-Rate-Limit-Api-Key-Interval-Ms: 10000[\r][\n]"
11-22-2022 21:54:17 Wire.java DEBUG [main] http.wire 73 -  << "X-Rate-Limit-Api-Key-Max: 300[\r][\n]"
11-22-2022 21:54:17 Wire.java DEBUG [main] http.wire 73 -  << "X-Rate-Limit-Api-Key-Remaining: 289[\r][\n]"
11-22-2022 21:54:17 Wire.java DEBUG [main] http.wire 73 -  << "X-Rate-Limit-Member-Interval-Ms: 10000[\r][\n]"
11-22-2022 21:54:17 Wire.java DEBUG [main] http.wire 73 -  << "X-Rate-Limit-Member-Max: 375[\r][\n]"
11-22-2022 21:54:17 Wire.java DEBUG [main] http.wire 73 -  << "X-Rate-Limit-Member-Remaining: 360[\r][\n]"
11-22-2022 21:54:17 Wire.java DEBUG [main] http.wire 73 -  << "X-Server-Time: 1669134257707[\r][\n]"
11-22-2022 21:54:17 Wire.java DEBUG [main] http.wire 73 -  << "Server: AtlassianEdge[\r][\n]"
11-22-2022 21:54:17 Wire.java DEBUG [main] http.wire 73 -  << "Expect-Ct: report-uri="https://web-security-reports.services.atlassian.com/expect-ct-report/trello-edge", max-age=86400[\r][\n]"
11-22-2022 21:54:17 Wire.java DEBUG [main] http.wire 73 -  << "Strict-Transport-Security: max-age=63072000; preload[\r][\n]"
11-22-2022 21:54:17 Wire.java DEBUG [main] http.wire 73 -  << "X-Content-Type-Options: nosniff[\r][\n]"
11-22-2022 21:54:17 Wire.java DEBUG [main] http.wire 73 -  << "X-Xss-Protection: 1; mode=block[\r][\n]"
11-22-2022 21:54:17 Wire.java DEBUG [main] http.wire 73 -  << "Atl-Traceid: ad81e7f2b1034fb8[\r][\n]"
11-22-2022 21:54:17 Wire.java DEBUG [main] http.wire 73 -  << "Report-To: {"endpoints": [{"url": "https://dz8aopenkvv6s.cloudfront.net"}], "group": "endpoint-1", "include_subdomains": true, "max_age": 600}[\r][\n]"
11-22-2022 21:54:17 Wire.java DEBUG [main] http.wire 73 -  << "Nel: {"failure_fraction": 0.001, "include_subdomains": true, "max_age": 600, "report_to": "endpoint-1"}[\r][\n]"
11-22-2022 21:54:17 Wire.java DEBUG [main] http.wire 73 -  << "[\r][\n]"
11-22-2022 21:54:17 DefaultClientConnection.java DEBUG [main] conn.DefaultClientConnection 259 - Receiving response: HTTP/1.1 200 OK
11-22-2022 21:54:17 DefaultClientConnection.java DEBUG [main] http.headers 262 - << HTTP/1.1 200 OK
11-22-2022 21:54:17 DefaultClientConnection.java DEBUG [main] http.headers 265 - << Date: Tue, 22 Nov 2022 16:24:17 GMT
11-22-2022 21:54:17 DefaultClientConnection.java DEBUG [main] http.headers 265 - << Content-Type: application/json; charset=utf-8
11-22-2022 21:54:17 DefaultClientConnection.java DEBUG [main] http.headers 265 - << Content-Length: 1101
11-22-2022 21:54:17 DefaultClientConnection.java DEBUG [main] http.headers 265 - << X-Dns-Prefetch-Control: off
11-22-2022 21:54:17 DefaultClientConnection.java DEBUG [main] http.headers 265 - << X-Frame-Options: DENY
11-22-2022 21:54:17 DefaultClientConnection.java DEBUG [main] http.headers 265 - << X-Download-Options: noopen
11-22-2022 21:54:17 DefaultClientConnection.java DEBUG [main] http.headers 265 - << X-Permitted-Cross-Domain-Policies: none
11-22-2022 21:54:17 DefaultClientConnection.java DEBUG [main] http.headers 265 - << Referrer-Policy: strict-origin-when-cross-origin
11-22-2022 21:54:17 DefaultClientConnection.java DEBUG [main] http.headers 265 - << Surrogate-Control: no-store
11-22-2022 21:54:17 DefaultClientConnection.java DEBUG [main] http.headers 265 - << Cache-Control: max-age=0, must-revalidate, no-cache, no-store
11-22-2022 21:54:17 DefaultClientConnection.java DEBUG [main] http.headers 265 - << Pragma: no-cache
11-22-2022 21:54:17 DefaultClientConnection.java DEBUG [main] http.headers 265 - << Expires: Thu, 01 Jan 1970 00:00:00
11-22-2022 21:54:17 DefaultClientConnection.java DEBUG [main] http.headers 265 - << X-Trello-Version: 1.170568.0
11-22-2022 21:54:17 DefaultClientConnection.java DEBUG [main] http.headers 265 - << X-Trello-Environment: Production (Micros)
11-22-2022 21:54:17 DefaultClientConnection.java DEBUG [main] http.headers 265 - << Set-Cookie: dsc=685ece598e1040f7672abf8f885b541974c541b815397c7152789f6a03bdcb15; Path=/; Expires=Fri, 25 Nov 2022 16:24:17 GMT; Secure
11-22-2022 21:54:17 DefaultClientConnection.java DEBUG [main] http.headers 265 - << Set-Cookie: preAuthProps=s%3A637b571e071bb7056eb94b61%3AisEnterpriseAdmin%3Dfalse.BsvCkeBZpDt2UycswUciukUDlffViKvce4GMwyTAYjA; Path=/; HttpOnly
11-22-2022 21:54:17 DefaultClientConnection.java DEBUG [main] http.headers 265 - << Access-Control-Allow-Origin: *
11-22-2022 21:54:17 DefaultClientConnection.java DEBUG [main] http.headers 265 - << Access-Control-Allow-Methods: GET, PUT, POST, DELETE
11-22-2022 21:54:17 DefaultClientConnection.java DEBUG [main] http.headers 265 - << Access-Control-Allow-Headers: Authorization, Accept, Content-Type
11-22-2022 21:54:17 DefaultClientConnection.java DEBUG [main] http.headers 265 - << Access-Control-Expose-Headers: x-rate-limit-api-key-interval-ms, x-rate-limit-api-key-max, x-rate-limit-api-key-remaining, x-rate-limit-api-token-interval-ms, x-rate-limit-api-token-max, x-rate-limit-api-token-remaining
11-22-2022 21:54:17 DefaultClientConnection.java DEBUG [main] http.headers 265 - << X-Rate-Limit-Api-Token-Interval-Ms: 10000
11-22-2022 21:54:17 DefaultClientConnection.java DEBUG [main] http.headers 265 - << X-Rate-Limit-Api-Token-Max: 100
11-22-2022 21:54:17 DefaultClientConnection.java DEBUG [main] http.headers 265 - << X-Rate-Limit-Api-Token-Remaining: 89
11-22-2022 21:54:17 DefaultClientConnection.java DEBUG [main] http.headers 265 - << X-Rate-Limit-Db-Query-Time-Interval-Ms: 600000
11-22-2022 21:54:17 DefaultClientConnection.java DEBUG [main] http.headers 265 - << X-Rate-Limit-Db-Query-Time-Max: 7200000
11-22-2022 21:54:17 DefaultClientConnection.java DEBUG [main] http.headers 265 - << X-Rate-Limit-Db-Query-Time-Remaining: 7199990
11-22-2022 21:54:17 DefaultClientConnection.java DEBUG [main] http.headers 265 - << X-Rate-Limit-Api-Key-Interval-Ms: 10000
11-22-2022 21:54:17 DefaultClientConnection.java DEBUG [main] http.headers 265 - << X-Rate-Limit-Api-Key-Max: 300
11-22-2022 21:54:17 DefaultClientConnection.java DEBUG [main] http.headers 265 - << X-Rate-Limit-Api-Key-Remaining: 289
11-22-2022 21:54:17 DefaultClientConnection.java DEBUG [main] http.headers 265 - << X-Rate-Limit-Member-Interval-Ms: 10000
11-22-2022 21:54:17 DefaultClientConnection.java DEBUG [main] http.headers 265 - << X-Rate-Limit-Member-Max: 375
11-22-2022 21:54:17 DefaultClientConnection.java DEBUG [main] http.headers 265 - << X-Rate-Limit-Member-Remaining: 360
11-22-2022 21:54:17 DefaultClientConnection.java DEBUG [main] http.headers 265 - << X-Server-Time: 1669134257707
11-22-2022 21:54:17 DefaultClientConnection.java DEBUG [main] http.headers 265 - << Server: AtlassianEdge
11-22-2022 21:54:17 DefaultClientConnection.java DEBUG [main] http.headers 265 - << Expect-Ct: report-uri="https://web-security-reports.services.atlassian.com/expect-ct-report/trello-edge", max-age=86400
11-22-2022 21:54:17 DefaultClientConnection.java DEBUG [main] http.headers 265 - << Strict-Transport-Security: max-age=63072000; preload
11-22-2022 21:54:17 DefaultClientConnection.java DEBUG [main] http.headers 265 - << X-Content-Type-Options: nosniff
11-22-2022 21:54:17 DefaultClientConnection.java DEBUG [main] http.headers 265 - << X-Xss-Protection: 1; mode=block
11-22-2022 21:54:17 DefaultClientConnection.java DEBUG [main] http.headers 265 - << Atl-Traceid: ad81e7f2b1034fb8
11-22-2022 21:54:17 DefaultClientConnection.java DEBUG [main] http.headers 265 - << Report-To: {"endpoints": [{"url": "https://dz8aopenkvv6s.cloudfront.net"}], "group": "endpoint-1", "include_subdomains": true, "max_age": 600}
11-22-2022 21:54:17 DefaultClientConnection.java DEBUG [main] http.headers 265 - << Nel: {"failure_fraction": 0.001, "include_subdomains": true, "max_age": 600, "report_to": "endpoint-1"}
11-22-2022 21:54:17 DefaultRequestDirector.java DEBUG [main] client.DefaultHttpClient 504 - Connection can be kept alive indefinitely
11-22-2022 21:54:17 HTTPBuilder.java DEBUG [main] internal.RequestSpecificationImpl$RestAssuredHttpBuilder 545 - Parsing response as: application/json; charset=utf-8
11-22-2022 21:54:17 HTTPBuilder.java DEBUG [main] internal.RequestSpecificationImpl$RestAssuredHttpBuilder 548 - Parsed data to instance of: class org.apache.http.conn.EofSensorInputStream
11-22-2022 21:54:17 Wire.java DEBUG [main] http.wire 87 -  << "{"id":"637cf7b0cfbd5d051f2db340","badges":{"attachmentsByType":{"trello":{"board":0,"card":0}},"location":false,"votes":0,"viewingMemberVoted":false,"subscribed":false,"fogbugz":"","checkItems":0,"checkItemsChecked":0,"checkItemsEarliestDue":null,"comments":0,"attachments":0,"description":false,"due":null,"dueComplete":false,"start":null},"checkItemStates":[],"closed":false,"dueComplete":false,"dateLastActivity":"2022-11-22T16:24:17.071Z","desc":"","descData":{"emoji":{}},"due":null,"dueReminder":null,"email":null,"idBoard":"637cd1bc1109d10023418c1f","idChecklists":[],"idList":"637cd1bc1109d10023418c26","idMembers":[],"idMembersVoted":[],"idShort":10,"idAttachmentCover":null,"labels":[],"idLabels":[],"manualCoverAttachment":false,"name":"This Is Updated Card","pos":114687,"shortLink":"48GG0oGE","shortUrl":"https://trello.com/c/48GG0oGE","start":null,"subscribed":false,"url":"https://trello.com/c/48GG0oGE/10-this-is-updated-card","cover":{"idAttachment":null,"color":null,"idUploadedBackground":null,"size":"normal","brightness":"dark","idPlugin":null},"isTemplate":false,"cardRole":null}"
11-22-2022 21:54:17 BasicClientConnectionManager.java DEBUG [main] conn.BasicClientConnectionManager 200 - Releasing connection org.apache.http.impl.conn.ManagedClientConnectionImpl@a457c2b
11-22-2022 21:54:17 BasicClientConnectionManager.java DEBUG [main] conn.BasicClientConnectionManager 225 - Connection can be kept alive indefinitely
HTTP/1.1 200 OK
Date: Tue, 22 Nov 2022 16:24:17 GMT
Content-Type: application/json; charset=utf-8
Content-Length: 1101
X-Dns-Prefetch-Control: off
X-Frame-Options: DENY
X-Download-Options: noopen
X-Permitted-Cross-Domain-Policies: none
Referrer-Policy: strict-origin-when-cross-origin
Surrogate-Control: no-store
Cache-Control: max-age=0, must-revalidate, no-cache, no-store
Pragma: no-cache
Expires: Thu, 01 Jan 1970 00:00:00
X-Trello-Version: 1.170568.0
X-Trello-Environment: Production (Micros)
Set-Cookie: dsc=685ece598e1040f7672abf8f885b541974c541b815397c7152789f6a03bdcb15; Path=/; Expires=Fri, 25 Nov 2022 16:24:17 GMT; Secure
Set-Cookie: preAuthProps=s%3A637b571e071bb7056eb94b61%3AisEnterpriseAdmin%3Dfalse.BsvCkeBZpDt2UycswUciukUDlffViKvce4GMwyTAYjA; Path=/; HttpOnly
Access-Control-Allow-Origin: *
Access-Control-Allow-Methods: GET, PUT, POST, DELETE
Access-Control-Allow-Headers: Authorization, Accept, Content-Type
Access-Control-Expose-Headers: x-rate-limit-api-key-interval-ms, x-rate-limit-api-key-max, x-rate-limit-api-key-remaining, x-rate-limit-api-token-interval-ms, x-rate-limit-api-token-max, x-rate-limit-api-token-remaining
X-Rate-Limit-Api-Token-Interval-Ms: 10000
X-Rate-Limit-Api-Token-Max: 100
X-Rate-Limit-Api-Token-Remaining: 89
X-Rate-Limit-Db-Query-Time-Interval-Ms: 600000
X-Rate-Limit-Db-Query-Time-Max: 7200000
X-Rate-Limit-Db-Query-Time-Remaining: 7199990
X-Rate-Limit-Api-Key-Interval-Ms: 10000
X-Rate-Limit-Api-Key-Max: 300
X-Rate-Limit-Api-Key-Remaining: 289
X-Rate-Limit-Member-Interval-Ms: 10000
X-Rate-Limit-Member-Max: 375
X-Rate-Limit-Member-Remaining: 360
X-Server-Time: 1669134257707
Server: AtlassianEdge
Expect-Ct: report-uri="https://web-security-reports.services.atlassian.com/expect-ct-report/trello-edge", max-age=86400
Strict-Transport-Security: max-age=63072000; preload
X-Content-Type-Options: nosniff
X-Xss-Protection: 1; mode=block
Atl-Traceid: ad81e7f2b1034fb8
Report-To: {"endpoints": [{"url": "https://dz8aopenkvv6s.cloudfront.net"}], "group": "endpoint-1", "include_subdomains": true, "max_age": 600}
Nel: {"failure_fraction": 0.001, "include_subdomains": true, "max_age": 600, "report_to": "endpoint-1"}

{
    "id": "637cf7b0cfbd5d051f2db340",
    "badges": {
        "attachmentsByType": {
            "trello": {
                "board": 0,
                "card": 0
            }
        },
        "location": false,
        "votes": 0,
        "viewingMemberVoted": false,
        "subscribed": false,
        "fogbugz": "",
        "checkItems": 0,
        "checkItemsChecked": 0,
        "checkItemsEarliestDue": null,
        "comments": 0,
        "attachments": 0,
        "description": false,
        "due": null,
        "dueComplete": false,
        "start": null
    },
    "checkItemStates": [
        
    ],
    "closed": false,
    "dueComplete": false,
    "dateLastActivity": "2022-11-22T16:24:17.071Z",
    "desc": "",
    "descData": {
        "emoji": {
            
        }
    },
    "due": null,
    "dueReminder": null,
    "email": null,
    "idBoard": "637cd1bc1109d10023418c1f",
    "idChecklists": [
        
    ],
    "idList": "637cd1bc1109d10023418c26",
    "idMembers": [
        
    ],
    "idMembersVoted": [
        
    ],
    "idShort": 10,
    "idAttachmentCover": null,
    "labels": [
        
    ],
    "idLabels": [
        
    ],
    "manualCoverAttachment": false,
    "name": "This Is Updated Card",
    "pos": 114687,
    "shortLink": "48GG0oGE",
    "shortUrl": "https://trello.com/c/48GG0oGE",
    "start": null,
    "subscribed": false,
    "url": "https://trello.com/c/48GG0oGE/10-this-is-updated-card",
    "cover": {
        "idAttachment": null,
        "color": null,
        "idUploadedBackground": null,
        "size": "normal",
        "brightness": "dark",
        "idPlugin": null
    },
    "isTemplate": false,
    "cardRole": null
}
ID -->637cf7b0cfbd5d051f2db340
]]></system-out>
  </testcase>
  <testcase name="Delete_board" classname="testData.Cards" time="0.712">
    <system-out><![CDATA[get_a_card
11-22-2022 21:54:17 _Log4jLoggerFactory.java DEBUG [main] freemarker.cache 45 - Couldn't find template in cache for "Extent.ftl"("en_IN", UTF-8, parsed); will try to load it.
11-22-2022 21:54:17 _Log4jLoggerFactory.java DEBUG [main] freemarker.cache 45 - TemplateLoader.findTemplateSource("Extent_en_IN.ftl"): Not found
11-22-2022 21:54:17 _Log4jLoggerFactory.java DEBUG [main] freemarker.cache 45 - TemplateLoader.findTemplateSource("Extent_en.ftl"): Not found
11-22-2022 21:54:17 _Log4jLoggerFactory.java DEBUG [main] freemarker.cache 45 - TemplateLoader.findTemplateSource("Extent.ftl"): Found
11-22-2022 21:54:17 _Log4jLoggerFactory.java DEBUG [main] freemarker.cache 45 - Loading template for "Extent.ftl"("en_IN", UTF-8, parsed) from "jar:file:/C:/Users/mohdtoukeer/.m2/repository/com/relevantcodes/extentreports/2.41.2/extentreports-2.41.2.jar!/com/relevantcodes/extentreports/view/Extent.ftl"
11-22-2022 21:54:17 BasicClientConnectionManager.java DEBUG [main] conn.BasicClientConnectionManager 161 - Get connection for route {s}->https://trello.com:443
11-22-2022 21:54:17 DefaultClientConnectionOperator.java DEBUG [main] conn.DefaultClientConnectionOperator 177 - Connecting to trello.com:443
11-22-2022 21:54:18 RequestAddCookies.java DEBUG [main] protocol.RequestAddCookies 123 - CookieSpec selected: ignoreCookies
11-22-2022 21:54:18 RequestAuthCache.java DEBUG [main] protocol.RequestAuthCache 77 - Auth cache not set in the context
11-22-2022 21:54:18 RequestTargetAuthentication.java DEBUG [main] protocol.RequestTargetAuthentication 80 - Target auth state: UNCHALLENGED
11-22-2022 21:54:18 RequestProxyAuthentication.java DEBUG [main] protocol.RequestProxyAuthentication 89 - Proxy auth state: UNCHALLENGED
11-22-2022 21:54:18 DefaultRequestDirector.java DEBUG [main] client.DefaultHttpClient 677 - Attempt 1 to execute request
11-22-2022 21:54:18 DefaultClientConnection.java DEBUG [main] conn.DefaultClientConnection 274 - Sending request: DELETE /1/cards/637cf7b0cfbd5d051f2db340?key=a277033a8a8b651020ff746999dd35ac&token=87a0cfec0eeabc87a28151de40d5e349235a77f1033345100796efc9a8f716f9 HTTP/1.1
11-22-2022 21:54:18 Wire.java DEBUG [main] http.wire 73 -  >> "DELETE /1/cards/637cf7b0cfbd5d051f2db340?key=a277033a8a8b651020ff746999dd35ac&token=87a0cfec0eeabc87a28151de40d5e349235a77f1033345100796efc9a8f716f9 HTTP/1.1[\r][\n]"
11-22-2022 21:54:18 Wire.java DEBUG [main] http.wire 73 -  >> "Accept: */*[\r][\n]"
11-22-2022 21:54:18 Wire.java DEBUG [main] http.wire 73 -  >> "Host: trello.com[\r][\n]"
11-22-2022 21:54:18 Wire.java DEBUG [main] http.wire 73 -  >> "Connection: Keep-Alive[\r][\n]"
11-22-2022 21:54:18 Wire.java DEBUG [main] http.wire 73 -  >> "User-Agent: Apache-HttpClient/4.5.13 (Java/11.0.1)[\r][\n]"
11-22-2022 21:54:18 Wire.java DEBUG [main] http.wire 73 -  >> "Accept-Encoding: gzip,deflate[\r][\n]"
11-22-2022 21:54:18 Wire.java DEBUG [main] http.wire 73 -  >> "[\r][\n]"
11-22-2022 21:54:18 DefaultClientConnection.java DEBUG [main] http.headers 278 - >> DELETE /1/cards/637cf7b0cfbd5d051f2db340?key=a277033a8a8b651020ff746999dd35ac&token=87a0cfec0eeabc87a28151de40d5e349235a77f1033345100796efc9a8f716f9 HTTP/1.1
11-22-2022 21:54:18 DefaultClientConnection.java DEBUG [main] http.headers 281 - >> Accept: */*
11-22-2022 21:54:18 DefaultClientConnection.java DEBUG [main] http.headers 281 - >> Host: trello.com
11-22-2022 21:54:18 DefaultClientConnection.java DEBUG [main] http.headers 281 - >> Connection: Keep-Alive
11-22-2022 21:54:18 DefaultClientConnection.java DEBUG [main] http.headers 281 - >> User-Agent: Apache-HttpClient/4.5.13 (Java/11.0.1)
11-22-2022 21:54:18 DefaultClientConnection.java DEBUG [main] http.headers 281 - >> Accept-Encoding: gzip,deflate
11-22-2022 21:54:18 Wire.java DEBUG [main] http.wire 73 -  << "HTTP/1.1 200 OK[\r][\n]"
11-22-2022 21:54:18 Wire.java DEBUG [main] http.wire 73 -  << "Date: Tue, 22 Nov 2022 16:24:18 GMT[\r][\n]"
11-22-2022 21:54:18 Wire.java DEBUG [main] http.wire 73 -  << "Content-Type: application/json; charset=utf-8[\r][\n]"
11-22-2022 21:54:18 Wire.java DEBUG [main] http.wire 73 -  << "Content-Length: 13[\r][\n]"
11-22-2022 21:54:18 Wire.java DEBUG [main] http.wire 73 -  << "X-Dns-Prefetch-Control: off[\r][\n]"
11-22-2022 21:54:18 Wire.java DEBUG [main] http.wire 73 -  << "X-Frame-Options: DENY[\r][\n]"
11-22-2022 21:54:18 Wire.java DEBUG [main] http.wire 73 -  << "X-Download-Options: noopen[\r][\n]"
11-22-2022 21:54:18 Wire.java DEBUG [main] http.wire 73 -  << "X-Permitted-Cross-Domain-Policies: none[\r][\n]"
11-22-2022 21:54:18 Wire.java DEBUG [main] http.wire 73 -  << "Referrer-Policy: strict-origin-when-cross-origin[\r][\n]"
11-22-2022 21:54:18 Wire.java DEBUG [main] http.wire 73 -  << "Surrogate-Control: no-store[\r][\n]"
11-22-2022 21:54:18 Wire.java DEBUG [main] http.wire 73 -  << "Cache-Control: max-age=0, must-revalidate, no-cache, no-store[\r][\n]"
11-22-2022 21:54:18 Wire.java DEBUG [main] http.wire 73 -  << "Pragma: no-cache[\r][\n]"
11-22-2022 21:54:18 Wire.java DEBUG [main] http.wire 73 -  << "Expires: Thu, 01 Jan 1970 00:00:00[\r][\n]"
11-22-2022 21:54:18 Wire.java DEBUG [main] http.wire 73 -  << "X-Trello-Version: 1.170568.0[\r][\n]"
11-22-2022 21:54:18 Wire.java DEBUG [main] http.wire 73 -  << "X-Trello-Environment: Production (Micros)[\r][\n]"
11-22-2022 21:54:18 Wire.java DEBUG [main] http.wire 73 -  << "Access-Control-Allow-Origin: *[\r][\n]"
11-22-2022 21:54:18 Wire.java DEBUG [main] http.wire 73 -  << "Access-Control-Allow-Methods: GET, PUT, POST, DELETE[\r][\n]"
11-22-2022 21:54:18 Wire.java DEBUG [main] http.wire 73 -  << "Access-Control-Allow-Headers: Authorization, Accept, Content-Type[\r][\n]"
11-22-2022 21:54:18 Wire.java DEBUG [main] http.wire 73 -  << "Access-Control-Expose-Headers: x-rate-limit-api-key-interval-ms, x-rate-limit-api-key-max, x-rate-limit-api-key-remaining, x-rate-limit-api-token-interval-ms, x-rate-limit-api-token-max, x-rate-limit-api-token-remaining[\r][\n]"
11-22-2022 21:54:18 Wire.java DEBUG [main] http.wire 73 -  << "X-Rate-Limit-Api-Token-Interval-Ms: 10000[\r][\n]"
11-22-2022 21:54:18 Wire.java DEBUG [main] http.wire 73 -  << "X-Rate-Limit-Api-Token-Max: 100[\r][\n]"
11-22-2022 21:54:18 Wire.java DEBUG [main] http.wire 73 -  << "X-Rate-Limit-Api-Token-Remaining: 88[\r][\n]"
11-22-2022 21:54:18 Wire.java DEBUG [main] http.wire 73 -  << "X-Rate-Limit-Db-Query-Time-Interval-Ms: 600000[\r][\n]"
11-22-2022 21:54:18 Wire.java DEBUG [main] http.wire 73 -  << "X-Rate-Limit-Db-Query-Time-Max: 7200000[\r][\n]"
11-22-2022 21:54:18 Wire.java DEBUG [main] http.wire 73 -  << "X-Rate-Limit-Db-Query-Time-Remaining: 7199990[\r][\n]"
11-22-2022 21:54:18 Wire.java DEBUG [main] http.wire 73 -  << "X-Rate-Limit-Action-Interval-Ms: 3600000[\r][\n]"
11-22-2022 21:54:18 Wire.java DEBUG [main] http.wire 73 -  << "X-Rate-Limit-Action-Max: 15000[\r][\n]"
11-22-2022 21:54:18 Wire.java DEBUG [main] http.wire 73 -  << "X-Rate-Limit-Action-Remaining: 14999[\r][\n]"
11-22-2022 21:54:18 Wire.java DEBUG [main] http.wire 73 -  << "X-Rate-Limit-Api-Key-Interval-Ms: 10000[\r][\n]"
11-22-2022 21:54:18 Wire.java DEBUG [main] http.wire 73 -  << "X-Rate-Limit-Api-Key-Max: 300[\r][\n]"
11-22-2022 21:54:18 Wire.java DEBUG [main] http.wire 73 -  << "X-Rate-Limit-Api-Key-Remaining: 288[\r][\n]"
11-22-2022 21:54:18 Wire.java DEBUG [main] http.wire 73 -  << "X-Rate-Limit-Member-Interval-Ms: 10000[\r][\n]"
11-22-2022 21:54:18 Wire.java DEBUG [main] http.wire 73 -  << "X-Rate-Limit-Member-Max: 375[\r][\n]"
11-22-2022 21:54:18 Wire.java DEBUG [main] http.wire 73 -  << "X-Rate-Limit-Member-Remaining: 359[\r][\n]"
11-22-2022 21:54:18 Wire.java DEBUG [main] http.wire 73 -  << "Set-Cookie: preAuthProps=s%3A637b571e071bb7056eb94b61%3AisEnterpriseAdmin%3Dfalse.BsvCkeBZpDt2UycswUciukUDlffViKvce4GMwyTAYjA; Path=/; HttpOnly[\r][\n]"
11-22-2022 21:54:18 Wire.java DEBUG [main] http.wire 73 -  << "X-Server-Time: 1669134258456[\r][\n]"
11-22-2022 21:54:18 Wire.java DEBUG [main] http.wire 73 -  << "Server: AtlassianEdge[\r][\n]"
11-22-2022 21:54:18 Wire.java DEBUG [main] http.wire 73 -  << "Expect-Ct: report-uri="https://web-security-reports.services.atlassian.com/expect-ct-report/trello-edge", max-age=86400[\r][\n]"
11-22-2022 21:54:18 Wire.java DEBUG [main] http.wire 73 -  << "Strict-Transport-Security: max-age=63072000; preload[\r][\n]"
11-22-2022 21:54:18 Wire.java DEBUG [main] http.wire 73 -  << "X-Content-Type-Options: nosniff[\r][\n]"
11-22-2022 21:54:18 Wire.java DEBUG [main] http.wire 73 -  << "X-Xss-Protection: 1; mode=block[\r][\n]"
11-22-2022 21:54:18 Wire.java DEBUG [main] http.wire 73 -  << "Atl-Traceid: bfc93c7d8831a4e2[\r][\n]"
11-22-2022 21:54:18 Wire.java DEBUG [main] http.wire 73 -  << "Report-To: {"endpoints": [{"url": "https://dz8aopenkvv6s.cloudfront.net"}], "group": "endpoint-1", "include_subdomains": true, "max_age": 600}[\r][\n]"
11-22-2022 21:54:18 Wire.java DEBUG [main] http.wire 73 -  << "Nel: {"failure_fraction": 0.001, "include_subdomains": true, "max_age": 600, "report_to": "endpoint-1"}[\r][\n]"
11-22-2022 21:54:18 Wire.java DEBUG [main] http.wire 73 -  << "[\r][\n]"
11-22-2022 21:54:18 DefaultClientConnection.java DEBUG [main] conn.DefaultClientConnection 259 - Receiving response: HTTP/1.1 200 OK
11-22-2022 21:54:18 DefaultClientConnection.java DEBUG [main] http.headers 262 - << HTTP/1.1 200 OK
11-22-2022 21:54:18 DefaultClientConnection.java DEBUG [main] http.headers 265 - << Date: Tue, 22 Nov 2022 16:24:18 GMT
11-22-2022 21:54:18 DefaultClientConnection.java DEBUG [main] http.headers 265 - << Content-Type: application/json; charset=utf-8
11-22-2022 21:54:18 DefaultClientConnection.java DEBUG [main] http.headers 265 - << Content-Length: 13
11-22-2022 21:54:18 DefaultClientConnection.java DEBUG [main] http.headers 265 - << X-Dns-Prefetch-Control: off
11-22-2022 21:54:18 DefaultClientConnection.java DEBUG [main] http.headers 265 - << X-Frame-Options: DENY
11-22-2022 21:54:18 DefaultClientConnection.java DEBUG [main] http.headers 265 - << X-Download-Options: noopen
11-22-2022 21:54:18 DefaultClientConnection.java DEBUG [main] http.headers 265 - << X-Permitted-Cross-Domain-Policies: none
11-22-2022 21:54:18 DefaultClientConnection.java DEBUG [main] http.headers 265 - << Referrer-Policy: strict-origin-when-cross-origin
11-22-2022 21:54:18 DefaultClientConnection.java DEBUG [main] http.headers 265 - << Surrogate-Control: no-store
11-22-2022 21:54:18 DefaultClientConnection.java DEBUG [main] http.headers 265 - << Cache-Control: max-age=0, must-revalidate, no-cache, no-store
11-22-2022 21:54:18 DefaultClientConnection.java DEBUG [main] http.headers 265 - << Pragma: no-cache
11-22-2022 21:54:18 DefaultClientConnection.java DEBUG [main] http.headers 265 - << Expires: Thu, 01 Jan 1970 00:00:00
11-22-2022 21:54:18 DefaultClientConnection.java DEBUG [main] http.headers 265 - << X-Trello-Version: 1.170568.0
11-22-2022 21:54:18 DefaultClientConnection.java DEBUG [main] http.headers 265 - << X-Trello-Environment: Production (Micros)
11-22-2022 21:54:18 DefaultClientConnection.java DEBUG [main] http.headers 265 - << Access-Control-Allow-Origin: *
11-22-2022 21:54:18 DefaultClientConnection.java DEBUG [main] http.headers 265 - << Access-Control-Allow-Methods: GET, PUT, POST, DELETE
11-22-2022 21:54:18 DefaultClientConnection.java DEBUG [main] http.headers 265 - << Access-Control-Allow-Headers: Authorization, Accept, Content-Type
11-22-2022 21:54:18 DefaultClientConnection.java DEBUG [main] http.headers 265 - << Access-Control-Expose-Headers: x-rate-limit-api-key-interval-ms, x-rate-limit-api-key-max, x-rate-limit-api-key-remaining, x-rate-limit-api-token-interval-ms, x-rate-limit-api-token-max, x-rate-limit-api-token-remaining
11-22-2022 21:54:18 DefaultClientConnection.java DEBUG [main] http.headers 265 - << X-Rate-Limit-Api-Token-Interval-Ms: 10000
11-22-2022 21:54:18 DefaultClientConnection.java DEBUG [main] http.headers 265 - << X-Rate-Limit-Api-Token-Max: 100
11-22-2022 21:54:18 DefaultClientConnection.java DEBUG [main] http.headers 265 - << X-Rate-Limit-Api-Token-Remaining: 88
11-22-2022 21:54:18 DefaultClientConnection.java DEBUG [main] http.headers 265 - << X-Rate-Limit-Db-Query-Time-Interval-Ms: 600000
11-22-2022 21:54:18 DefaultClientConnection.java DEBUG [main] http.headers 265 - << X-Rate-Limit-Db-Query-Time-Max: 7200000
11-22-2022 21:54:18 DefaultClientConnection.java DEBUG [main] http.headers 265 - << X-Rate-Limit-Db-Query-Time-Remaining: 7199990
11-22-2022 21:54:18 DefaultClientConnection.java DEBUG [main] http.headers 265 - << X-Rate-Limit-Action-Interval-Ms: 3600000
11-22-2022 21:54:18 DefaultClientConnection.java DEBUG [main] http.headers 265 - << X-Rate-Limit-Action-Max: 15000
11-22-2022 21:54:18 DefaultClientConnection.java DEBUG [main] http.headers 265 - << X-Rate-Limit-Action-Remaining: 14999
11-22-2022 21:54:18 DefaultClientConnection.java DEBUG [main] http.headers 265 - << X-Rate-Limit-Api-Key-Interval-Ms: 10000
11-22-2022 21:54:18 DefaultClientConnection.java DEBUG [main] http.headers 265 - << X-Rate-Limit-Api-Key-Max: 300
11-22-2022 21:54:18 DefaultClientConnection.java DEBUG [main] http.headers 265 - << X-Rate-Limit-Api-Key-Remaining: 288
11-22-2022 21:54:18 DefaultClientConnection.java DEBUG [main] http.headers 265 - << X-Rate-Limit-Member-Interval-Ms: 10000
11-22-2022 21:54:18 DefaultClientConnection.java DEBUG [main] http.headers 265 - << X-Rate-Limit-Member-Max: 375
11-22-2022 21:54:18 DefaultClientConnection.java DEBUG [main] http.headers 265 - << X-Rate-Limit-Member-Remaining: 359
11-22-2022 21:54:18 DefaultClientConnection.java DEBUG [main] http.headers 265 - << Set-Cookie: preAuthProps=s%3A637b571e071bb7056eb94b61%3AisEnterpriseAdmin%3Dfalse.BsvCkeBZpDt2UycswUciukUDlffViKvce4GMwyTAYjA; Path=/; HttpOnly
11-22-2022 21:54:18 DefaultClientConnection.java DEBUG [main] http.headers 265 - << X-Server-Time: 1669134258456
11-22-2022 21:54:18 DefaultClientConnection.java DEBUG [main] http.headers 265 - << Server: AtlassianEdge
11-22-2022 21:54:18 DefaultClientConnection.java DEBUG [main] http.headers 265 - << Expect-Ct: report-uri="https://web-security-reports.services.atlassian.com/expect-ct-report/trello-edge", max-age=86400
11-22-2022 21:54:18 DefaultClientConnection.java DEBUG [main] http.headers 265 - << Strict-Transport-Security: max-age=63072000; preload
11-22-2022 21:54:18 DefaultClientConnection.java DEBUG [main] http.headers 265 - << X-Content-Type-Options: nosniff
11-22-2022 21:54:18 DefaultClientConnection.java DEBUG [main] http.headers 265 - << X-Xss-Protection: 1; mode=block
11-22-2022 21:54:18 DefaultClientConnection.java DEBUG [main] http.headers 265 - << Atl-Traceid: bfc93c7d8831a4e2
11-22-2022 21:54:18 DefaultClientConnection.java DEBUG [main] http.headers 265 - << Report-To: {"endpoints": [{"url": "https://dz8aopenkvv6s.cloudfront.net"}], "group": "endpoint-1", "include_subdomains": true, "max_age": 600}
11-22-2022 21:54:18 DefaultClientConnection.java DEBUG [main] http.headers 265 - << Nel: {"failure_fraction": 0.001, "include_subdomains": true, "max_age": 600, "report_to": "endpoint-1"}
11-22-2022 21:54:18 DefaultRequestDirector.java DEBUG [main] client.DefaultHttpClient 504 - Connection can be kept alive indefinitely
11-22-2022 21:54:18 HTTPBuilder.java DEBUG [main] internal.RequestSpecificationImpl$RestAssuredHttpBuilder 545 - Parsing response as: application/json; charset=utf-8
11-22-2022 21:54:18 HTTPBuilder.java DEBUG [main] internal.RequestSpecificationImpl$RestAssuredHttpBuilder 548 - Parsed data to instance of: class org.apache.http.conn.EofSensorInputStream
11-22-2022 21:54:18 Wire.java DEBUG [main] http.wire 87 -  << "{"limits":{}}"
11-22-2022 21:54:18 BasicClientConnectionManager.java DEBUG [main] conn.BasicClientConnectionManager 200 - Releasing connection org.apache.http.impl.conn.ManagedClientConnectionImpl@23b71d24
11-22-2022 21:54:18 BasicClientConnectionManager.java DEBUG [main] conn.BasicClientConnectionManager 225 - Connection can be kept alive indefinitely
HTTP/1.1 200 OK
Date: Tue, 22 Nov 2022 16:24:18 GMT
Content-Type: application/json; charset=utf-8
Content-Length: 13
X-Dns-Prefetch-Control: off
X-Frame-Options: DENY
X-Download-Options: noopen
X-Permitted-Cross-Domain-Policies: none
Referrer-Policy: strict-origin-when-cross-origin
Surrogate-Control: no-store
Cache-Control: max-age=0, must-revalidate, no-cache, no-store
Pragma: no-cache
Expires: Thu, 01 Jan 1970 00:00:00
X-Trello-Version: 1.170568.0
X-Trello-Environment: Production (Micros)
Access-Control-Allow-Origin: *
Access-Control-Allow-Methods: GET, PUT, POST, DELETE
Access-Control-Allow-Headers: Authorization, Accept, Content-Type
Access-Control-Expose-Headers: x-rate-limit-api-key-interval-ms, x-rate-limit-api-key-max, x-rate-limit-api-key-remaining, x-rate-limit-api-token-interval-ms, x-rate-limit-api-token-max, x-rate-limit-api-token-remaining
X-Rate-Limit-Api-Token-Interval-Ms: 10000
X-Rate-Limit-Api-Token-Max: 100
X-Rate-Limit-Api-Token-Remaining: 88
X-Rate-Limit-Db-Query-Time-Interval-Ms: 600000
X-Rate-Limit-Db-Query-Time-Max: 7200000
X-Rate-Limit-Db-Query-Time-Remaining: 7199990
X-Rate-Limit-Action-Interval-Ms: 3600000
X-Rate-Limit-Action-Max: 15000
X-Rate-Limit-Action-Remaining: 14999
X-Rate-Limit-Api-Key-Interval-Ms: 10000
X-Rate-Limit-Api-Key-Max: 300
X-Rate-Limit-Api-Key-Remaining: 288
X-Rate-Limit-Member-Interval-Ms: 10000
X-Rate-Limit-Member-Max: 375
X-Rate-Limit-Member-Remaining: 359
Set-Cookie: preAuthProps=s%3A637b571e071bb7056eb94b61%3AisEnterpriseAdmin%3Dfalse.BsvCkeBZpDt2UycswUciukUDlffViKvce4GMwyTAYjA; Path=/; HttpOnly
X-Server-Time: 1669134258456
Server: AtlassianEdge
Expect-Ct: report-uri="https://web-security-reports.services.atlassian.com/expect-ct-report/trello-edge", max-age=86400
Strict-Transport-Security: max-age=63072000; preload
X-Content-Type-Options: nosniff
X-Xss-Protection: 1; mode=block
Atl-Traceid: bfc93c7d8831a4e2
Report-To: {"endpoints": [{"url": "https://dz8aopenkvv6s.cloudfront.net"}], "group": "endpoint-1", "include_subdomains": true, "max_age": 600}
Nel: {"failure_fraction": 0.001, "include_subdomains": true, "max_age": 600, "report_to": "endpoint-1"}

{
    "limits": {
        
    }
}
]]></system-out>
  </testcase>
</testsuite>