<?xml version="1.0" encoding="UTF-8"?>
<!-- Generated by org.testng.reporters.JUnitReportReporter -->
<testsuite hostname="IN-PG02P4VN" failures="0" tests="4" name="testData.Checklist" time="4.577" errors="0" timestamp="2022-11-22T23:44:09 IST" skipped="0">
  <testcase classname="testData.Checklist" name="Create_a_checklist" time="2.351"/>
  <system-out/>
  <testcase classname="testData.Checklist" name="Update_a_Checklist" time="0.927"/>
  <system-out/>
  <testcase classname="testData.Checklist" name="Get_a_Checklist" time="0.621"/>
  <system-out/>
  <testcase classname="testData.Checklist" name="delete_a_Checklist" time="0.678"/>
  <system-out/>
</testsuite> <!-- testData.Checklist -->
