<?xml version="1.0" encoding="UTF-8"?>
<!-- Generated by org.testng.reporters.JUnitReportReporter -->
<testsuite hostname="IN-PG02P4VN" failures="0" tests="5" name="testData.Boards" time="3.640" errors="0" timestamp="2022-11-22T23:44:09 IST" skipped="0">
  <testcase classname="testData.Boards" name="Create_a_board" time="0.798"/>
  <system-out/>
  <testcase classname="testData.Boards" name="Update_board" time="0.696"/>
  <system-out/>
  <testcase classname="testData.Boards" name="Get_a_board" time="0.582"/>
  <system-out/>
  <testcase classname="testData.Boards" name="Delete_board" time="1.007"/>
  <system-out/>
  <testcase classname="testData.Boards" name="Negativedata" time="0.557"/>
  <system-out/>
</testsuite> <!-- testData.Boards -->
