<?xml version="1.0" encoding="UTF-8"?>
<!-- Generated by org.testng.reporters.JUnitReportReporter -->
<testsuite hostname="IN-PG02P4VN" failures="0" tests="4" name="testData.Cards" time="2.948" errors="0" timestamp="2022-11-22T23:44:09 IST" skipped="0">
  <testcase classname="testData.Cards" name="Create_a_card" time="0.945"/>
  <system-out/>
  <testcase classname="testData.Cards" name="update_a_card" time="0.694"/>
  <system-out/>
  <testcase classname="testData.Cards" name="get_a_card" time="0.609"/>
  <system-out/>
  <testcase classname="testData.Cards" name="delete_a_card" time="0.700"/>
  <system-out/>
</testsuite> <!-- testData.Cards -->
