<?xml version="1.0" encoding="UTF-8"?>
<!-- Generated by org.testng.reporters.JUnitReportReporter -->
<testsuite hostname="IN-PG02P4VN" failures="0" tests="4" name="testData.Organization" time="2.725" errors="0" timestamp="2022-11-22T21:54:18 IST" skipped="0">
  <testcase classname="testData.Organization" name="Create_an_Organization" time="0.774"/>
  <system-out/>
  <testcase classname="testData.Organization" name="Update_an_Organization" time="0.623"/>
  <system-out/>
  <testcase classname="testData.Organization" name="Get_an_Organization" time="0.551"/>
  <system-out/>
  <testcase classname="testData.Organization" name="delete_an_Organization" time="0.777"/>
  <system-out/>
</testsuite> <!-- testData.Organization -->
