<?xml version="1.0" encoding="UTF-8"?>
<!-- Generated by org.testng.reporters.JUnitReportReporter -->
<testsuite hostname="IN-PG02P4VN" failures="0" tests="4" name="testData.Cards" time="2.674" errors="0" timestamp="2022-11-22T21:54:18 IST" skipped="0">
  <testcase classname="testData.Cards" name="Create_a_card" time="0.726"/>
  <system-out/>
  <testcase classname="testData.Cards" name="update_a_card" time="0.648"/>
  <system-out/>
  <testcase classname="testData.Cards" name="get_a_card" time="0.575"/>
  <system-out/>
  <testcase classname="testData.Cards" name="Delete_board" time="0.725"/>
  <system-out/>
</testsuite> <!-- testData.Cards -->
