<?xml version="1.0" encoding="UTF-8"?>
<!-- Generated by org.testng.reporters.JUnitReportReporter -->
<testsuite hostname="IN-PG02P4VN" failures="0" tests="4" name="testData.Boards" time="3.323" errors="0" timestamp="2022-11-22T21:54:18 IST" skipped="0">
  <testcase classname="testData.Boards" name="Create_a_board" time="0.860"/>
  <system-out/>
  <testcase classname="testData.Boards" name="Update_board" time="0.728"/>
  <system-out/>
  <testcase classname="testData.Boards" name="Get_a_board" time="0.587"/>
  <system-out/>
  <testcase classname="testData.Boards" name="Delete_board" time="1.148"/>
  <system-out/>
</testsuite> <!-- testData.Boards -->
